=>> Building devel/p5-Locale-libintl
build started at Tue Mar 12 13:55:35 EDT 2024
port directory: /usr/ports/devel/p5-Locale-libintl
package name: p5-Locale-libintl-1.33
building for: FreeBSD 140-rel-default-job-02 14.0-RELEASE-p5 FreeBSD 14.0-RELEASE-p5 amd64
maintained by: sunpoet@FreeBSD.org
Makefile datestamp: -rw-r--r--  1 root wheel 632 Mar 11 03:45 /usr/ports/devel/p5-Locale-libintl/Makefile
Ports top last git commit: 834779860
Ports top unclean checkout: no
Port dir last git commit: 834779860
Port dir unclean checkout: no
Poudriere version: poudriere-git-3.4.1_1
Host OSVERSION: 1400097
Jail OSVERSION: 1400097
Job Id: 02

---Begin Environment---
SHELL=/bin/sh
OSVERSION=1400097
UNAME_v=FreeBSD 14.0-RELEASE-p5
UNAME_r=14.0-RELEASE-p5
BLOCKSIZE=K
MAIL=/var/mail/root
MM_CHARSET=UTF-8
LANG=C.UTF-8
STATUS=1
HOME=/root
PATH=/sbin:/bin:/usr/sbin:/usr/bin:/usr/local/sbin:/usr/local/bin:/root/bin
MAKE_OBJDIR_CHECK_WRITABLE=0
LOCALBASE=/usr/local
USER=root
POUDRIERE_NAME=poudriere-git
LIBEXECPREFIX=/usr/local/libexec/poudriere
POUDRIERE_VERSION=3.4.1_1
MASTERMNT=/usr/local/poudriere/data/.m/140-rel-default/ref
LC_COLLATE=C
POUDRIERE_BUILD_TYPE=bulk
PACKAGE_BUILDING=yes
SAVED_TERM=xterm-256color
OUTPUT_REDIRECTED_STDERR=4
OUTPUT_REDIRECTED=1
PWD=/usr/local/poudriere/data/.m/140-rel-default/02/.p
OUTPUT_REDIRECTED_STDOUT=3
P_PORTS_FEATURES=FLAVORS SUBPACKAGES SELECTED_OPTIONS
MASTERNAME=140-rel-default
SCRIPTPREFIX=/usr/local/share/poudriere
SCRIPTNAME=bulk.sh
OLDPWD=/usr/local/poudriere/data/.m/140-rel-default/ref/.p/pool
POUDRIERE_PKGNAME=poudriere-git-3.4.1_1
SCRIPTPATH=/usr/local/share/poudriere/bulk.sh
POUDRIEREPATH=/usr/local/bin/poudriere
---End Environment---

---Begin Poudriere Port Flags/Env---
PORT_FLAGS=
PKGENV=
FLAVOR=
MAKE_ARGS=
---End Poudriere Port Flags/Env---

---Begin OPTIONS List---
===> The following configuration options are available for p5-Locale-libintl-1.33:
     NLS=on: Native Language Support
===> Use 'make config' to modify these settings
---End OPTIONS List---

--MAINTAINER--
sunpoet@FreeBSD.org
--End MAINTAINER--

--CONFIGURE_ARGS--
INSTALLDIRS="site" CC="cc" CCFLAGS="-O2 -pipe  -fstack-protector-strong -isystem /usr/local/include -fno-strict-aliasing " LD="cc" PREFIX="/usr/local"  INSTALLPRIVLIB="/usr/local/lib" INSTALLARCHLIB="/usr/local/lib"
--End CONFIGURE_ARGS--

--CONFIGURE_ENV--
ac_cv_path_PERL=/usr/local/bin/perl ac_cv_path_PERL_PATH=/usr/local/bin/perl  PERL_USE_UNSAFE_INC=1 XDG_DATA_HOME=/wrkdirs/usr/ports/devel/p5-Locale-libintl/work  XDG_CONFIG_HOME=/wrkdirs/usr/ports/devel/p5-Locale-libintl/work  XDG_CACHE_HOME=/wrkdirs/usr/ports/devel/p5-Locale-libintl/work/.cache  HOME=/wrkdirs/usr/ports/devel/p5-Locale-libintl/work TMPDIR="/tmp" PATH=/wrkdirs/usr/ports/devel/p5-Locale-libintl/work/.bin:/sbin:/bin:/usr/sbin:/usr/bin:/usr/local/sbin:/usr/local/bin:/root/bin PKG_CONFIG_LIBDIR=/wrkdirs/usr/ports/devel/p5-Locale-libintl/work/.pkgconfig:/usr/local/libdata/pkgconfig:/usr/local/share/pkgconfig:/usr/libdata/pkgconfig SHELL=/bin/sh CONFIG_SHELL=/bin/sh CMAKE_PREFIX_PATH="/usr/local" PERL_EXTUTILS_AUTOINSTALL="--skipdeps" PERL_MM_USE_DEFAULT="YES"
--End CONFIGURE_ENV--

--MAKE_ENV--
PERL_USE_UNSAFE_INC=1 XDG_DATA_HOME=/wrkdirs/usr/ports/devel/p5-Locale-libintl/work  XDG_CONFIG_HOME=/wrkdirs/usr/ports/devel/p5-Locale-libintl/work  XDG_CACHE_HOME=/wrkdirs/usr/ports/devel/p5-Locale-libintl/work/.cache  HOME=/wrkdirs/usr/ports/devel/p5-Locale-libintl/work TMPDIR="/tmp" PATH=/wrkdirs/usr/ports/devel/p5-Locale-libintl/work/.bin:/sbin:/bin:/usr/sbin:/usr/bin:/usr/local/sbin:/usr/local/bin:/root/bin PKG_CONFIG_LIBDIR=/wrkdirs/usr/ports/devel/p5-Locale-libintl/work/.pkgconfig:/usr/local/libdata/pkgconfig:/usr/local/share/pkgconfig:/usr/libdata/pkgconfig MK_DEBUG_FILES=no MK_KERNEL_SYMBOLS=no SHELL=/bin/sh NO_LINT=YES PREFIX=/usr/local  LOCALBASE=/usr/local  CC="cc" CFLAGS="-O2 -pipe  -fstack-protector-strong -isystem /usr/local/include -fno-strict-aliasing "  CPP="cpp" CPPFLAGS="-isystem /usr/local/include"  LDFLAGS=" -fstack-protector-strong " LIBS="-L/usr/local/lib"  CXX="c++" CXXFLAGS="-O2 -pipe -fstack-protector-strong -isystem /usr/local/include -fno-strict-aliasing  -isystem /usr/local/include " BSD_INSTALL_PROGRAM="install  -s -m 555"  BSD_INSTALL_LIB="install  -s -m 0644"  BSD_INSTALL_SCRIPT="install  -m 555"  BSD_INSTALL_DATA="install  -m 0644"  BSD_INSTALL_MAN="install  -m 444"
--End MAKE_ENV--

--PLIST_SUB--
 NLS="" NO_NLS="@comment " OSREL=14.0 PREFIX=%D LOCALBASE=/usr/local  RESETPREFIX=/usr/local LIB32DIR=lib PERL_VERSION=5.36.3  PERL_VER=5.36  PERL5_MAN1=lib/perl5/site_perl/man/man1  PERL5_MAN3=lib/perl5/site_perl/man/man3  SITE_PERL=lib/perl5/site_perl  SITE_ARCH=lib/perl5/site_perl/mach/5.36 DOCSDIR="share/doc/Locale-libintl"  EXAMPLESDIR="share/examples/Locale-libintl"  DATADIR="share/Locale-libintl"  WWWDIR="www/Locale-libintl"  ETCDIR="etc/Locale-libintl"
--End PLIST_SUB--

--SUB_LIST--
 NLS="" NO_NLS="@comment " PREFIX=/usr/local LOCALBASE=/usr/local  DATADIR=/usr/local/share/Locale-libintl DOCSDIR=/usr/local/share/doc/Locale-libintl EXAMPLESDIR=/usr/local/share/examples/Locale-libintl  WWWDIR=/usr/local/www/Locale-libintl ETCDIR=/usr/local/etc/Locale-libintl
--End SUB_LIST--

---Begin make.conf---
USE_PACKAGE_DEPENDS=yes
BATCH=yes
WRKDIRPREFIX=/wrkdirs
PORTSDIR=/usr/ports
PACKAGES=/packages
DISTDIR=/distfiles
FORCE_PACKAGE=yes
PACKAGE_BUILDING=yes
PACKAGE_BUILDING_FLAVORS=yes
WITH_CCACHE_BUILD=yes
CCACHE_DIR=/root/.ccache
#### Misc Poudriere ####
.include "/etc/make.conf.ports_env"
GID=0
UID=0
---End make.conf---
--Resource limits--
cpu time               (seconds, -t)  unlimited
file size           (512-blocks, -f)  unlimited
data seg size           (kbytes, -d)  33554432
stack size              (kbytes, -s)  524288
core file size      (512-blocks, -c)  unlimited
max memory size         (kbytes, -m)  unlimited
locked memory           (kbytes, -l)  unlimited
max user processes              (-u)  34304
open files                      (-n)  8192
virtual mem size        (kbytes, -v)  unlimited
swap limit              (kbytes, -w)  unlimited
socket buffer size       (bytes, -b)  unlimited
pseudo-terminals                (-p)  unlimited
kqueues                         (-k)  unlimited
umtx shared locks               (-o)  unlimited
--End resource limits--
=======================<phase: check-sanity   >============================
===== env: NO_DEPENDS=yes USER=root UID=0 GID=0
===>  License GPLv3+ accepted by the user
===========================================================================
=======================<phase: pkg-depends    >============================
===== env: USE_PACKAGE_DEPENDS_ONLY=1 USER=root UID=0 GID=0
===>   p5-Locale-libintl-1.33 depends on file: /usr/local/sbin/pkg - not found
===>   Installing existing package /packages/All/pkg-1.20.9_1.pkg
[140-rel-default-job-02] Installing pkg-1.20.9_1...
[140-rel-default-job-02] Extracting pkg-1.20.9_1: .......... done
===>   p5-Locale-libintl-1.33 depends on file: /usr/local/sbin/pkg - found
===>   Returning to build of p5-Locale-libintl-1.33
===========================================================================
=======================<phase: fetch-depends  >============================
===== env: USE_PACKAGE_DEPENDS_ONLY=1 USER=root UID=0 GID=0
===========================================================================
=======================<phase: fetch          >============================
===== env: NO_DEPENDS=yes USER=root UID=0 GID=0
===>  License GPLv3+ accepted by the user
===> Fetching all distfiles required by p5-Locale-libintl-1.33 for building
===========================================================================
=======================<phase: checksum       >============================
===== env: NO_DEPENDS=yes USER=root UID=0 GID=0
===>  License GPLv3+ accepted by the user
===> Fetching all distfiles required by p5-Locale-libintl-1.33 for building
=> SHA256 Checksum OK for libintl-perl-1.33.tar.gz.
===========================================================================
=======================<phase: extract-depends>============================
===== env: USE_PACKAGE_DEPENDS_ONLY=1 USER=root UID=0 GID=0
===========================================================================
=======================<phase: extract        >============================
===== env: NO_DEPENDS=yes USER=root UID=0 GID=0
===>  License GPLv3+ accepted by the user
===> Fetching all distfiles required by p5-Locale-libintl-1.33 for building
===>  Extracting for p5-Locale-libintl-1.33
=> SHA256 Checksum OK for libintl-perl-1.33.tar.gz.
===========================================================================
=======================<phase: patch-depends  >============================
===== env: USE_PACKAGE_DEPENDS_ONLY=1 USER=root UID=0 GID=0
===========================================================================
=======================<phase: patch          >============================
===== env: NO_DEPENDS=yes USER=root UID=0 GID=0
===>  Patching for p5-Locale-libintl-1.33
===========================================================================
=======================<phase: build-depends  >============================
===== env: USE_PACKAGE_DEPENDS_ONLY=1 USER=root UID=0 GID=0
===>   p5-Locale-libintl-1.33 depends on package: gettext-runtime>=0.22_1 - not found
===>   Installing existing package /packages/All/gettext-runtime-0.22.3_1.pkg
[140-rel-default-job-02] Installing gettext-runtime-0.22.3_1...
[140-rel-default-job-02] `-- Installing indexinfo-0.3.1...
[140-rel-default-job-02] `-- Extracting indexinfo-0.3.1: .... done
[140-rel-default-job-02] Extracting gettext-runtime-0.22.3_1: .......... done
===>   p5-Locale-libintl-1.33 depends on package: gettext-runtime>=0.22_1 - found
===>   Returning to build of p5-Locale-libintl-1.33
===>   p5-Locale-libintl-1.33 depends on executable: msgfmt - not found
===>   Installing existing package /packages/All/gettext-tools-0.22.3_1.pkg
[140-rel-default-job-02] Installing gettext-tools-0.22.3_1...
[140-rel-default-job-02] `-- Installing libtextstyle-0.22.3...
[140-rel-default-job-02] `-- Extracting libtextstyle-0.22.3: .......... done
[140-rel-default-job-02] Extracting gettext-tools-0.22.3_1: .......... done
===>   p5-Locale-libintl-1.33 depends on executable: msgfmt - found
===>   Returning to build of p5-Locale-libintl-1.33
===>   p5-Locale-libintl-1.33 depends on package: perl5>=5.36<5.37 - not found
===>   Installing existing package /packages/All/perl5-5.36.3_1.pkg
[140-rel-default-job-02] Installing perl5-5.36.3_1...
[140-rel-default-job-02] Extracting perl5-5.36.3_1: .......... done
===>   p5-Locale-libintl-1.33 depends on package: perl5>=5.36<5.37 - found
===>   Returning to build of p5-Locale-libintl-1.33
===>   p5-Locale-libintl-1.33 depends on file: /usr/local/bin/ccache - not found
===>   Installing existing package /packages/All/ccache-3.7.12_6.pkg
[140-rel-default-job-02] Installing ccache-3.7.12_6...
[140-rel-default-job-02] Extracting ccache-3.7.12_6: .......... done
Create compiler links...
create symlink for cc
create symlink for cc (world)
create symlink for c++
create symlink for c++ (world)
create symlink for CC
create symlink for CC (world)
create symlink for clang
create symlink for clang (world)
create symlink for clang++
create symlink for clang++ (world)
=====
Message from ccache-3.7.12_6:

--
NOTE:
Please read /usr/local/share/doc/ccache/ccache-howto-freebsd.txt for
information on using ccache with FreeBSD ports and src.
===>   p5-Locale-libintl-1.33 depends on file: /usr/local/bin/ccache - found
===>   Returning to build of p5-Locale-libintl-1.33
===========================================================================
=======================<phase: lib-depends    >============================
===== env: USE_PACKAGE_DEPENDS_ONLY=1 USER=root UID=0 GID=0
===>   p5-Locale-libintl-1.33 depends on shared library: libiconv.so - not found
===>   Installing existing package /packages/All/libiconv-1.17_1.pkg
[140-rel-default-job-02] Installing libiconv-1.17_1...
[140-rel-default-job-02] Extracting libiconv-1.17_1: .......... done
===>   p5-Locale-libintl-1.33 depends on shared library: libiconv.so - found (/usr/local/lib/libiconv.so)
===>   Returning to build of p5-Locale-libintl-1.33
===>   p5-Locale-libintl-1.33 depends on shared library: libintl.so - found (/usr/local/lib/libintl.so)
===========================================================================
=======================<phase: configure      >============================
===== env: NO_DEPENDS=yes USER=root UID=0 GID=0
===>  Configuring for p5-Locale-libintl-1.33
Checking whether we can compile the XS version ... no.
  Trying again with -lintl ... yes.
=> Building the XS version of libintl-perl.
Checking if your kit is complete...
Looks good
Warning: NAME must be a package name
Writing MYMETA.yml and MYMETA.json
Generating a Unix-style Makefile
Writing Makefile for libintl-perl
Writing MYMETA.yml and MYMETA.json
===========================================================================
=======================<phase: build          >============================
===== env: NO_DEPENDS=yes USER=root UID=0 GID=0
===>  Building for p5-Locale-libintl-1.33
--- blib/lib/.exists ---
--- blib/arch/.exists ---
--- blib/lib/auto/libintl-perl/.exists ---
--- blib/arch/auto/libintl-perl/.exists ---
--- blib/bin/.exists ---
--- blib/script/.exists ---
--- blib/man1/.exists ---
--- blib/man3/.exists ---
--- config ---
--- subdirs ---
--- subdirs ---
--- dynamic ---
--- pm_to_blib ---
--- subdirs ---
--- ../blib/lib/Locale/.exists ---
--- ../blib/lib/auto/Locale/gettext_xs/.exists ---
--- ../blib/arch/auto/Locale/gettext_xs/.exists ---
--- ../blib/man1/.exists ---
--- config ---
--- subdirs ---
--- dynamic ---
--- gettext_xs.c ---
--- gettext_xs.bs ---
--- gettext_xs.c ---
"/usr/local/bin/perl" "/usr/local/lib/perl5/5.36/ExtUtils/xsubpp"  -typemap '/usr/local/lib/perl5/5.36/ExtUtils/typemap'  gettext_xs.xs > gettext_xs.xsc
--- blibdirs ---
--- subdirs ---
Running Mkbootstrap for gettext_xs ()
--- config ---
--- dynamic ---
--- linkext ---
--- subdirs ---
--- pm_to_blib ---
--- gettext_xs.bs ---
chmod 644 "gettext_xs.bs"
--- blibdirs ---
--- ../blib/arch/auto/Locale/gettext_xs/gettext_xs.bs ---
--- config ---
"/usr/local/bin/perl" -MExtUtils::Command::MM -e 'cp_nonempty' -- gettext_xs.bs ../blib/arch/auto/Locale/gettext_xs/gettext_xs.bs 644
--- pm_to_blib ---
cp lib/Locale/RecodeData/ASMO_449.pm blib/lib/Locale/RecodeData/ASMO_449.pm
cp lib/Locale/RecodeData/MACCROATIAN.pm blib/lib/Locale/RecodeData/MACCROATIAN.pm
cp lib/Locale/RecodeData/IBM273.pm blib/lib/Locale/RecodeData/IBM273.pm
cp lib/Locale/RecodeData/IBM277.pm blib/lib/Locale/RecodeData/IBM277.pm
cp lib/Locale/RecodeData/MACROMANIA.pm blib/lib/Locale/RecodeData/MACROMANIA.pm
cp lib/Locale/RecodeData/MACINTOSH.pm blib/lib/Locale/RecodeData/MACINTOSH.pm
cp lib/Locale/RecodeData/EBCDIC_FI_SE.pm blib/lib/Locale/RecodeData/EBCDIC_FI_SE.pm
cp lib/Locale/RecodeData/IBM285.pm blib/lib/Locale/RecodeData/IBM285.pm
cp lib/Locale/RecodeData/EBCDIC_IS_FRISS.pm blib/lib/Locale/RecodeData/EBCDIC_IS_FRISS.pm
cp lib/Locale/RecodeData/IBM284.pm blib/lib/Locale/RecodeData/IBM284.pm
cp lib/Locale/RecodeData/SAMI_WS2.pm blib/lib/Locale/RecodeData/SAMI_WS2.pm
cp lib/Locale/RecodeData/IBM852.pm blib/lib/Locale/RecodeData/IBM852.pm
cp lib/Locale/RecodeData/IBM904.pm blib/lib/Locale/RecodeData/IBM904.pm
cp lib/Locale/Recode/_Conversions.pm blib/lib/Locale/Recode/_Conversions.pm
cp lib/Locale/RecodeData/ISO_8859_11.pm blib/lib/Locale/RecodeData/ISO_8859_11.pm
cp lib/Locale/RecodeData/ATARI_ST.pm blib/lib/Locale/RecodeData/ATARI_ST.pm
cp lib/Locale/RecodeData/IBM891.pm blib/lib/Locale/RecodeData/IBM891.pm
cp lib/Locale/RecodeData/IBM862.pm blib/lib/Locale/RecodeData/IBM862.pm
cp lib/Locale/RecodeData/IBM256.pm blib/lib/Locale/RecodeData/IBM256.pm
cp lib/Locale/RecodeData/CP10007.pm blib/lib/Locale/RecodeData/CP10007.pm
cp lib/Locale/RecodeData/DEC_MCS.pm blib/lib/Locale/RecodeData/DEC_MCS.pm
cp lib/Locale/RecodeData/ISO_8859_9.pm blib/lib/Locale/RecodeData/ISO_8859_9.pm
cp lib/Locale/RecodeData/IBM905.pm blib/lib/Locale/RecodeData/IBM905.pm
cp lib/Locale/RecodeData/CP1254.pm blib/lib/Locale/RecodeData/CP1254.pm
cp lib/Locale/RecodeData/IBM437.pm blib/lib/Locale/RecodeData/IBM437.pm
cp lib/Locale/RecodeData/ISO_8859_10.pm blib/lib/Locale/RecodeData/ISO_8859_10.pm
cp lib/Locale/RecodeData/ISO_8859_13.pm blib/lib/Locale/RecodeData/ISO_8859_13.pm
cp lib/Locale/RecodeData/ISO_10367_BOX.pm blib/lib/Locale/RecodeData/ISO_10367_BOX.pm
cp lib/Locale/RecodeData/GEORGIAN_PS.pm blib/lib/Locale/RecodeData/GEORGIAN_PS.pm
cp lib/Locale/RecodeData/IBM851.pm blib/lib/Locale/RecodeData/IBM851.pm
cp lib/Locale/RecodeData/CP1250.pm blib/lib/Locale/RecodeData/CP1250.pm
cp lib/Locale/RecodeData/EBCDIC_FR.pm blib/lib/Locale/RecodeData/EBCDIC_FR.pm
cp lib/Locale/RecodeData.pm blib/lib/Locale/RecodeData.pm
cp lib/Locale/RecodeData/VISCII.pm blib/lib/Locale/RecodeData/VISCII.pm
cp lib/Locale/RecodeData/LATIN_GREEK.pm blib/lib/Locale/RecodeData/LATIN_GREEK.pm
cp lib/Locale/RecodeData/IBM860.pm blib/lib/Locale/RecodeData/IBM860.pm
cp lib/Locale/TextDomain.pm blib/lib/Locale/TextDomain.pm
cp lib/Locale/RecodeData/KOI8_T.pm blib/lib/Locale/RecodeData/KOI8_T.pm
cp lib/Locale/RecodeData/EBCDIC_PT.pm blib/lib/Locale/RecodeData/EBCDIC_PT.pm
cp lib/Locale/RecodeData/IBM869.pm blib/lib/Locale/RecodeData/IBM869.pm
cp lib/Locale/RecodeData/ISO_8859_14.pm blib/lib/Locale/RecodeData/ISO_8859_14.pm
cp lib/Locale/RecodeData/MACCYRILLIC.pm blib/lib/Locale/RecodeData/MACCYRILLIC.pm
cp lib/Locale/RecodeData/IBM866.pm blib/lib/Locale/RecodeData/IBM866.pm
cp lib/Locale/RecodeData/CSN_369103.pm blib/lib/Locale/RecodeData/CSN_369103.pm
cp lib/Locale/RecodeData/IBM280.pm blib/lib/Locale/RecodeData/IBM280.pm
cp lib/Locale/RecodeData/ATARI_ST_EURO.pm blib/lib/Locale/RecodeData/ATARI_ST_EURO.pm
cp lib/Locale/RecodeData/KOI_8.pm blib/lib/Locale/RecodeData/KOI_8.pm
cp lib/Locale/RecodeData/IBM850.pm blib/lib/Locale/RecodeData/IBM850.pm
cp lib/Locale/RecodeData/ECMA_CYRILLIC.pm blib/lib/Locale/RecodeData/ECMA_CYRILLIC.pm
cp lib/Locale/RecodeData/IBM855.pm blib/lib/Locale/RecodeData/IBM855.pm
cp lib/Locale/Messages.pm blib/lib/Locale/Messages.pm
cp lib/Locale/RecodeData/MAC_UK.pm blib/lib/Locale/RecodeData/MAC_UK.pm
cp lib/Locale/RecodeData/MAC_SAMI.pm blib/lib/Locale/RecodeData/MAC_SAMI.pm
cp lib/Locale/RecodeData/IBM275.pm blib/lib/Locale/RecodeData/IBM275.pm
cp lib/Locale/RecodeData/ISO_8859_7.pm blib/lib/Locale/RecodeData/ISO_8859_7.pm
cp lib/Locale/RecodeData/CP1257.pm blib/lib/Locale/RecodeData/CP1257.pm
cp lib/Locale/RecodeData/ISO_8859_4.pm blib/lib/Locale/RecodeData/ISO_8859_4.pm
cp lib/Locale/RecodeData/IBM857.pm blib/lib/Locale/RecodeData/IBM857.pm
cp lib/Locale/RecodeData/IBM424.pm blib/lib/Locale/RecodeData/IBM424.pm
cp lib/Locale/RecodeData/IBM037.pm blib/lib/Locale/RecodeData/IBM037.pm
cp lib/Locale/RecodeData/ISO_5428.pm blib/lib/Locale/RecodeData/ISO_5428.pm
cp lib/Locale/RecodeData/MACHEBREW.pm blib/lib/Locale/RecodeData/MACHEBREW.pm
cp lib/Locale/RecodeData/IBM864.pm blib/lib/Locale/RecodeData/IBM864.pm
cp lib/Locale/RecodeData/EBCDIC_ES.pm blib/lib/Locale/RecodeData/EBCDIC_ES.pm
cp lib/Locale/RecodeData/IBM1004.pm blib/lib/Locale/RecodeData/IBM1004.pm
cp lib/Locale/RecodeData/ISO_8859_3.pm blib/lib/Locale/RecodeData/ISO_8859_3.pm
cp lib/Locale/RecodeData/LATIN_GREEK_1.pm blib/lib/Locale/RecodeData/LATIN_GREEK_1.pm
cp lib/Locale/RecodeData/TIS_620.pm blib/lib/Locale/RecodeData/TIS_620.pm
cp lib/Locale/RecodeData/HP_ROMAN8.pm blib/lib/Locale/RecodeData/HP_ROMAN8.pm
cp lib/Locale/RecodeData/EBCDIC_DK_NO_A.pm blib/lib/Locale/RecodeData/EBCDIC_DK_NO_A.pm
cp lib/Locale/RecodeData/IBM038.pm blib/lib/Locale/RecodeData/IBM038.pm
cp lib/Locale/RecodeData/IBM918.pm blib/lib/Locale/RecodeData/IBM918.pm
cp lib/Locale/RecodeData/EBCDIC_FI_SE_A.pm blib/lib/Locale/RecodeData/EBCDIC_FI_SE_A.pm
cp lib/Locale/RecodeData/CP1256.pm blib/lib/Locale/RecodeData/CP1256.pm
cp lib/Locale/RecodeData/EBCDIC_UK.pm blib/lib/Locale/RecodeData/EBCDIC_UK.pm
cp lib/Locale/RecodeData/NATS_SEFI.pm blib/lib/Locale/RecodeData/NATS_SEFI.pm
cp lib/Locale/RecodeData/KOI8_U.pm blib/lib/Locale/RecodeData/KOI8_U.pm
cp lib/Locale/RecodeData/NEXTSTEP.pm blib/lib/Locale/RecodeData/NEXTSTEP.pm
cp lib/Locale/RecodeData/GEORGIAN_ACADEMY.pm blib/lib/Locale/RecodeData/GEORGIAN_ACADEMY.pm
cp lib/Locale/RecodeData/IBM1047.pm blib/lib/Locale/RecodeData/IBM1047.pm
cp lib/Locale/RecodeData/NATS_DANO.pm blib/lib/Locale/RecodeData/NATS_DANO.pm
cp lib/Locale/RecodeData/IBM871.pm blib/lib/Locale/RecodeData/IBM871.pm
cp lib/Locale/RecodeData/IBM1026.pm blib/lib/Locale/RecodeData/IBM1026.pm
cp lib/Locale/RecodeData/IBM903.pm blib/lib/Locale/RecodeData/IBM903.pm
cp lib/Locale/RecodeData/IBM297.pm blib/lib/Locale/RecodeData/IBM297.pm
cp lib/Locale/Recode.pm blib/lib/Locale/Recode.pm
cp lib/Locale/RecodeData/GOST_19768_74.pm blib/lib/Locale/RecodeData/GOST_19768_74.pm
cp lib/Locale/RecodeData/ISO_8859_8.pm blib/lib/Locale/RecodeData/ISO_8859_8.pm
cp lib/Locale/RecodeData/IBM865.pm blib/lib/Locale/RecodeData/IBM865.pm
cp lib/Locale/libintlFAQ.pod blib/lib/Locale/libintlFAQ.pod
cp lib/Locale/RecodeData/ISO_8859_1.pm blib/lib/Locale/RecodeData/ISO_8859_1.pm
cp lib/Locale/RecodeData/MACARABIC.pm blib/lib/Locale/RecodeData/MACARABIC.pm
cp lib/Locale/RecodeData/EBCDIC_ES_A.pm blib/lib/Locale/RecodeData/EBCDIC_ES_A.pm
cp lib/Locale/RecodeData/ISO_8859_2.pm blib/lib/Locale/RecodeData/ISO_8859_2.pm
cp lib/Locale/RecodeData/IBM278.pm blib/lib/Locale/RecodeData/IBM278.pm
cp lib/Locale/RecodeData/IBM874.pm blib/lib/Locale/RecodeData/IBM874.pm
cp lib/Locale/RecodeData/GREEK7.pm blib/lib/Locale/RecodeData/GREEK7.pm
cp lib/Locale/RecodeData/ISO_8859_16.pm blib/lib/Locale/RecodeData/ISO_8859_16.pm
cp lib/Locale/RecodeData/IBM274.pm blib/lib/Locale/RecodeData/IBM274.pm
cp lib/Locale/RecodeData/MAC_IS.pm blib/lib/Locale/RecodeData/MAC_IS.pm
cp lib/Locale/RecodeData/GREEK7_OLD.pm blib/lib/Locale/RecodeData/GREEK7_OLD.pm
cp lib/Locale/RecodeData/US_ASCII.pm blib/lib/Locale/RecodeData/US_ASCII.pm
cp lib/Locale/RecodeData/IBM868.pm blib/lib/Locale/RecodeData/IBM868.pm
cp lib/Locale/gettext_pp.pm blib/lib/Locale/gettext_pp.pm
cp lib/Locale/RecodeData/GREEK_CCITT.pm blib/lib/Locale/RecodeData/GREEK_CCITT.pm
cp lib/Locale/RecodeData/MACICELAND.pm blib/lib/Locale/RecodeData/MACICELAND.pm
cp lib/Locale/RecodeData/IBM500.pm blib/lib/Locale/RecodeData/IBM500.pm
cp lib/Locale/RecodeData/IBM420.pm blib/lib/Locale/RecodeData/IBM420.pm
--- subdirs ---
--- gettext_xs.c ---
mv gettext_xs.xsc gettext_xs.c
--- gettext_xs.o ---
--- pm_to_blib ---
cp gettext_xs.pm ../blib/lib/Locale/gettext_xs.pm
--- gettext_xs.o ---
cc -c    -O2 -pipe  -fstack-protector-strong -isystem /usr/local/include -fno-strict-aliasing -O2 -pipe -fstack-protector-strong -fno-strict-aliasing    -DVERSION=\"1.33\"  -DXS_VERSION=\"1.33\" -DPIC -fPIC "-I/usr/local/lib/perl5/5.36/mach/CORE"   gettext_xs.c
--- pm_to_blib ---
cp lib/Locale/RecodeData/IBM875.pm blib/lib/Locale/RecodeData/IBM875.pm
cp lib/Locale/RecodeData/IBM861.pm blib/lib/Locale/RecodeData/IBM861.pm
cp lib/Locale/RecodeData/ISO_2033_1983.pm blib/lib/Locale/RecodeData/ISO_2033_1983.pm
cp lib/Locale/RecodeData/KOI8_RU.pm blib/lib/Locale/RecodeData/KOI8_RU.pm
cp lib/Locale/RecodeData/KOI8_R.pm blib/lib/Locale/RecodeData/KOI8_R.pm
cp lib/Locale/RecodeData/CP1251.pm blib/lib/Locale/RecodeData/CP1251.pm
cp lib/Locale/gettext_dumb.pm blib/lib/Locale/gettext_dumb.pm
cp lib/Locale/RecodeData/IBM880.pm blib/lib/Locale/RecodeData/IBM880.pm
cp lib/Locale/RecodeData/ISO_5427.pm blib/lib/Locale/RecodeData/ISO_5427.pm
cp lib/Locale/Recode/_Aliases.pm blib/lib/Locale/Recode/_Aliases.pm
cp lib/Locale/RecodeData/MACTHAI.pm blib/lib/Locale/RecodeData/MACTHAI.pm
cp lib/Locale/Util.pm blib/lib/Locale/Util.pm
cp lib/Locale/RecodeData/INIS_CYRILLIC.pm blib/lib/Locale/RecodeData/INIS_CYRILLIC.pm
cp lib/Locale/RecodeData/INIS.pm blib/lib/Locale/RecodeData/INIS.pm
cp lib/Locale/RecodeData/MACTURKISH.pm blib/lib/Locale/RecodeData/MACTURKISH.pm
cp lib/Locale/RecodeData/CP1252.pm blib/lib/Locale/RecodeData/CP1252.pm
cp lib/Locale/RecodeData/ISO_8859_6.pm blib/lib/Locale/RecodeData/ISO_8859_6.pm
cp lib/Locale/RecodeData/_Encode.pm blib/lib/Locale/RecodeData/_Encode.pm
cp lib/Locale/RecodeData/INIS_8.pm blib/lib/Locale/RecodeData/INIS_8.pm
cp lib/Locale/gettext_xs.pod blib/lib/Locale/gettext_xs.pod
cp lib/Locale/RecodeData/IBM870.pm blib/lib/Locale/RecodeData/IBM870.pm
cp lib/Locale/RecodeData/ISO_5427_EXT.pm blib/lib/Locale/RecodeData/ISO_5427_EXT.pm
cp lib/Locale/RecodeData/IEC_P27_1.pm blib/lib/Locale/RecodeData/IEC_P27_1.pm
cp lib/Locale/RecodeData/ISO_8859_15.pm blib/lib/Locale/RecodeData/ISO_8859_15.pm
cp lib/Locale/RecodeData/EBCDIC_AT_DE_A.pm blib/lib/Locale/RecodeData/EBCDIC_AT_DE_A.pm
cp lib/Locale/RecodeData/EBCDIC_DK_NO.pm blib/lib/Locale/RecodeData/EBCDIC_DK_NO.pm
cp lib/Locale/RecodeData/IBM863.pm blib/lib/Locale/RecodeData/IBM863.pm
cp lib/Locale/RecodeData/UTF_8.pm blib/lib/Locale/RecodeData/UTF_8.pm
cp lib/Locale/RecodeData/ISO_8859_5.pm blib/lib/Locale/RecodeData/ISO_8859_5.pm
cp lib/Locale/RecodeData/CP1253.pm blib/lib/Locale/RecodeData/CP1253.pm
cp lib/Locale/RecodeData/EBCDIC_IT.pm blib/lib/Locale/RecodeData/EBCDIC_IT.pm
cp lib/Locale/RecodeData/EBCDIC_ES_S.pm blib/lib/Locale/RecodeData/EBCDIC_ES_S.pm
cp lib/Locale/RecodeData/IBM281.pm blib/lib/Locale/RecodeData/IBM281.pm
cp lib/Locale/RecodeData/CWI.pm blib/lib/Locale/RecodeData/CWI.pm
cp lib/Locale/RecodeData/MACUKRAINE.pm blib/lib/Locale/RecodeData/MACUKRAINE.pm
cp lib/Locale/RecodeData/EBCDIC_CA_FR.pm blib/lib/Locale/RecodeData/EBCDIC_CA_FR.pm
cp lib/Locale/RecodeData/EBCDIC_US.pm blib/lib/Locale/RecodeData/EBCDIC_US.pm
cp lib/Locale/RecodeData/EBCDIC_AT_DE.pm blib/lib/Locale/RecodeData/EBCDIC_AT_DE.pm
cp lib/Locale/RecodeData/IBM423.pm blib/lib/Locale/RecodeData/IBM423.pm
cp lib/Locale/RecodeData/MACGREEK.pm blib/lib/Locale/RecodeData/MACGREEK.pm
cp lib/Locale/RecodeData/IBM290.pm blib/lib/Locale/RecodeData/IBM290.pm
--- subdirs ---
--- ../blib/arch/auto/Locale/gettext_xs/gettext_xs.so ---
rm -f ../blib/arch/auto/Locale/gettext_xs/gettext_xs.so
LD_RUN_PATH="/usr/local/lib" cc  -shared  -L/usr/local/lib/perl5/5.36/mach/CORE -lperl -L/usr/local/lib -fstack-protector-strong  gettext_xs.o  -o ../blib/arch/auto/Locale/gettext_xs/gettext_xs.so    -lintl -liconv    
chmod 755 ../blib/arch/auto/Locale/gettext_xs/gettext_xs.so
--- dynamic ---
--- linkext ---
--- pure_all ---
--- manifypods ---
--- all ---
--- pure_all ---
--- manifypods ---
Manifying 149 pod documents
--- all ---
===========================================================================
=======================<phase: run-depends    >============================
===== env: USE_PACKAGE_DEPENDS_ONLY=1 USER=root UID=0 GID=0
===>   p5-Locale-libintl-1.33 depends on package: perl5>=5.36<5.37 - found
===========================================================================
=======================<phase: stage          >============================
===== env: NO_DEPENDS=yes USER=root UID=0 GID=0
===>  Staging for p5-Locale-libintl-1.33
===>   Generating temporary packing list
"/usr/local/bin/perl" -MExtUtils::Command::MM -e 'cp_nonempty' -- gettext_xs.bs ../blib/arch/auto/Locale/gettext_xs/gettext_xs.bs 644
Manifying 149 pod documents
Installing /wrkdirs/usr/ports/devel/p5-Locale-libintl/work/stage/usr/local/lib/perl5/site_perl/mach/5.36/auto/Locale/gettext_xs/gettext_xs.so
Installing /wrkdirs/usr/ports/devel/p5-Locale-libintl/work/stage/usr/local/lib/perl5/site_perl/Locale/libintlFAQ.pod
Installing /wrkdirs/usr/ports/devel/p5-Locale-libintl/work/stage/usr/local/lib/perl5/site_perl/Locale/Util.pm
Installing /wrkdirs/usr/ports/devel/p5-Locale-libintl/work/stage/usr/local/lib/perl5/site_perl/Locale/Recode.pm
Installing /wrkdirs/usr/ports/devel/p5-Locale-libintl/work/stage/usr/local/lib/perl5/site_perl/Locale/gettext_dumb.pm
Installing /wrkdirs/usr/ports/devel/p5-Locale-libintl/work/stage/usr/local/lib/perl5/site_perl/Locale/RecodeData.pm
Installing /wrkdirs/usr/ports/devel/p5-Locale-libintl/work/stage/usr/local/lib/perl5/site_perl/Locale/gettext_xs.pod
Installing /wrkdirs/usr/ports/devel/p5-Locale-libintl/work/stage/usr/local/lib/perl5/site_perl/Locale/gettext_pp.pm
Installing /wrkdirs/usr/ports/devel/p5-Locale-libintl/work/stage/usr/local/lib/perl5/site_perl/Locale/TextDomain.pm
Installing /wrkdirs/usr/ports/devel/p5-Locale-libintl/work/stage/usr/local/lib/perl5/site_perl/Locale/gettext_xs.pm
Installing /wrkdirs/usr/ports/devel/p5-Locale-libintl/work/stage/usr/local/lib/perl5/site_perl/Locale/Messages.pm
Installing /wrkdirs/usr/ports/devel/p5-Locale-libintl/work/stage/usr/local/lib/perl5/site_perl/Locale/RecodeData/IBM869.pm
Installing /wrkdirs/usr/ports/devel/p5-Locale-libintl/work/stage/usr/local/lib/perl5/site_perl/Locale/RecodeData/NATS_DANO.pm
Installing /wrkdirs/usr/ports/devel/p5-Locale-libintl/work/stage/usr/local/lib/perl5/site_perl/Locale/RecodeData/IBM423.pm
Installing /wrkdirs/usr/ports/devel/p5-Locale-libintl/work/stage/usr/local/lib/perl5/site_perl/Locale/RecodeData/ASMO_449.pm
Installing /wrkdirs/usr/ports/devel/p5-Locale-libintl/work/stage/usr/local/lib/perl5/site_perl/Locale/RecodeData/IBM850.pm
Installing /wrkdirs/usr/ports/devel/p5-Locale-libintl/work/stage/usr/local/lib/perl5/site_perl/Locale/RecodeData/ISO_10367_BOX.pm
Installing /wrkdirs/usr/ports/devel/p5-Locale-libintl/work/stage/usr/local/lib/perl5/site_perl/Locale/RecodeData/IBM891.pm
Installing /wrkdirs/usr/ports/devel/p5-Locale-libintl/work/stage/usr/local/lib/perl5/site_perl/Locale/RecodeData/IBM280.pm
Installing /wrkdirs/usr/ports/devel/p5-Locale-libintl/work/stage/usr/local/lib/perl5/site_perl/Locale/RecodeData/KOI8_U.pm
Installing /wrkdirs/usr/ports/devel/p5-Locale-libintl/work/stage/usr/local/lib/perl5/site_perl/Locale/RecodeData/US_ASCII.pm
Installing /wrkdirs/usr/ports/devel/p5-Locale-libintl/work/stage/usr/local/lib/perl5/site_perl/Locale/RecodeData/CSN_369103.pm
Installing /wrkdirs/usr/ports/devel/p5-Locale-libintl/work/stage/usr/local/lib/perl5/site_perl/Locale/RecodeData/CP1252.pm
Installing /wrkdirs/usr/ports/devel/p5-Locale-libintl/work/stage/usr/local/lib/perl5/site_perl/Locale/RecodeData/ISO_8859_9.pm
Installing /wrkdirs/usr/ports/devel/p5-Locale-libintl/work/stage/usr/local/lib/perl5/site_perl/Locale/RecodeData/IBM420.pm
Installing /wrkdirs/usr/ports/devel/p5-Locale-libintl/work/stage/usr/local/lib/perl5/site_perl/Locale/RecodeData/NEXTSTEP.pm
Installing /wrkdirs/usr/ports/devel/p5-Locale-libintl/work/stage/usr/local/lib/perl5/site_perl/Locale/RecodeData/IBM037.pm
Installing /wrkdirs/usr/ports/devel/p5-Locale-libintl/work/stage/usr/local/lib/perl5/site_perl/Locale/RecodeData/GEORGIAN_ACADEMY.pm
Installing /wrkdirs/usr/ports/devel/p5-Locale-libintl/work/stage/usr/local/lib/perl5/site_perl/Locale/RecodeData/MACHEBREW.pm
Installing /wrkdirs/usr/ports/devel/p5-Locale-libintl/work/stage/usr/local/lib/perl5/site_perl/Locale/RecodeData/KOI8_R.pm
Installing /wrkdirs/usr/ports/devel/p5-Locale-libintl/work/stage/usr/local/lib/perl5/site_perl/Locale/RecodeData/IBM861.pm
Installing /wrkdirs/usr/ports/devel/p5-Locale-libintl/work/stage/usr/local/lib/perl5/site_perl/Locale/RecodeData/IBM874.pm
Installing /wrkdirs/usr/ports/devel/p5-Locale-libintl/work/stage/usr/local/lib/perl5/site_perl/Locale/RecodeData/ISO_8859_4.pm
Installing /wrkdirs/usr/ports/devel/p5-Locale-libintl/work/stage/usr/local/lib/perl5/site_perl/Locale/RecodeData/ECMA_CYRILLIC.pm
Installing /wrkdirs/usr/ports/devel/p5-Locale-libintl/work/stage/usr/local/lib/perl5/site_perl/Locale/RecodeData/IBM277.pm
Installing /wrkdirs/usr/ports/devel/p5-Locale-libintl/work/stage/usr/local/lib/perl5/site_perl/Locale/RecodeData/EBCDIC_US.pm
Installing /wrkdirs/usr/ports/devel/p5-Locale-libintl/work/stage/usr/local/lib/perl5/site_perl/Locale/RecodeData/EBCDIC_AT_DE_A.pm
Installing /wrkdirs/usr/ports/devel/p5-Locale-libintl/work/stage/usr/local/lib/perl5/site_perl/Locale/RecodeData/IBM866.pm
Installing /wrkdirs/usr/ports/devel/p5-Locale-libintl/work/stage/usr/local/lib/perl5/site_perl/Locale/RecodeData/IBM903.pm
Installing /wrkdirs/usr/ports/devel/p5-Locale-libintl/work/stage/usr/local/lib/perl5/site_perl/Locale/RecodeData/ISO_8859_2.pm
Installing /wrkdirs/usr/ports/devel/p5-Locale-libintl/work/stage/usr/local/lib/perl5/site_perl/Locale/RecodeData/_Encode.pm
Installing /wrkdirs/usr/ports/devel/p5-Locale-libintl/work/stage/usr/local/lib/perl5/site_perl/Locale/RecodeData/MACICELAND.pm
Installing /wrkdirs/usr/ports/devel/p5-Locale-libintl/work/stage/usr/local/lib/perl5/site_perl/Locale/RecodeData/HP_ROMAN8.pm
Installing /wrkdirs/usr/ports/devel/p5-Locale-libintl/work/stage/usr/local/lib/perl5/site_perl/Locale/RecodeData/IBM871.pm
Installing /wrkdirs/usr/ports/devel/p5-Locale-libintl/work/stage/usr/local/lib/perl5/site_perl/Locale/RecodeData/ISO_8859_1.pm
Installing /wrkdirs/usr/ports/devel/p5-Locale-libintl/work/stage/usr/local/lib/perl5/site_perl/Locale/RecodeData/IBM297.pm
Installing /wrkdirs/usr/ports/devel/p5-Locale-libintl/work/stage/usr/local/lib/perl5/site_perl/Locale/RecodeData/IBM038.pm
Installing /wrkdirs/usr/ports/devel/p5-Locale-libintl/work/stage/usr/local/lib/perl5/site_perl/Locale/RecodeData/EBCDIC_PT.pm
Installing /wrkdirs/usr/ports/devel/p5-Locale-libintl/work/stage/usr/local/lib/perl5/site_perl/Locale/RecodeData/EBCDIC_UK.pm
Installing /wrkdirs/usr/ports/devel/p5-Locale-libintl/work/stage/usr/local/lib/perl5/site_perl/Locale/RecodeData/IBM437.pm
Installing /wrkdirs/usr/ports/devel/p5-Locale-libintl/work/stage/usr/local/lib/perl5/site_perl/Locale/RecodeData/GOST_19768_74.pm
Installing /wrkdirs/usr/ports/devel/p5-Locale-libintl/work/stage/usr/local/lib/perl5/site_perl/Locale/RecodeData/IBM1026.pm
Installing /wrkdirs/usr/ports/devel/p5-Locale-libintl/work/stage/usr/local/lib/perl5/site_perl/Locale/RecodeData/IBM855.pm
Installing /wrkdirs/usr/ports/devel/p5-Locale-libintl/work/stage/usr/local/lib/perl5/site_perl/Locale/RecodeData/EBCDIC_ES.pm
Installing /wrkdirs/usr/ports/devel/p5-Locale-libintl/work/stage/usr/local/lib/perl5/site_perl/Locale/RecodeData/NATS_SEFI.pm
Installing /wrkdirs/usr/ports/devel/p5-Locale-libintl/work/stage/usr/local/lib/perl5/site_perl/Locale/RecodeData/EBCDIC_IS_FRISS.pm
Installing /wrkdirs/usr/ports/devel/p5-Locale-libintl/work/stage/usr/local/lib/perl5/site_perl/Locale/RecodeData/CP10007.pm
Installing /wrkdirs/usr/ports/devel/p5-Locale-libintl/work/stage/usr/local/lib/perl5/site_perl/Locale/RecodeData/GREEK_CCITT.pm
Installing /wrkdirs/usr/ports/devel/p5-Locale-libintl/work/stage/usr/local/lib/perl5/site_perl/Locale/RecodeData/MACROMANIA.pm
Installing /wrkdirs/usr/ports/devel/p5-Locale-libintl/work/stage/usr/local/lib/perl5/site_perl/Locale/RecodeData/GREEK7_OLD.pm
Installing /wrkdirs/usr/ports/devel/p5-Locale-libintl/work/stage/usr/local/lib/perl5/site_perl/Locale/RecodeData/EBCDIC_CA_FR.pm
Installing /wrkdirs/usr/ports/devel/p5-Locale-libintl/work/stage/usr/local/lib/perl5/site_perl/Locale/RecodeData/EBCDIC_FR.pm
Installing /wrkdirs/usr/ports/devel/p5-Locale-libintl/work/stage/usr/local/lib/perl5/site_perl/Locale/RecodeData/EBCDIC_DK_NO_A.pm
Installing /wrkdirs/usr/ports/devel/p5-Locale-libintl/work/stage/usr/local/lib/perl5/site_perl/Locale/RecodeData/IBM1004.pm
Installing /wrkdirs/usr/ports/devel/p5-Locale-libintl/work/stage/usr/local/lib/perl5/site_perl/Locale/RecodeData/EBCDIC_IT.pm
Installing /wrkdirs/usr/ports/devel/p5-Locale-libintl/work/stage/usr/local/lib/perl5/site_perl/Locale/RecodeData/LATIN_GREEK_1.pm
Installing /wrkdirs/usr/ports/devel/p5-Locale-libintl/work/stage/usr/local/lib/perl5/site_perl/Locale/RecodeData/ATARI_ST_EURO.pm
Installing /wrkdirs/usr/ports/devel/p5-Locale-libintl/work/stage/usr/local/lib/perl5/site_perl/Locale/RecodeData/MACCYRILLIC.pm
Installing /wrkdirs/usr/ports/devel/p5-Locale-libintl/work/stage/usr/local/lib/perl5/site_perl/Locale/RecodeData/IBM290.pm
Installing /wrkdirs/usr/ports/devel/p5-Locale-libintl/work/stage/usr/local/lib/perl5/site_perl/Locale/RecodeData/IBM500.pm
Installing /wrkdirs/usr/ports/devel/p5-Locale-libintl/work/stage/usr/local/lib/perl5/site_perl/Locale/RecodeData/EBCDIC_AT_DE.pm
Installing /wrkdirs/usr/ports/devel/p5-Locale-libintl/work/stage/usr/local/lib/perl5/site_perl/Locale/RecodeData/IBM880.pm
Installing /wrkdirs/usr/ports/devel/p5-Locale-libintl/work/stage/usr/local/lib/perl5/site_perl/Locale/RecodeData/IBM868.pm
Installing /wrkdirs/usr/ports/devel/p5-Locale-libintl/work/stage/usr/local/lib/perl5/site_perl/Locale/RecodeData/VISCII.pm
Installing /wrkdirs/usr/ports/devel/p5-Locale-libintl/work/stage/usr/local/lib/perl5/site_perl/Locale/RecodeData/EBCDIC_FI_SE_A.pm
Installing /wrkdirs/usr/ports/devel/p5-Locale-libintl/work/stage/usr/local/lib/perl5/site_perl/Locale/RecodeData/IBM852.pm
Installing /wrkdirs/usr/ports/devel/p5-Locale-libintl/work/stage/usr/local/lib/perl5/site_perl/Locale/RecodeData/UTF_8.pm
Installing /wrkdirs/usr/ports/devel/p5-Locale-libintl/work/stage/usr/local/lib/perl5/site_perl/Locale/RecodeData/CP1256.pm
Installing /wrkdirs/usr/ports/devel/p5-Locale-libintl/work/stage/usr/local/lib/perl5/site_perl/Locale/RecodeData/CP1250.pm
Installing /wrkdirs/usr/ports/devel/p5-Locale-libintl/work/stage/usr/local/lib/perl5/site_perl/Locale/RecodeData/ISO_5428.pm
Installing /wrkdirs/usr/ports/devel/p5-Locale-libintl/work/stage/usr/local/lib/perl5/site_perl/Locale/RecodeData/IBM274.pm
Installing /wrkdirs/usr/ports/devel/p5-Locale-libintl/work/stage/usr/local/lib/perl5/site_perl/Locale/RecodeData/IBM851.pm
Installing /wrkdirs/usr/ports/devel/p5-Locale-libintl/work/stage/usr/local/lib/perl5/site_perl/Locale/RecodeData/IBM865.pm
Installing /wrkdirs/usr/ports/devel/p5-Locale-libintl/work/stage/usr/local/lib/perl5/site_perl/Locale/RecodeData/IBM904.pm
Installing /wrkdirs/usr/ports/devel/p5-Locale-libintl/work/stage/usr/local/lib/perl5/site_perl/Locale/RecodeData/KOI8_T.pm
Installing /wrkdirs/usr/ports/devel/p5-Locale-libintl/work/stage/usr/local/lib/perl5/site_perl/Locale/RecodeData/IBM273.pm
Installing /wrkdirs/usr/ports/devel/p5-Locale-libintl/work/stage/usr/local/lib/perl5/site_perl/Locale/RecodeData/CP1253.pm
Installing /wrkdirs/usr/ports/devel/p5-Locale-libintl/work/stage/usr/local/lib/perl5/site_perl/Locale/RecodeData/IBM863.pm
Installing /wrkdirs/usr/ports/devel/p5-Locale-libintl/work/stage/usr/local/lib/perl5/site_perl/Locale/RecodeData/ISO_8859_6.pm
Installing /wrkdirs/usr/ports/devel/p5-Locale-libintl/work/stage/usr/local/lib/perl5/site_perl/Locale/RecodeData/INIS_8.pm
Installing /wrkdirs/usr/ports/devel/p5-Locale-libintl/work/stage/usr/local/lib/perl5/site_perl/Locale/RecodeData/IBM860.pm
Installing /wrkdirs/usr/ports/devel/p5-Locale-libintl/work/stage/usr/local/lib/perl5/site_perl/Locale/RecodeData/LATIN_GREEK.pm
Installing /wrkdirs/usr/ports/devel/p5-Locale-libintl/work/stage/usr/local/lib/perl5/site_perl/Locale/RecodeData/IBM875.pm
Installing /wrkdirs/usr/ports/devel/p5-Locale-libintl/work/stage/usr/local/lib/perl5/site_perl/Locale/RecodeData/EBCDIC_DK_NO.pm
Installing /wrkdirs/usr/ports/devel/p5-Locale-libintl/work/stage/usr/local/lib/perl5/site_perl/Locale/RecodeData/MACARABIC.pm
Installing /wrkdirs/usr/ports/devel/p5-Locale-libintl/work/stage/usr/local/lib/perl5/site_perl/Locale/RecodeData/ISO_8859_5.pm
Installing /wrkdirs/usr/ports/devel/p5-Locale-libintl/work/stage/usr/local/lib/perl5/site_perl/Locale/RecodeData/ISO_8859_3.pm
Installing /wrkdirs/usr/ports/devel/p5-Locale-libintl/work/stage/usr/local/lib/perl5/site_perl/Locale/RecodeData/ISO_8859_16.pm
Installing /wrkdirs/usr/ports/devel/p5-Locale-libintl/work/stage/usr/local/lib/perl5/site_perl/Locale/RecodeData/MAC_IS.pm
Installing /wrkdirs/usr/ports/devel/p5-Locale-libintl/work/stage/usr/local/lib/perl5/site_perl/Locale/RecodeData/ISO_8859_10.pm
Installing /wrkdirs/usr/ports/devel/p5-Locale-libintl/work/stage/usr/local/lib/perl5/site_perl/Locale/RecodeData/IBM857.pm
Installing /wrkdirs/usr/ports/devel/p5-Locale-libintl/work/stage/usr/local/lib/perl5/site_perl/Locale/RecodeData/MACINTOSH.pm
Installing /wrkdirs/usr/ports/devel/p5-Locale-libintl/work/stage/usr/local/lib/perl5/site_perl/Locale/RecodeData/SAMI_WS2.pm
Installing /wrkdirs/usr/ports/devel/p5-Locale-libintl/work/stage/usr/local/lib/perl5/site_perl/Locale/RecodeData/IBM278.pm
Installing /wrkdirs/usr/ports/devel/p5-Locale-libintl/work/stage/usr/local/lib/perl5/site_perl/Locale/RecodeData/GREEK7.pm
Installing /wrkdirs/usr/ports/devel/p5-Locale-libintl/work/stage/usr/local/lib/perl5/site_perl/Locale/RecodeData/ISO_5427.pm
Installing /wrkdirs/usr/ports/devel/p5-Locale-libintl/work/stage/usr/local/lib/perl5/site_perl/Locale/RecodeData/MACGREEK.pm
Installing /wrkdirs/usr/ports/devel/p5-Locale-libintl/work/stage/usr/local/lib/perl5/site_perl/Locale/RecodeData/EBCDIC_ES_A.pm
Installing /wrkdirs/usr/ports/devel/p5-Locale-libintl/work/stage/usr/local/lib/perl5/site_perl/Locale/RecodeData/KOI8_RU.pm
Installing /wrkdirs/usr/ports/devel/p5-Locale-libintl/work/stage/usr/local/lib/perl5/site_perl/Locale/RecodeData/IEC_P27_1.pm
Installing /wrkdirs/usr/ports/devel/p5-Locale-libintl/work/stage/usr/local/lib/perl5/site_perl/Locale/RecodeData/TIS_620.pm
Installing /wrkdirs/usr/ports/devel/p5-Locale-libintl/work/stage/usr/local/lib/perl5/site_perl/Locale/RecodeData/ISO_8859_13.pm
Installing /wrkdirs/usr/ports/devel/p5-Locale-libintl/work/stage/usr/local/lib/perl5/site_perl/Locale/RecodeData/IBM281.pm
Installing /wrkdirs/usr/ports/devel/p5-Locale-libintl/work/stage/usr/local/lib/perl5/site_perl/Locale/RecodeData/MACTURKISH.pm
Installing /wrkdirs/usr/ports/devel/p5-Locale-libintl/work/stage/usr/local/lib/perl5/site_perl/Locale/RecodeData/CWI.pm
Installing /wrkdirs/usr/ports/devel/p5-Locale-libintl/work/stage/usr/local/lib/perl5/site_perl/Locale/RecodeData/MAC_SAMI.pm
Installing /wrkdirs/usr/ports/devel/p5-Locale-libintl/work/stage/usr/local/lib/perl5/site_perl/Locale/RecodeData/IBM918.pm
Installing /wrkdirs/usr/ports/devel/p5-Locale-libintl/work/stage/usr/local/lib/perl5/site_perl/Locale/RecodeData/ISO_8859_8.pm
Installing /wrkdirs/usr/ports/devel/p5-Locale-libintl/work/stage/usr/local/lib/perl5/site_perl/Locale/RecodeData/CP1254.pm
Installing /wrkdirs/usr/ports/devel/p5-Locale-libintl/work/stage/usr/local/lib/perl5/site_perl/Locale/RecodeData/EBCDIC_ES_S.pm
Installing /wrkdirs/usr/ports/devel/p5-Locale-libintl/work/stage/usr/local/lib/perl5/site_perl/Locale/RecodeData/EBCDIC_FI_SE.pm
Installing /wrkdirs/usr/ports/devel/p5-Locale-libintl/work/stage/usr/local/lib/perl5/site_perl/Locale/RecodeData/ISO_2033_1983.pm
Installing /wrkdirs/usr/ports/devel/p5-Locale-libintl/work/stage/usr/local/lib/perl5/site_perl/Locale/RecodeData/ISO_5427_EXT.pm
Installing /wrkdirs/usr/ports/devel/p5-Locale-libintl/work/stage/usr/local/lib/perl5/site_perl/Locale/RecodeData/DEC_MCS.pm
Installing /wrkdirs/usr/ports/devel/p5-Locale-libintl/work/stage/usr/local/lib/perl5/site_perl/Locale/RecodeData/ISO_8859_15.pm
Installing /wrkdirs/usr/ports/devel/p5-Locale-libintl/work/stage/usr/local/lib/perl5/site_perl/Locale/RecodeData/CP1257.pm
Installing /wrkdirs/usr/ports/devel/p5-Locale-libintl/work/stage/usr/local/lib/perl5/site_perl/Locale/RecodeData/MAC_UK.pm
Installing /wrkdirs/usr/ports/devel/p5-Locale-libintl/work/stage/usr/local/lib/perl5/site_perl/Locale/RecodeData/GEORGIAN_PS.pm
Installing /wrkdirs/usr/ports/devel/p5-Locale-libintl/work/stage/usr/local/lib/perl5/site_perl/Locale/RecodeData/ATARI_ST.pm
Installing /wrkdirs/usr/ports/devel/p5-Locale-libintl/work/stage/usr/local/lib/perl5/site_perl/Locale/RecodeData/CP1251.pm
Installing /wrkdirs/usr/ports/devel/p5-Locale-libintl/work/stage/usr/local/lib/perl5/site_perl/Locale/RecodeData/INIS_CYRILLIC.pm
Installing /wrkdirs/usr/ports/devel/p5-Locale-libintl/work/stage/usr/local/lib/perl5/site_perl/Locale/RecodeData/IBM256.pm
Installing /wrkdirs/usr/ports/devel/p5-Locale-libintl/work/stage/usr/local/lib/perl5/site_perl/Locale/RecodeData/MACCROATIAN.pm
Installing /wrkdirs/usr/ports/devel/p5-Locale-libintl/work/stage/usr/local/lib/perl5/site_perl/Locale/RecodeData/IBM870.pm
Installing /wrkdirs/usr/ports/devel/p5-Locale-libintl/work/stage/usr/local/lib/perl5/site_perl/Locale/RecodeData/IBM275.pm
Installing /wrkdirs/usr/ports/devel/p5-Locale-libintl/work/stage/usr/local/lib/perl5/site_perl/Locale/RecodeData/IBM864.pm
Installing /wrkdirs/usr/ports/devel/p5-Locale-libintl/work/stage/usr/local/lib/perl5/site_perl/Locale/RecodeData/IBM905.pm
Installing /wrkdirs/usr/ports/devel/p5-Locale-libintl/work/stage/usr/local/lib/perl5/site_perl/Locale/RecodeData/MACUKRAINE.pm
Installing /wrkdirs/usr/ports/devel/p5-Locale-libintl/work/stage/usr/local/lib/perl5/site_perl/Locale/RecodeData/INIS.pm
Installing /wrkdirs/usr/ports/devel/p5-Locale-libintl/work/stage/usr/local/lib/perl5/site_perl/Locale/RecodeData/IBM862.pm
Installing /wrkdirs/usr/ports/devel/p5-Locale-libintl/work/stage/usr/local/lib/perl5/site_perl/Locale/RecodeData/IBM284.pm
Installing /wrkdirs/usr/ports/devel/p5-Locale-libintl/work/stage/usr/local/lib/perl5/site_perl/Locale/RecodeData/ISO_8859_7.pm
Installing /wrkdirs/usr/ports/devel/p5-Locale-libintl/work/stage/usr/local/lib/perl5/site_perl/Locale/RecodeData/IBM424.pm
Installing /wrkdirs/usr/ports/devel/p5-Locale-libintl/work/stage/usr/local/lib/perl5/site_perl/Locale/RecodeData/KOI_8.pm
Installing /wrkdirs/usr/ports/devel/p5-Locale-libintl/work/stage/usr/local/lib/perl5/site_perl/Locale/RecodeData/IBM1047.pm
Installing /wrkdirs/usr/ports/devel/p5-Locale-libintl/work/stage/usr/local/lib/perl5/site_perl/Locale/RecodeData/ISO_8859_14.pm
Installing /wrkdirs/usr/ports/devel/p5-Locale-libintl/work/stage/usr/local/lib/perl5/site_perl/Locale/RecodeData/MACTHAI.pm
Installing /wrkdirs/usr/ports/devel/p5-Locale-libintl/work/stage/usr/local/lib/perl5/site_perl/Locale/RecodeData/ISO_8859_11.pm
Installing /wrkdirs/usr/ports/devel/p5-Locale-libintl/work/stage/usr/local/lib/perl5/site_perl/Locale/RecodeData/IBM285.pm
Installing /wrkdirs/usr/ports/devel/p5-Locale-libintl/work/stage/usr/local/lib/perl5/site_perl/Locale/Recode/_Aliases.pm
Installing /wrkdirs/usr/ports/devel/p5-Locale-libintl/work/stage/usr/local/lib/perl5/site_perl/Locale/Recode/_Conversions.pm
Installing /wrkdirs/usr/ports/devel/p5-Locale-libintl/work/stage/usr/local/lib/perl5/site_perl/man/man3/Locale::RecodeData::ASMO_449.3
Installing /wrkdirs/usr/ports/devel/p5-Locale-libintl/work/stage/usr/local/lib/perl5/site_perl/man/man3/Locale::RecodeData::GREEK7.3
Installing /wrkdirs/usr/ports/devel/p5-Locale-libintl/work/stage/usr/local/lib/perl5/site_perl/man/man3/Locale::RecodeData::IBM274.3
Installing /wrkdirs/usr/ports/devel/p5-Locale-libintl/work/stage/usr/local/lib/perl5/site_perl/man/man3/Locale::RecodeData::IBM278.3
Installing /wrkdirs/usr/ports/devel/p5-Locale-libintl/work/stage/usr/local/lib/perl5/site_perl/man/man3/Locale::RecodeData::MACUKRAINE.3
Installing /wrkdirs/usr/ports/devel/p5-Locale-libintl/work/stage/usr/local/lib/perl5/site_perl/man/man3/Locale::RecodeData::IBM273.3
Installing /wrkdirs/usr/ports/devel/p5-Locale-libintl/work/stage/usr/local/lib/perl5/site_perl/man/man3/Locale::RecodeData::ISO_5427_EXT.3
Installing /wrkdirs/usr/ports/devel/p5-Locale-libintl/work/stage/usr/local/lib/perl5/site_perl/man/man3/Locale::gettext_pp.3
Installing /wrkdirs/usr/ports/devel/p5-Locale-libintl/work/stage/usr/local/lib/perl5/site_perl/man/man3/Locale::RecodeData::EBCDIC_FI_SE_A.3
Installing /wrkdirs/usr/ports/devel/p5-Locale-libintl/work/stage/usr/local/lib/perl5/site_perl/man/man3/Locale::RecodeData::EBCDIC_UK.3
Installing /wrkdirs/usr/ports/devel/p5-Locale-libintl/work/stage/usr/local/lib/perl5/site_perl/man/man3/Locale::RecodeData::KOI8_U.3
Installing /wrkdirs/usr/ports/devel/p5-Locale-libintl/work/stage/usr/local/lib/perl5/site_perl/man/man3/Locale::RecodeData::MACICELAND.3
Installing /wrkdirs/usr/ports/devel/p5-Locale-libintl/work/stage/usr/local/lib/perl5/site_perl/man/man3/Locale::RecodeData::IBM880.3
Installing /wrkdirs/usr/ports/devel/p5-Locale-libintl/work/stage/usr/local/lib/perl5/site_perl/man/man3/Locale::RecodeData::EBCDIC_AT_DE.3
Installing /wrkdirs/usr/ports/devel/p5-Locale-libintl/work/stage/usr/local/lib/perl5/site_perl/man/man3/Locale::Recode.3
Installing /wrkdirs/usr/ports/devel/p5-Locale-libintl/work/stage/usr/local/lib/perl5/site_perl/man/man3/Locale::RecodeData::INIS.3
Installing /wrkdirs/usr/ports/devel/p5-Locale-libintl/work/stage/usr/local/lib/perl5/site_perl/man/man3/Locale::RecodeData::MACGREEK.3
Installing /wrkdirs/usr/ports/devel/p5-Locale-libintl/work/stage/usr/local/lib/perl5/site_perl/man/man3/Locale::RecodeData::GEORGIAN_PS.3
Installing /wrkdirs/usr/ports/devel/p5-Locale-libintl/work/stage/usr/local/lib/perl5/site_perl/man/man3/Locale::RecodeData::IBM420.3
Installing /wrkdirs/usr/ports/devel/p5-Locale-libintl/work/stage/usr/local/lib/perl5/site_perl/man/man3/Locale::RecodeData::EBCDIC_DK_NO.3
Installing /wrkdirs/usr/ports/devel/p5-Locale-libintl/work/stage/usr/local/lib/perl5/site_perl/man/man3/Locale::Messages.3
Installing /wrkdirs/usr/ports/devel/p5-Locale-libintl/work/stage/usr/local/lib/perl5/site_perl/man/man3/Locale::RecodeData::MAC_SAMI.3
Installing /wrkdirs/usr/ports/devel/p5-Locale-libintl/work/stage/usr/local/lib/perl5/site_perl/man/man3/Locale::Util.3
Installing /wrkdirs/usr/ports/devel/p5-Locale-libintl/work/stage/usr/local/lib/perl5/site_perl/man/man3/Locale::RecodeData::IBM918.3
Installing /wrkdirs/usr/ports/devel/p5-Locale-libintl/work/stage/usr/local/lib/perl5/site_perl/man/man3/Locale::RecodeData::IBM285.3
Installing /wrkdirs/usr/ports/devel/p5-Locale-libintl/work/stage/usr/local/lib/perl5/site_perl/man/man3/Locale::RecodeData::MACTURKISH.3
Installing /wrkdirs/usr/ports/devel/p5-Locale-libintl/work/stage/usr/local/lib/perl5/site_perl/man/man3/Locale::RecodeData::MACCROATIAN.3
Installing /wrkdirs/usr/ports/devel/p5-Locale-libintl/work/stage/usr/local/lib/perl5/site_perl/man/man3/Locale::RecodeData::CWI.3
Installing /wrkdirs/usr/ports/devel/p5-Locale-libintl/work/stage/usr/local/lib/perl5/site_perl/man/man3/Locale::Recode::_Aliases.3
Installing /wrkdirs/usr/ports/devel/p5-Locale-libintl/work/stage/usr/local/lib/perl5/site_perl/man/man3/Locale::RecodeData::IBM874.3
Installing /wrkdirs/usr/ports/devel/p5-Locale-libintl/work/stage/usr/local/lib/perl5/site_perl/man/man3/Locale::RecodeData::IBM280.3
Installing /wrkdirs/usr/ports/devel/p5-Locale-libintl/work/stage/usr/local/lib/perl5/site_perl/man/man3/Locale::RecodeData::CP1252.3
Installing /wrkdirs/usr/ports/devel/p5-Locale-libintl/work/stage/usr/local/lib/perl5/site_perl/man/man3/Locale::RecodeData::CP1250.3
Installing /wrkdirs/usr/ports/devel/p5-Locale-libintl/work/stage/usr/local/lib/perl5/site_perl/man/man3/Locale::RecodeData::CP1256.3
Installing /wrkdirs/usr/ports/devel/p5-Locale-libintl/work/stage/usr/local/lib/perl5/site_perl/man/man3/Locale::RecodeData::INIS_CYRILLIC.3
Installing /wrkdirs/usr/ports/devel/p5-Locale-libintl/work/stage/usr/local/lib/perl5/site_perl/man/man3/Locale::RecodeData::ISO_2033_1983.3
Installing /wrkdirs/usr/ports/devel/p5-Locale-libintl/work/stage/usr/local/lib/perl5/site_perl/man/man3/Locale::RecodeData::IBM500.3
Installing /wrkdirs/usr/ports/devel/p5-Locale-libintl/work/stage/usr/local/lib/perl5/site_perl/man/man3/Locale::RecodeData::ISO_8859_8.3
Installing /wrkdirs/usr/ports/devel/p5-Locale-libintl/work/stage/usr/local/lib/perl5/site_perl/man/man3/Locale::RecodeData::ISO_8859_4.3
Installing /wrkdirs/usr/ports/devel/p5-Locale-libintl/work/stage/usr/local/lib/perl5/site_perl/man/man3/Locale::RecodeData::ISO_8859_6.3
Installing /wrkdirs/usr/ports/devel/p5-Locale-libintl/work/stage/usr/local/lib/perl5/site_perl/man/man3/Locale::RecodeData::NATS_SEFI.3
Installing /wrkdirs/usr/ports/devel/p5-Locale-libintl/work/stage/usr/local/lib/perl5/site_perl/man/man3/Locale::RecodeData::ISO_5428.3
Installing /wrkdirs/usr/ports/devel/p5-Locale-libintl/work/stage/usr/local/lib/perl5/site_perl/man/man3/Locale::RecodeData::EBCDIC_ES_A.3
Installing /wrkdirs/usr/ports/devel/p5-Locale-libintl/work/stage/usr/local/lib/perl5/site_perl/man/man3/Locale::RecodeData::HP_ROMAN8.3
Installing /wrkdirs/usr/ports/devel/p5-Locale-libintl/work/stage/usr/local/lib/perl5/site_perl/man/man3/Locale::RecodeData::EBCDIC_ES_S.3
Installing /wrkdirs/usr/ports/devel/p5-Locale-libintl/work/stage/usr/local/lib/perl5/site_perl/man/man3/Locale::RecodeData::ISO_8859_1.3
Installing /wrkdirs/usr/ports/devel/p5-Locale-libintl/work/stage/usr/local/lib/perl5/site_perl/man/man3/Locale::RecodeData::IBM852.3
Installing /wrkdirs/usr/ports/devel/p5-Locale-libintl/work/stage/usr/local/lib/perl5/site_perl/man/man3/Locale::RecodeData::IBM037.3
Installing /wrkdirs/usr/ports/devel/p5-Locale-libintl/work/stage/usr/local/lib/perl5/site_perl/man/man3/Locale::RecodeData::GEORGIAN_ACADEMY.3
Installing /wrkdirs/usr/ports/devel/p5-Locale-libintl/work/stage/usr/local/lib/perl5/site_perl/man/man3/Locale::RecodeData::IBM855.3
Installing /wrkdirs/usr/ports/devel/p5-Locale-libintl/work/stage/usr/local/lib/perl5/site_perl/man/man3/Locale::RecodeData::IBM857.3
Installing /wrkdirs/usr/ports/devel/p5-Locale-libintl/work/stage/usr/local/lib/perl5/site_perl/man/man3/Locale::RecodeData::IBM851.3
Installing /wrkdirs/usr/ports/devel/p5-Locale-libintl/work/stage/usr/local/lib/perl5/site_perl/man/man3/Locale::RecodeData::ISO_8859_10.3
Installing /wrkdirs/usr/ports/devel/p5-Locale-libintl/work/stage/usr/local/lib/perl5/site_perl/man/man3/Locale::RecodeData::ISO_8859_15.3
Installing /wrkdirs/usr/ports/devel/p5-Locale-libintl/work/stage/usr/local/lib/perl5/site_perl/man/man3/Locale::RecodeData::ISO_8859_13.3
Installing /wrkdirs/usr/ports/devel/p5-Locale-libintl/work/stage/usr/local/lib/perl5/site_perl/man/man3/Locale::RecodeData::ECMA_CYRILLIC.3
Installing /wrkdirs/usr/ports/devel/p5-Locale-libintl/work/stage/usr/local/lib/perl5/site_perl/man/man3/Locale::RecodeData::EBCDIC_IS_FRISS.3
Installing /wrkdirs/usr/ports/devel/p5-Locale-libintl/work/stage/usr/local/lib/perl5/site_perl/man/man3/Locale::RecodeData::GREEK_CCITT.3
Installing /wrkdirs/usr/ports/devel/p5-Locale-libintl/work/stage/usr/local/lib/perl5/site_perl/man/man3/Locale::RecodeData::IBM869.3
Installing /wrkdirs/usr/ports/devel/p5-Locale-libintl/work/stage/usr/local/lib/perl5/site_perl/man/man3/Locale::RecodeData::IBM861.3
Installing /wrkdirs/usr/ports/devel/p5-Locale-libintl/work/stage/usr/local/lib/perl5/site_perl/man/man3/Locale::RecodeData::IBM863.3
Installing /wrkdirs/usr/ports/devel/p5-Locale-libintl/work/stage/usr/local/lib/perl5/site_perl/man/man3/Locale::RecodeData::IBM256.3
Installing /wrkdirs/usr/ports/devel/p5-Locale-libintl/work/stage/usr/local/lib/perl5/site_perl/man/man3/Locale::RecodeData::IEC_P27_1.3
Installing /wrkdirs/usr/ports/devel/p5-Locale-libintl/work/stage/usr/local/lib/perl5/site_perl/man/man3/Locale::RecodeData::MACTHAI.3
Installing /wrkdirs/usr/ports/devel/p5-Locale-libintl/work/stage/usr/local/lib/perl5/site_perl/man/man3/Locale::RecodeData::GREEK7_OLD.3
Installing /wrkdirs/usr/ports/devel/p5-Locale-libintl/work/stage/usr/local/lib/perl5/site_perl/man/man3/Locale::RecodeData::IBM864.3
Installing /wrkdirs/usr/ports/devel/p5-Locale-libintl/work/stage/usr/local/lib/perl5/site_perl/man/man3/Locale::RecodeData::ATARI_ST_EURO.3
Installing /wrkdirs/usr/ports/devel/p5-Locale-libintl/work/stage/usr/local/lib/perl5/site_perl/man/man3/Locale::RecodeData::EBCDIC_FR.3
Installing /wrkdirs/usr/ports/devel/p5-Locale-libintl/work/stage/usr/local/lib/perl5/site_perl/man/man3/Locale::TextDomain.3
Installing /wrkdirs/usr/ports/devel/p5-Locale-libintl/work/stage/usr/local/lib/perl5/site_perl/man/man3/Locale::RecodeData::IBM905.3
Installing /wrkdirs/usr/ports/devel/p5-Locale-libintl/work/stage/usr/local/lib/perl5/site_perl/man/man3/Locale::RecodeData::MACINTOSH.3
Installing /wrkdirs/usr/ports/devel/p5-Locale-libintl/work/stage/usr/local/lib/perl5/site_perl/man/man3/Locale::RecodeData::IBM290.3
Installing /wrkdirs/usr/ports/devel/p5-Locale-libintl/work/stage/usr/local/lib/perl5/site_perl/man/man3/Locale::RecodeData.3
Installing /wrkdirs/usr/ports/devel/p5-Locale-libintl/work/stage/usr/local/lib/perl5/site_perl/man/man3/Locale::RecodeData::TIS_620.3
Installing /wrkdirs/usr/ports/devel/p5-Locale-libintl/work/stage/usr/local/lib/perl5/site_perl/man/man3/Locale::RecodeData::IBM297.3
Installing /wrkdirs/usr/ports/devel/p5-Locale-libintl/work/stage/usr/local/lib/perl5/site_perl/man/man3/Locale::RecodeData::IBM275.3
Installing /wrkdirs/usr/ports/devel/p5-Locale-libintl/work/stage/usr/local/lib/perl5/site_perl/man/man3/Locale::RecodeData::IBM277.3
Installing /wrkdirs/usr/ports/devel/p5-Locale-libintl/work/stage/usr/local/lib/perl5/site_perl/man/man3/Locale::Recode::_Conversions.3
Installing /wrkdirs/usr/ports/devel/p5-Locale-libintl/work/stage/usr/local/lib/perl5/site_perl/man/man3/Locale::RecodeData::IBM1026.3
Installing /wrkdirs/usr/ports/devel/p5-Locale-libintl/work/stage/usr/local/lib/perl5/site_perl/man/man3/Locale::RecodeData::MACHEBREW.3
Installing /wrkdirs/usr/ports/devel/p5-Locale-libintl/work/stage/usr/local/lib/perl5/site_perl/man/man3/Locale::RecodeData::EBCDIC_US.3
Installing /wrkdirs/usr/ports/devel/p5-Locale-libintl/work/stage/usr/local/lib/perl5/site_perl/man/man3/Locale::RecodeData::MACARABIC.3
Installing /wrkdirs/usr/ports/devel/p5-Locale-libintl/work/stage/usr/local/lib/perl5/site_perl/man/man3/Locale::RecodeData::UTF_8.3
Installing /wrkdirs/usr/ports/devel/p5-Locale-libintl/work/stage/usr/local/lib/perl5/site_perl/man/man3/Locale::RecodeData::EBCDIC_PT.3
Installing /wrkdirs/usr/ports/devel/p5-Locale-libintl/work/stage/usr/local/lib/perl5/site_perl/man/man3/Locale::RecodeData::MAC_IS.3
Installing /wrkdirs/usr/ports/devel/p5-Locale-libintl/work/stage/usr/local/lib/perl5/site_perl/man/man3/Locale::RecodeData::INIS_8.3
Installing /wrkdirs/usr/ports/devel/p5-Locale-libintl/work/stage/usr/local/lib/perl5/site_perl/man/man3/Locale::RecodeData::EBCDIC_AT_DE_A.3
Installing /wrkdirs/usr/ports/devel/p5-Locale-libintl/work/stage/usr/local/lib/perl5/site_perl/man/man3/Locale::RecodeData::EBCDIC_CA_FR.3
Installing /wrkdirs/usr/ports/devel/p5-Locale-libintl/work/stage/usr/local/lib/perl5/site_perl/man/man3/Locale::RecodeData::KOI8_R.3
Installing /wrkdirs/usr/ports/devel/p5-Locale-libintl/work/stage/usr/local/lib/perl5/site_perl/man/man3/Locale::RecodeData::IBM423.3
Installing /wrkdirs/usr/ports/devel/p5-Locale-libintl/work/stage/usr/local/lib/perl5/site_perl/man/man3/Locale::RecodeData::KOI8_T.3
Installing /wrkdirs/usr/ports/devel/p5-Locale-libintl/work/stage/usr/local/lib/perl5/site_perl/man/man3/Locale::RecodeData::LATIN_GREEK_1.3
Installing /wrkdirs/usr/ports/devel/p5-Locale-libintl/work/stage/usr/local/lib/perl5/site_perl/man/man3/Locale::gettext_xs.3
Installing /wrkdirs/usr/ports/devel/p5-Locale-libintl/work/stage/usr/local/lib/perl5/site_perl/man/man3/Locale::RecodeData::ATARI_ST.3
Installing /wrkdirs/usr/ports/devel/p5-Locale-libintl/work/stage/usr/local/lib/perl5/site_perl/man/man3/Locale::RecodeData::IBM424.3
Installing /wrkdirs/usr/ports/devel/p5-Locale-libintl/work/stage/usr/local/lib/perl5/site_perl/man/man3/Locale::RecodeData::_Encode.3
Installing /wrkdirs/usr/ports/devel/p5-Locale-libintl/work/stage/usr/local/lib/perl5/site_perl/man/man3/Locale::RecodeData::IBM1004.3
Installing /wrkdirs/usr/ports/devel/p5-Locale-libintl/work/stage/usr/local/lib/perl5/site_perl/man/man3/Locale::RecodeData::IBM281.3
Installing /wrkdirs/usr/ports/devel/p5-Locale-libintl/work/stage/usr/local/lib/perl5/site_perl/man/man3/Locale::RecodeData::EBCDIC_FI_SE.3
Installing /wrkdirs/usr/ports/devel/p5-Locale-libintl/work/stage/usr/local/lib/perl5/site_perl/man/man3/Locale::RecodeData::NEXTSTEP.3
Installing /wrkdirs/usr/ports/devel/p5-Locale-libintl/work/stage/usr/local/lib/perl5/site_perl/man/man3/Locale::RecodeData::EBCDIC_DK_NO_A.3
Installing /wrkdirs/usr/ports/devel/p5-Locale-libintl/work/stage/usr/local/lib/perl5/site_perl/man/man3/Locale::RecodeData::IBM870.3
Installing /wrkdirs/usr/ports/devel/p5-Locale-libintl/work/stage/usr/local/lib/perl5/site_perl/man/man3/Locale::RecodeData::IBM284.3
Installing /wrkdirs/usr/ports/devel/p5-Locale-libintl/work/stage/usr/local/lib/perl5/site_perl/man/man3/Locale::RecodeData::CP1254.3
Installing /wrkdirs/usr/ports/devel/p5-Locale-libintl/work/stage/usr/local/lib/perl5/site_perl/man/man3/Locale::RecodeData::EBCDIC_IT.3
Installing /wrkdirs/usr/ports/devel/p5-Locale-libintl/work/stage/usr/local/lib/perl5/site_perl/man/man3/Locale::RecodeData::ISO_10367_BOX.3
Installing /wrkdirs/usr/ports/devel/p5-Locale-libintl/work/stage/usr/local/lib/perl5/site_perl/man/man3/Locale::RecodeData::IBM871.3
Installing /wrkdirs/usr/ports/devel/p5-Locale-libintl/work/stage/usr/local/lib/perl5/site_perl/man/man3/Locale::RecodeData::KOI8_RU.3
Installing /wrkdirs/usr/ports/devel/p5-Locale-libintl/work/stage/usr/local/lib/perl5/site_perl/man/man3/Locale::RecodeData::IBM875.3
Installing /wrkdirs/usr/ports/devel/p5-Locale-libintl/work/stage/usr/local/lib/perl5/site_perl/man/man3/Locale::RecodeData::CP1253.3
Installing /wrkdirs/usr/ports/devel/p5-Locale-libintl/work/stage/usr/local/lib/perl5/site_perl/man/man3/Locale::RecodeData::CP1251.3
Installing /wrkdirs/usr/ports/devel/p5-Locale-libintl/work/stage/usr/local/lib/perl5/site_perl/man/man3/Locale::RecodeData::CP1257.3
Installing /wrkdirs/usr/ports/devel/p5-Locale-libintl/work/stage/usr/local/lib/perl5/site_perl/man/man3/Locale::RecodeData::ISO_8859_2.3
Installing /wrkdirs/usr/ports/devel/p5-Locale-libintl/work/stage/usr/local/lib/perl5/site_perl/man/man3/Locale::RecodeData::IBM038.3
Installing /wrkdirs/usr/ports/devel/p5-Locale-libintl/work/stage/usr/local/lib/perl5/site_perl/man/man3/Locale::RecodeData::US_ASCII.3
Installing /wrkdirs/usr/ports/devel/p5-Locale-libintl/work/stage/usr/local/lib/perl5/site_perl/man/man3/Locale::RecodeData::ISO_8859_9.3
Installing /wrkdirs/usr/ports/devel/p5-Locale-libintl/work/stage/usr/local/lib/perl5/site_perl/man/man3/Locale::RecodeData::ISO_8859_3.3
Installing /wrkdirs/usr/ports/devel/p5-Locale-libintl/work/stage/usr/local/lib/perl5/site_perl/man/man3/Locale::RecodeData::ISO_8859_5.3
Installing /wrkdirs/usr/ports/devel/p5-Locale-libintl/work/stage/usr/local/lib/perl5/site_perl/man/man3/Locale::RecodeData::ISO_8859_7.3
Installing /wrkdirs/usr/ports/devel/p5-Locale-libintl/work/stage/usr/local/lib/perl5/site_perl/man/man3/Locale::RecodeData::IBM850.3
Installing /wrkdirs/usr/ports/devel/p5-Locale-libintl/work/stage/usr/local/lib/perl5/site_perl/man/man3/Locale::RecodeData::NATS_DANO.3
Installing /wrkdirs/usr/ports/devel/p5-Locale-libintl/work/stage/usr/local/lib/perl5/site_perl/man/man3/Locale::RecodeData::MAC_UK.3
Installing /wrkdirs/usr/ports/devel/p5-Locale-libintl/work/stage/usr/local/lib/perl5/site_perl/man/man3/Locale::RecodeData::ISO_5427.3
Installing /wrkdirs/usr/ports/devel/p5-Locale-libintl/work/stage/usr/local/lib/perl5/site_perl/man/man3/Locale::RecodeData::SAMI_WS2.3
Installing /wrkdirs/usr/ports/devel/p5-Locale-libintl/work/stage/usr/local/lib/perl5/site_perl/man/man3/Locale::RecodeData::KOI_8.3
Installing /wrkdirs/usr/ports/devel/p5-Locale-libintl/work/stage/usr/local/lib/perl5/site_perl/man/man3/Locale::RecodeData::LATIN_GREEK.3
Installing /wrkdirs/usr/ports/devel/p5-Locale-libintl/work/stage/usr/local/lib/perl5/site_perl/man/man3/Locale::RecodeData::CP10007.3
Installing /wrkdirs/usr/ports/devel/p5-Locale-libintl/work/stage/usr/local/lib/perl5/site_perl/man/man3/Locale::gettext_dumb.3
Installing /wrkdirs/usr/ports/devel/p5-Locale-libintl/work/stage/usr/local/lib/perl5/site_perl/man/man3/Locale::RecodeData::MACROMANIA.3
Installing /wrkdirs/usr/ports/devel/p5-Locale-libintl/work/stage/usr/local/lib/perl5/site_perl/man/man3/Locale::RecodeData::GOST_19768_74.3
Installing /wrkdirs/usr/ports/devel/p5-Locale-libintl/work/stage/usr/local/lib/perl5/site_perl/man/man3/Locale::RecodeData::ISO_8859_16.3
Installing /wrkdirs/usr/ports/devel/p5-Locale-libintl/work/stage/usr/local/lib/perl5/site_perl/man/man3/Locale::RecodeData::ISO_8859_14.3
Installing /wrkdirs/usr/ports/devel/p5-Locale-libintl/work/stage/usr/local/lib/perl5/site_perl/man/man3/Locale::RecodeData::EBCDIC_ES.3
Installing /wrkdirs/usr/ports/devel/p5-Locale-libintl/work/stage/usr/local/lib/perl5/site_perl/man/man3/Locale::RecodeData::ISO_8859_11.3
Installing /wrkdirs/usr/ports/devel/p5-Locale-libintl/work/stage/usr/local/lib/perl5/site_perl/man/man3/Locale::RecodeData::VISCII.3
Installing /wrkdirs/usr/ports/devel/p5-Locale-libintl/work/stage/usr/local/lib/perl5/site_perl/man/man3/Locale::RecodeData::MACCYRILLIC.3
Installing /wrkdirs/usr/ports/devel/p5-Locale-libintl/work/stage/usr/local/lib/perl5/site_perl/man/man3/Locale::RecodeData::IBM865.3
Installing /wrkdirs/usr/ports/devel/p5-Locale-libintl/work/stage/usr/local/lib/perl5/site_perl/man/man3/Locale::RecodeData::DEC_MCS.3
Installing /wrkdirs/usr/ports/devel/p5-Locale-libintl/work/stage/usr/local/lib/perl5/site_perl/man/man3/Locale::RecodeData::IBM891.3
Installing /wrkdirs/usr/ports/devel/p5-Locale-libintl/work/stage/usr/local/lib/perl5/site_perl/man/man3/Locale::RecodeData::IBM437.3
Installing /wrkdirs/usr/ports/devel/p5-Locale-libintl/work/stage/usr/local/lib/perl5/site_perl/man/man3/Locale::RecodeData::IBM904.3
Installing /wrkdirs/usr/ports/devel/p5-Locale-libintl/work/stage/usr/local/lib/perl5/site_perl/man/man3/Locale::RecodeData::IBM868.3
Installing /wrkdirs/usr/ports/devel/p5-Locale-libintl/work/stage/usr/local/lib/perl5/site_perl/man/man3/Locale::RecodeData::IBM866.3
Installing /wrkdirs/usr/ports/devel/p5-Locale-libintl/work/stage/usr/local/lib/perl5/site_perl/man/man3/Locale::RecodeData::IBM860.3
Installing /wrkdirs/usr/ports/devel/p5-Locale-libintl/work/stage/usr/local/lib/perl5/site_perl/man/man3/Locale::RecodeData::IBM862.3
Installing /wrkdirs/usr/ports/devel/p5-Locale-libintl/work/stage/usr/local/lib/perl5/site_perl/man/man3/Locale::libintlFAQ.3
Installing /wrkdirs/usr/ports/devel/p5-Locale-libintl/work/stage/usr/local/lib/perl5/site_perl/man/man3/Locale::RecodeData::IBM1047.3
Installing /wrkdirs/usr/ports/devel/p5-Locale-libintl/work/stage/usr/local/lib/perl5/site_perl/man/man3/Locale::RecodeData::CSN_369103.3
Installing /wrkdirs/usr/ports/devel/p5-Locale-libintl/work/stage/usr/local/lib/perl5/site_perl/man/man3/Locale::RecodeData::IBM903.3
/usr/bin/strip /wrkdirs/usr/ports/devel/p5-Locale-libintl/work/stage/usr/local/lib/perl5/site_perl/mach/5.36/auto/Locale/gettext_xs/gettext_xs.so
====> Compressing man pages (compress-man)
===========================================================================
=======================<phase: package        >============================
===== env: 'PKG_NOTES=build_timestamp ports_top_git_hash ports_top_checkout_unclean port_git_hash port_checkout_unclean built_by' 'PKG_NOTE_build_timestamp=2024-03-12T17:55:35+0000' 'PKG_NOTE_ports_top_git_hash=834779860' 'PKG_NOTE_ports_top_checkout_unclean=no' 'PKG_NOTE_port_git_hash=834779860' 'PKG_NOTE_port_checkout_unclean=no' 'PKG_NOTE_built_by=poudriere-git-3.4.1_1' NO_DEPENDS=yes USER=root UID=0 GID=0
===>  Building packages for p5-Locale-libintl-1.33
===>   Building p5-Locale-libintl-1.33
===========================================================================
=>> Cleaning up wrkdir
===>  Cleaning for p5-Locale-libintl-1.33
build of devel/p5-Locale-libintl | p5-Locale-libintl-1.33 ended at Tue Mar 12 13:55:38 EDT 2024
build time: 00:00:04
