=>> Building devel/autoconf-switch
build started at Fri Apr 12 22:59:36 EDT 2024
port directory: /usr/ports/devel/autoconf-switch
package name: autoconf-switch-20220527
building for: FreeBSD 140-rel-default-job-02 14.0-RELEASE-p6 FreeBSD 14.0-RELEASE-p6 amd64
maintained by: tijl@FreeBSD.org
Makefile datestamp: -rw-r--r--  1 root wheel 517 Apr 13 02:10 /usr/ports/devel/autoconf-switch/Makefile
Ports top last git commit: 240e33cee
Ports top unclean checkout: yes
Port dir last git commit: 240e33cee
Port dir unclean checkout: no
Poudriere version: poudriere-git-3.4.1_1
Host OSVERSION: 1400097
Jail OSVERSION: 1400097
Job Id: 02

---Begin Environment---
SHELL=/bin/sh
OSVERSION=1400097
UNAME_v=FreeBSD 14.0-RELEASE-p6
UNAME_r=14.0-RELEASE-p6
BLOCKSIZE=K
MAIL=/var/mail/root
MM_CHARSET=UTF-8
LANG=C.UTF-8
STATUS=1
HOME=/root
PATH=/sbin:/bin:/usr/sbin:/usr/bin:/usr/local/sbin:/usr/local/bin:/root/bin
MAKE_OBJDIR_CHECK_WRITABLE=0
LOCALBASE=/usr/local
USER=root
POUDRIERE_NAME=poudriere-git
LIBEXECPREFIX=/usr/local/libexec/poudriere
POUDRIERE_VERSION=3.4.1_1
MASTERMNT=/usr/local/poudriere/data/.m/140-rel-default/ref
LC_COLLATE=C
POUDRIERE_BUILD_TYPE=bulk
PACKAGE_BUILDING=yes
SAVED_TERM=xterm-256color
OUTPUT_REDIRECTED_STDERR=4
OUTPUT_REDIRECTED=1
PWD=/usr/local/poudriere/data/.m/140-rel-default/02/.p
OUTPUT_REDIRECTED_STDOUT=3
P_PORTS_FEATURES=FLAVORS SUBPACKAGES SELECTED_OPTIONS
MASTERNAME=140-rel-default
SCRIPTPREFIX=/usr/local/share/poudriere
SCRIPTNAME=bulk.sh
OLDPWD=/usr/local/poudriere/data/.m/140-rel-default/ref/.p/pool
POUDRIERE_PKGNAME=poudriere-git-3.4.1_1
SCRIPTPATH=/usr/local/share/poudriere/bulk.sh
POUDRIEREPATH=/usr/local/bin/poudriere
---End Environment---

---Begin Poudriere Port Flags/Env---
PORT_FLAGS=
PKGENV=
FLAVOR=
MAKE_ARGS=
---End Poudriere Port Flags/Env---

---Begin OPTIONS List---
---End OPTIONS List---

--MAINTAINER--
tijl@FreeBSD.org
--End MAINTAINER--

--CONFIGURE_ARGS--

--End CONFIGURE_ARGS--

--CONFIGURE_ENV--
XDG_DATA_HOME=/wrkdirs/usr/ports/devel/autoconf-switch/work  XDG_CONFIG_HOME=/wrkdirs/usr/ports/devel/autoconf-switch/work  XDG_CACHE_HOME=/wrkdirs/usr/ports/devel/autoconf-switch/work/.cache  HOME=/wrkdirs/usr/ports/devel/autoconf-switch/work TMPDIR="/tmp" PATH=/wrkdirs/usr/ports/devel/autoconf-switch/work/.bin:/sbin:/bin:/usr/sbin:/usr/bin:/usr/local/sbin:/usr/local/bin:/root/bin PKG_CONFIG_LIBDIR=/wrkdirs/usr/ports/devel/autoconf-switch/work/.pkgconfig:/usr/local/libdata/pkgconfig:/usr/local/share/pkgconfig:/usr/libdata/pkgconfig SHELL=/bin/sh CONFIG_SHELL=/bin/sh
--End CONFIGURE_ENV--

--MAKE_ENV--
XDG_DATA_HOME=/wrkdirs/usr/ports/devel/autoconf-switch/work  XDG_CONFIG_HOME=/wrkdirs/usr/ports/devel/autoconf-switch/work  XDG_CACHE_HOME=/wrkdirs/usr/ports/devel/autoconf-switch/work/.cache  HOME=/wrkdirs/usr/ports/devel/autoconf-switch/work TMPDIR="/tmp" PATH=/wrkdirs/usr/ports/devel/autoconf-switch/work/.bin:/sbin:/bin:/usr/sbin:/usr/bin:/usr/local/sbin:/usr/local/bin:/root/bin PKG_CONFIG_LIBDIR=/wrkdirs/usr/ports/devel/autoconf-switch/work/.pkgconfig:/usr/local/libdata/pkgconfig:/usr/local/share/pkgconfig:/usr/libdata/pkgconfig MK_DEBUG_FILES=no MK_KERNEL_SYMBOLS=no SHELL=/bin/sh NO_LINT=YES PREFIX=/usr/local  LOCALBASE=/usr/local  CC="cc" CFLAGS="-O2 -pipe  -fno-strict-aliasing "  CPP="cpp" CPPFLAGS=""  LDFLAGS=" " LIBS=""  CXX="c++" CXXFLAGS="-O2 -pipe -fno-strict-aliasing  " BSD_INSTALL_PROGRAM="install  -s -m 555"  BSD_INSTALL_LIB="install  -s -m 0644"  BSD_INSTALL_SCRIPT="install  -m 555"  BSD_INSTALL_DATA="install  -m 0644"  BSD_INSTALL_MAN="install  -m 444"
--End MAKE_ENV--

--PLIST_SUB--
OSREL=14.0 PREFIX=%D LOCALBASE=/usr/local  RESETPREFIX=/usr/local LIB32DIR=lib DOCSDIR="share/doc/autoconf"  EXAMPLESDIR="share/examples/autoconf"  DATADIR="share/autoconf"  WWWDIR="www/autoconf"  ETCDIR="etc/autoconf"
--End PLIST_SUB--

--SUB_LIST--
PREFIX=/usr/local LOCALBASE=/usr/local  DATADIR=/usr/local/share/autoconf DOCSDIR=/usr/local/share/doc/autoconf EXAMPLESDIR=/usr/local/share/examples/autoconf  WWWDIR=/usr/local/www/autoconf ETCDIR=/usr/local/etc/autoconf
--End SUB_LIST--

---Begin make.conf---
USE_PACKAGE_DEPENDS=yes
BATCH=yes
WRKDIRPREFIX=/wrkdirs
PORTSDIR=/usr/ports
PACKAGES=/packages
DISTDIR=/distfiles
FORCE_PACKAGE=yes
PACKAGE_BUILDING=yes
PACKAGE_BUILDING_FLAVORS=yes
WITH_CCACHE_BUILD=yes
CCACHE_DIR=/root/.ccache
#### Misc Poudriere ####
.include "/etc/make.conf.ports_env"
GID=0
UID=0
---End make.conf---
--Resource limits--
cpu time               (seconds, -t)  unlimited
file size           (512-blocks, -f)  unlimited
data seg size           (kbytes, -d)  33554432
stack size              (kbytes, -s)  524288
core file size      (512-blocks, -c)  unlimited
max memory size         (kbytes, -m)  unlimited
locked memory           (kbytes, -l)  unlimited
max user processes              (-u)  34304
open files                      (-n)  8192
virtual mem size        (kbytes, -v)  unlimited
swap limit              (kbytes, -w)  unlimited
socket buffer size       (bytes, -b)  unlimited
pseudo-terminals                (-p)  unlimited
kqueues                         (-k)  unlimited
umtx shared locks               (-o)  unlimited
--End resource limits--
=======================<phase: check-sanity   >============================
===== env: NO_DEPENDS=yes USER=root UID=0 GID=0
===>  License BSD2CLAUSE accepted by the user
===========================================================================
=======================<phase: pkg-depends    >============================
===== env: USE_PACKAGE_DEPENDS_ONLY=1 USER=root UID=0 GID=0
===>   autoconf-switch-20220527 depends on file: /usr/local/sbin/pkg - not found
===>   Installing existing package /packages/All/pkg-1.21.1.pkg
[140-rel-default-job-02] Installing pkg-1.21.1...
[140-rel-default-job-02] Extracting pkg-1.21.1: .......... done
===>   autoconf-switch-20220527 depends on file: /usr/local/sbin/pkg - found
===>   Returning to build of autoconf-switch-20220527
===========================================================================
=======================<phase: fetch-depends  >============================
===== env: USE_PACKAGE_DEPENDS_ONLY=1 USER=root UID=0 GID=0
===========================================================================
=======================<phase: fetch          >============================
===== env: NO_DEPENDS=yes USER=root UID=0 GID=0
===>  License BSD2CLAUSE accepted by the user
===> Fetching all distfiles required by autoconf-switch-20220527 for building
===========================================================================
=======================<phase: checksum       >============================
===== env: NO_DEPENDS=yes USER=root UID=0 GID=0
===>  License BSD2CLAUSE accepted by the user
===> Fetching all distfiles required by autoconf-switch-20220527 for building
===========================================================================
=======================<phase: extract-depends>============================
===== env: USE_PACKAGE_DEPENDS_ONLY=1 USER=root UID=0 GID=0
===========================================================================
=======================<phase: extract        >============================
===== env: NO_DEPENDS=yes USER=root UID=0 GID=0
===>  License BSD2CLAUSE accepted by the user
===> Fetching all distfiles required by autoconf-switch-20220527 for building
===>  Extracting for autoconf-switch-20220527
===========================================================================
=======================<phase: patch-depends  >============================
===== env: USE_PACKAGE_DEPENDS_ONLY=1 USER=root UID=0 GID=0
===========================================================================
=======================<phase: patch          >============================
===== env: NO_DEPENDS=yes USER=root UID=0 GID=0
===>  Patching for autoconf-switch-20220527
===========================================================================
=======================<phase: build-depends  >============================
===== env: USE_PACKAGE_DEPENDS_ONLY=1 USER=root UID=0 GID=0
===========================================================================
=======================<phase: lib-depends    >============================
===== env: USE_PACKAGE_DEPENDS_ONLY=1 USER=root UID=0 GID=0
===========================================================================
=======================<phase: configure      >============================
===== env: NO_DEPENDS=yes USER=root UID=0 GID=0
===>  Configuring for autoconf-switch-20220527
===========================================================================
=======================<phase: build          >============================
===== env: NO_DEPENDS=yes USER=root UID=0 GID=0
===========================================================================
=======================<phase: run-depends    >============================
===== env: USE_PACKAGE_DEPENDS_ONLY=1 USER=root UID=0 GID=0
===========================================================================
=======================<phase: stage          >============================
===== env: NO_DEPENDS=yes USER=root UID=0 GID=0
===>  Staging for autoconf-switch-20220527
===>   Generating temporary packing list
install  -m 555 /usr/ports/devel/autoconf-switch/files/autoconf /wrkdirs/usr/ports/devel/autoconf-switch/work/stage/usr/local/bin/
/bin/ln /wrkdirs/usr/ports/devel/autoconf-switch/work/stage/usr/local/bin/autoconf /wrkdirs/usr/ports/devel/autoconf-switch/work/stage/usr/local/bin/autoheader
/bin/ln /wrkdirs/usr/ports/devel/autoconf-switch/work/stage/usr/local/bin/autoconf /wrkdirs/usr/ports/devel/autoconf-switch/work/stage/usr/local/bin/autom4te
/bin/ln /wrkdirs/usr/ports/devel/autoconf-switch/work/stage/usr/local/bin/autoconf /wrkdirs/usr/ports/devel/autoconf-switch/work/stage/usr/local/bin/autoreconf
/bin/ln /wrkdirs/usr/ports/devel/autoconf-switch/work/stage/usr/local/bin/autoconf /wrkdirs/usr/ports/devel/autoconf-switch/work/stage/usr/local/bin/autoscan
/bin/ln /wrkdirs/usr/ports/devel/autoconf-switch/work/stage/usr/local/bin/autoconf /wrkdirs/usr/ports/devel/autoconf-switch/work/stage/usr/local/bin/autoupdate
/bin/ln /wrkdirs/usr/ports/devel/autoconf-switch/work/stage/usr/local/bin/autoconf /wrkdirs/usr/ports/devel/autoconf-switch/work/stage/usr/local/bin/ifnames
====> Compressing man pages (compress-man)
===========================================================================
=======================<phase: package        >============================
===== env: 'PKG_NOTES=build_timestamp ports_top_git_hash ports_top_checkout_unclean port_git_hash port_checkout_unclean built_by' 'PKG_NOTE_build_timestamp=2024-04-13T02:59:36+0000' 'PKG_NOTE_ports_top_git_hash=240e33cee' 'PKG_NOTE_ports_top_checkout_unclean=yes' 'PKG_NOTE_port_git_hash=240e33cee' 'PKG_NOTE_port_checkout_unclean=no' 'PKG_NOTE_built_by=poudriere-git-3.4.1_1' NO_DEPENDS=yes USER=root UID=0 GID=0
===>  Building packages for autoconf-switch-20220527
===>   Building autoconf-switch-20220527
===========================================================================
=>> Cleaning up wrkdir
===>  Cleaning for autoconf-switch-20220527
build of devel/autoconf-switch | autoconf-switch-20220527 ended at Fri Apr 12 22:59:37 EDT 2024
build time: 00:00:01
