=>> Building textproc/expat2
build started at Fri Apr 12 22:59:39 EDT 2024
port directory: /usr/ports/textproc/expat2
package name: expat-2.6.2
building for: FreeBSD 140-rel-default-job-06 14.0-RELEASE-p6 FreeBSD 14.0-RELEASE-p6 amd64
maintained by: desktop@FreeBSD.org
Makefile datestamp: -rw-r--r--  1 root wheel 896 Apr 13 02:10 /usr/ports/textproc/expat2/Makefile
Ports top last git commit: 240e33cee
Ports top unclean checkout: yes
Port dir last git commit: 240e33cee
Port dir unclean checkout: no
Poudriere version: poudriere-git-3.4.1_1
Host OSVERSION: 1400097
Jail OSVERSION: 1400097
Job Id: 06

---Begin Environment---
SHELL=/bin/sh
OSVERSION=1400097
UNAME_v=FreeBSD 14.0-RELEASE-p6
UNAME_r=14.0-RELEASE-p6
BLOCKSIZE=K
MAIL=/var/mail/root
MM_CHARSET=UTF-8
LANG=C.UTF-8
STATUS=1
HOME=/root
PATH=/sbin:/bin:/usr/sbin:/usr/bin:/usr/local/sbin:/usr/local/bin:/root/bin
MAKE_OBJDIR_CHECK_WRITABLE=0
LOCALBASE=/usr/local
USER=root
POUDRIERE_NAME=poudriere-git
LIBEXECPREFIX=/usr/local/libexec/poudriere
POUDRIERE_VERSION=3.4.1_1
MASTERMNT=/usr/local/poudriere/data/.m/140-rel-default/ref
LC_COLLATE=C
POUDRIERE_BUILD_TYPE=bulk
PACKAGE_BUILDING=yes
SAVED_TERM=xterm-256color
OUTPUT_REDIRECTED_STDERR=4
OUTPUT_REDIRECTED=1
PWD=/usr/local/poudriere/data/.m/140-rel-default/06/.p
OUTPUT_REDIRECTED_STDOUT=3
P_PORTS_FEATURES=FLAVORS SUBPACKAGES SELECTED_OPTIONS
MASTERNAME=140-rel-default
SCRIPTPREFIX=/usr/local/share/poudriere
SCRIPTNAME=bulk.sh
OLDPWD=/usr/local/poudriere/data/.m/140-rel-default/ref/.p/pool
POUDRIERE_PKGNAME=poudriere-git-3.4.1_1
SCRIPTPATH=/usr/local/share/poudriere/bulk.sh
POUDRIEREPATH=/usr/local/bin/poudriere
---End Environment---

---Begin Poudriere Port Flags/Env---
PORT_FLAGS=
PKGENV=
FLAVOR=
MAKE_ARGS=
---End Poudriere Port Flags/Env---

---Begin OPTIONS List---
===> The following configuration options are available for expat-2.6.2:
     DOCS=on: Build and/or install documentation
     STATIC=off: Build static executables and/or libraries
     TEST=off: Build and/or run tests
===> Use 'make config' to modify these settings
---End OPTIONS List---

--MAINTAINER--
desktop@FreeBSD.org
--End MAINTAINER--

--CONFIGURE_ARGS--
--without-docbook  --without-examples --disable-static --without-tests --prefix=/usr/local ${_LATE_CONFIGURE_ARGS}
--End CONFIGURE_ARGS--

--CONFIGURE_ENV--
PYTHON="/usr/local/bin/python3.9" XDG_DATA_HOME=/wrkdirs/usr/ports/textproc/expat2/work  XDG_CONFIG_HOME=/wrkdirs/usr/ports/textproc/expat2/work  XDG_CACHE_HOME=/wrkdirs/usr/ports/textproc/expat2/work/.cache  HOME=/wrkdirs/usr/ports/textproc/expat2/work TMPDIR="/tmp" PATH=/wrkdirs/usr/ports/textproc/expat2/work/.bin:/sbin:/bin:/usr/sbin:/usr/bin:/usr/local/sbin:/usr/local/bin:/root/bin PKG_CONFIG_LIBDIR=/wrkdirs/usr/ports/textproc/expat2/work/.pkgconfig:/usr/local/libdata/pkgconfig:/usr/local/share/pkgconfig:/usr/libdata/pkgconfig SHELL=/bin/sh CONFIG_SHELL=/bin/sh CONFIG_SITE=/usr/ports/Templates/config.site lt_cv_sys_max_cmd_len=524288
--End CONFIGURE_ENV--

--MAKE_ENV--
XDG_DATA_HOME=/wrkdirs/usr/ports/textproc/expat2/work  XDG_CONFIG_HOME=/wrkdirs/usr/ports/textproc/expat2/work  XDG_CACHE_HOME=/wrkdirs/usr/ports/textproc/expat2/work/.cache  HOME=/wrkdirs/usr/ports/textproc/expat2/work TMPDIR="/tmp" PATH=/wrkdirs/usr/ports/textproc/expat2/work/.bin:/sbin:/bin:/usr/sbin:/usr/bin:/usr/local/sbin:/usr/local/bin:/root/bin PKG_CONFIG_LIBDIR=/wrkdirs/usr/ports/textproc/expat2/work/.pkgconfig:/usr/local/libdata/pkgconfig:/usr/local/share/pkgconfig:/usr/libdata/pkgconfig MK_DEBUG_FILES=no MK_KERNEL_SYMBOLS=no SHELL=/bin/sh NO_LINT=YES PREFIX=/usr/local  LOCALBASE=/usr/local  CC="cc" CFLAGS="-O2 -pipe  -fno-strict-aliasing "  CPP="cpp" CPPFLAGS=""  LDFLAGS=" " LIBS=""  CXX="c++" CXXFLAGS="-O2 -pipe -fno-strict-aliasing  " BSD_INSTALL_PROGRAM="install  -s -m 555"  BSD_INSTALL_LIB="install  -s -m 0644"  BSD_INSTALL_SCRIPT="install  -m 555"  BSD_INSTALL_DATA="install  -m 0644"  BSD_INSTALL_MAN="install  -m 444"
--End MAKE_ENV--

--PLIST_SUB--
EXPAT_VERSION=2.6.2 PORTDOCS="" DOCS="" NO_DOCS="@comment " STATIC="@comment " NO_STATIC="" TEST="@comment " NO_TEST="" PYTHON_INCLUDEDIR=include/python3.9  PYTHON_LIBDIR=lib/python3.9  PYTHON_PLATFORM=freebsd14  PYTHON_SITELIBDIR=lib/python3.9/site-packages  PYTHON_SUFFIX=39  PYTHON_EXT_SUFFIX=.cpython-39  PYTHON_VER=3.9  PYTHON_VERSION=python3.9 PYTHON2="@comment " PYTHON3="" OSREL=14.0 PREFIX=%D LOCALBASE=/usr/local  RESETPREFIX=/usr/local LIB32DIR=lib DOCSDIR="share/doc/expat"  EXAMPLESDIR="share/examples/expat"  DATADIR="share/expat"  WWWDIR="www/expat"  ETCDIR="etc/expat"
--End PLIST_SUB--

--SUB_LIST--
 DOCS="" NO_DOCS="@comment " STATIC="@comment " NO_STATIC="" TEST="@comment " NO_TEST="" PYTHON_INCLUDEDIR=/usr/local/include/python3.9  PYTHON_LIBDIR=/usr/local/lib/python3.9  PYTHON_PLATFORM=freebsd14  PYTHON_SITELIBDIR=/usr/local/lib/python3.9/site-packages  PYTHON_SUFFIX=39  PYTHON_EXT_SUFFIX=.cpython-39  PYTHON_VER=3.9  PYTHON_VERSION=python3.9 PYTHON2="@comment " PYTHON3="" PREFIX=/usr/local LOCALBASE=/usr/local  DATADIR=/usr/local/share/expat DOCSDIR=/usr/local/share/doc/expat EXAMPLESDIR=/usr/local/share/examples/expat  WWWDIR=/usr/local/www/expat ETCDIR=/usr/local/etc/expat
--End SUB_LIST--

---Begin make.conf---
USE_PACKAGE_DEPENDS=yes
BATCH=yes
WRKDIRPREFIX=/wrkdirs
PORTSDIR=/usr/ports
PACKAGES=/packages
DISTDIR=/distfiles
FORCE_PACKAGE=yes
PACKAGE_BUILDING=yes
PACKAGE_BUILDING_FLAVORS=yes
WITH_CCACHE_BUILD=yes
CCACHE_DIR=/root/.ccache
#### Misc Poudriere ####
.include "/etc/make.conf.ports_env"
GID=0
UID=0
---End make.conf---
--Resource limits--
cpu time               (seconds, -t)  unlimited
file size           (512-blocks, -f)  unlimited
data seg size           (kbytes, -d)  33554432
stack size              (kbytes, -s)  524288
core file size      (512-blocks, -c)  unlimited
max memory size         (kbytes, -m)  unlimited
locked memory           (kbytes, -l)  unlimited
max user processes              (-u)  34304
open files                      (-n)  8192
virtual mem size        (kbytes, -v)  unlimited
swap limit              (kbytes, -w)  unlimited
socket buffer size       (bytes, -b)  unlimited
pseudo-terminals                (-p)  unlimited
kqueues                         (-k)  unlimited
umtx shared locks               (-o)  unlimited
--End resource limits--
=======================<phase: check-sanity   >============================
===== env: NO_DEPENDS=yes USER=root UID=0 GID=0
===>  License MIT accepted by the user
===========================================================================
=======================<phase: pkg-depends    >============================
===== env: USE_PACKAGE_DEPENDS_ONLY=1 USER=root UID=0 GID=0
===>   expat-2.6.2 depends on file: /usr/local/sbin/pkg - not found
===>   Installing existing package /packages/All/pkg-1.21.1.pkg
[140-rel-default-job-06] Installing pkg-1.21.1...
[140-rel-default-job-06] Extracting pkg-1.21.1: .......... done
===>   expat-2.6.2 depends on file: /usr/local/sbin/pkg - found
===>   Returning to build of expat-2.6.2
===========================================================================
=======================<phase: fetch-depends  >============================
===== env: USE_PACKAGE_DEPENDS_ONLY=1 USER=root UID=0 GID=0
===========================================================================
=======================<phase: fetch          >============================
===== env: NO_DEPENDS=yes USER=root UID=0 GID=0
===>  License MIT accepted by the user
=> expat-2.6.2.tar.xz doesn't seem to exist in /portdistfiles/.
=> Attempting to fetch https://github.com/libexpat/libexpat/releases/download/R_2_6_2/expat-2.6.2.tar.xz
expat-2.6.2.tar.xz                                     473 kB 4204 kBps    00s
===> Fetching all distfiles required by expat-2.6.2 for building
===========================================================================
=======================<phase: checksum       >============================
===== env: NO_DEPENDS=yes USER=root UID=0 GID=0
===>  License MIT accepted by the user
===> Fetching all distfiles required by expat-2.6.2 for building
=> SHA256 Checksum OK for expat-2.6.2.tar.xz.
===========================================================================
=======================<phase: extract-depends>============================
===== env: USE_PACKAGE_DEPENDS_ONLY=1 USER=root UID=0 GID=0
===========================================================================
=======================<phase: extract        >============================
===== env: NO_DEPENDS=yes USER=root UID=0 GID=0
===>  License MIT accepted by the user
===> Fetching all distfiles required by expat-2.6.2 for building
===>  Extracting for expat-2.6.2
=> SHA256 Checksum OK for expat-2.6.2.tar.xz.
===========================================================================
=======================<phase: patch-depends  >============================
===== env: USE_PACKAGE_DEPENDS_ONLY=1 USER=root UID=0 GID=0
===========================================================================
=======================<phase: patch          >============================
===== env: NO_DEPENDS=yes USER=root UID=0 GID=0
===>  Patching for expat-2.6.2
===========================================================================
=======================<phase: build-depends  >============================
===== env: USE_PACKAGE_DEPENDS_ONLY=1 USER=root UID=0 GID=0
===>   expat-2.6.2 depends on file: /usr/local/bin/ccache - not found
===>   Installing existing package /packages/All/ccache-3.7.12_6.pkg
[140-rel-default-job-06] Installing ccache-3.7.12_6...
[140-rel-default-job-06] Extracting ccache-3.7.12_6: .......... done
Create compiler links...
create symlink for cc
create symlink for cc (world)
create symlink for c++
create symlink for c++ (world)
create symlink for CC
create symlink for CC (world)
create symlink for clang
create symlink for clang (world)
create symlink for clang++
create symlink for clang++ (world)
=====
Message from ccache-3.7.12_6:

--
NOTE:
Please read /usr/local/share/doc/ccache/ccache-howto-freebsd.txt for
information on using ccache with FreeBSD ports and src.
===>   expat-2.6.2 depends on file: /usr/local/bin/ccache - found
===>   Returning to build of expat-2.6.2
===========================================================================
=======================<phase: lib-depends    >============================
===== env: USE_PACKAGE_DEPENDS_ONLY=1 USER=root UID=0 GID=0
===========================================================================
=======================<phase: configure      >============================
===== env: NO_DEPENDS=yes USER=root UID=0 GID=0
===>  Configuring for expat-2.6.2
configure: loading site script /usr/ports/Templates/config.site
checking build system type... amd64-portbld-freebsd14.0
checking host system type... amd64-portbld-freebsd14.0
checking for a BSD-compatible install... /usr/bin/install -c
checking whether build environment is sane... yes
checking for a race-free mkdir -p... (cached) /bin/mkdir -p
checking for gawk... (cached) /usr/bin/awk
checking whether make sets $(MAKE)... yes
checking whether make supports nested variables... yes
checking whether to enable maintainer-specific portions of Makefiles... yes
checking whether make supports the include directive... yes (GNU style)
checking for gcc... cc
checking whether the C compiler works... yes
checking for C compiler default output file name... a.out
checking for suffix of executables... 
checking whether we are cross compiling... no
checking for suffix of object files... o
checking whether the compiler supports GNU C... yes
checking whether cc accepts -g... yes
checking for cc option to enable C11 features... none needed
checking whether cc understands -c and -o together... yes
checking dependency style of cc... gcc3
checking for ar... ar
checking the archiver (ar) interface... ar
checking whether ln -s works... yes
checking whether make sets $(MAKE)... (cached) yes
checking how to print strings... printf
checking for a sed that does not truncate output... (cached) /usr/bin/sed
checking for grep that handles long lines and -e... (cached) /usr/bin/grep
checking for egrep... (cached) /usr/bin/egrep
checking for fgrep... (cached) /usr/bin/fgrep
checking for ld used by cc... /usr/bin/ld
checking if the linker (/usr/bin/ld) is GNU ld... yes
checking for BSD- or MS-compatible name lister (nm)... /usr/bin/nm
checking the name lister (/usr/bin/nm) interface... BSD nm
checking the maximum length of command line arguments... (cached) 524288
checking how to convert amd64-portbld-freebsd14.0 file names to amd64-portbld-freebsd14.0 format... func_convert_file_noop
checking how to convert amd64-portbld-freebsd14.0 file names to toolchain format... func_convert_file_noop
checking for /usr/bin/ld option to reload object files... -r
checking for file... file
checking for objdump... objdump
checking how to recognize dependent libraries... pass_all
checking for dlltool... no
checking how to associate runtime and link libraries... printf %s\n
checking for archiver @FILE support... no
checking for strip... strip
checking for ranlib... ranlib
checking command to parse /usr/bin/nm output from cc object... ok
checking for sysroot... no
checking for a working dd... /bin/dd
checking how to truncate binary pipes... /bin/dd bs=4096 count=1
checking for mt... mt
checking if mt is a manifest tool... no
checking for stdio.h... (cached) yes
checking for stdlib.h... (cached) yes
checking for string.h... (cached) yes
checking for inttypes.h... (cached) yes
checking for stdint.h... (cached) yes
checking for strings.h... (cached) yes
checking for sys/stat.h... (cached) yes
checking for sys/types.h... (cached) yes
checking for unistd.h... (cached) yes
checking for sys/param.h... (cached) yes
checking for dlfcn.h... (cached) yes
checking for objdir... .libs
checking if cc supports -fno-rtti -fno-exceptions... yes
checking for cc option to produce PIC... -fPIC -DPIC
checking if cc PIC flag -fPIC -DPIC works... yes
checking if cc static flag -static works... yes
checking if cc supports -c -o file.o... yes
checking if cc supports -c -o file.o... (cached) yes
checking whether the cc linker (/usr/bin/ld) supports shared libraries... yes
checking whether -lc should be explicitly linked in... no
checking dynamic linker characteristics... freebsd14.0 ld.so
checking how to hardcode library paths into programs... immediate
checking whether stripping libraries is possible... yes
checking if libtool supports shared libraries... yes
checking whether to build shared libraries... yes
checking whether to build static libraries... no
checking whether C compiler accepts -Wall... yes
checking whether C compiler accepts -Wextra... yes
checking whether C compiler accepts -fexceptions... yes
checking whether C compiler accepts -fno-strict-aliasing... yes
checking whether C compiler accepts -Wmissing-prototypes... yes
checking whether C compiler accepts -Wstrict-prototypes... yes
checking whether C compiler accepts -pedantic... yes
checking whether C compiler accepts -Wduplicated-cond... no
checking whether C compiler accepts -Wduplicated-branches... no
checking whether C compiler accepts -Wlogical-op... no
checking whether C compiler accepts -Wrestrict... no
checking whether C compiler accepts -Wnull-dereference... yes
checking whether C compiler accepts -Wjump-misses-init... no
checking whether C compiler accepts -Wdouble-promotion... yes
checking whether C compiler accepts -Wshadow... yes
checking whether C compiler accepts -Wformat=2... yes
checking whether C compiler accepts -Wno-pedantic-ms-format... no
checking whether C compiler accepts -Wmisleading-indentation... yes
checking whether the compiler supports GNU C++... yes
checking whether c++ accepts -g... yes
checking for c++ option to enable C++11 features... none needed
checking dependency style of c++... gcc3
checking how to run the C++ preprocessor... c++ -E
checking for ld used by c++... /usr/bin/ld
checking if the linker (/usr/bin/ld) is GNU ld... yes
checking whether the c++ linker (/usr/bin/ld) supports shared libraries... yes
checking for c++ option to produce PIC... -fPIC -DPIC
checking if c++ PIC flag -fPIC -DPIC works... yes
checking if c++ static flag -static works... yes
checking if c++ supports -c -o file.o... yes
checking if c++ supports -c -o file.o... (cached) yes
checking whether the c++ linker (/usr/bin/ld) supports shared libraries... yes
checking dynamic linker characteristics... freebsd14.0 ld.so
checking how to hardcode library paths into programs... immediate
checking whether C++ compiler accepts -Wall... yes
checking whether C++ compiler accepts -Wextra... yes
checking whether C++ compiler accepts -fexceptions... yes
checking whether C++ compiler accepts -fno-strict-aliasing... yes
checking whether the linker accepts -fno-strict-aliasing... yes
checking whether compiler supports visibility... yes
checking whether byte ordering is bigendian... no
checking for an ANSI C-conforming const... yes
checking for size_t... (cached) yes
checking for cos in -lm... yes
checking for arc4random_buf (BSD, libbsd or glibc 2.36+)... yes
checking for getrandom (Linux 3.17+, glibc 2.25+)... yes
checking for syscall SYS_getrandom (Linux 3.17+)... yes
checking for fcntl.h... (cached) yes
checking for unistd.h... (cached) yes
checking for off_t... (cached) yes
checking for getpagesize... (cached) yes
checking for working mmap... (cached) yes
checking size of void *... 8
checking for shared library name prefix... lib
checking that generated files are newer than configure... done
configure: creating ./config.status
config.status: creating Makefile
config.status: creating expat.pc
config.status: creating cmake/expat-config.cmake
config.status: creating cmake/autotools/expat-config-version.cmake
config.status: creating cmake/autotools/expat-noconfig.cmake
config.status: creating doc/Makefile
config.status: creating examples/Makefile
config.status: creating lib/Makefile
config.status: creating tests/Makefile
config.status: creating tests/benchmark/Makefile
config.status: creating xmlwf/Makefile
config.status: creating run.sh
config.status: creating expat_config.h
config.status: executing depfiles commands
config.status: executing libtool commands
configure:

Automake flags (can be overridden by user flags):
  AM_CPPFLAGS: -DXML_ENABLE_VISIBILITY=1
    AM_CFLAGS: -Wall -Wextra -fexceptions -fno-strict-aliasing -Wmissing-prototypes -Wstrict-prototypes -pedantic -Wnull-dereference -Wdouble-promotion -Wshadow -Wformat=2 -Wmisleading-indentation -fvisibility=hidden
  AM_CXXFLAGS: -Wall -Wextra -fexceptions -fno-strict-aliasing
   AM_LDFLAGS: -fno-strict-aliasing

User flags (override Automake flags on conflict):
     CPPFLAGS: 
       CFLAGS: -O2 -pipe  -fno-strict-aliasing 
     CXXFLAGS: -O2 -pipe -fno-strict-aliasing  
      LDFLAGS:  
===========================================================================
=======================<phase: build          >============================
===== env: NO_DEPENDS=yes USER=root UID=0 GID=0
===>  Building for expat-2.6.2
--- all ---
/usr/bin/make  all-recursive
--- all-recursive ---
Making all in lib
--- xmlparse.lo ---
--- xmltok.lo ---
--- xmlrole.lo ---
--- xmltok.lo ---
/bin/sh ../libtool  --tag=CC    --mode=compile cc -DHAVE_CONFIG_H  -I. -I..  -DXML_ENABLE_VISIBILITY=1   -Wall -Wextra -fexceptions -fno-strict-aliasing -Wmissing-prototypes -Wstrict-prototypes -pedantic -Wnull-dereference -Wdouble-promotion -Wshadow -Wformat=2 -Wmisleading-indentation -fvisibility=hidden -O2 -pipe  -fno-strict-aliasing -MT xmltok.lo -MD -MP -MF .deps/xmltok.Tpo -c -o xmltok.lo xmltok.c
--- xmlrole.lo ---
/bin/sh ../libtool  --tag=CC    --mode=compile cc -DHAVE_CONFIG_H  -I. -I..  -DXML_ENABLE_VISIBILITY=1   -Wall -Wextra -fexceptions -fno-strict-aliasing -Wmissing-prototypes -Wstrict-prototypes -pedantic -Wnull-dereference -Wdouble-promotion -Wshadow -Wformat=2 -Wmisleading-indentation -fvisibility=hidden -O2 -pipe  -fno-strict-aliasing -MT xmlrole.lo -MD -MP -MF .deps/xmlrole.Tpo -c -o xmlrole.lo xmlrole.c
--- xmlparse.lo ---
/bin/sh ../libtool  --tag=CC    --mode=compile cc -DHAVE_CONFIG_H  -I. -I..  -DXML_ENABLE_VISIBILITY=1   -Wall -Wextra -fexceptions -fno-strict-aliasing -Wmissing-prototypes -Wstrict-prototypes -pedantic -Wnull-dereference -Wdouble-promotion -Wshadow -Wformat=2 -Wmisleading-indentation -fvisibility=hidden -O2 -pipe  -fno-strict-aliasing -MT xmlparse.lo -MD -MP -MF .deps/xmlparse.Tpo -c -o xmlparse.lo xmlparse.c
--- xmlrole.lo ---
libtool: compile:  cc -DHAVE_CONFIG_H -I. -I.. -DXML_ENABLE_VISIBILITY=1 -Wall -Wextra -fexceptions -fno-strict-aliasing -Wmissing-prototypes -Wstrict-prototypes -pedantic -Wnull-dereference -Wdouble-promotion -Wshadow -Wformat=2 -Wmisleading-indentation -fvisibility=hidden -O2 -pipe -fno-strict-aliasing -MT xmlrole.lo -MD -MP -MF .deps/xmlrole.Tpo -c xmlrole.c  -fPIC -DPIC -o .libs/xmlrole.o
--- xmltok.lo ---
libtool: compile:  cc -DHAVE_CONFIG_H -I. -I.. -DXML_ENABLE_VISIBILITY=1 -Wall -Wextra -fexceptions -fno-strict-aliasing -Wmissing-prototypes -Wstrict-prototypes -pedantic -Wnull-dereference -Wdouble-promotion -Wshadow -Wformat=2 -Wmisleading-indentation -fvisibility=hidden -O2 -pipe -fno-strict-aliasing -MT xmltok.lo -MD -MP -MF .deps/xmltok.Tpo -c xmltok.c  -fPIC -DPIC -o .libs/xmltok.o
--- xmlparse.lo ---
libtool: compile:  cc -DHAVE_CONFIG_H -I. -I.. -DXML_ENABLE_VISIBILITY=1 -Wall -Wextra -fexceptions -fno-strict-aliasing -Wmissing-prototypes -Wstrict-prototypes -pedantic -Wnull-dereference -Wdouble-promotion -Wshadow -Wformat=2 -Wmisleading-indentation -fvisibility=hidden -O2 -pipe -fno-strict-aliasing -MT xmlparse.lo -MD -MP -MF .deps/xmlparse.Tpo -c xmlparse.c  -fPIC -DPIC -o .libs/xmlparse.o
--- xmlrole.lo ---
mv -f .deps/xmlrole.Tpo .deps/xmlrole.Plo
--- xmltok.lo ---
mv -f .deps/xmltok.Tpo .deps/xmltok.Plo
--- xmlparse.lo ---
mv -f .deps/xmlparse.Tpo .deps/xmlparse.Plo
--- libexpat.la ---
/bin/sh ../libtool  --tag=CC    --mode=link cc -Wall -Wextra -fexceptions -fno-strict-aliasing -Wmissing-prototypes -Wstrict-prototypes -pedantic -Wnull-dereference -Wdouble-promotion -Wshadow -Wformat=2 -Wmisleading-indentation -fvisibility=hidden -O2 -pipe  -fno-strict-aliasing  -fno-strict-aliasing  -lm  -no-undefined  -version-info 10:2:9  -o libexpat.la -rpath /usr/local/lib xmlparse.lo xmltok.lo xmlrole.lo  
libtool: link: cc -shared  -fPIC -DPIC  .libs/xmlparse.o .libs/xmltok.o .libs/xmlrole.o   -lm  -O2   -Wl,-soname -Wl,libexpat.so.1 -o .libs/libexpat.so.1.9.2
libtool: link: (cd ".libs" && rm -f "libexpat.so.1" && ln -s "libexpat.so.1.9.2" "libexpat.so.1")
libtool: link: (cd ".libs" && rm -f "libexpat.so" && ln -s "libexpat.so.1.9.2" "libexpat.so")
libtool: link: ( cd ".libs" && rm -f "libexpat.la" && ln -s "../libexpat.la" "libexpat.la" )
Making all in xmlwf
--- xmlwf-xmlwf.o ---
--- xmlwf-xmlfile.o ---
--- xmlwf-codepage.o ---
--- xmlwf-unixfilemap.o ---
--- xmlwf-xmlwf.o ---
cc -DHAVE_CONFIG_H -I. -I..  -DXML_ENABLE_VISIBILITY=1 -I./../lib   -Wall -Wextra -fexceptions -fno-strict-aliasing -Wmissing-prototypes -Wstrict-prototypes -pedantic -Wnull-dereference -Wdouble-promotion -Wshadow -Wformat=2 -Wmisleading-indentation -fvisibility=hidden -O2 -pipe  -fno-strict-aliasing -MT xmlwf-xmlwf.o -MD -MP -MF .deps/xmlwf-xmlwf.Tpo -c -o xmlwf-xmlwf.o `test -f 'xmlwf.c' || echo './'`xmlwf.c
--- xmlwf-xmlfile.o ---
cc -DHAVE_CONFIG_H -I. -I..  -DXML_ENABLE_VISIBILITY=1 -I./../lib   -Wall -Wextra -fexceptions -fno-strict-aliasing -Wmissing-prototypes -Wstrict-prototypes -pedantic -Wnull-dereference -Wdouble-promotion -Wshadow -Wformat=2 -Wmisleading-indentation -fvisibility=hidden -O2 -pipe  -fno-strict-aliasing -MT xmlwf-xmlfile.o -MD -MP -MF .deps/xmlwf-xmlfile.Tpo -c -o xmlwf-xmlfile.o `test -f 'xmlfile.c' || echo './'`xmlfile.c
--- xmlwf-codepage.o ---
cc -DHAVE_CONFIG_H -I. -I..  -DXML_ENABLE_VISIBILITY=1 -I./../lib   -Wall -Wextra -fexceptions -fno-strict-aliasing -Wmissing-prototypes -Wstrict-prototypes -pedantic -Wnull-dereference -Wdouble-promotion -Wshadow -Wformat=2 -Wmisleading-indentation -fvisibility=hidden -O2 -pipe  -fno-strict-aliasing -MT xmlwf-codepage.o -MD -MP -MF .deps/xmlwf-codepage.Tpo -c -o xmlwf-codepage.o `test -f 'codepage.c' || echo './'`codepage.c
--- xmlwf-unixfilemap.o ---
cc -DHAVE_CONFIG_H -I. -I..  -DXML_ENABLE_VISIBILITY=1 -I./../lib   -Wall -Wextra -fexceptions -fno-strict-aliasing -Wmissing-prototypes -Wstrict-prototypes -pedantic -Wnull-dereference -Wdouble-promotion -Wshadow -Wformat=2 -Wmisleading-indentation -fvisibility=hidden -O2 -pipe  -fno-strict-aliasing -MT xmlwf-unixfilemap.o -MD -MP -MF .deps/xmlwf-unixfilemap.Tpo -c -o xmlwf-unixfilemap.o `test -f 'unixfilemap.c' || echo './'`unixfilemap.c
--- xmlwf-xmlfile.o ---
mv -f .deps/xmlwf-xmlfile.Tpo .deps/xmlwf-xmlfile.Po
--- xmlwf-unixfilemap.o ---
mv -f .deps/xmlwf-unixfilemap.Tpo .deps/xmlwf-unixfilemap.Po
--- xmlwf-codepage.o ---
mv -f .deps/xmlwf-codepage.Tpo .deps/xmlwf-codepage.Po
--- xmlwf-xmlwf.o ---
mv -f .deps/xmlwf-xmlwf.Tpo .deps/xmlwf-xmlwf.Po
--- xmlwf ---
/bin/sh ../libtool  --tag=CC    --mode=link cc -Wall -Wextra -fexceptions -fno-strict-aliasing -Wmissing-prototypes -Wstrict-prototypes -pedantic -Wnull-dereference -Wdouble-promotion -Wshadow -Wformat=2 -Wmisleading-indentation -fvisibility=hidden -O2 -pipe  -fno-strict-aliasing  -fno-strict-aliasing -lm   -o xmlwf xmlwf-xmlwf.o xmlwf-xmlfile.o  xmlwf-codepage.o xmlwf-unixfilemap.o ../lib/libexpat.la 
libtool: link: cc -Wall -Wextra -fexceptions -fno-strict-aliasing -Wmissing-prototypes -Wstrict-prototypes -pedantic -Wnull-dereference -Wdouble-promotion -Wshadow -Wformat=2 -Wmisleading-indentation -fvisibility=hidden -O2 -pipe -fno-strict-aliasing -fno-strict-aliasing -o .libs/xmlwf xmlwf-xmlwf.o xmlwf-xmlfile.o xmlwf-codepage.o xmlwf-unixfilemap.o  ../lib/.libs/libexpat.so -lm -Wl,-rpath -Wl,/usr/local/lib
Making all in doc
===========================================================================
=======================<phase: run-depends    >============================
===== env: USE_PACKAGE_DEPENDS_ONLY=1 USER=root UID=0 GID=0
===========================================================================
=======================<phase: stage          >============================
===== env: NO_DEPENDS=yes USER=root UID=0 GID=0
===>  Staging for expat-2.6.2
===>   Generating temporary packing list
if test -z 'strip'; then  /usr/bin/make  INSTALL_PROGRAM="/bin/sh /wrkdirs/usr/ports/textproc/expat2/work/expat-2.6.2/conftools/install-sh -c -s"  install_sh_PROGRAM="/bin/sh /wrkdirs/usr/ports/textproc/expat2/work/expat-2.6.2/conftools/install-sh -c -s" INSTALL_STRIP_FLAG=-s  install;  else  /usr/bin/make  INSTALL_PROGRAM="/bin/sh /wrkdirs/usr/ports/textproc/expat2/work/expat-2.6.2/conftools/install-sh -c -s"  install_sh_PROGRAM="/bin/sh /wrkdirs/usr/ports/textproc/expat2/work/expat-2.6.2/conftools/install-sh -c -s" INSTALL_STRIP_FLAG=-s  "INSTALL_PROGRAM_ENV=STRIPPROG='strip'" install;  fi
Making install in lib
 /bin/mkdir -p '/wrkdirs/usr/ports/textproc/expat2/work/stage/usr/local/lib'
 /bin/sh ../libtool   --mode=install /usr/bin/install -c -s  libexpat.la '/wrkdirs/usr/ports/textproc/expat2/work/stage/usr/local/lib'
libtool: install: /usr/bin/install -c .libs/libexpat.so.1.9.2 /wrkdirs/usr/ports/textproc/expat2/work/stage/usr/local/lib/libexpat.so.1.9.2
libtool: install: strip --strip-unneeded /wrkdirs/usr/ports/textproc/expat2/work/stage/usr/local/lib/libexpat.so.1.9.2
libtool: install: (cd /wrkdirs/usr/ports/textproc/expat2/work/stage/usr/local/lib && { ln -s -f libexpat.so.1.9.2 libexpat.so.1 || { rm -f libexpat.so.1 && ln -s libexpat.so.1.9.2 libexpat.so.1; }; })
libtool: install: (cd /wrkdirs/usr/ports/textproc/expat2/work/stage/usr/local/lib && { ln -s -f libexpat.so.1.9.2 libexpat.so || { rm -f libexpat.so && ln -s libexpat.so.1.9.2 libexpat.so; }; })
libtool: install: /usr/bin/install -c .libs/libexpat.lai /wrkdirs/usr/ports/textproc/expat2/work/stage/usr/local/lib/libexpat.la
libtool: warning: remember to run 'libtool --finish /usr/local/lib'
 /bin/mkdir -p '/wrkdirs/usr/ports/textproc/expat2/work/stage/usr/local/share/doc/expat'
 install  -m 0644 ../AUTHORS ../Changes '/wrkdirs/usr/ports/textproc/expat2/work/stage/usr/local/share/doc/expat'
 /bin/mkdir -p '/wrkdirs/usr/ports/textproc/expat2/work/stage/usr/local/include'
 install  -m 0644 ../expat_config.h expat.h expat_external.h '/wrkdirs/usr/ports/textproc/expat2/work/stage/usr/local/include'
/usr/bin/make  install-data-hook
cd "/wrkdirs/usr/ports/textproc/expat2/work/stage/usr/local/share/doc/expat" && mv -f Changes changelog
Making install in xmlwf
 /bin/mkdir -p '/wrkdirs/usr/ports/textproc/expat2/work/stage/usr/local/bin'
 STRIPPROG='strip' /bin/sh ../libtool   --mode=install /bin/sh /wrkdirs/usr/ports/textproc/expat2/work/expat-2.6.2/conftools/install-sh -c -s xmlwf '/wrkdirs/usr/ports/textproc/expat2/work/stage/usr/local/bin'
libtool: warning: '../lib/libexpat.la' has not been installed in '/usr/local/lib'
libtool: install: /bin/sh /wrkdirs/usr/ports/textproc/expat2/work/expat-2.6.2/conftools/install-sh -c -s .libs/xmlwf /wrkdirs/usr/ports/textproc/expat2/work/stage/usr/local/bin/xmlwf
Making install in doc
 /bin/mkdir -p '/wrkdirs/usr/ports/textproc/expat2/work/stage/usr/local/share/man/man1'
 install  -m 0644 xmlwf.1 '/wrkdirs/usr/ports/textproc/expat2/work/stage/usr/local/share/man/man1'
 /bin/mkdir -p '/wrkdirs/usr/ports/textproc/expat2/work/stage/usr/local/lib/cmake/expat-2.6.2'
 install  -m 0644 cmake/autotools/expat.cmake '/wrkdirs/usr/ports/textproc/expat2/work/stage/usr/local/lib/cmake/expat-2.6.2'
 /bin/mkdir -p '/wrkdirs/usr/ports/textproc/expat2/work/stage/usr/local/lib/cmake/expat-2.6.2'
 install  -m 0644 cmake/autotools/expat-config-version.cmake cmake/autotools/expat-noconfig.cmake cmake/expat-config.cmake '/wrkdirs/usr/ports/textproc/expat2/work/stage/usr/local/lib/cmake/expat-2.6.2'
 /bin/mkdir -p '/wrkdirs/usr/ports/textproc/expat2/work/stage/usr/local/libdata/pkgconfig'
 install  -m 0644 expat.pc '/wrkdirs/usr/ports/textproc/expat2/work/stage/usr/local/libdata/pkgconfig'
====> Compressing man pages (compress-man)
===========================================================================
=======================<phase: package        >============================
===== env: 'PKG_NOTES=build_timestamp ports_top_git_hash ports_top_checkout_unclean port_git_hash port_checkout_unclean built_by' 'PKG_NOTE_build_timestamp=2024-04-13T02:59:39+0000' 'PKG_NOTE_ports_top_git_hash=240e33cee' 'PKG_NOTE_ports_top_checkout_unclean=yes' 'PKG_NOTE_port_git_hash=240e33cee' 'PKG_NOTE_port_checkout_unclean=no' 'PKG_NOTE_built_by=poudriere-git-3.4.1_1' NO_DEPENDS=yes USER=root UID=0 GID=0
===>  Building packages for expat-2.6.2
===>   Building expat-2.6.2
===========================================================================
=>> Cleaning up wrkdir
===>  Cleaning for expat-2.6.2
build of textproc/expat2 | expat-2.6.2 ended at Fri Apr 12 23:00:05 EDT 2024
build time: 00:00:25
