=>> Building devel/jsoncpp
build started at Fri Apr 12 23:03:26 EDT 2024
port directory: /usr/ports/devel/jsoncpp
package name: jsoncpp-1.9.5
building for: FreeBSD 140-rel-default-job-01 14.0-RELEASE-p6 FreeBSD 14.0-RELEASE-p6 amd64
maintained by: yuri@FreeBSD.org
Makefile datestamp: -rw-r--r--  1 root wheel 470 Apr 13 02:10 /usr/ports/devel/jsoncpp/Makefile
Ports top last git commit: 240e33cee
Ports top unclean checkout: yes
Port dir last git commit: 240e33cee
Port dir unclean checkout: no
Poudriere version: poudriere-git-3.4.1_1
Host OSVERSION: 1400097
Jail OSVERSION: 1400097
Job Id: 01

---Begin Environment---
SHELL=/bin/sh
OSVERSION=1400097
UNAME_v=FreeBSD 14.0-RELEASE-p6
UNAME_r=14.0-RELEASE-p6
BLOCKSIZE=K
MAIL=/var/mail/root
MM_CHARSET=UTF-8
LANG=C.UTF-8
STATUS=1
HOME=/root
PATH=/sbin:/bin:/usr/sbin:/usr/bin:/usr/local/sbin:/usr/local/bin:/root/bin
MAKE_OBJDIR_CHECK_WRITABLE=0
LOCALBASE=/usr/local
USER=root
POUDRIERE_NAME=poudriere-git
LIBEXECPREFIX=/usr/local/libexec/poudriere
POUDRIERE_VERSION=3.4.1_1
MASTERMNT=/usr/local/poudriere/data/.m/140-rel-default/ref
LC_COLLATE=C
POUDRIERE_BUILD_TYPE=bulk
PACKAGE_BUILDING=yes
SAVED_TERM=xterm-256color
OUTPUT_REDIRECTED_STDERR=4
OUTPUT_REDIRECTED=1
PWD=/usr/local/poudriere/data/.m/140-rel-default/01/.p
OUTPUT_REDIRECTED_STDOUT=3
P_PORTS_FEATURES=FLAVORS SUBPACKAGES SELECTED_OPTIONS
MASTERNAME=140-rel-default
SCRIPTPREFIX=/usr/local/share/poudriere
SCRIPTNAME=bulk.sh
OLDPWD=/usr/local/poudriere/data/.m/140-rel-default/ref/.p/pool
POUDRIERE_PKGNAME=poudriere-git-3.4.1_1
SCRIPTPATH=/usr/local/share/poudriere/bulk.sh
POUDRIEREPATH=/usr/local/bin/poudriere
---End Environment---

---Begin Poudriere Port Flags/Env---
PORT_FLAGS=
PKGENV=
FLAVOR=
MAKE_ARGS=
---End Poudriere Port Flags/Env---

---Begin OPTIONS List---
---End OPTIONS List---

--MAINTAINER--
yuri@FreeBSD.org
--End MAINTAINER--

--CONFIGURE_ARGS--
--prefix /usr/local  --infodir share/info --auto-features=enabled -Dpython.bytecompile=-1 -Db_colorout=never --buildtype release  --optimization plain  --strip --default-library=both _build
--End CONFIGURE_ARGS--

--CONFIGURE_ENV--
PKG_CONFIG=pkgconf PYTHON="/usr/local/bin/python3.9" XDG_DATA_HOME=/wrkdirs/usr/ports/devel/jsoncpp/work  XDG_CONFIG_HOME=/wrkdirs/usr/ports/devel/jsoncpp/work  XDG_CACHE_HOME=/wrkdirs/usr/ports/devel/jsoncpp/work/.cache  HOME=/wrkdirs/usr/ports/devel/jsoncpp/work TMPDIR="/tmp" PATH=/wrkdirs/usr/ports/devel/jsoncpp/work/.bin:/sbin:/bin:/usr/sbin:/usr/bin:/usr/local/sbin:/usr/local/bin:/root/bin PKG_CONFIG_LIBDIR=/wrkdirs/usr/ports/devel/jsoncpp/work/.pkgconfig:/usr/local/libdata/pkgconfig:/usr/local/share/pkgconfig:/usr/libdata/pkgconfig SHELL=/bin/sh CONFIG_SHELL=/bin/sh
--End CONFIGURE_ENV--

--MAKE_ENV--
NINJA_STATUS="[%p %s/%t] " XDG_DATA_HOME=/wrkdirs/usr/ports/devel/jsoncpp/work  XDG_CONFIG_HOME=/wrkdirs/usr/ports/devel/jsoncpp/work  XDG_CACHE_HOME=/wrkdirs/usr/ports/devel/jsoncpp/work/.cache  HOME=/wrkdirs/usr/ports/devel/jsoncpp/work TMPDIR="/tmp" PATH=/wrkdirs/usr/ports/devel/jsoncpp/work/.bin:/sbin:/bin:/usr/sbin:/usr/bin:/usr/local/sbin:/usr/local/bin:/root/bin PKG_CONFIG_LIBDIR=/wrkdirs/usr/ports/devel/jsoncpp/work/.pkgconfig:/usr/local/libdata/pkgconfig:/usr/local/share/pkgconfig:/usr/libdata/pkgconfig MK_DEBUG_FILES=no MK_KERNEL_SYMBOLS=no SHELL=/bin/sh NO_LINT=YES DESTDIR=/wrkdirs/usr/ports/devel/jsoncpp/work/stage PREFIX=/usr/local  LOCALBASE=/usr/local  CC="cc" CFLAGS="-O2 -pipe  -fno-strict-aliasing "  CPP="cpp" CPPFLAGS=""  LDFLAGS=" " LIBS=""  CXX="c++" CXXFLAGS="-O2 -pipe -fno-strict-aliasing  " BSD_INSTALL_PROGRAM="install  -s -m 555"  BSD_INSTALL_LIB="install  -s -m 0644"  BSD_INSTALL_SCRIPT="install  -m 555"  BSD_INSTALL_DATA="install  -m 0644"  BSD_INSTALL_MAN="install  -m 444"
--End MAKE_ENV--

--PLIST_SUB--
PYTHON_INCLUDEDIR=include/python3.9  PYTHON_LIBDIR=lib/python3.9  PYTHON_PLATFORM=freebsd14  PYTHON_SITELIBDIR=lib/python3.9/site-packages  PYTHON_SUFFIX=39  PYTHON_EXT_SUFFIX=.cpython-39  PYTHON_VER=3.9  PYTHON_VERSION=python3.9 PYTHON2="@comment " PYTHON3="" OSREL=14.0 PREFIX=%D LOCALBASE=/usr/local  RESETPREFIX=/usr/local LIB32DIR=lib DOCSDIR="share/doc/jsoncpp"  EXAMPLESDIR="share/examples/jsoncpp"  DATADIR="share/jsoncpp"  WWWDIR="www/jsoncpp"  ETCDIR="etc/jsoncpp"
--End PLIST_SUB--

--SUB_LIST--
PYTHON_INCLUDEDIR=/usr/local/include/python3.9  PYTHON_LIBDIR=/usr/local/lib/python3.9  PYTHON_PLATFORM=freebsd14  PYTHON_SITELIBDIR=/usr/local/lib/python3.9/site-packages  PYTHON_SUFFIX=39  PYTHON_EXT_SUFFIX=.cpython-39  PYTHON_VER=3.9  PYTHON_VERSION=python3.9 PYTHON2="@comment " PYTHON3="" PREFIX=/usr/local LOCALBASE=/usr/local  DATADIR=/usr/local/share/jsoncpp DOCSDIR=/usr/local/share/doc/jsoncpp EXAMPLESDIR=/usr/local/share/examples/jsoncpp  WWWDIR=/usr/local/www/jsoncpp ETCDIR=/usr/local/etc/jsoncpp
--End SUB_LIST--

---Begin make.conf---
USE_PACKAGE_DEPENDS=yes
BATCH=yes
WRKDIRPREFIX=/wrkdirs
PORTSDIR=/usr/ports
PACKAGES=/packages
DISTDIR=/distfiles
FORCE_PACKAGE=yes
PACKAGE_BUILDING=yes
PACKAGE_BUILDING_FLAVORS=yes
WITH_CCACHE_BUILD=yes
CCACHE_DIR=/root/.ccache
#### Misc Poudriere ####
.include "/etc/make.conf.ports_env"
GID=0
UID=0
---End make.conf---
--Resource limits--
cpu time               (seconds, -t)  unlimited
file size           (512-blocks, -f)  unlimited
data seg size           (kbytes, -d)  33554432
stack size              (kbytes, -s)  524288
core file size      (512-blocks, -c)  unlimited
max memory size         (kbytes, -m)  unlimited
locked memory           (kbytes, -l)  unlimited
max user processes              (-u)  34304
open files                      (-n)  8192
virtual mem size        (kbytes, -v)  unlimited
swap limit              (kbytes, -w)  unlimited
socket buffer size       (bytes, -b)  unlimited
pseudo-terminals                (-p)  unlimited
kqueues                         (-k)  unlimited
umtx shared locks               (-o)  unlimited
--End resource limits--
=======================<phase: check-sanity   >============================
===== env: NO_DEPENDS=yes USER=root UID=0 GID=0
===>  License MIT accepted by the user
===========================================================================
=======================<phase: pkg-depends    >============================
===== env: USE_PACKAGE_DEPENDS_ONLY=1 USER=root UID=0 GID=0
===>   jsoncpp-1.9.5 depends on file: /usr/local/sbin/pkg - not found
===>   Installing existing package /packages/All/pkg-1.21.1.pkg
[140-rel-default-job-01] Installing pkg-1.21.1...
[140-rel-default-job-01] Extracting pkg-1.21.1: .......... done
===>   jsoncpp-1.9.5 depends on file: /usr/local/sbin/pkg - found
===>   Returning to build of jsoncpp-1.9.5
===========================================================================
=======================<phase: fetch-depends  >============================
===== env: USE_PACKAGE_DEPENDS_ONLY=1 USER=root UID=0 GID=0
===========================================================================
=======================<phase: fetch          >============================
===== env: NO_DEPENDS=yes USER=root UID=0 GID=0
===>  License MIT accepted by the user
=> open-source-parsers-jsoncpp-1.9.5_GH0.tar.gz doesn't seem to exist in /portdistfiles/.
=> Attempting to fetch https://codeload.github.com/open-source-parsers/jsoncpp/tar.gz/1.9.5?dummy=/open-source-parsers-jsoncpp-1.9.5_GH0.tar.gz
fetch: https://codeload.github.com/open-source-parsers/jsoncpp/tar.gz/1.9.5?dummy=/open-source-parsers-jsoncpp-1.9.5_GH0.tar.gz: size unknown
fetch: https://codeload.github.com/open-source-parsers/jsoncpp/tar.gz/1.9.5?dummy=/open-source-parsers-jsoncpp-1.9.5_GH0.tar.gz: size of remote file is not known
open-source-parsers-jsoncpp-1.9.5_GH0.tar.gz           210 kB 1398 kBps    00s
===> Fetching all distfiles required by jsoncpp-1.9.5 for building
===========================================================================
=======================<phase: checksum       >============================
===== env: NO_DEPENDS=yes USER=root UID=0 GID=0
===>  License MIT accepted by the user
===> Fetching all distfiles required by jsoncpp-1.9.5 for building
=> SHA256 Checksum OK for open-source-parsers-jsoncpp-1.9.5_GH0.tar.gz.
===========================================================================
=======================<phase: extract-depends>============================
===== env: USE_PACKAGE_DEPENDS_ONLY=1 USER=root UID=0 GID=0
===========================================================================
=======================<phase: extract        >============================
===== env: NO_DEPENDS=yes USER=root UID=0 GID=0
===>  License MIT accepted by the user
===> Fetching all distfiles required by jsoncpp-1.9.5 for building
===>  Extracting for jsoncpp-1.9.5
=> SHA256 Checksum OK for open-source-parsers-jsoncpp-1.9.5_GH0.tar.gz.
===========================================================================
=======================<phase: patch-depends  >============================
===== env: USE_PACKAGE_DEPENDS_ONLY=1 USER=root UID=0 GID=0
===========================================================================
=======================<phase: patch          >============================
===== env: NO_DEPENDS=yes USER=root UID=0 GID=0
===>  Patching for jsoncpp-1.9.5
===========================================================================
=======================<phase: build-depends  >============================
===== env: USE_PACKAGE_DEPENDS_ONLY=1 USER=root UID=0 GID=0
===>   jsoncpp-1.9.5 depends on executable: meson - not found
===>   Installing existing package /packages/All/meson-1.4.0.pkg
[140-rel-default-job-01] Installing meson-1.4.0...
[140-rel-default-job-01] `-- Installing ninja-1.11.1,2...
[140-rel-default-job-01] |   `-- Installing python39-3.9.18_2...
[140-rel-default-job-01] |   | `-- Installing gettext-runtime-0.22.5...
[140-rel-default-job-01] |   |   `-- Installing indexinfo-0.3.1...
[140-rel-default-job-01] |   |   `-- Extracting indexinfo-0.3.1: .... done
[140-rel-default-job-01] |   | `-- Extracting gettext-runtime-0.22.5: .......... done
[140-rel-default-job-01] |   | `-- Installing libffi-3.4.4_1...
[140-rel-default-job-01] |   | `-- Extracting libffi-3.4.4_1: .......... done
[140-rel-default-job-01] |   | `-- Installing mpdecimal-4.0.0...
[140-rel-default-job-01] |   | `-- Extracting mpdecimal-4.0.0: .......... done
[140-rel-default-job-01] |   | `-- Installing readline-8.2.10...
[140-rel-default-job-01] |   | `-- Extracting readline-8.2.10: .......... done
[140-rel-default-job-01] |   `-- Extracting python39-3.9.18_2: .......... done
[140-rel-default-job-01] `-- Extracting ninja-1.11.1,2: ........ done
[140-rel-default-job-01] Extracting meson-1.4.0: .......... done
=====
Message from python39-3.9.18_2:

--
Note that some standard Python modules are provided as separate ports
as they require additional dependencies. They are available as:

py39-gdbm       databases/py-gdbm@py39
py39-sqlite3    databases/py-sqlite3@py39
py39-tkinter    x11-toolkits/py-tkinter@py39
===>   jsoncpp-1.9.5 depends on executable: meson - found
===>   Returning to build of jsoncpp-1.9.5
===>   jsoncpp-1.9.5 depends on executable: ninja - found
===>   jsoncpp-1.9.5 depends on package: pkgconf>=1.3.0_1 - not found
===>   Installing existing package /packages/All/pkgconf-2.2.0,1.pkg
[140-rel-default-job-01] Installing pkgconf-2.2.0,1...
[140-rel-default-job-01] Extracting pkgconf-2.2.0,1: .......... done
===>   jsoncpp-1.9.5 depends on package: pkgconf>=1.3.0_1 - found
===>   Returning to build of jsoncpp-1.9.5
===>   jsoncpp-1.9.5 depends on file: /usr/local/bin/python3.9 - found
===>   jsoncpp-1.9.5 depends on file: /usr/local/bin/ccache - not found
===>   Installing existing package /packages/All/ccache-3.7.12_6.pkg
[140-rel-default-job-01] Installing ccache-3.7.12_6...
[140-rel-default-job-01] Extracting ccache-3.7.12_6: .......... done
Create compiler links...
create symlink for cc
create symlink for cc (world)
create symlink for c++
create symlink for c++ (world)
create symlink for CC
create symlink for CC (world)
create symlink for clang
create symlink for clang (world)
create symlink for clang++
create symlink for clang++ (world)
=====
Message from ccache-3.7.12_6:

--
NOTE:
Please read /usr/local/share/doc/ccache/ccache-howto-freebsd.txt for
information on using ccache with FreeBSD ports and src.
===>   jsoncpp-1.9.5 depends on file: /usr/local/bin/ccache - found
===>   Returning to build of jsoncpp-1.9.5
===========================================================================
=======================<phase: lib-depends    >============================
===== env: USE_PACKAGE_DEPENDS_ONLY=1 USER=root UID=0 GID=0
===========================================================================
=======================<phase: configure      >============================
===== env: NO_DEPENDS=yes USER=root UID=0 GID=0
===>  Configuring for jsoncpp-1.9.5
WARNING: Recommend using either -Dbuildtype or -Doptimization + -Ddebug. Using both is redundant since they override each other. See: https://mesonbuild.com/Builtin-options.html#build-type-options
The Meson build system
Version: 1.4.0
Source dir: /wrkdirs/usr/ports/devel/jsoncpp/work/jsoncpp-1.9.5
Build dir: /wrkdirs/usr/ports/devel/jsoncpp/work/jsoncpp-1.9.5/_build
Build type: native build
Project name: jsoncpp
Project version: 1.9.4
C++ compiler for the host machine: c++ (clang 16.0.6 "FreeBSD clang version 16.0.6 (https://github.com/llvm/llvm-project.git llvmorg-16.0.6-0-g7cbf1a259152)")
C++ linker for the host machine: c++ ld.lld 16.0.6
Host machine cpu family: x86_64
Host machine cpu: x86_64
Found pkg-config: YES (/usr/local/bin/pkgconf) 2.2.0
Program python3 found: YES (/usr/local/bin/python3.9)
Build targets in project: 4

jsoncpp 1.9.4

  User defined options
    auto_features     : enabled
    buildtype         : release
    default_library   : both
    infodir           : share/info
    optimization      : plain
    prefix            : /usr/local
    strip             : true
    python.bytecompile: -1
    b_colorout        : never

Found ninja-1.11.1 at /usr/local/bin/ninja
WARNING: Running the setup command as `meson [options]` instead of `meson setup [options]` is ambiguous and deprecated.
===========================================================================
=======================<phase: build          >============================
===== env: NO_DEPENDS=yes USER=root UID=0 GID=0
===>  Building for jsoncpp-1.9.5
[  8% 7/12] c++ -Ijsoncpp_test.p -I. -I.. -I../include -fdiagnostics-color=never -D_GLIBCXX_ASSERTIONS=1 -D_LIBCPP_ENABLE_ASSERTIONS=1 -D_FILE_OFFSET_BITS=64 -Wall -Winvalid-pch -std=c++11 -O2 -pipe -fno-strict-aliasing -MD -MQ jsoncpp_test.p/src_test_lib_json_fuzz.cpp.o -MF jsoncpp_test.p/src_test_lib_json_fuzz.cpp.o.d -o jsoncpp_test.p/src_test_lib_json_fuzz.cpp.o -c ../src/test_lib_json/fuzz.cpp
[ 16% 7/12] c++ -Ijsontestrunner.p -I. -I.. -I../include -fdiagnostics-color=never -D_GLIBCXX_ASSERTIONS=1 -D_LIBCPP_ENABLE_ASSERTIONS=1 -D_FILE_OFFSET_BITS=64 -Wall -Winvalid-pch -std=c++11 -O2 -pipe -fno-strict-aliasing -MD -MQ jsontestrunner.p/src_jsontestrunner_main.cpp.o -MF jsontestrunner.p/src_jsontestrunner_main.cpp.o.d -o jsontestrunner.p/src_jsontestrunner_main.cpp.o -c ../src/jsontestrunner/main.cpp
[ 25% 7/12] c++ -Ijsoncpp_test.p -I. -I.. -I../include -fdiagnostics-color=never -D_GLIBCXX_ASSERTIONS=1 -D_LIBCPP_ENABLE_ASSERTIONS=1 -D_FILE_OFFSET_BITS=64 -Wall -Winvalid-pch -std=c++11 -O2 -pipe -fno-strict-aliasing -MD -MQ jsoncpp_test.p/src_test_lib_json_jsontest.cpp.o -MF jsoncpp_test.p/src_test_lib_json_jsontest.cpp.o.d -o jsoncpp_test.p/src_test_lib_json_jsontest.cpp.o -c ../src/test_lib_json/jsontest.cpp
[ 33% 7/12] c++ -Ilibjsoncpp.so.25.p -I. -I.. -I../include -fdiagnostics-color=never -D_GLIBCXX_ASSERTIONS=1 -D_LIBCPP_ENABLE_ASSERTIONS=1 -D_FILE_OFFSET_BITS=64 -Wall -Winvalid-pch -std=c++11 -O2 -pipe -fno-strict-aliasing -fPIC -MD -MQ libjsoncpp.so.25.p/src_lib_json_json_writer.cpp.o -MF libjsoncpp.so.25.p/src_lib_json_json_writer.cpp.o.d -o libjsoncpp.so.25.p/src_lib_json_json_writer.cpp.o -c ../src/lib_json/json_writer.cpp
[ 41% 7/12] c++ -Ilibjsoncpp.so.25.p -I. -I.. -I../include -fdiagnostics-color=never -D_GLIBCXX_ASSERTIONS=1 -D_LIBCPP_ENABLE_ASSERTIONS=1 -D_FILE_OFFSET_BITS=64 -Wall -Winvalid-pch -std=c++11 -O2 -pipe -fno-strict-aliasing -fPIC -MD -MQ libjsoncpp.so.25.p/src_lib_json_json_value.cpp.o -MF libjsoncpp.so.25.p/src_lib_json_json_value.cpp.o.d -o libjsoncpp.so.25.p/src_lib_json_json_value.cpp.o -c ../src/lib_json/json_value.cpp
[ 50% 7/12] c++ -Ilibjsoncpp.so.25.p -I. -I.. -I../include -fdiagnostics-color=never -D_GLIBCXX_ASSERTIONS=1 -D_LIBCPP_ENABLE_ASSERTIONS=1 -D_FILE_OFFSET_BITS=64 -Wall -Winvalid-pch -std=c++11 -O2 -pipe -fno-strict-aliasing -fPIC -MD -MQ libjsoncpp.so.25.p/src_lib_json_json_reader.cpp.o -MF libjsoncpp.so.25.p/src_lib_json_json_reader.cpp.o.d -o libjsoncpp.so.25.p/src_lib_json_json_reader.cpp.o -c ../src/lib_json/json_reader.cpp
[ 58% 9/12] rm -f libjsoncpp.a && llvm-ar csrD libjsoncpp.a libjsoncpp.so.25.p/src_lib_json_json_reader.cpp.o libjsoncpp.so.25.p/src_lib_json_json_value.cpp.o libjsoncpp.so.25.p/src_lib_json_json_writer.cpp.o
[ 66% 9/12] c++  -o libjsoncpp.so.25 libjsoncpp.so.25.p/src_lib_json_json_reader.cpp.o libjsoncpp.so.25.p/src_lib_json_json_value.cpp.o libjsoncpp.so.25.p/src_lib_json_json_writer.cpp.o -Wl,--as-needed -Wl,--no-undefined -shared -fPIC -Wl,-soname,libjsoncpp.so.25 -O2 -pipe -fno-strict-aliasing
[ 75% 10/12] /usr/local/bin/meson --internal symbolextractor /wrkdirs/usr/ports/devel/jsoncpp/work/jsoncpp-1.9.5/_build libjsoncpp.so.25 libjsoncpp.so.25 libjsoncpp.so.25.p/libjsoncpp.so.25.symbols 
[ 83% 11/12] c++  -o jsontestrunner jsontestrunner.p/src_jsontestrunner_main.cpp.o -Wl,--as-needed -Wl,--no-undefined -O2 -pipe -fno-strict-aliasing '-Wl,-rpath,$ORIGIN/' -Wl,-rpath-link,/wrkdirs/usr/ports/devel/jsoncpp/work/jsoncpp-1.9.5/_build/ libjsoncpp.so.25
[ 91% 11/12] c++ -Ijsoncpp_test.p -I. -I.. -I../include -fdiagnostics-color=never -D_GLIBCXX_ASSERTIONS=1 -D_LIBCPP_ENABLE_ASSERTIONS=1 -D_FILE_OFFSET_BITS=64 -Wall -Winvalid-pch -std=c++11 -O2 -pipe -fno-strict-aliasing -MD -MQ jsoncpp_test.p/src_test_lib_json_main.cpp.o -MF jsoncpp_test.p/src_test_lib_json_main.cpp.o.d -o jsoncpp_test.p/src_test_lib_json_main.cpp.o -c ../src/test_lib_json/main.cpp
[100% 12/12] c++  -o jsoncpp_test jsoncpp_test.p/src_test_lib_json_jsontest.cpp.o jsoncpp_test.p/src_test_lib_json_main.cpp.o jsoncpp_test.p/src_test_lib_json_fuzz.cpp.o -Wl,--as-needed -Wl,--no-undefined -O2 -pipe -fno-strict-aliasing '-Wl,-rpath,$ORIGIN/' -Wl,-rpath-link,/wrkdirs/usr/ports/devel/jsoncpp/work/jsoncpp-1.9.5/_build/ libjsoncpp.so.25
===========================================================================
=======================<phase: run-depends    >============================
===== env: USE_PACKAGE_DEPENDS_ONLY=1 USER=root UID=0 GID=0
===========================================================================
=======================<phase: stage          >============================
===== env: NO_DEPENDS=yes USER=root UID=0 GID=0
===>  Staging for jsoncpp-1.9.5
===>   Generating temporary packing list
[  0% 1/1] /usr/local/bin/meson install --no-rebuild
Installing libjsoncpp.so.25 to /wrkdirs/usr/ports/devel/jsoncpp/work/stage/usr/local/lib
Stripping target 'libjsoncpp.so.25'.
Installing libjsoncpp.a to /wrkdirs/usr/ports/devel/jsoncpp/work/stage/usr/local/lib
Installing /wrkdirs/usr/ports/devel/jsoncpp/work/jsoncpp-1.9.5/include/json/allocator.h to /wrkdirs/usr/ports/devel/jsoncpp/work/stage/usr/local/include/json
Installing /wrkdirs/usr/ports/devel/jsoncpp/work/jsoncpp-1.9.5/include/json/assertions.h to /wrkdirs/usr/ports/devel/jsoncpp/work/stage/usr/local/include/json
Installing /wrkdirs/usr/ports/devel/jsoncpp/work/jsoncpp-1.9.5/include/json/config.h to /wrkdirs/usr/ports/devel/jsoncpp/work/stage/usr/local/include/json
Installing /wrkdirs/usr/ports/devel/jsoncpp/work/jsoncpp-1.9.5/include/json/json_features.h to /wrkdirs/usr/ports/devel/jsoncpp/work/stage/usr/local/include/json
Installing /wrkdirs/usr/ports/devel/jsoncpp/work/jsoncpp-1.9.5/include/json/forwards.h to /wrkdirs/usr/ports/devel/jsoncpp/work/stage/usr/local/include/json
Installing /wrkdirs/usr/ports/devel/jsoncpp/work/jsoncpp-1.9.5/include/json/json.h to /wrkdirs/usr/ports/devel/jsoncpp/work/stage/usr/local/include/json
Installing /wrkdirs/usr/ports/devel/jsoncpp/work/jsoncpp-1.9.5/include/json/reader.h to /wrkdirs/usr/ports/devel/jsoncpp/work/stage/usr/local/include/json
Installing /wrkdirs/usr/ports/devel/jsoncpp/work/jsoncpp-1.9.5/include/json/value.h to /wrkdirs/usr/ports/devel/jsoncpp/work/stage/usr/local/include/json
Installing /wrkdirs/usr/ports/devel/jsoncpp/work/jsoncpp-1.9.5/include/json/version.h to /wrkdirs/usr/ports/devel/jsoncpp/work/stage/usr/local/include/json
Installing /wrkdirs/usr/ports/devel/jsoncpp/work/jsoncpp-1.9.5/include/json/writer.h to /wrkdirs/usr/ports/devel/jsoncpp/work/stage/usr/local/include/json
Installing /wrkdirs/usr/ports/devel/jsoncpp/work/jsoncpp-1.9.5/_build/meson-private/jsoncpp.pc to /wrkdirs/usr/ports/devel/jsoncpp/work/stage/usr/local/libdata/pkgconfig
Installing symlink pointing to libjsoncpp.so.25 to /wrkdirs/usr/ports/devel/jsoncpp/work/stage/usr/local/lib/libjsoncpp.so
====> Compressing man pages (compress-man)
===========================================================================
=======================<phase: package        >============================
===== env: 'PKG_NOTES=build_timestamp ports_top_git_hash ports_top_checkout_unclean port_git_hash port_checkout_unclean built_by' 'PKG_NOTE_build_timestamp=2024-04-13T03:03:26+0000' 'PKG_NOTE_ports_top_git_hash=240e33cee' 'PKG_NOTE_ports_top_checkout_unclean=yes' 'PKG_NOTE_port_git_hash=240e33cee' 'PKG_NOTE_port_checkout_unclean=no' 'PKG_NOTE_built_by=poudriere-git-3.4.1_1' NO_DEPENDS=yes USER=root UID=0 GID=0
===>  Building packages for jsoncpp-1.9.5
===>   Building jsoncpp-1.9.5
===========================================================================
=>> Cleaning up wrkdir
===>  Cleaning for jsoncpp-1.9.5
build of devel/jsoncpp | jsoncpp-1.9.5 ended at Fri Apr 12 23:03:33 EDT 2024
build time: 00:00:07
