=>> Building devel/libcjson
build started at Fri Apr 12 23:05:26 EDT 2024
port directory: /usr/ports/devel/libcjson
package name: libcjson-1.7.17
building for: FreeBSD 140-rel-default-job-01 14.0-RELEASE-p6 FreeBSD 14.0-RELEASE-p6 amd64
maintained by: sunpoet@FreeBSD.org
Makefile datestamp: -rw-r--r--  1 root wheel 779 Apr 13 02:10 /usr/ports/devel/libcjson/Makefile
Ports top last git commit: 240e33cee
Ports top unclean checkout: yes
Port dir last git commit: 240e33cee
Port dir unclean checkout: no
Poudriere version: poudriere-git-3.4.1_1
Host OSVERSION: 1400097
Jail OSVERSION: 1400097
Job Id: 01

---Begin Environment---
SHELL=/bin/sh
OSVERSION=1400097
UNAME_v=FreeBSD 14.0-RELEASE-p6
UNAME_r=14.0-RELEASE-p6
BLOCKSIZE=K
MAIL=/var/mail/root
MM_CHARSET=UTF-8
LANG=C.UTF-8
STATUS=1
HOME=/root
PATH=/sbin:/bin:/usr/sbin:/usr/bin:/usr/local/sbin:/usr/local/bin:/root/bin
MAKE_OBJDIR_CHECK_WRITABLE=0
LOCALBASE=/usr/local
USER=root
POUDRIERE_NAME=poudriere-git
LIBEXECPREFIX=/usr/local/libexec/poudriere
POUDRIERE_VERSION=3.4.1_1
MASTERMNT=/usr/local/poudriere/data/.m/140-rel-default/ref
LC_COLLATE=C
POUDRIERE_BUILD_TYPE=bulk
PACKAGE_BUILDING=yes
SAVED_TERM=xterm-256color
OUTPUT_REDIRECTED_STDERR=4
OUTPUT_REDIRECTED=1
PWD=/usr/local/poudriere/data/.m/140-rel-default/01/.p
OUTPUT_REDIRECTED_STDOUT=3
P_PORTS_FEATURES=FLAVORS SUBPACKAGES SELECTED_OPTIONS
MASTERNAME=140-rel-default
SCRIPTPREFIX=/usr/local/share/poudriere
SCRIPTNAME=bulk.sh
OLDPWD=/usr/local/poudriere/data/.m/140-rel-default/ref/.p/pool
POUDRIERE_PKGNAME=poudriere-git-3.4.1_1
SCRIPTPATH=/usr/local/share/poudriere/bulk.sh
POUDRIEREPATH=/usr/local/bin/poudriere
---End Environment---

---Begin Poudriere Port Flags/Env---
PORT_FLAGS=
PKGENV=
FLAVOR=
MAKE_ARGS=
---End Poudriere Port Flags/Env---

---Begin OPTIONS List---
---End OPTIONS List---

--MAINTAINER--
sunpoet@FreeBSD.org
--End MAINTAINER--

--CONFIGURE_ARGS--

--End CONFIGURE_ARGS--

--CONFIGURE_ENV--
XDG_DATA_HOME=/wrkdirs/usr/ports/devel/libcjson/work  XDG_CONFIG_HOME=/wrkdirs/usr/ports/devel/libcjson/work  XDG_CACHE_HOME=/wrkdirs/usr/ports/devel/libcjson/work/.cache  HOME=/wrkdirs/usr/ports/devel/libcjson/work TMPDIR="/tmp" PATH=/wrkdirs/usr/ports/devel/libcjson/work/.bin:/sbin:/bin:/usr/sbin:/usr/bin:/usr/local/sbin:/usr/local/bin:/root/bin PKG_CONFIG_LIBDIR=/wrkdirs/usr/ports/devel/libcjson/work/.pkgconfig:/usr/local/libdata/pkgconfig:/usr/local/share/pkgconfig:/usr/libdata/pkgconfig SHELL=/bin/sh CONFIG_SHELL=/bin/sh
--End CONFIGURE_ENV--

--MAKE_ENV--
NINJA_STATUS="[%p %s/%t] " XDG_DATA_HOME=/wrkdirs/usr/ports/devel/libcjson/work  XDG_CONFIG_HOME=/wrkdirs/usr/ports/devel/libcjson/work  XDG_CACHE_HOME=/wrkdirs/usr/ports/devel/libcjson/work/.cache  HOME=/wrkdirs/usr/ports/devel/libcjson/work TMPDIR="/tmp" PATH=/wrkdirs/usr/ports/devel/libcjson/work/.bin:/sbin:/bin:/usr/sbin:/usr/bin:/usr/local/sbin:/usr/local/bin:/root/bin PKG_CONFIG_LIBDIR=/wrkdirs/usr/ports/devel/libcjson/work/.pkgconfig:/usr/local/libdata/pkgconfig:/usr/local/share/pkgconfig:/usr/libdata/pkgconfig MK_DEBUG_FILES=no MK_KERNEL_SYMBOLS=no SHELL=/bin/sh NO_LINT=YES DESTDIR=/wrkdirs/usr/ports/devel/libcjson/work/stage PREFIX=/usr/local  LOCALBASE=/usr/local  CC="cc" CFLAGS="-O2 -pipe  -fno-strict-aliasing -std=c11 "  CPP="cpp" CPPFLAGS=""  LDFLAGS=" " LIBS=""  CXX="c++" CXXFLAGS="-O2 -pipe -fno-strict-aliasing  " BSD_INSTALL_PROGRAM="install  -s -m 555"  BSD_INSTALL_LIB="install  -s -m 0644"  BSD_INSTALL_SCRIPT="install  -m 555"  BSD_INSTALL_DATA="install  -m 0644"  BSD_INSTALL_MAN="install  -m 444"
--End MAKE_ENV--

--PLIST_SUB--
PORTVERSION=1.7.17 CMAKE_BUILD_TYPE="release" OSREL=14.0 PREFIX=%D LOCALBASE=/usr/local  RESETPREFIX=/usr/local LIB32DIR=lib DOCSDIR="share/doc/libcjson"  EXAMPLESDIR="share/examples/libcjson"  DATADIR="share/libcjson"  WWWDIR="www/libcjson"  ETCDIR="etc/libcjson"
--End PLIST_SUB--

--SUB_LIST--
PREFIX=/usr/local LOCALBASE=/usr/local  DATADIR=/usr/local/share/libcjson DOCSDIR=/usr/local/share/doc/libcjson EXAMPLESDIR=/usr/local/share/examples/libcjson  WWWDIR=/usr/local/www/libcjson ETCDIR=/usr/local/etc/libcjson
--End SUB_LIST--

---Begin make.conf---
USE_PACKAGE_DEPENDS=yes
BATCH=yes
WRKDIRPREFIX=/wrkdirs
PORTSDIR=/usr/ports
PACKAGES=/packages
DISTDIR=/distfiles
FORCE_PACKAGE=yes
PACKAGE_BUILDING=yes
PACKAGE_BUILDING_FLAVORS=yes
WITH_CCACHE_BUILD=yes
CCACHE_DIR=/root/.ccache
#### Misc Poudriere ####
.include "/etc/make.conf.ports_env"
GID=0
UID=0
---End make.conf---
--Resource limits--
cpu time               (seconds, -t)  unlimited
file size           (512-blocks, -f)  unlimited
data seg size           (kbytes, -d)  33554432
stack size              (kbytes, -s)  524288
core file size      (512-blocks, -c)  unlimited
max memory size         (kbytes, -m)  unlimited
locked memory           (kbytes, -l)  unlimited
max user processes              (-u)  34304
open files                      (-n)  8192
virtual mem size        (kbytes, -v)  unlimited
swap limit              (kbytes, -w)  unlimited
socket buffer size       (bytes, -b)  unlimited
pseudo-terminals                (-p)  unlimited
kqueues                         (-k)  unlimited
umtx shared locks               (-o)  unlimited
--End resource limits--
=======================<phase: check-sanity   >============================
===== env: NO_DEPENDS=yes USER=root UID=0 GID=0
===>  License MIT accepted by the user
===========================================================================
=======================<phase: pkg-depends    >============================
===== env: USE_PACKAGE_DEPENDS_ONLY=1 USER=root UID=0 GID=0
===>   libcjson-1.7.17 depends on file: /usr/local/sbin/pkg - not found
===>   Installing existing package /packages/All/pkg-1.21.1.pkg
[140-rel-default-job-01] Installing pkg-1.21.1...
[140-rel-default-job-01] Extracting pkg-1.21.1: .......... done
===>   libcjson-1.7.17 depends on file: /usr/local/sbin/pkg - found
===>   Returning to build of libcjson-1.7.17
===========================================================================
=======================<phase: fetch-depends  >============================
===== env: USE_PACKAGE_DEPENDS_ONLY=1 USER=root UID=0 GID=0
===========================================================================
=======================<phase: fetch          >============================
===== env: NO_DEPENDS=yes USER=root UID=0 GID=0
===>  License MIT accepted by the user
=> DaveGamble-cJSON-v1.7.17_GH0.tar.gz doesn't seem to exist in /portdistfiles/.
=> Attempting to fetch https://codeload.github.com/DaveGamble/cJSON/tar.gz/v1.7.17?dummy=/DaveGamble-cJSON-v1.7.17_GH0.tar.gz
fetch: https://codeload.github.com/DaveGamble/cJSON/tar.gz/v1.7.17?dummy=/DaveGamble-cJSON-v1.7.17_GH0.tar.gz: size unknown
fetch: https://codeload.github.com/DaveGamble/cJSON/tar.gz/v1.7.17?dummy=/DaveGamble-cJSON-v1.7.17_GH0.tar.gz: size of remote file is not known
DaveGamble-cJSON-v1.7.17_GH0.tar.gz                    345 kB 2069 kBps    00s
===> Fetching all distfiles required by libcjson-1.7.17 for building
===========================================================================
=======================<phase: checksum       >============================
===== env: NO_DEPENDS=yes USER=root UID=0 GID=0
===>  License MIT accepted by the user
===> Fetching all distfiles required by libcjson-1.7.17 for building
=> SHA256 Checksum OK for DaveGamble-cJSON-v1.7.17_GH0.tar.gz.
===========================================================================
=======================<phase: extract-depends>============================
===== env: USE_PACKAGE_DEPENDS_ONLY=1 USER=root UID=0 GID=0
===========================================================================
=======================<phase: extract        >============================
===== env: NO_DEPENDS=yes USER=root UID=0 GID=0
===>  License MIT accepted by the user
===> Fetching all distfiles required by libcjson-1.7.17 for building
===>  Extracting for libcjson-1.7.17
=> SHA256 Checksum OK for DaveGamble-cJSON-v1.7.17_GH0.tar.gz.
===========================================================================
=======================<phase: patch-depends  >============================
===== env: USE_PACKAGE_DEPENDS_ONLY=1 USER=root UID=0 GID=0
===========================================================================
=======================<phase: patch          >============================
===== env: NO_DEPENDS=yes USER=root UID=0 GID=0
===>  Patching for libcjson-1.7.17
===========================================================================
=======================<phase: build-depends  >============================
===== env: USE_PACKAGE_DEPENDS_ONLY=1 USER=root UID=0 GID=0
===>   libcjson-1.7.17 depends on file: /usr/local/bin/cmake - not found
===>   Installing existing package /packages/All/cmake-core-3.28.3.pkg
[140-rel-default-job-01] Installing cmake-core-3.28.3...
[140-rel-default-job-01] `-- Installing expat-2.6.2...
[140-rel-default-job-01] `-- Extracting expat-2.6.2: .......... done
[140-rel-default-job-01] `-- Installing jsoncpp-1.9.5...
[140-rel-default-job-01] `-- Extracting jsoncpp-1.9.5: .......... done
[140-rel-default-job-01] `-- Installing libuv-1.48.0...
[140-rel-default-job-01] `-- Extracting libuv-1.48.0: .......... done
[140-rel-default-job-01] `-- Installing rhash-1.4.4_1...
[140-rel-default-job-01] |   `-- Installing gettext-runtime-0.22.5...
[140-rel-default-job-01] |   | `-- Installing indexinfo-0.3.1...
[140-rel-default-job-01] |   | `-- Extracting indexinfo-0.3.1: .... done
[140-rel-default-job-01] |   `-- Extracting gettext-runtime-0.22.5: .......... done
[140-rel-default-job-01] `-- Extracting rhash-1.4.4_1: .......... done
[140-rel-default-job-01] Extracting cmake-core-3.28.3: .......... done
===>   libcjson-1.7.17 depends on file: /usr/local/bin/cmake - found
===>   Returning to build of libcjson-1.7.17
===>   libcjson-1.7.17 depends on executable: ninja - not found
===>   Installing existing package /packages/All/ninja-1.11.1,2.pkg
[140-rel-default-job-01] Installing ninja-1.11.1,2...
[140-rel-default-job-01] `-- Installing python39-3.9.18_2...
[140-rel-default-job-01] |   `-- Installing libffi-3.4.4_1...
[140-rel-default-job-01] |   `-- Extracting libffi-3.4.4_1: .......... done
[140-rel-default-job-01] |   `-- Installing mpdecimal-4.0.0...
[140-rel-default-job-01] |   `-- Extracting mpdecimal-4.0.0: .......... done
[140-rel-default-job-01] |   `-- Installing readline-8.2.10...
[140-rel-default-job-01] |   `-- Extracting readline-8.2.10: .......... done
[140-rel-default-job-01] `-- Extracting python39-3.9.18_2: .......... done
[140-rel-default-job-01] Extracting ninja-1.11.1,2: ........ done
=====
Message from python39-3.9.18_2:

--
Note that some standard Python modules are provided as separate ports
as they require additional dependencies. They are available as:

py39-gdbm       databases/py-gdbm@py39
py39-sqlite3    databases/py-sqlite3@py39
py39-tkinter    x11-toolkits/py-tkinter@py39
===>   libcjson-1.7.17 depends on executable: ninja - found
===>   Returning to build of libcjson-1.7.17
===>   libcjson-1.7.17 depends on file: /usr/local/bin/ccache - not found
===>   Installing existing package /packages/All/ccache-3.7.12_6.pkg
[140-rel-default-job-01] Installing ccache-3.7.12_6...
[140-rel-default-job-01] Extracting ccache-3.7.12_6: .......... done
Create compiler links...
create symlink for cc
create symlink for cc (world)
create symlink for c++
create symlink for c++ (world)
create symlink for CC
create symlink for CC (world)
create symlink for clang
create symlink for clang (world)
create symlink for clang++
create symlink for clang++ (world)
=====
Message from ccache-3.7.12_6:

--
NOTE:
Please read /usr/local/share/doc/ccache/ccache-howto-freebsd.txt for
information on using ccache with FreeBSD ports and src.
===>   libcjson-1.7.17 depends on file: /usr/local/bin/ccache - found
===>   Returning to build of libcjson-1.7.17
===========================================================================
=======================<phase: lib-depends    >============================
===== env: USE_PACKAGE_DEPENDS_ONLY=1 USER=root UID=0 GID=0
===========================================================================
=======================<phase: configure      >============================
===== env: NO_DEPENDS=yes USER=root UID=0 GID=0
===>  Configuring for libcjson-1.7.17
===>  Performing out-of-source build
/bin/mkdir -p /wrkdirs/usr/ports/devel/libcjson/work/.build
CMake Deprecation Warning at CMakeLists.txt:2 (cmake_minimum_required):
  Compatibility with CMake < 3.5 will be removed from a future version of
  CMake.

  Update the VERSION argument <min> value or use a ...<max> suffix to tell
  CMake that the project does not need compatibility with older versions.


-- The C compiler identification is Clang 16.0.6
-- Detecting C compiler ABI info
-- Detecting C compiler ABI info - done
-- Check for working C compiler: /usr/local/libexec/ccache/cc - skipped
-- Detecting C compile features
-- Detecting C compile features - done
-- Performing Test FLAG_SUPPORTED_fvisibilityhidden
-- Performing Test FLAG_SUPPORTED_fvisibilityhidden - Success
-- Configuring done (0.3s)
-- Generating done (0.0s)
CMake Warning:
  Manually-specified variables were not used by the project:

    CMAKE_COLOR_MAKEFILE
    CMAKE_CXX_COMPILER
    CMAKE_CXX_FLAGS
    CMAKE_CXX_FLAGS_DEBUG
    CMAKE_CXX_FLAGS_RELEASE
    CMAKE_C_FLAGS_DEBUG
    CMAKE_EXE_LINKER_FLAGS
    CMAKE_MODULE_LINKER_FLAGS
    CMAKE_VERBOSE_MAKEFILE
    FETCHCONTENT_FULLY_DISCONNECTED
    THREADS_HAVE_PTHREAD_ARG


-- Build files have been written to: /wrkdirs/usr/ports/devel/libcjson/work/.build
===========================================================================
=======================<phase: build          >============================
===== env: NO_DEPENDS=yes USER=root UID=0 GID=0
===>  Building for libcjson-1.7.17
[ 10% 4/10] /usr/local/libexec/ccache/cc -DCJSON_API_VISIBILITY -DCJSON_EXPORT_SYMBOLS -DENABLE_LOCALES -Dcjson_utils_EXPORTS  -O2 -pipe  -fno-strict-aliasing -std=c11 -fvisibility=hidden  -O2 -pipe  -fno-strict-aliasing -std=c11  -DNDEBUG -fPIC -MD -MT CMakeFiles/cjson_utils.dir/cJSON_Utils.c.o -MF CMakeFiles/cjson_utils.dir/cJSON_Utils.c.o.d -o CMakeFiles/cjson_utils.dir/cJSON_Utils.c.o -c /wrkdirs/usr/ports/devel/libcjson/work/cJSON-1.7.17/cJSON_Utils.c
[ 20% 4/10] /usr/local/libexec/ccache/cc -DCJSON_API_VISIBILITY -DCJSON_EXPORT_SYMBOLS -DENABLE_LOCALES  -O2 -pipe  -fno-strict-aliasing -std=c11 -fvisibility=hidden  -O2 -pipe  -fno-strict-aliasing -std=c11  -DNDEBUG -MD -MT CMakeFiles/cjson_utils-static.dir/cJSON_Utils.c.o -MF CMakeFiles/cjson_utils-static.dir/cJSON_Utils.c.o.d -o CMakeFiles/cjson_utils-static.dir/cJSON_Utils.c.o -c /wrkdirs/usr/ports/devel/libcjson/work/cJSON-1.7.17/cJSON_Utils.c
[ 30% 4/10] /usr/local/libexec/ccache/cc -DCJSON_API_VISIBILITY -DCJSON_EXPORT_SYMBOLS -DENABLE_LOCALES -Dcjson_EXPORTS  -O2 -pipe  -fno-strict-aliasing -std=c11 -fvisibility=hidden  -O2 -pipe  -fno-strict-aliasing -std=c11  -DNDEBUG -fPIC -MD -MT CMakeFiles/cjson.dir/cJSON.c.o -MF CMakeFiles/cjson.dir/cJSON.c.o.d -o CMakeFiles/cjson.dir/cJSON.c.o -c /wrkdirs/usr/ports/devel/libcjson/work/cJSON-1.7.17/cJSON.c
[ 40% 5/10] /usr/local/libexec/ccache/cc -DCJSON_API_VISIBILITY -DCJSON_EXPORT_SYMBOLS -DENABLE_LOCALES  -O2 -pipe  -fno-strict-aliasing -std=c11 -fvisibility=hidden  -O2 -pipe  -fno-strict-aliasing -std=c11  -DNDEBUG -MD -MT CMakeFiles/cjson-static.dir/cJSON.c.o -MF CMakeFiles/cjson-static.dir/cJSON.c.o.d -o CMakeFiles/cjson-static.dir/cJSON.c.o -c /wrkdirs/usr/ports/devel/libcjson/work/cJSON-1.7.17/cJSON.c
[ 50% 6/10] : && /usr/local/bin/cmake -E rm -f libcjson.a && /usr/bin/llvm-ar qc libcjson.a  CMakeFiles/cjson-static.dir/cJSON.c.o && /usr/bin/llvm-ranlib libcjson.a && :
[ 60% 7/10] : && /usr/local/libexec/ccache/cc -fPIC -O2 -pipe  -fno-strict-aliasing -std=c11 -fvisibility=hidden  -O2 -pipe  -fno-strict-aliasing -std=c11  -DNDEBUG   -shared -Wl,-soname,libcjson.so.1 -o libcjson.so.1.7.17 CMakeFiles/cjson.dir/cJSON.c.o  -lm && :
[ 70% 8/10] /usr/local/bin/cmake -E cmake_symlink_library libcjson.so.1.7.17  libcjson.so.1 libcjson.so && :
[ 80% 9/10] : && /usr/local/bin/cmake -E rm -f libcjson_utils.a && /usr/bin/llvm-ar qc libcjson_utils.a  CMakeFiles/cjson_utils-static.dir/cJSON_Utils.c.o && /usr/bin/llvm-ranlib libcjson_utils.a && :
[ 90% 9/10] : && /usr/local/libexec/ccache/cc -fPIC -O2 -pipe  -fno-strict-aliasing -std=c11 -fvisibility=hidden  -O2 -pipe  -fno-strict-aliasing -std=c11  -DNDEBUG   -shared -Wl,-soname,libcjson_utils.so.1 -o libcjson_utils.so.1.7.17 CMakeFiles/cjson_utils.dir/cJSON_Utils.c.o  -Wl,-rpath,/wrkdirs/usr/ports/devel/libcjson/work/.build:  libcjson.so.1.7.17  -lm && :
[100% 10/10] /usr/local/bin/cmake -E cmake_symlink_library libcjson_utils.so.1.7.17  libcjson_utils.so.1 libcjson_utils.so && :
===========================================================================
=======================<phase: run-depends    >============================
===== env: USE_PACKAGE_DEPENDS_ONLY=1 USER=root UID=0 GID=0
===========================================================================
=======================<phase: stage          >============================
===== env: NO_DEPENDS=yes USER=root UID=0 GID=0
===>  Staging for libcjson-1.7.17
===>   Generating temporary packing list
[  0% 1/1] cd /wrkdirs/usr/ports/devel/libcjson/work/.build && /usr/local/bin/cmake -DCMAKE_INSTALL_DO_STRIP=1 -P cmake_install.cmake
-- Install configuration: "Release"
-- Installing: /wrkdirs/usr/ports/devel/libcjson/work/stage/usr/local/include/cjson/cJSON.h
-- Installing: /wrkdirs/usr/ports/devel/libcjson/work/stage/usr/local/lib/pkgconfig/libcjson.pc
-- Installing: /wrkdirs/usr/ports/devel/libcjson/work/stage/usr/local/lib/libcjson.so.1.7.17
-- Installing: /wrkdirs/usr/ports/devel/libcjson/work/stage/usr/local/lib/libcjson.so.1
-- Installing: /wrkdirs/usr/ports/devel/libcjson/work/stage/usr/local/lib/libcjson.so
-- Installing: /wrkdirs/usr/ports/devel/libcjson/work/stage/usr/local/lib/libcjson.a
-- Installing: /wrkdirs/usr/ports/devel/libcjson/work/stage/usr/local/lib/cmake/cJSON/cjson.cmake
-- Installing: /wrkdirs/usr/ports/devel/libcjson/work/stage/usr/local/lib/cmake/cJSON/cjson-release.cmake
-- Installing: /wrkdirs/usr/ports/devel/libcjson/work/stage/usr/local/lib/libcjson_utils.so.1.7.17
-- Installing: /wrkdirs/usr/ports/devel/libcjson/work/stage/usr/local/lib/libcjson_utils.so.1
-- Set non-toolchain portion of runtime path of "/wrkdirs/usr/ports/devel/libcjson/work/stage/usr/local/lib/libcjson_utils.so.1.7.17" to ""
-- Installing: /wrkdirs/usr/ports/devel/libcjson/work/stage/usr/local/lib/libcjson_utils.so
-- Installing: /wrkdirs/usr/ports/devel/libcjson/work/stage/usr/local/lib/libcjson_utils.a
-- Installing: /wrkdirs/usr/ports/devel/libcjson/work/stage/usr/local/include/cjson/cJSON_Utils.h
-- Installing: /wrkdirs/usr/ports/devel/libcjson/work/stage/usr/local/lib/pkgconfig/libcjson_utils.pc
-- Installing: /wrkdirs/usr/ports/devel/libcjson/work/stage/usr/local/lib/cmake/cJSON/cjson_utils.cmake
-- Installing: /wrkdirs/usr/ports/devel/libcjson/work/stage/usr/local/lib/cmake/cJSON/cjson_utils-release.cmake
-- Installing: /wrkdirs/usr/ports/devel/libcjson/work/stage/usr/local/lib/cmake/cJSON/cJSONConfig.cmake
-- Installing: /wrkdirs/usr/ports/devel/libcjson/work/stage/usr/local/lib/cmake/cJSON/cJSONConfigVersion.cmake
====> Compressing man pages (compress-man)
===========================================================================
=======================<phase: package        >============================
===== env: 'PKG_NOTES=build_timestamp ports_top_git_hash ports_top_checkout_unclean port_git_hash port_checkout_unclean built_by' 'PKG_NOTE_build_timestamp=2024-04-13T03:05:26+0000' 'PKG_NOTE_ports_top_git_hash=240e33cee' 'PKG_NOTE_ports_top_checkout_unclean=yes' 'PKG_NOTE_port_git_hash=240e33cee' 'PKG_NOTE_port_checkout_unclean=no' 'PKG_NOTE_built_by=poudriere-git-3.4.1_1' NO_DEPENDS=yes USER=root UID=0 GID=0
===>  Building packages for libcjson-1.7.17
===>   Building libcjson-1.7.17
===========================================================================
=>> Cleaning up wrkdir
===>  Cleaning for libcjson-1.7.17
build of devel/libcjson | libcjson-1.7.17 ended at Fri Apr 12 23:05:28 EDT 2024
build time: 00:00:02
