=>> Building devel/py-flit-core
build started at Fri Apr 12 23:02:36 EDT 2024
port directory: /usr/ports/devel/py-flit-core
package name: py39-flit-core-3.9.0
building for: FreeBSD 140-rel-default-job-01 14.0-RELEASE-p6 FreeBSD 14.0-RELEASE-p6 amd64
maintained by: sunpoet@FreeBSD.org
Makefile datestamp: -rw-r--r--  1 root wheel 1100 Apr 13 02:10 /usr/ports/devel/py-flit-core/Makefile
Ports top last git commit: 240e33cee
Ports top unclean checkout: yes
Port dir last git commit: 240e33cee
Port dir unclean checkout: no
Poudriere version: poudriere-git-3.4.1_1
Host OSVERSION: 1400097
Jail OSVERSION: 1400097
Job Id: 01

---Begin Environment---
SHELL=/bin/sh
OSVERSION=1400097
UNAME_v=FreeBSD 14.0-RELEASE-p6
UNAME_r=14.0-RELEASE-p6
BLOCKSIZE=K
MAIL=/var/mail/root
MM_CHARSET=UTF-8
LANG=C.UTF-8
STATUS=1
HOME=/root
PATH=/sbin:/bin:/usr/sbin:/usr/bin:/usr/local/sbin:/usr/local/bin:/root/bin
MAKE_OBJDIR_CHECK_WRITABLE=0
LOCALBASE=/usr/local
USER=root
POUDRIERE_NAME=poudriere-git
LIBEXECPREFIX=/usr/local/libexec/poudriere
POUDRIERE_VERSION=3.4.1_1
MASTERMNT=/usr/local/poudriere/data/.m/140-rel-default/ref
LC_COLLATE=C
POUDRIERE_BUILD_TYPE=bulk
PACKAGE_BUILDING=yes
SAVED_TERM=xterm-256color
OUTPUT_REDIRECTED_STDERR=4
OUTPUT_REDIRECTED=1
PWD=/usr/local/poudriere/data/.m/140-rel-default/01/.p
OUTPUT_REDIRECTED_STDOUT=3
P_PORTS_FEATURES=FLAVORS SUBPACKAGES SELECTED_OPTIONS
MASTERNAME=140-rel-default
SCRIPTPREFIX=/usr/local/share/poudriere
SCRIPTNAME=bulk.sh
OLDPWD=/usr/local/poudriere/data/.m/140-rel-default/ref/.p/pool
POUDRIERE_PKGNAME=poudriere-git-3.4.1_1
SCRIPTPATH=/usr/local/share/poudriere/bulk.sh
POUDRIEREPATH=/usr/local/bin/poudriere
---End Environment---

---Begin Poudriere Port Flags/Env---
PORT_FLAGS=
PKGENV=
FLAVOR=py39
MAKE_ARGS= FLAVOR=py39
---End Poudriere Port Flags/Env---

---Begin OPTIONS List---
---End OPTIONS List---

--MAINTAINER--
sunpoet@FreeBSD.org
--End MAINTAINER--

--CONFIGURE_ARGS--

--End CONFIGURE_ARGS--

--CONFIGURE_ENV--
PYTHON="/usr/local/bin/python3.9" XDG_DATA_HOME=/wrkdirs/usr/ports/devel/py-flit-core/work-py39  XDG_CONFIG_HOME=/wrkdirs/usr/ports/devel/py-flit-core/work-py39  XDG_CACHE_HOME=/wrkdirs/usr/ports/devel/py-flit-core/work-py39/.cache  HOME=/wrkdirs/usr/ports/devel/py-flit-core/work-py39 TMPDIR="/tmp" PATH=/wrkdirs/usr/ports/devel/py-flit-core/work-py39/.bin:/sbin:/bin:/usr/sbin:/usr/bin:/usr/local/sbin:/usr/local/bin:/root/bin PKG_CONFIG_LIBDIR=/wrkdirs/usr/ports/devel/py-flit-core/work-py39/.pkgconfig:/usr/local/libdata/pkgconfig:/usr/local/share/pkgconfig:/usr/libdata/pkgconfig SHELL=/bin/sh CONFIG_SHELL=/bin/sh
--End CONFIGURE_ENV--

--MAKE_ENV--
XDG_DATA_HOME=/wrkdirs/usr/ports/devel/py-flit-core/work-py39  XDG_CONFIG_HOME=/wrkdirs/usr/ports/devel/py-flit-core/work-py39  XDG_CACHE_HOME=/wrkdirs/usr/ports/devel/py-flit-core/work-py39/.cache  HOME=/wrkdirs/usr/ports/devel/py-flit-core/work-py39 TMPDIR="/tmp" PATH=/wrkdirs/usr/ports/devel/py-flit-core/work-py39/.bin:/sbin:/bin:/usr/sbin:/usr/bin:/usr/local/sbin:/usr/local/bin:/root/bin PKG_CONFIG_LIBDIR=/wrkdirs/usr/ports/devel/py-flit-core/work-py39/.pkgconfig:/usr/local/libdata/pkgconfig:/usr/local/share/pkgconfig:/usr/libdata/pkgconfig MK_DEBUG_FILES=no MK_KERNEL_SYMBOLS=no SHELL=/bin/sh NO_LINT=YES PREFIX=/usr/local  LOCALBASE=/usr/local  CC="cc" CFLAGS="-O2 -pipe  -fno-strict-aliasing "  CPP="cpp" CPPFLAGS=""  LDFLAGS=" " LIBS=""  CXX="c++" CXXFLAGS="-O2 -pipe -fno-strict-aliasing  " BSD_INSTALL_PROGRAM="install  -s -m 555"  BSD_INSTALL_LIB="install  -s -m 0644"  BSD_INSTALL_SCRIPT="install  -m 555"  BSD_INSTALL_DATA="install  -m 0644"  BSD_INSTALL_MAN="install  -m 444"
--End MAKE_ENV--

--PLIST_SUB--
PYTHON_INCLUDEDIR=include/python3.9  PYTHON_LIBDIR=lib/python3.9  PYTHON_PLATFORM=freebsd14  PYTHON_SITELIBDIR=lib/python3.9/site-packages  PYTHON_SUFFIX=39  PYTHON_EXT_SUFFIX=.cpython-39  PYTHON_VER=3.9  PYTHON_VERSION=python3.9 PYTHON2="@comment " PYTHON3="" OSREL=14.0 PREFIX=%D LOCALBASE=/usr/local  RESETPREFIX=/usr/local LIB32DIR=lib DOCSDIR="share/doc/py39-flit-core"  EXAMPLESDIR="share/examples/py39-flit-core"  DATADIR="share/py39-flit-core"  WWWDIR="www/py39-flit-core"  ETCDIR="etc/py39-flit-core"
--End PLIST_SUB--

--SUB_LIST--
PYTHON_INCLUDEDIR=/usr/local/include/python3.9  PYTHON_LIBDIR=/usr/local/lib/python3.9  PYTHON_PLATFORM=freebsd14  PYTHON_SITELIBDIR=/usr/local/lib/python3.9/site-packages  PYTHON_SUFFIX=39  PYTHON_EXT_SUFFIX=.cpython-39  PYTHON_VER=3.9  PYTHON_VERSION=python3.9 PYTHON2="@comment " PYTHON3="" PREFIX=/usr/local LOCALBASE=/usr/local  DATADIR=/usr/local/share/py39-flit-core DOCSDIR=/usr/local/share/doc/py39-flit-core EXAMPLESDIR=/usr/local/share/examples/py39-flit-core  WWWDIR=/usr/local/www/py39-flit-core ETCDIR=/usr/local/etc/py39-flit-core
--End SUB_LIST--

---Begin make.conf---
USE_PACKAGE_DEPENDS=yes
BATCH=yes
WRKDIRPREFIX=/wrkdirs
PORTSDIR=/usr/ports
PACKAGES=/packages
DISTDIR=/distfiles
FORCE_PACKAGE=yes
PACKAGE_BUILDING=yes
PACKAGE_BUILDING_FLAVORS=yes
WITH_CCACHE_BUILD=yes
CCACHE_DIR=/root/.ccache
#### Misc Poudriere ####
.include "/etc/make.conf.ports_env"
GID=0
UID=0
---End make.conf---
--Resource limits--
cpu time               (seconds, -t)  unlimited
file size           (512-blocks, -f)  unlimited
data seg size           (kbytes, -d)  33554432
stack size              (kbytes, -s)  524288
core file size      (512-blocks, -c)  unlimited
max memory size         (kbytes, -m)  unlimited
locked memory           (kbytes, -l)  unlimited
max user processes              (-u)  34304
open files                      (-n)  8192
virtual mem size        (kbytes, -v)  unlimited
swap limit              (kbytes, -w)  unlimited
socket buffer size       (bytes, -b)  unlimited
pseudo-terminals                (-p)  unlimited
kqueues                         (-k)  unlimited
umtx shared locks               (-o)  unlimited
--End resource limits--
=======================<phase: check-sanity   >============================
===== env: NO_DEPENDS=yes USER=root UID=0 GID=0
===>  License BSD3CLAUSE accepted by the user
===========================================================================
=======================<phase: pkg-depends    >============================
===== env: USE_PACKAGE_DEPENDS_ONLY=1 USER=root UID=0 GID=0
===>   py39-flit-core-3.9.0 depends on file: /usr/local/sbin/pkg - not found
===>   Installing existing package /packages/All/pkg-1.21.1.pkg
[140-rel-default-job-01] Installing pkg-1.21.1...
[140-rel-default-job-01] Extracting pkg-1.21.1: .......... done
===>   py39-flit-core-3.9.0 depends on file: /usr/local/sbin/pkg - found
===>   Returning to build of py39-flit-core-3.9.0
===========================================================================
=======================<phase: fetch-depends  >============================
===== env: USE_PACKAGE_DEPENDS_ONLY=1 USER=root UID=0 GID=0
===========================================================================
=======================<phase: fetch          >============================
===== env: NO_DEPENDS=yes USER=root UID=0 GID=0
===>  License BSD3CLAUSE accepted by the user
=> flit_core-3.9.0.tar.gz doesn't seem to exist in /portdistfiles/.
=> Attempting to fetch https://files.pythonhosted.org/packages/source/f/flit_core/flit_core-3.9.0.tar.gz
flit_core-3.9.0.tar.gz                                  40 kB   16 MBps    00s
===> Fetching all distfiles required by py39-flit-core-3.9.0 for building
===========================================================================
=======================<phase: checksum       >============================
===== env: NO_DEPENDS=yes USER=root UID=0 GID=0
===>  License BSD3CLAUSE accepted by the user
===> Fetching all distfiles required by py39-flit-core-3.9.0 for building
=> SHA256 Checksum OK for flit_core-3.9.0.tar.gz.
===========================================================================
=======================<phase: extract-depends>============================
===== env: USE_PACKAGE_DEPENDS_ONLY=1 USER=root UID=0 GID=0
===========================================================================
=======================<phase: extract        >============================
===== env: NO_DEPENDS=yes USER=root UID=0 GID=0
===>  License BSD3CLAUSE accepted by the user
===> Fetching all distfiles required by py39-flit-core-3.9.0 for building
===>  Extracting for py39-flit-core-3.9.0
=> SHA256 Checksum OK for flit_core-3.9.0.tar.gz.
===========================================================================
=======================<phase: patch-depends  >============================
===== env: USE_PACKAGE_DEPENDS_ONLY=1 USER=root UID=0 GID=0
===========================================================================
=======================<phase: patch          >============================
===== env: NO_DEPENDS=yes USER=root UID=0 GID=0
===>  Patching for py39-flit-core-3.9.0
===========================================================================
=======================<phase: build-depends  >============================
===== env: USE_PACKAGE_DEPENDS_ONLY=1 USER=root UID=0 GID=0
===>   py39-flit-core-3.9.0 depends on file: /usr/local/bin/python3.9 - not found
===>   Installing existing package /packages/All/python39-3.9.18_2.pkg
[140-rel-default-job-01] Installing python39-3.9.18_2...
[140-rel-default-job-01] `-- Installing gettext-runtime-0.22.5...
[140-rel-default-job-01] |   `-- Installing indexinfo-0.3.1...
[140-rel-default-job-01] |   `-- Extracting indexinfo-0.3.1: .... done
[140-rel-default-job-01] `-- Extracting gettext-runtime-0.22.5: .......... done
[140-rel-default-job-01] `-- Installing libffi-3.4.4_1...
[140-rel-default-job-01] `-- Extracting libffi-3.4.4_1: .......... done
[140-rel-default-job-01] `-- Installing mpdecimal-4.0.0...
[140-rel-default-job-01] `-- Extracting mpdecimal-4.0.0: .......... done
[140-rel-default-job-01] `-- Installing readline-8.2.10...
[140-rel-default-job-01] `-- Extracting readline-8.2.10: .......... done
[140-rel-default-job-01] Extracting python39-3.9.18_2: .......... done
=====
Message from python39-3.9.18_2:

--
Note that some standard Python modules are provided as separate ports
as they require additional dependencies. They are available as:

py39-gdbm       databases/py-gdbm@py39
py39-sqlite3    databases/py-sqlite3@py39
py39-tkinter    x11-toolkits/py-tkinter@py39
===>   py39-flit-core-3.9.0 depends on file: /usr/local/bin/python3.9 - found
===>   Returning to build of py39-flit-core-3.9.0
===>   py39-flit-core-3.9.0 depends on file: /usr/local/bin/ccache - not found
===>   Installing existing package /packages/All/ccache-3.7.12_6.pkg
[140-rel-default-job-01] Installing ccache-3.7.12_6...
[140-rel-default-job-01] Extracting ccache-3.7.12_6: .......... done
Create compiler links...
create symlink for cc
create symlink for cc (world)
create symlink for c++
create symlink for c++ (world)
create symlink for CC
create symlink for CC (world)
create symlink for clang
create symlink for clang (world)
create symlink for clang++
create symlink for clang++ (world)
=====
Message from ccache-3.7.12_6:

--
NOTE:
Please read /usr/local/share/doc/ccache/ccache-howto-freebsd.txt for
information on using ccache with FreeBSD ports and src.
===>   py39-flit-core-3.9.0 depends on file: /usr/local/bin/ccache - found
===>   Returning to build of py39-flit-core-3.9.0
===========================================================================
=======================<phase: lib-depends    >============================
===== env: USE_PACKAGE_DEPENDS_ONLY=1 USER=root UID=0 GID=0
===========================================================================
=======================<phase: configure      >============================
===== env: NO_DEPENDS=yes USER=root UID=0 GID=0
===>  Configuring for py39-flit-core-3.9.0
===========================================================================
=======================<phase: build          >============================
===== env: NO_DEPENDS=yes USER=root UID=0 GID=0
===>  Building for py39-flit-core-3.9.0
Building wheel from /wrkdirs/usr/ports/devel/py-flit-core/work-py39/flit_core-3.9.0
Wheel built /wrkdirs/usr/ports/devel/py-flit-core/work-py39/flit_core-3.9.0/dist/flit_core-3.9.0-py3-none-any.whl
===========================================================================
=======================<phase: run-depends    >============================
===== env: USE_PACKAGE_DEPENDS_ONLY=1 USER=root UID=0 GID=0
===>   py39-flit-core-3.9.0 depends on file: /usr/local/bin/python3.9 - found
===========================================================================
=======================<phase: stage          >============================
===== env: NO_DEPENDS=yes USER=root UID=0 GID=0
===>  Staging for py39-flit-core-3.9.0
===>   Generating temporary packing list
Installing to /wrkdirs/usr/ports/devel/py-flit-core/work-py39/stage/usr/local/lib/python3.9/site-packages
/usr/local/bin/python3.9 -m compileall -d /usr/local/lib/python3.9/site-packages -f /wrkdirs/usr/ports/devel/py-flit-core/work-py39/stage/usr/local/lib/python3.9/site-packages
Listing '/wrkdirs/usr/ports/devel/py-flit-core/work-py39/stage/usr/local/lib/python3.9/site-packages'...
Listing '/wrkdirs/usr/ports/devel/py-flit-core/work-py39/stage/usr/local/lib/python3.9/site-packages/flit_core'...
Compiling '/wrkdirs/usr/ports/devel/py-flit-core/work-py39/stage/usr/local/lib/python3.9/site-packages/flit_core/__init__.py'...
Compiling '/wrkdirs/usr/ports/devel/py-flit-core/work-py39/stage/usr/local/lib/python3.9/site-packages/flit_core/buildapi.py'...
Compiling '/wrkdirs/usr/ports/devel/py-flit-core/work-py39/stage/usr/local/lib/python3.9/site-packages/flit_core/common.py'...
Compiling '/wrkdirs/usr/ports/devel/py-flit-core/work-py39/stage/usr/local/lib/python3.9/site-packages/flit_core/config.py'...
Compiling '/wrkdirs/usr/ports/devel/py-flit-core/work-py39/stage/usr/local/lib/python3.9/site-packages/flit_core/sdist.py'...
Listing '/wrkdirs/usr/ports/devel/py-flit-core/work-py39/stage/usr/local/lib/python3.9/site-packages/flit_core/tests'...
Compiling '/wrkdirs/usr/ports/devel/py-flit-core/work-py39/stage/usr/local/lib/python3.9/site-packages/flit_core/tests/__init__.py'...
Listing '/wrkdirs/usr/ports/devel/py-flit-core/work-py39/stage/usr/local/lib/python3.9/site-packages/flit_core/tests/samples'...
Listing '/wrkdirs/usr/ports/devel/py-flit-core/work-py39/stage/usr/local/lib/python3.9/site-packages/flit_core/tests/samples/conflicting_modules'...
Compiling '/wrkdirs/usr/ports/devel/py-flit-core/work-py39/stage/usr/local/lib/python3.9/site-packages/flit_core/tests/samples/conflicting_modules/module1.py'...
Listing '/wrkdirs/usr/ports/devel/py-flit-core/work-py39/stage/usr/local/lib/python3.9/site-packages/flit_core/tests/samples/conflicting_modules/src'...
Compiling '/wrkdirs/usr/ports/devel/py-flit-core/work-py39/stage/usr/local/lib/python3.9/site-packages/flit_core/tests/samples/conflicting_modules/src/module1.py'...
Listing '/wrkdirs/usr/ports/devel/py-flit-core/work-py39/stage/usr/local/lib/python3.9/site-packages/flit_core/tests/samples/constructed_version'...
Compiling '/wrkdirs/usr/ports/devel/py-flit-core/work-py39/stage/usr/local/lib/python3.9/site-packages/flit_core/tests/samples/constructed_version/module1.py'...
Listing '/wrkdirs/usr/ports/devel/py-flit-core/work-py39/stage/usr/local/lib/python3.9/site-packages/flit_core/tests/samples/imported_version'...
Listing '/wrkdirs/usr/ports/devel/py-flit-core/work-py39/stage/usr/local/lib/python3.9/site-packages/flit_core/tests/samples/imported_version/package1'...
Compiling '/wrkdirs/usr/ports/devel/py-flit-core/work-py39/stage/usr/local/lib/python3.9/site-packages/flit_core/tests/samples/imported_version/package1/__init__.py'...
Compiling '/wrkdirs/usr/ports/devel/py-flit-core/work-py39/stage/usr/local/lib/python3.9/site-packages/flit_core/tests/samples/imported_version/package1/_version.py'...
Listing '/wrkdirs/usr/ports/devel/py-flit-core/work-py39/stage/usr/local/lib/python3.9/site-packages/flit_core/tests/samples/inclusion'...
Listing '/wrkdirs/usr/ports/devel/py-flit-core/work-py39/stage/usr/local/lib/python3.9/site-packages/flit_core/tests/samples/inclusion/LICENSES'...
Listing '/wrkdirs/usr/ports/devel/py-flit-core/work-py39/stage/usr/local/lib/python3.9/site-packages/flit_core/tests/samples/inclusion/doc'...
Listing '/wrkdirs/usr/ports/devel/py-flit-core/work-py39/stage/usr/local/lib/python3.9/site-packages/flit_core/tests/samples/inclusion/doc/subdir'...
Listing '/wrkdirs/usr/ports/devel/py-flit-core/work-py39/stage/usr/local/lib/python3.9/site-packages/flit_core/tests/samples/inclusion/doc/subdir/subsubdir'...
Compiling '/wrkdirs/usr/ports/devel/py-flit-core/work-py39/stage/usr/local/lib/python3.9/site-packages/flit_core/tests/samples/inclusion/module1.py'...
Compiling '/wrkdirs/usr/ports/devel/py-flit-core/work-py39/stage/usr/local/lib/python3.9/site-packages/flit_core/tests/samples/invalid_version1.py'...
Compiling '/wrkdirs/usr/ports/devel/py-flit-core/work-py39/stage/usr/local/lib/python3.9/site-packages/flit_core/tests/samples/module1.py'...
Compiling '/wrkdirs/usr/ports/devel/py-flit-core/work-py39/stage/usr/local/lib/python3.9/site-packages/flit_core/tests/samples/module2.py'...
Compiling '/wrkdirs/usr/ports/devel/py-flit-core/work-py39/stage/usr/local/lib/python3.9/site-packages/flit_core/tests/samples/moduleunimportable.py'...
Compiling '/wrkdirs/usr/ports/devel/py-flit-core/work-py39/stage/usr/local/lib/python3.9/site-packages/flit_core/tests/samples/moduleunimportabledouble.py'...
Compiling '/wrkdirs/usr/ports/devel/py-flit-core/work-py39/stage/usr/local/lib/python3.9/site-packages/flit_core/tests/samples/no_docstring.py'...
Listing '/wrkdirs/usr/ports/devel/py-flit-core/work-py39/stage/usr/local/lib/python3.9/site-packages/flit_core/tests/samples/normalization'...
Compiling '/wrkdirs/usr/ports/devel/py-flit-core/work-py39/stage/usr/local/lib/python3.9/site-packages/flit_core/tests/samples/normalization/my_python_module.py'...
Listing '/wrkdirs/usr/ports/devel/py-flit-core/work-py39/stage/usr/local/lib/python3.9/site-packages/flit_core/tests/samples/ns1-pkg'...
Listing '/wrkdirs/usr/ports/devel/py-flit-core/work-py39/stage/usr/local/lib/python3.9/site-packages/flit_core/tests/samples/ns1-pkg/ns1'...
Listing '/wrkdirs/usr/ports/devel/py-flit-core/work-py39/stage/usr/local/lib/python3.9/site-packages/flit_core/tests/samples/ns1-pkg/ns1/pkg'...
Compiling '/wrkdirs/usr/ports/devel/py-flit-core/work-py39/stage/usr/local/lib/python3.9/site-packages/flit_core/tests/samples/ns1-pkg/ns1/pkg/__init__.py'...
Listing '/wrkdirs/usr/ports/devel/py-flit-core/work-py39/stage/usr/local/lib/python3.9/site-packages/flit_core/tests/samples/package1'...
Compiling '/wrkdirs/usr/ports/devel/py-flit-core/work-py39/stage/usr/local/lib/python3.9/site-packages/flit_core/tests/samples/package1/__init__.py'...
Listing '/wrkdirs/usr/ports/devel/py-flit-core/work-py39/stage/usr/local/lib/python3.9/site-packages/flit_core/tests/samples/package1/data_dir'...
Compiling '/wrkdirs/usr/ports/devel/py-flit-core/work-py39/stage/usr/local/lib/python3.9/site-packages/flit_core/tests/samples/package1/foo.py'...
Listing '/wrkdirs/usr/ports/devel/py-flit-core/work-py39/stage/usr/local/lib/python3.9/site-packages/flit_core/tests/samples/package1/subpkg'...
Compiling '/wrkdirs/usr/ports/devel/py-flit-core/work-py39/stage/usr/local/lib/python3.9/site-packages/flit_core/tests/samples/package1/subpkg/__init__.py'...
Listing '/wrkdirs/usr/ports/devel/py-flit-core/work-py39/stage/usr/local/lib/python3.9/site-packages/flit_core/tests/samples/package1/subpkg/sp_data_dir'...
Listing '/wrkdirs/usr/ports/devel/py-flit-core/work-py39/stage/usr/local/lib/python3.9/site-packages/flit_core/tests/samples/package1/subpkg2'...
Compiling '/wrkdirs/usr/ports/devel/py-flit-core/work-py39/stage/usr/local/lib/python3.9/site-packages/flit_core/tests/samples/package1/subpkg2/__init__.py'...
Listing '/wrkdirs/usr/ports/devel/py-flit-core/work-py39/stage/usr/local/lib/python3.9/site-packages/flit_core/tests/samples/pep517'...
Compiling '/wrkdirs/usr/ports/devel/py-flit-core/work-py39/stage/usr/local/lib/python3.9/site-packages/flit_core/tests/samples/pep517/module1.py'...
Listing '/wrkdirs/usr/ports/devel/py-flit-core/work-py39/stage/usr/local/lib/python3.9/site-packages/flit_core/tests/samples/pep621'...
Compiling '/wrkdirs/usr/ports/devel/py-flit-core/work-py39/stage/usr/local/lib/python3.9/site-packages/flit_core/tests/samples/pep621/module1a.py'...
Listing '/wrkdirs/usr/ports/devel/py-flit-core/work-py39/stage/usr/local/lib/python3.9/site-packages/flit_core/tests/samples/pep621_nodynamic'...
Compiling '/wrkdirs/usr/ports/devel/py-flit-core/work-py39/stage/usr/local/lib/python3.9/site-packages/flit_core/tests/samples/pep621_nodynamic/module1.py'...
Listing '/wrkdirs/usr/ports/devel/py-flit-core/work-py39/stage/usr/local/lib/python3.9/site-packages/flit_core/tests/samples/with_data_dir'...
Listing '/wrkdirs/usr/ports/devel/py-flit-core/work-py39/stage/usr/local/lib/python3.9/site-packages/flit_core/tests/samples/with_data_dir/data'...
Listing '/wrkdirs/usr/ports/devel/py-flit-core/work-py39/stage/usr/local/lib/python3.9/site-packages/flit_core/tests/samples/with_data_dir/data/share'...
Listing '/wrkdirs/usr/ports/devel/py-flit-core/work-py39/stage/usr/local/lib/python3.9/site-packages/flit_core/tests/samples/with_data_dir/data/share/man'...
Listing '/wrkdirs/usr/ports/devel/py-flit-core/work-py39/stage/usr/local/lib/python3.9/site-packages/flit_core/tests/samples/with_data_dir/data/share/man/man1'...
Compiling '/wrkdirs/usr/ports/devel/py-flit-core/work-py39/stage/usr/local/lib/python3.9/site-packages/flit_core/tests/samples/with_data_dir/module1.py'...
Compiling '/wrkdirs/usr/ports/devel/py-flit-core/work-py39/stage/usr/local/lib/python3.9/site-packages/flit_core/tests/test_build_thyself.py'...
Compiling '/wrkdirs/usr/ports/devel/py-flit-core/work-py39/stage/usr/local/lib/python3.9/site-packages/flit_core/tests/test_buildapi.py'...
Compiling '/wrkdirs/usr/ports/devel/py-flit-core/work-py39/stage/usr/local/lib/python3.9/site-packages/flit_core/tests/test_common.py'...
Compiling '/wrkdirs/usr/ports/devel/py-flit-core/work-py39/stage/usr/local/lib/python3.9/site-packages/flit_core/tests/test_config.py'...
Compiling '/wrkdirs/usr/ports/devel/py-flit-core/work-py39/stage/usr/local/lib/python3.9/site-packages/flit_core/tests/test_sdist.py'...
Compiling '/wrkdirs/usr/ports/devel/py-flit-core/work-py39/stage/usr/local/lib/python3.9/site-packages/flit_core/tests/test_versionno.py'...
Compiling '/wrkdirs/usr/ports/devel/py-flit-core/work-py39/stage/usr/local/lib/python3.9/site-packages/flit_core/tests/test_wheel.py'...
Listing '/wrkdirs/usr/ports/devel/py-flit-core/work-py39/stage/usr/local/lib/python3.9/site-packages/flit_core/vendor'...
Compiling '/wrkdirs/usr/ports/devel/py-flit-core/work-py39/stage/usr/local/lib/python3.9/site-packages/flit_core/vendor/__init__.py'...
Listing '/wrkdirs/usr/ports/devel/py-flit-core/work-py39/stage/usr/local/lib/python3.9/site-packages/flit_core/vendor/tomli'...
Compiling '/wrkdirs/usr/ports/devel/py-flit-core/work-py39/stage/usr/local/lib/python3.9/site-packages/flit_core/vendor/tomli/__init__.py'...
Compiling '/wrkdirs/usr/ports/devel/py-flit-core/work-py39/stage/usr/local/lib/python3.9/site-packages/flit_core/vendor/tomli/_parser.py'...
Compiling '/wrkdirs/usr/ports/devel/py-flit-core/work-py39/stage/usr/local/lib/python3.9/site-packages/flit_core/vendor/tomli/_re.py'...
Compiling '/wrkdirs/usr/ports/devel/py-flit-core/work-py39/stage/usr/local/lib/python3.9/site-packages/flit_core/vendor/tomli/_types.py'...
Listing '/wrkdirs/usr/ports/devel/py-flit-core/work-py39/stage/usr/local/lib/python3.9/site-packages/flit_core/vendor/tomli-1.2.3.dist-info'...
Compiling '/wrkdirs/usr/ports/devel/py-flit-core/work-py39/stage/usr/local/lib/python3.9/site-packages/flit_core/versionno.py'...
Compiling '/wrkdirs/usr/ports/devel/py-flit-core/work-py39/stage/usr/local/lib/python3.9/site-packages/flit_core/wheel.py'...
Listing '/wrkdirs/usr/ports/devel/py-flit-core/work-py39/stage/usr/local/lib/python3.9/site-packages/flit_core-3.9.0.dist-info'...
/usr/local/bin/python3.9 -O -m compileall -d /usr/local/lib/python3.9/site-packages -f /wrkdirs/usr/ports/devel/py-flit-core/work-py39/stage/usr/local/lib/python3.9/site-packages
Listing '/wrkdirs/usr/ports/devel/py-flit-core/work-py39/stage/usr/local/lib/python3.9/site-packages'...
Listing '/wrkdirs/usr/ports/devel/py-flit-core/work-py39/stage/usr/local/lib/python3.9/site-packages/flit_core'...
Compiling '/wrkdirs/usr/ports/devel/py-flit-core/work-py39/stage/usr/local/lib/python3.9/site-packages/flit_core/__init__.py'...
Compiling '/wrkdirs/usr/ports/devel/py-flit-core/work-py39/stage/usr/local/lib/python3.9/site-packages/flit_core/buildapi.py'...
Compiling '/wrkdirs/usr/ports/devel/py-flit-core/work-py39/stage/usr/local/lib/python3.9/site-packages/flit_core/common.py'...
Compiling '/wrkdirs/usr/ports/devel/py-flit-core/work-py39/stage/usr/local/lib/python3.9/site-packages/flit_core/config.py'...
Compiling '/wrkdirs/usr/ports/devel/py-flit-core/work-py39/stage/usr/local/lib/python3.9/site-packages/flit_core/sdist.py'...
Listing '/wrkdirs/usr/ports/devel/py-flit-core/work-py39/stage/usr/local/lib/python3.9/site-packages/flit_core/tests'...
Compiling '/wrkdirs/usr/ports/devel/py-flit-core/work-py39/stage/usr/local/lib/python3.9/site-packages/flit_core/tests/__init__.py'...
Listing '/wrkdirs/usr/ports/devel/py-flit-core/work-py39/stage/usr/local/lib/python3.9/site-packages/flit_core/tests/samples'...
Listing '/wrkdirs/usr/ports/devel/py-flit-core/work-py39/stage/usr/local/lib/python3.9/site-packages/flit_core/tests/samples/conflicting_modules'...
Compiling '/wrkdirs/usr/ports/devel/py-flit-core/work-py39/stage/usr/local/lib/python3.9/site-packages/flit_core/tests/samples/conflicting_modules/module1.py'...
Listing '/wrkdirs/usr/ports/devel/py-flit-core/work-py39/stage/usr/local/lib/python3.9/site-packages/flit_core/tests/samples/conflicting_modules/src'...
Compiling '/wrkdirs/usr/ports/devel/py-flit-core/work-py39/stage/usr/local/lib/python3.9/site-packages/flit_core/tests/samples/conflicting_modules/src/module1.py'...
Listing '/wrkdirs/usr/ports/devel/py-flit-core/work-py39/stage/usr/local/lib/python3.9/site-packages/flit_core/tests/samples/constructed_version'...
Compiling '/wrkdirs/usr/ports/devel/py-flit-core/work-py39/stage/usr/local/lib/python3.9/site-packages/flit_core/tests/samples/constructed_version/module1.py'...
Listing '/wrkdirs/usr/ports/devel/py-flit-core/work-py39/stage/usr/local/lib/python3.9/site-packages/flit_core/tests/samples/imported_version'...
Listing '/wrkdirs/usr/ports/devel/py-flit-core/work-py39/stage/usr/local/lib/python3.9/site-packages/flit_core/tests/samples/imported_version/package1'...
Compiling '/wrkdirs/usr/ports/devel/py-flit-core/work-py39/stage/usr/local/lib/python3.9/site-packages/flit_core/tests/samples/imported_version/package1/__init__.py'...
Compiling '/wrkdirs/usr/ports/devel/py-flit-core/work-py39/stage/usr/local/lib/python3.9/site-packages/flit_core/tests/samples/imported_version/package1/_version.py'...
Listing '/wrkdirs/usr/ports/devel/py-flit-core/work-py39/stage/usr/local/lib/python3.9/site-packages/flit_core/tests/samples/inclusion'...
Listing '/wrkdirs/usr/ports/devel/py-flit-core/work-py39/stage/usr/local/lib/python3.9/site-packages/flit_core/tests/samples/inclusion/LICENSES'...
Listing '/wrkdirs/usr/ports/devel/py-flit-core/work-py39/stage/usr/local/lib/python3.9/site-packages/flit_core/tests/samples/inclusion/doc'...
Listing '/wrkdirs/usr/ports/devel/py-flit-core/work-py39/stage/usr/local/lib/python3.9/site-packages/flit_core/tests/samples/inclusion/doc/subdir'...
Listing '/wrkdirs/usr/ports/devel/py-flit-core/work-py39/stage/usr/local/lib/python3.9/site-packages/flit_core/tests/samples/inclusion/doc/subdir/subsubdir'...
Compiling '/wrkdirs/usr/ports/devel/py-flit-core/work-py39/stage/usr/local/lib/python3.9/site-packages/flit_core/tests/samples/inclusion/module1.py'...
Compiling '/wrkdirs/usr/ports/devel/py-flit-core/work-py39/stage/usr/local/lib/python3.9/site-packages/flit_core/tests/samples/invalid_version1.py'...
Compiling '/wrkdirs/usr/ports/devel/py-flit-core/work-py39/stage/usr/local/lib/python3.9/site-packages/flit_core/tests/samples/module1.py'...
Compiling '/wrkdirs/usr/ports/devel/py-flit-core/work-py39/stage/usr/local/lib/python3.9/site-packages/flit_core/tests/samples/module2.py'...
Compiling '/wrkdirs/usr/ports/devel/py-flit-core/work-py39/stage/usr/local/lib/python3.9/site-packages/flit_core/tests/samples/moduleunimportable.py'...
Compiling '/wrkdirs/usr/ports/devel/py-flit-core/work-py39/stage/usr/local/lib/python3.9/site-packages/flit_core/tests/samples/moduleunimportabledouble.py'...
Compiling '/wrkdirs/usr/ports/devel/py-flit-core/work-py39/stage/usr/local/lib/python3.9/site-packages/flit_core/tests/samples/no_docstring.py'...
Listing '/wrkdirs/usr/ports/devel/py-flit-core/work-py39/stage/usr/local/lib/python3.9/site-packages/flit_core/tests/samples/normalization'...
Compiling '/wrkdirs/usr/ports/devel/py-flit-core/work-py39/stage/usr/local/lib/python3.9/site-packages/flit_core/tests/samples/normalization/my_python_module.py'...
Listing '/wrkdirs/usr/ports/devel/py-flit-core/work-py39/stage/usr/local/lib/python3.9/site-packages/flit_core/tests/samples/ns1-pkg'...
Listing '/wrkdirs/usr/ports/devel/py-flit-core/work-py39/stage/usr/local/lib/python3.9/site-packages/flit_core/tests/samples/ns1-pkg/ns1'...
Listing '/wrkdirs/usr/ports/devel/py-flit-core/work-py39/stage/usr/local/lib/python3.9/site-packages/flit_core/tests/samples/ns1-pkg/ns1/pkg'...
Compiling '/wrkdirs/usr/ports/devel/py-flit-core/work-py39/stage/usr/local/lib/python3.9/site-packages/flit_core/tests/samples/ns1-pkg/ns1/pkg/__init__.py'...
Listing '/wrkdirs/usr/ports/devel/py-flit-core/work-py39/stage/usr/local/lib/python3.9/site-packages/flit_core/tests/samples/package1'...
Compiling '/wrkdirs/usr/ports/devel/py-flit-core/work-py39/stage/usr/local/lib/python3.9/site-packages/flit_core/tests/samples/package1/__init__.py'...
Listing '/wrkdirs/usr/ports/devel/py-flit-core/work-py39/stage/usr/local/lib/python3.9/site-packages/flit_core/tests/samples/package1/data_dir'...
Compiling '/wrkdirs/usr/ports/devel/py-flit-core/work-py39/stage/usr/local/lib/python3.9/site-packages/flit_core/tests/samples/package1/foo.py'...
Listing '/wrkdirs/usr/ports/devel/py-flit-core/work-py39/stage/usr/local/lib/python3.9/site-packages/flit_core/tests/samples/package1/subpkg'...
Compiling '/wrkdirs/usr/ports/devel/py-flit-core/work-py39/stage/usr/local/lib/python3.9/site-packages/flit_core/tests/samples/package1/subpkg/__init__.py'...
Listing '/wrkdirs/usr/ports/devel/py-flit-core/work-py39/stage/usr/local/lib/python3.9/site-packages/flit_core/tests/samples/package1/subpkg/sp_data_dir'...
Listing '/wrkdirs/usr/ports/devel/py-flit-core/work-py39/stage/usr/local/lib/python3.9/site-packages/flit_core/tests/samples/package1/subpkg2'...
Compiling '/wrkdirs/usr/ports/devel/py-flit-core/work-py39/stage/usr/local/lib/python3.9/site-packages/flit_core/tests/samples/package1/subpkg2/__init__.py'...
Listing '/wrkdirs/usr/ports/devel/py-flit-core/work-py39/stage/usr/local/lib/python3.9/site-packages/flit_core/tests/samples/pep517'...
Compiling '/wrkdirs/usr/ports/devel/py-flit-core/work-py39/stage/usr/local/lib/python3.9/site-packages/flit_core/tests/samples/pep517/module1.py'...
Listing '/wrkdirs/usr/ports/devel/py-flit-core/work-py39/stage/usr/local/lib/python3.9/site-packages/flit_core/tests/samples/pep621'...
Compiling '/wrkdirs/usr/ports/devel/py-flit-core/work-py39/stage/usr/local/lib/python3.9/site-packages/flit_core/tests/samples/pep621/module1a.py'...
Listing '/wrkdirs/usr/ports/devel/py-flit-core/work-py39/stage/usr/local/lib/python3.9/site-packages/flit_core/tests/samples/pep621_nodynamic'...
Compiling '/wrkdirs/usr/ports/devel/py-flit-core/work-py39/stage/usr/local/lib/python3.9/site-packages/flit_core/tests/samples/pep621_nodynamic/module1.py'...
Listing '/wrkdirs/usr/ports/devel/py-flit-core/work-py39/stage/usr/local/lib/python3.9/site-packages/flit_core/tests/samples/with_data_dir'...
Listing '/wrkdirs/usr/ports/devel/py-flit-core/work-py39/stage/usr/local/lib/python3.9/site-packages/flit_core/tests/samples/with_data_dir/data'...
Listing '/wrkdirs/usr/ports/devel/py-flit-core/work-py39/stage/usr/local/lib/python3.9/site-packages/flit_core/tests/samples/with_data_dir/data/share'...
Listing '/wrkdirs/usr/ports/devel/py-flit-core/work-py39/stage/usr/local/lib/python3.9/site-packages/flit_core/tests/samples/with_data_dir/data/share/man'...
Listing '/wrkdirs/usr/ports/devel/py-flit-core/work-py39/stage/usr/local/lib/python3.9/site-packages/flit_core/tests/samples/with_data_dir/data/share/man/man1'...
Compiling '/wrkdirs/usr/ports/devel/py-flit-core/work-py39/stage/usr/local/lib/python3.9/site-packages/flit_core/tests/samples/with_data_dir/module1.py'...
Compiling '/wrkdirs/usr/ports/devel/py-flit-core/work-py39/stage/usr/local/lib/python3.9/site-packages/flit_core/tests/test_build_thyself.py'...
Compiling '/wrkdirs/usr/ports/devel/py-flit-core/work-py39/stage/usr/local/lib/python3.9/site-packages/flit_core/tests/test_buildapi.py'...
Compiling '/wrkdirs/usr/ports/devel/py-flit-core/work-py39/stage/usr/local/lib/python3.9/site-packages/flit_core/tests/test_common.py'...
Compiling '/wrkdirs/usr/ports/devel/py-flit-core/work-py39/stage/usr/local/lib/python3.9/site-packages/flit_core/tests/test_config.py'...
Compiling '/wrkdirs/usr/ports/devel/py-flit-core/work-py39/stage/usr/local/lib/python3.9/site-packages/flit_core/tests/test_sdist.py'...
Compiling '/wrkdirs/usr/ports/devel/py-flit-core/work-py39/stage/usr/local/lib/python3.9/site-packages/flit_core/tests/test_versionno.py'...
Compiling '/wrkdirs/usr/ports/devel/py-flit-core/work-py39/stage/usr/local/lib/python3.9/site-packages/flit_core/tests/test_wheel.py'...
Listing '/wrkdirs/usr/ports/devel/py-flit-core/work-py39/stage/usr/local/lib/python3.9/site-packages/flit_core/vendor'...
Compiling '/wrkdirs/usr/ports/devel/py-flit-core/work-py39/stage/usr/local/lib/python3.9/site-packages/flit_core/vendor/__init__.py'...
Listing '/wrkdirs/usr/ports/devel/py-flit-core/work-py39/stage/usr/local/lib/python3.9/site-packages/flit_core/vendor/tomli'...
Compiling '/wrkdirs/usr/ports/devel/py-flit-core/work-py39/stage/usr/local/lib/python3.9/site-packages/flit_core/vendor/tomli/__init__.py'...
Compiling '/wrkdirs/usr/ports/devel/py-flit-core/work-py39/stage/usr/local/lib/python3.9/site-packages/flit_core/vendor/tomli/_parser.py'...
Compiling '/wrkdirs/usr/ports/devel/py-flit-core/work-py39/stage/usr/local/lib/python3.9/site-packages/flit_core/vendor/tomli/_re.py'...
Compiling '/wrkdirs/usr/ports/devel/py-flit-core/work-py39/stage/usr/local/lib/python3.9/site-packages/flit_core/vendor/tomli/_types.py'...
Listing '/wrkdirs/usr/ports/devel/py-flit-core/work-py39/stage/usr/local/lib/python3.9/site-packages/flit_core/vendor/tomli-1.2.3.dist-info'...
Compiling '/wrkdirs/usr/ports/devel/py-flit-core/work-py39/stage/usr/local/lib/python3.9/site-packages/flit_core/versionno.py'...
Compiling '/wrkdirs/usr/ports/devel/py-flit-core/work-py39/stage/usr/local/lib/python3.9/site-packages/flit_core/wheel.py'...
Listing '/wrkdirs/usr/ports/devel/py-flit-core/work-py39/stage/usr/local/lib/python3.9/site-packages/flit_core-3.9.0.dist-info'...
cd /wrkdirs/usr/ports/devel/py-flit-core/work-py39/stage/usr/local && /usr/bin/find lib -name '*.pyc' >> /wrkdirs/usr/ports/devel/py-flit-core/work-py39/.PLIST.pymodtmp
===> Creating unique files: Move MAN files needing SUFFIX
===> Creating unique files: Move files needing SUFFIX
====> Compressing man pages (compress-man)
===========================================================================
=======================<phase: package        >============================
===== env: 'PKG_NOTES=build_timestamp ports_top_git_hash ports_top_checkout_unclean port_git_hash port_checkout_unclean built_by' 'PKG_NOTE_build_timestamp=2024-04-13T03:02:36+0000' 'PKG_NOTE_ports_top_git_hash=240e33cee' 'PKG_NOTE_ports_top_checkout_unclean=yes' 'PKG_NOTE_port_git_hash=240e33cee' 'PKG_NOTE_port_checkout_unclean=no' 'PKG_NOTE_built_by=poudriere-git-3.4.1_1' NO_DEPENDS=yes USER=root UID=0 GID=0
===>  Building packages for py39-flit-core-3.9.0
===>   Building py39-flit-core-3.9.0
===========================================================================
=>> Cleaning up wrkdir
===>  Cleaning for py39-flit-core-3.9.0
build of devel/py-flit-core@py39 | py39-flit-core-3.9.0 ended at Fri Apr 12 23:02:39 EDT 2024
build time: 00:00:04
