=>> Building devel/py-build
build started at Fri Apr 12 23:02:57 EDT 2024
port directory: /usr/ports/devel/py-build
package name: py39-build-1.2.1
building for: FreeBSD 140-rel-default-job-01 14.0-RELEASE-p6 FreeBSD 14.0-RELEASE-p6 amd64
maintained by: sunpoet@FreeBSD.org
Makefile datestamp: -rw-r--r--  1 root wheel 1005 Apr 13 02:10 /usr/ports/devel/py-build/Makefile
Ports top last git commit: 240e33cee
Ports top unclean checkout: yes
Port dir last git commit: 240e33cee
Port dir unclean checkout: no
Poudriere version: poudriere-git-3.4.1_1
Host OSVERSION: 1400097
Jail OSVERSION: 1400097
Job Id: 01

---Begin Environment---
SHELL=/bin/sh
OSVERSION=1400097
UNAME_v=FreeBSD 14.0-RELEASE-p6
UNAME_r=14.0-RELEASE-p6
BLOCKSIZE=K
MAIL=/var/mail/root
MM_CHARSET=UTF-8
LANG=C.UTF-8
STATUS=1
HOME=/root
PATH=/sbin:/bin:/usr/sbin:/usr/bin:/usr/local/sbin:/usr/local/bin:/root/bin
MAKE_OBJDIR_CHECK_WRITABLE=0
LOCALBASE=/usr/local
USER=root
POUDRIERE_NAME=poudriere-git
LIBEXECPREFIX=/usr/local/libexec/poudriere
POUDRIERE_VERSION=3.4.1_1
MASTERMNT=/usr/local/poudriere/data/.m/140-rel-default/ref
LC_COLLATE=C
POUDRIERE_BUILD_TYPE=bulk
PACKAGE_BUILDING=yes
SAVED_TERM=xterm-256color
OUTPUT_REDIRECTED_STDERR=4
OUTPUT_REDIRECTED=1
PWD=/usr/local/poudriere/data/.m/140-rel-default/01/.p
OUTPUT_REDIRECTED_STDOUT=3
P_PORTS_FEATURES=FLAVORS SUBPACKAGES SELECTED_OPTIONS
MASTERNAME=140-rel-default
SCRIPTPREFIX=/usr/local/share/poudriere
SCRIPTNAME=bulk.sh
OLDPWD=/usr/local/poudriere/data/.m/140-rel-default/ref/.p/pool
POUDRIERE_PKGNAME=poudriere-git-3.4.1_1
SCRIPTPATH=/usr/local/share/poudriere/bulk.sh
POUDRIEREPATH=/usr/local/bin/poudriere
---End Environment---

---Begin Poudriere Port Flags/Env---
PORT_FLAGS=
PKGENV=
FLAVOR=py39
MAKE_ARGS= FLAVOR=py39
---End Poudriere Port Flags/Env---

---Begin OPTIONS List---
---End OPTIONS List---

--MAINTAINER--
sunpoet@FreeBSD.org
--End MAINTAINER--

--CONFIGURE_ARGS--

--End CONFIGURE_ARGS--

--CONFIGURE_ENV--
PYTHON="/usr/local/bin/python3.9" XDG_DATA_HOME=/wrkdirs/usr/ports/devel/py-build/work-py39  XDG_CONFIG_HOME=/wrkdirs/usr/ports/devel/py-build/work-py39  XDG_CACHE_HOME=/wrkdirs/usr/ports/devel/py-build/work-py39/.cache  HOME=/wrkdirs/usr/ports/devel/py-build/work-py39 TMPDIR="/tmp" PATH=/wrkdirs/usr/ports/devel/py-build/work-py39/.bin:/sbin:/bin:/usr/sbin:/usr/bin:/usr/local/sbin:/usr/local/bin:/root/bin PKG_CONFIG_LIBDIR=/wrkdirs/usr/ports/devel/py-build/work-py39/.pkgconfig:/usr/local/libdata/pkgconfig:/usr/local/share/pkgconfig:/usr/libdata/pkgconfig SHELL=/bin/sh CONFIG_SHELL=/bin/sh
--End CONFIGURE_ENV--

--MAKE_ENV--
XDG_DATA_HOME=/wrkdirs/usr/ports/devel/py-build/work-py39  XDG_CONFIG_HOME=/wrkdirs/usr/ports/devel/py-build/work-py39  XDG_CACHE_HOME=/wrkdirs/usr/ports/devel/py-build/work-py39/.cache  HOME=/wrkdirs/usr/ports/devel/py-build/work-py39 TMPDIR="/tmp" PATH=/wrkdirs/usr/ports/devel/py-build/work-py39/.bin:/sbin:/bin:/usr/sbin:/usr/bin:/usr/local/sbin:/usr/local/bin:/root/bin PKG_CONFIG_LIBDIR=/wrkdirs/usr/ports/devel/py-build/work-py39/.pkgconfig:/usr/local/libdata/pkgconfig:/usr/local/share/pkgconfig:/usr/libdata/pkgconfig MK_DEBUG_FILES=no MK_KERNEL_SYMBOLS=no SHELL=/bin/sh NO_LINT=YES PREFIX=/usr/local  LOCALBASE=/usr/local  CC="cc" CFLAGS="-O2 -pipe  -fno-strict-aliasing "  CPP="cpp" CPPFLAGS=""  LDFLAGS=" " LIBS=""  CXX="c++" CXXFLAGS="-O2 -pipe -fno-strict-aliasing  " BSD_INSTALL_PROGRAM="install  -s -m 555"  BSD_INSTALL_LIB="install  -s -m 0644"  BSD_INSTALL_SCRIPT="install  -m 555"  BSD_INSTALL_DATA="install  -m 0644"  BSD_INSTALL_MAN="install  -m 444"
--End MAKE_ENV--

--PLIST_SUB--
PYTHON_INCLUDEDIR=include/python3.9  PYTHON_LIBDIR=lib/python3.9  PYTHON_PLATFORM=freebsd14  PYTHON_SITELIBDIR=lib/python3.9/site-packages  PYTHON_SUFFIX=39  PYTHON_EXT_SUFFIX=.cpython-39  PYTHON_VER=3.9  PYTHON_VERSION=python3.9 PYTHON2="@comment " PYTHON3="" OSREL=14.0 PREFIX=%D LOCALBASE=/usr/local  RESETPREFIX=/usr/local LIB32DIR=lib DOCSDIR="share/doc/py39-build"  EXAMPLESDIR="share/examples/py39-build"  DATADIR="share/py39-build"  WWWDIR="www/py39-build"  ETCDIR="etc/py39-build"
--End PLIST_SUB--

--SUB_LIST--
PYTHON_INCLUDEDIR=/usr/local/include/python3.9  PYTHON_LIBDIR=/usr/local/lib/python3.9  PYTHON_PLATFORM=freebsd14  PYTHON_SITELIBDIR=/usr/local/lib/python3.9/site-packages  PYTHON_SUFFIX=39  PYTHON_EXT_SUFFIX=.cpython-39  PYTHON_VER=3.9  PYTHON_VERSION=python3.9 PYTHON2="@comment " PYTHON3="" PREFIX=/usr/local LOCALBASE=/usr/local  DATADIR=/usr/local/share/py39-build DOCSDIR=/usr/local/share/doc/py39-build EXAMPLESDIR=/usr/local/share/examples/py39-build  WWWDIR=/usr/local/www/py39-build ETCDIR=/usr/local/etc/py39-build
--End SUB_LIST--

---Begin make.conf---
USE_PACKAGE_DEPENDS=yes
BATCH=yes
WRKDIRPREFIX=/wrkdirs
PORTSDIR=/usr/ports
PACKAGES=/packages
DISTDIR=/distfiles
FORCE_PACKAGE=yes
PACKAGE_BUILDING=yes
PACKAGE_BUILDING_FLAVORS=yes
WITH_CCACHE_BUILD=yes
CCACHE_DIR=/root/.ccache
#### Misc Poudriere ####
.include "/etc/make.conf.ports_env"
GID=0
UID=0
---End make.conf---
--Resource limits--
cpu time               (seconds, -t)  unlimited
file size           (512-blocks, -f)  unlimited
data seg size           (kbytes, -d)  33554432
stack size              (kbytes, -s)  524288
core file size      (512-blocks, -c)  unlimited
max memory size         (kbytes, -m)  unlimited
locked memory           (kbytes, -l)  unlimited
max user processes              (-u)  34304
open files                      (-n)  8192
virtual mem size        (kbytes, -v)  unlimited
swap limit              (kbytes, -w)  unlimited
socket buffer size       (bytes, -b)  unlimited
pseudo-terminals                (-p)  unlimited
kqueues                         (-k)  unlimited
umtx shared locks               (-o)  unlimited
--End resource limits--
=======================<phase: check-sanity   >============================
===== env: NO_DEPENDS=yes USER=root UID=0 GID=0
===>  License MIT accepted by the user
===========================================================================
=======================<phase: pkg-depends    >============================
===== env: USE_PACKAGE_DEPENDS_ONLY=1 USER=root UID=0 GID=0
===>   py39-build-1.2.1 depends on file: /usr/local/sbin/pkg - not found
===>   Installing existing package /packages/All/pkg-1.21.1.pkg
[140-rel-default-job-01] Installing pkg-1.21.1...
[140-rel-default-job-01] Extracting pkg-1.21.1: .......... done
===>   py39-build-1.2.1 depends on file: /usr/local/sbin/pkg - found
===>   Returning to build of py39-build-1.2.1
===========================================================================
=======================<phase: fetch-depends  >============================
===== env: USE_PACKAGE_DEPENDS_ONLY=1 USER=root UID=0 GID=0
===========================================================================
=======================<phase: fetch          >============================
===== env: NO_DEPENDS=yes USER=root UID=0 GID=0
===>  License MIT accepted by the user
=> build-1.2.1.tar.gz doesn't seem to exist in /portdistfiles/.
=> Attempting to fetch https://files.pythonhosted.org/packages/source/b/build/build-1.2.1.tar.gz
build-1.2.1.tar.gz                                      43 kB  216 MBps    00s
===> Fetching all distfiles required by py39-build-1.2.1 for building
===========================================================================
=======================<phase: checksum       >============================
===== env: NO_DEPENDS=yes USER=root UID=0 GID=0
===>  License MIT accepted by the user
===> Fetching all distfiles required by py39-build-1.2.1 for building
=> SHA256 Checksum OK for build-1.2.1.tar.gz.
===========================================================================
=======================<phase: extract-depends>============================
===== env: USE_PACKAGE_DEPENDS_ONLY=1 USER=root UID=0 GID=0
===========================================================================
=======================<phase: extract        >============================
===== env: NO_DEPENDS=yes USER=root UID=0 GID=0
===>  License MIT accepted by the user
===> Fetching all distfiles required by py39-build-1.2.1 for building
===>  Extracting for py39-build-1.2.1
=> SHA256 Checksum OK for build-1.2.1.tar.gz.
===========================================================================
=======================<phase: patch-depends  >============================
===== env: USE_PACKAGE_DEPENDS_ONLY=1 USER=root UID=0 GID=0
===========================================================================
=======================<phase: patch          >============================
===== env: NO_DEPENDS=yes USER=root UID=0 GID=0
===>  Patching for py39-build-1.2.1
===>  Applying FreeBSD patches for py39-build-1.2.1 from /usr/ports/devel/py-build/files
===========================================================================
=======================<phase: build-depends  >============================
===== env: USE_PACKAGE_DEPENDS_ONLY=1 USER=root UID=0 GID=0
===>   py39-build-1.2.1 depends on file: /usr/local/bin/python3.9 - not found
===>   Installing existing package /packages/All/python39-3.9.18_2.pkg
[140-rel-default-job-01] Installing python39-3.9.18_2...
[140-rel-default-job-01] `-- Installing gettext-runtime-0.22.5...
[140-rel-default-job-01] |   `-- Installing indexinfo-0.3.1...
[140-rel-default-job-01] |   `-- Extracting indexinfo-0.3.1: .... done
[140-rel-default-job-01] `-- Extracting gettext-runtime-0.22.5: .......... done
[140-rel-default-job-01] `-- Installing libffi-3.4.4_1...
[140-rel-default-job-01] `-- Extracting libffi-3.4.4_1: .......... done
[140-rel-default-job-01] `-- Installing mpdecimal-4.0.0...
[140-rel-default-job-01] `-- Extracting mpdecimal-4.0.0: .......... done
[140-rel-default-job-01] `-- Installing readline-8.2.10...
[140-rel-default-job-01] `-- Extracting readline-8.2.10: .......... done
[140-rel-default-job-01] Extracting python39-3.9.18_2: .......... done
=====
Message from python39-3.9.18_2:

--
Note that some standard Python modules are provided as separate ports
as they require additional dependencies. They are available as:

py39-gdbm       databases/py-gdbm@py39
py39-sqlite3    databases/py-sqlite3@py39
py39-tkinter    x11-toolkits/py-tkinter@py39
===>   py39-build-1.2.1 depends on file: /usr/local/bin/python3.9 - found
===>   Returning to build of py39-build-1.2.1
===>   py39-build-1.2.1 depends on package: py39-flit-core>=3.8 - not found
===>   Installing existing package /packages/All/py39-flit-core-3.9.0.pkg
[140-rel-default-job-01] Installing py39-flit-core-3.9.0...
[140-rel-default-job-01] Extracting py39-flit-core-3.9.0: .......... done
===>   py39-build-1.2.1 depends on package: py39-flit-core>=3.8 - found
===>   Returning to build of py39-build-1.2.1
===>   py39-build-1.2.1 depends on package: py39-installer>=0 - not found
===>   Installing existing package /packages/All/py39-installer-0.7.0.pkg
[140-rel-default-job-01] Installing py39-installer-0.7.0...
[140-rel-default-job-01] Extracting py39-installer-0.7.0: .......... done
===>   py39-build-1.2.1 depends on package: py39-installer>=0 - found
===>   Returning to build of py39-build-1.2.1
===>   py39-build-1.2.1 depends on file: /usr/local/bin/ccache - not found
===>   Installing existing package /packages/All/ccache-3.7.12_6.pkg
[140-rel-default-job-01] Installing ccache-3.7.12_6...
[140-rel-default-job-01] Extracting ccache-3.7.12_6: .......... done
Create compiler links...
create symlink for cc
create symlink for cc (world)
create symlink for c++
create symlink for c++ (world)
create symlink for CC
create symlink for CC (world)
create symlink for clang
create symlink for clang (world)
create symlink for clang++
create symlink for clang++ (world)
=====
Message from ccache-3.7.12_6:

--
NOTE:
Please read /usr/local/share/doc/ccache/ccache-howto-freebsd.txt for
information on using ccache with FreeBSD ports and src.
===>   py39-build-1.2.1 depends on file: /usr/local/bin/ccache - found
===>   Returning to build of py39-build-1.2.1
===========================================================================
=======================<phase: lib-depends    >============================
===== env: USE_PACKAGE_DEPENDS_ONLY=1 USER=root UID=0 GID=0
===========================================================================
=======================<phase: configure      >============================
===== env: NO_DEPENDS=yes USER=root UID=0 GID=0
===>  Configuring for py39-build-1.2.1
===========================================================================
=======================<phase: build          >============================
===== env: NO_DEPENDS=yes USER=root UID=0 GID=0
===>  Building for py39-build-1.2.1
Building wheel from /wrkdirs/usr/ports/devel/py-build/work-py39/build-1.2.1
Wheel built /wrkdirs/usr/ports/devel/py-build/work-py39/build-1.2.1/dist/build-1.2.1-py3-none-any.whl
===========================================================================
=======================<phase: run-depends    >============================
===== env: USE_PACKAGE_DEPENDS_ONLY=1 USER=root UID=0 GID=0
===>   py39-build-1.2.1 depends on package: py39-packaging>=19.1 - not found
===>   Installing existing package /packages/All/py39-packaging-23.2.pkg
[140-rel-default-job-01] Installing py39-packaging-23.2...
[140-rel-default-job-01] Extracting py39-packaging-23.2: .......... done
===>   py39-build-1.2.1 depends on package: py39-packaging>=19.1 - found
===>   Returning to build of py39-build-1.2.1
===>   py39-build-1.2.1 depends on package: py39-pyproject_hooks>=0 - not found
===>   Installing existing package /packages/All/py39-pyproject_hooks-1.0.0_2.pkg
[140-rel-default-job-01] Installing py39-pyproject_hooks-1.0.0_2...
[140-rel-default-job-01] `-- Installing py39-tomli-2.0.1_2...
[140-rel-default-job-01] `-- Extracting py39-tomli-2.0.1_2: .......... done
[140-rel-default-job-01] Extracting py39-pyproject_hooks-1.0.0_2: .......... done
===>   py39-build-1.2.1 depends on package: py39-pyproject_hooks>=0 - found
===>   Returning to build of py39-build-1.2.1
===>   py39-build-1.2.1 depends on file: /usr/local/bin/python3.9 - found
===>   py39-build-1.2.1 depends on package: py39-tomli>=1.1.0 - found
===========================================================================
=======================<phase: stage          >============================
===== env: NO_DEPENDS=yes USER=root UID=0 GID=0
===>  Staging for py39-build-1.2.1
===>   Generating temporary packing list
===> Creating unique files: Move MAN files needing SUFFIX
===> Creating unique files: Move files needing SUFFIX
Move: bin/pyproject-build --> bin/pyproject-build-3.9
Link: @bin/pyproject-build --> bin/pyproject-build-3.9
====> Compressing man pages (compress-man)
===========================================================================
=======================<phase: package        >============================
===== env: 'PKG_NOTES=build_timestamp ports_top_git_hash ports_top_checkout_unclean port_git_hash port_checkout_unclean built_by' 'PKG_NOTE_build_timestamp=2024-04-13T03:02:57+0000' 'PKG_NOTE_ports_top_git_hash=240e33cee' 'PKG_NOTE_ports_top_checkout_unclean=yes' 'PKG_NOTE_port_git_hash=240e33cee' 'PKG_NOTE_port_checkout_unclean=no' 'PKG_NOTE_built_by=poudriere-git-3.4.1_1' NO_DEPENDS=yes USER=root UID=0 GID=0
===>  Building packages for py39-build-1.2.1
===>   Building py39-build-1.2.1
===========================================================================
=>> Cleaning up wrkdir
===>  Cleaning for py39-build-1.2.1
build of devel/py-build@py39 | py39-build-1.2.1 ended at Fri Apr 12 23:03:02 EDT 2024
build time: 00:00:07
