=>> Building databases/mysql82-client
build started at Sat Apr 13 00:05:15 EDT 2024
port directory: /usr/ports/databases/mysql82-client
package name: mysql82-client-8.2.0
building for: FreeBSD 140-rel-default-job-01 14.0-RELEASE-p6 FreeBSD 14.0-RELEASE-p6 amd64
maintained by: joneum@FreeBSD.org
Makefile datestamp: -rw-r--r--  1 root wheel 1386 Apr 13 03:56 /usr/ports/databases/mysql82-client/Makefile
Ports top last git commit: 240e33cee
Ports top unclean checkout: yes
Port dir last git commit: 
Port dir unclean checkout: no
Poudriere version: poudriere-git-3.4.1_1
Host OSVERSION: 1400097
Jail OSVERSION: 1400097
Job Id: 01

---Begin Environment---
SHELL=/bin/sh
OSVERSION=1400097
UNAME_v=FreeBSD 14.0-RELEASE-p6
UNAME_r=14.0-RELEASE-p6
BLOCKSIZE=K
MAIL=/var/mail/root
MM_CHARSET=UTF-8
LANG=C.UTF-8
STATUS=1
HOME=/root
PATH=/sbin:/bin:/usr/sbin:/usr/bin:/usr/local/sbin:/usr/local/bin:/root/bin
MAKE_OBJDIR_CHECK_WRITABLE=0
LOCALBASE=/usr/local
USER=root
POUDRIERE_NAME=poudriere-git
LIBEXECPREFIX=/usr/local/libexec/poudriere
POUDRIERE_VERSION=3.4.1_1
MASTERMNT=/usr/local/poudriere/data/.m/140-rel-default/ref
LC_COLLATE=C
POUDRIERE_BUILD_TYPE=bulk
PACKAGE_BUILDING=yes
SAVED_TERM=xterm-256color
OUTPUT_REDIRECTED_STDERR=4
OUTPUT_REDIRECTED=1
PWD=/usr/local/poudriere/data/.m/140-rel-default/01/.p
OUTPUT_REDIRECTED_STDOUT=3
P_PORTS_FEATURES=FLAVORS SUBPACKAGES SELECTED_OPTIONS
MASTERNAME=140-rel-default
SCRIPTPREFIX=/usr/local/share/poudriere
SCRIPTNAME=bulk.sh
OLDPWD=/usr/local/poudriere/data/.m/140-rel-default/ref/.p/pool
POUDRIERE_PKGNAME=poudriere-git-3.4.1_1
SCRIPTPATH=/usr/local/share/poudriere/bulk.sh
POUDRIEREPATH=/usr/local/bin/poudriere
---End Environment---

---Begin Poudriere Port Flags/Env---
PORT_FLAGS=
PKGENV=
FLAVOR=
MAKE_ARGS=
---End Poudriere Port Flags/Env---

---Begin OPTIONS List---
===> The following configuration options are available for mysql82-client-8.2.0:
====> Default Client Plugins
     SASLCLIENT=on: SASL client plugin module
===> Use 'make config' to modify these settings
---End OPTIONS List---

--MAINTAINER--
joneum@FreeBSD.org
--End MAINTAINER--

--CONFIGURE_ARGS--

--End CONFIGURE_ARGS--

--CONFIGURE_ENV--
ac_cv_path_PERL=/usr/local/bin/perl ac_cv_path_PERL_PATH=/usr/local/bin/perl  PERL_USE_UNSAFE_INC=1 PKG_CONFIG=pkgconf XDG_DATA_HOME=/wrkdirs/usr/ports/databases/mysql82-client/work  XDG_CONFIG_HOME=/wrkdirs/usr/ports/databases/mysql82-client/work  XDG_CACHE_HOME=/wrkdirs/usr/ports/databases/mysql82-client/work/.cache  HOME=/wrkdirs/usr/ports/databases/mysql82-client/work TMPDIR="/tmp" PATH=/wrkdirs/usr/ports/databases/mysql82-client/work/.bin:/sbin:/bin:/usr/sbin:/usr/bin:/usr/local/sbin:/usr/local/bin:/root/bin PKG_CONFIG_LIBDIR=/wrkdirs/usr/ports/databases/mysql82-client/work/.pkgconfig:/usr/local/libdata/pkgconfig:/usr/local/share/pkgconfig:/usr/libdata/pkgconfig SHELL=/bin/sh CONFIG_SHELL=/bin/sh CMAKE_PREFIX_PATH="/usr/local"
--End CONFIGURE_ENV--

--MAKE_ENV--
PERL_USE_UNSAFE_INC=1 OPENSSLBASE=/usr OPENSSLDIR=/etc/ssl OPENSSLINC=/usr/include OPENSSLLIB=/usr/lib XDG_DATA_HOME=/wrkdirs/usr/ports/databases/mysql82-client/work  XDG_CONFIG_HOME=/wrkdirs/usr/ports/databases/mysql82-client/work  XDG_CACHE_HOME=/wrkdirs/usr/ports/databases/mysql82-client/work/.cache  HOME=/wrkdirs/usr/ports/databases/mysql82-client/work TMPDIR="/tmp" PATH=/wrkdirs/usr/ports/databases/mysql82-client/work/.bin:/sbin:/bin:/usr/sbin:/usr/bin:/usr/local/sbin:/usr/local/bin:/root/bin PKG_CONFIG_LIBDIR=/wrkdirs/usr/ports/databases/mysql82-client/work/.pkgconfig:/usr/local/libdata/pkgconfig:/usr/local/share/pkgconfig:/usr/libdata/pkgconfig MK_DEBUG_FILES=no MK_KERNEL_SYMBOLS=no SHELL=/bin/sh NO_LINT=YES PREFIX=/usr/local  LOCALBASE=/usr/local  CC="cc" CFLAGS="-O2 -pipe  -fPIC -DLDAP_DEPRECATED -isystem /usr/local/include -fno-strict-aliasing "  CPP="cpp" CPPFLAGS="-isystem /usr/local/include"  LDFLAGS="  " LIBS="-L/usr/local/lib"  CXX="c++" CXXFLAGS="-O2 -pipe  -fPIC -DLDAP_DEPRECATED -isystem /usr/local/include -fno-strict-aliasing   -isystem /usr/local/include -std=c++17 " BSD_INSTALL_PROGRAM="install  -s -m 555"  BSD_INSTALL_LIB="install  -s -m 0644"  BSD_INSTALL_SCRIPT="install  -m 555"  BSD_INSTALL_DATA="install  -m 0644"  BSD_INSTALL_MAN="install  -m 444"
--End MAKE_ENV--

--PLIST_SUB--
MY_DBDIR=/var/db/mysql  MY_SECDIR=/var/db/mysql_secure  MY_TMPDIR=/var/db/mysql_tmpdir  MYSQL82_LIBVER= SASLCLIENT="" NO_SASLCLIENT="@comment " CMAKE_BUILD_TYPE="release" OSREL=14.0 PREFIX=%D LOCALBASE=/usr/local  RESETPREFIX=/usr/local LIB32DIR=lib PERL_VERSION=5.36.3  PERL_VER=5.36  PERL5_MAN1=lib/perl5/site_perl/man/man1  PERL5_MAN3=lib/perl5/site_perl/man/man3  SITE_PERL=lib/perl5/site_perl  SITE_ARCH=lib/perl5/site_perl/mach/5.36 DOCSDIR="share/doc/mysql"  EXAMPLESDIR="share/examples/mysql"  DATADIR="share/mysql"  WWWDIR="www/mysql"  ETCDIR="etc/mysql"
--End PLIST_SUB--

--SUB_LIST--
MY_DBDIR=/var/db/mysql  MY_SECDIR=/var/db/mysql_secure  MY_TMPDIR=/var/db/mysql_tmpdir SASLCLIENT="" NO_SASLCLIENT="@comment " PREFIX=/usr/local LOCALBASE=/usr/local  DATADIR=/usr/local/share/mysql DOCSDIR=/usr/local/share/doc/mysql EXAMPLESDIR=/usr/local/share/examples/mysql  WWWDIR=/usr/local/www/mysql ETCDIR=/usr/local/etc/mysql
--End SUB_LIST--

---Begin make.conf---
USE_PACKAGE_DEPENDS=yes
BATCH=yes
WRKDIRPREFIX=/wrkdirs
PORTSDIR=/usr/ports
PACKAGES=/packages
DISTDIR=/distfiles
FORCE_PACKAGE=yes
PACKAGE_BUILDING=yes
PACKAGE_BUILDING_FLAVORS=yes
WITH_CCACHE_BUILD=yes
CCACHE_DIR=/root/.ccache
#### Misc Poudriere ####
.include "/etc/make.conf.ports_env"
GID=0
UID=0
---End make.conf---
--Resource limits--
cpu time               (seconds, -t)  unlimited
file size           (512-blocks, -f)  unlimited
data seg size           (kbytes, -d)  33554432
stack size              (kbytes, -s)  524288
core file size      (512-blocks, -c)  unlimited
max memory size         (kbytes, -m)  unlimited
locked memory           (kbytes, -l)  unlimited
max user processes              (-u)  34304
open files                      (-n)  8192
virtual mem size        (kbytes, -v)  unlimited
swap limit              (kbytes, -w)  unlimited
socket buffer size       (bytes, -b)  unlimited
pseudo-terminals                (-p)  unlimited
kqueues                         (-k)  unlimited
umtx shared locks               (-o)  unlimited
--End resource limits--
=======================<phase: check-sanity   >============================
===== env: NO_DEPENDS=yes USER=root UID=0 GID=0
===>  License GPLv2 accepted by the user
===========================================================================
=======================<phase: pkg-depends    >============================
===== env: USE_PACKAGE_DEPENDS_ONLY=1 USER=root UID=0 GID=0
===>   mysql82-client-8.2.0 depends on file: /usr/local/sbin/pkg - not found
===>   Installing existing package /packages/All/pkg-1.21.1.pkg
[140-rel-default-job-01] Installing pkg-1.21.1...
[140-rel-default-job-01] Extracting pkg-1.21.1: .......... done
===>   mysql82-client-8.2.0 depends on file: /usr/local/sbin/pkg - found
===>   Returning to build of mysql82-client-8.2.0
===========================================================================
=======================<phase: fetch-depends  >============================
===== env: USE_PACKAGE_DEPENDS_ONLY=1 USER=root UID=0 GID=0
===========================================================================
=======================<phase: fetch          >============================
===== env: NO_DEPENDS=yes USER=root UID=0 GID=0
===>  License GPLv2 accepted by the user
=> mysql-boost-8.2.0.tar.gz doesn't seem to exist in /portdistfiles/.
=> Attempting to fetch ftp://ftp.fi.muni.cz/pub/mysql/Downloads/MySQL-8.2/mysql-boost-8.2.0.tar.gz
fetch: ftp://ftp.fi.muni.cz/pub/mysql/Downloads/MySQL-8.2/mysql-boost-8.2.0.tar.gz: File unavailable (e.g., file not found, no access)
=> Attempting to fetch ftp://ftp.gwdg.de/pub/misc/mysql/Downloads/MySQL-8.2/mysql-boost-8.2.0.tar.gz
fetch: ftp://ftp.gwdg.de/pub/misc/mysql/Downloads/MySQL-8.2/mysql-boost-8.2.0.tar.gz: File unavailable (e.g., file not found, no access)
=> Attempting to fetch https://dev.mysql.com/get/Downloads/MySQL-8.2/mysql-boost-8.2.0.tar.gz
mysql-boost-8.2.0.tar.gz                               418 MB 8000 kBps    54s
===> Fetching all distfiles required by mysql82-client-8.2.0 for building
===========================================================================
=======================<phase: checksum       >============================
===== env: NO_DEPENDS=yes USER=root UID=0 GID=0
===>  License GPLv2 accepted by the user
===> Fetching all distfiles required by mysql82-client-8.2.0 for building
=> SHA256 Checksum OK for mysql-boost-8.2.0.tar.gz.
===========================================================================
=======================<phase: extract-depends>============================
===== env: USE_PACKAGE_DEPENDS_ONLY=1 USER=root UID=0 GID=0
===========================================================================
=======================<phase: extract        >============================
===== env: NO_DEPENDS=yes USER=root UID=0 GID=0
===>  License GPLv2 accepted by the user
===> Fetching all distfiles required by mysql82-client-8.2.0 for building
===>  Extracting for mysql82-client-8.2.0
=> SHA256 Checksum OK for mysql-boost-8.2.0.tar.gz.
/wrkdirs/usr/ports/databases/mysql82-client/work/mysql-8.2.0/sql/sql_hints.yy.cc
/wrkdirs/usr/ports/databases/mysql82-client/work/mysql-8.2.0/sql/sql_hints.yy.h
===========================================================================
=======================<phase: patch-depends  >============================
===== env: USE_PACKAGE_DEPENDS_ONLY=1 USER=root UID=0 GID=0
===========================================================================
=======================<phase: patch          >============================
===== env: NO_DEPENDS=yes USER=root UID=0 GID=0
===>  Patching for mysql82-client-8.2.0
===>  Applying FreeBSD patches for mysql82-client-8.2.0 from /usr/ports/databases/mysql82-client/../mysql82-server/files
No such line 50 in input file, ignoring
1 out of 2 hunks failed--saving rejects to cmake/ssl.cmake.rej
===>  FAILED Applying FreeBSD patch-cmake_ssl.cmake
===> Cleanly applied FreeBSD patch(es)  patch-CMakeLists.txt patch-client_CMakeLists.txt patch-cmake_install__layout.cmake patch-cmake_os_DragonFly.cmake patch-cmake_os_FreeBSD.cmake patch-cmake_plugin.cmake
===> FAILED to apply cleanly FreeBSD patch(es)  patch-cmake_ssl.cmake
*** Error code 1

Stop.
make: stopped in /usr/ports/databases/mysql82-client
=>> Cleaning up wrkdir
===>  Cleaning for mysql82-client-8.2.0
build of databases/mysql82-client | mysql82-client-8.2.0 ended at Sat Apr 13 00:06:17 EDT 2024
build time: 00:01:02
!!! build failure encountered !!!
