=>> Building devel/p5-Locale-gettext
build started at Tue Mar 12 13:44:46 EDT 2024
port directory: /usr/ports/devel/p5-Locale-gettext
package name: p5-Locale-gettext-1.07
building for: FreeBSD 140-rel-default-job-01 14.0-RELEASE-p5 FreeBSD 14.0-RELEASE-p5 amd64
maintained by: demon@FreeBSD.org
Makefile datestamp: -rw-r--r--  1 root wheel 556 Mar 11 03:45 /usr/ports/devel/p5-Locale-gettext/Makefile
Ports top last git commit: 834779860
Ports top unclean checkout: no
Port dir last git commit: 834779860
Port dir unclean checkout: no
Poudriere version: poudriere-git-3.4.1_1
Host OSVERSION: 1400097
Jail OSVERSION: 1400097
Job Id: 01

---Begin Environment---
SHELL=/bin/sh
OSVERSION=1400097
UNAME_v=FreeBSD 14.0-RELEASE-p5
UNAME_r=14.0-RELEASE-p5
BLOCKSIZE=K
MAIL=/var/mail/root
MM_CHARSET=UTF-8
LANG=C.UTF-8
STATUS=1
HOME=/root
PATH=/sbin:/bin:/usr/sbin:/usr/bin:/usr/local/sbin:/usr/local/bin:/root/bin
MAKE_OBJDIR_CHECK_WRITABLE=0
LOCALBASE=/usr/local
USER=root
POUDRIERE_NAME=poudriere-git
LIBEXECPREFIX=/usr/local/libexec/poudriere
POUDRIERE_VERSION=3.4.1_1
MASTERMNT=/usr/local/poudriere/data/.m/140-rel-default/ref
LC_COLLATE=C
POUDRIERE_BUILD_TYPE=bulk
PACKAGE_BUILDING=yes
SAVED_TERM=xterm-256color
OUTPUT_REDIRECTED_STDERR=4
OUTPUT_REDIRECTED=1
PWD=/usr/local/poudriere/data/.m/140-rel-default/01/.p
OUTPUT_REDIRECTED_STDOUT=3
P_PORTS_FEATURES=FLAVORS SUBPACKAGES SELECTED_OPTIONS
MASTERNAME=140-rel-default
SCRIPTPREFIX=/usr/local/share/poudriere
SCRIPTNAME=bulk.sh
OLDPWD=/usr/local/poudriere/data/.m/140-rel-default/ref/.p/pool
POUDRIERE_PKGNAME=poudriere-git-3.4.1_1
SCRIPTPATH=/usr/local/share/poudriere/bulk.sh
POUDRIEREPATH=/usr/local/bin/poudriere
---End Environment---

---Begin Poudriere Port Flags/Env---
PORT_FLAGS=
PKGENV=
FLAVOR=
MAKE_ARGS=
---End Poudriere Port Flags/Env---

---Begin OPTIONS List---
---End OPTIONS List---

--MAINTAINER--
demon@FreeBSD.org
--End MAINTAINER--

--CONFIGURE_ARGS--
INSTALLDIRS="site" CC="cc" CCFLAGS="-O2 -pipe  -fstack-protector-strong -fno-strict-aliasing " LD="cc" PREFIX="/usr/local"  INSTALLPRIVLIB="/usr/local/lib" INSTALLARCHLIB="/usr/local/lib"
--End CONFIGURE_ARGS--

--CONFIGURE_ENV--
LOCALBASE=/usr/local ac_cv_path_PERL=/usr/local/bin/perl ac_cv_path_PERL_PATH=/usr/local/bin/perl  PERL_USE_UNSAFE_INC=1 XDG_DATA_HOME=/wrkdirs/usr/ports/devel/p5-Locale-gettext/work  XDG_CONFIG_HOME=/wrkdirs/usr/ports/devel/p5-Locale-gettext/work  XDG_CACHE_HOME=/wrkdirs/usr/ports/devel/p5-Locale-gettext/work/.cache  HOME=/wrkdirs/usr/ports/devel/p5-Locale-gettext/work TMPDIR="/tmp" PATH=/wrkdirs/usr/ports/devel/p5-Locale-gettext/work/.bin:/sbin:/bin:/usr/sbin:/usr/bin:/usr/local/sbin:/usr/local/bin:/root/bin PKG_CONFIG_LIBDIR=/wrkdirs/usr/ports/devel/p5-Locale-gettext/work/.pkgconfig:/usr/local/libdata/pkgconfig:/usr/local/share/pkgconfig:/usr/libdata/pkgconfig SHELL=/bin/sh CONFIG_SHELL=/bin/sh PERL_EXTUTILS_AUTOINSTALL="--skipdeps" PERL_MM_USE_DEFAULT="YES"
--End CONFIGURE_ENV--

--MAKE_ENV--
PERL_USE_UNSAFE_INC=1 XDG_DATA_HOME=/wrkdirs/usr/ports/devel/p5-Locale-gettext/work  XDG_CONFIG_HOME=/wrkdirs/usr/ports/devel/p5-Locale-gettext/work  XDG_CACHE_HOME=/wrkdirs/usr/ports/devel/p5-Locale-gettext/work/.cache  HOME=/wrkdirs/usr/ports/devel/p5-Locale-gettext/work TMPDIR="/tmp" PATH=/wrkdirs/usr/ports/devel/p5-Locale-gettext/work/.bin:/sbin:/bin:/usr/sbin:/usr/bin:/usr/local/sbin:/usr/local/bin:/root/bin PKG_CONFIG_LIBDIR=/wrkdirs/usr/ports/devel/p5-Locale-gettext/work/.pkgconfig:/usr/local/libdata/pkgconfig:/usr/local/share/pkgconfig:/usr/libdata/pkgconfig MK_DEBUG_FILES=no MK_KERNEL_SYMBOLS=no SHELL=/bin/sh NO_LINT=YES PREFIX=/usr/local  LOCALBASE=/usr/local  CC="cc" CFLAGS="-O2 -pipe  -fstack-protector-strong -fno-strict-aliasing "  CPP="cpp" CPPFLAGS=""  LDFLAGS=" -fstack-protector-strong " LIBS=""  CXX="c++" CXXFLAGS="-O2 -pipe -fstack-protector-strong -fno-strict-aliasing  " BSD_INSTALL_PROGRAM="install  -s -m 555"  BSD_INSTALL_LIB="install  -s -m 0644"  BSD_INSTALL_SCRIPT="install  -m 555"  BSD_INSTALL_DATA="install  -m 0644"  BSD_INSTALL_MAN="install  -m 444"
--End MAKE_ENV--

--PLIST_SUB--
OSREL=14.0 PREFIX=%D LOCALBASE=/usr/local  RESETPREFIX=/usr/local LIB32DIR=lib PERL_VERSION=5.36.3  PERL_VER=5.36  PERL5_MAN1=lib/perl5/site_perl/man/man1  PERL5_MAN3=lib/perl5/site_perl/man/man3  SITE_PERL=lib/perl5/site_perl  SITE_ARCH=lib/perl5/site_perl/mach/5.36 DOCSDIR="share/doc/Locale-gettext"  EXAMPLESDIR="share/examples/Locale-gettext"  DATADIR="share/Locale-gettext"  WWWDIR="www/Locale-gettext"  ETCDIR="etc/Locale-gettext"
--End PLIST_SUB--

--SUB_LIST--
PREFIX=/usr/local LOCALBASE=/usr/local  DATADIR=/usr/local/share/Locale-gettext DOCSDIR=/usr/local/share/doc/Locale-gettext EXAMPLESDIR=/usr/local/share/examples/Locale-gettext  WWWDIR=/usr/local/www/Locale-gettext ETCDIR=/usr/local/etc/Locale-gettext
--End SUB_LIST--

---Begin make.conf---
USE_PACKAGE_DEPENDS=yes
BATCH=yes
WRKDIRPREFIX=/wrkdirs
PORTSDIR=/usr/ports
PACKAGES=/packages
DISTDIR=/distfiles
FORCE_PACKAGE=yes
PACKAGE_BUILDING=yes
PACKAGE_BUILDING_FLAVORS=yes
WITH_CCACHE_BUILD=yes
CCACHE_DIR=/root/.ccache
#### Misc Poudriere ####
.include "/etc/make.conf.ports_env"
GID=0
UID=0
---End make.conf---
--Resource limits--
cpu time               (seconds, -t)  unlimited
file size           (512-blocks, -f)  unlimited
data seg size           (kbytes, -d)  33554432
stack size              (kbytes, -s)  524288
core file size      (512-blocks, -c)  unlimited
max memory size         (kbytes, -m)  unlimited
locked memory           (kbytes, -l)  unlimited
max user processes              (-u)  34304
open files                      (-n)  8192
virtual mem size        (kbytes, -v)  unlimited
swap limit              (kbytes, -w)  unlimited
socket buffer size       (bytes, -b)  unlimited
pseudo-terminals                (-p)  unlimited
kqueues                         (-k)  unlimited
umtx shared locks               (-o)  unlimited
--End resource limits--
=======================<phase: check-sanity   >============================
===== env: NO_DEPENDS=yes USER=root UID=0 GID=0
===>  License ARTPERL10 GPLv2 accepted by the user
===========================================================================
=======================<phase: pkg-depends    >============================
===== env: USE_PACKAGE_DEPENDS_ONLY=1 USER=root UID=0 GID=0
===>   p5-Locale-gettext-1.07 depends on file: /usr/local/sbin/pkg - not found
===>   Installing existing package /packages/All/pkg-1.20.9_1.pkg
[140-rel-default-job-01] Installing pkg-1.20.9_1...
[140-rel-default-job-01] Extracting pkg-1.20.9_1: .......... done
===>   p5-Locale-gettext-1.07 depends on file: /usr/local/sbin/pkg - found
===>   Returning to build of p5-Locale-gettext-1.07
===========================================================================
=======================<phase: fetch-depends  >============================
===== env: USE_PACKAGE_DEPENDS_ONLY=1 USER=root UID=0 GID=0
===========================================================================
=======================<phase: fetch          >============================
===== env: NO_DEPENDS=yes USER=root UID=0 GID=0
===>  License ARTPERL10 GPLv2 accepted by the user
===> Fetching all distfiles required by p5-Locale-gettext-1.07 for building
===========================================================================
=======================<phase: checksum       >============================
===== env: NO_DEPENDS=yes USER=root UID=0 GID=0
===>  License ARTPERL10 GPLv2 accepted by the user
===> Fetching all distfiles required by p5-Locale-gettext-1.07 for building
=> SHA256 Checksum OK for gettext-1.07.tar.gz.
===========================================================================
=======================<phase: extract-depends>============================
===== env: USE_PACKAGE_DEPENDS_ONLY=1 USER=root UID=0 GID=0
===========================================================================
=======================<phase: extract        >============================
===== env: NO_DEPENDS=yes USER=root UID=0 GID=0
===>  License ARTPERL10 GPLv2 accepted by the user
===> Fetching all distfiles required by p5-Locale-gettext-1.07 for building
===>  Extracting for p5-Locale-gettext-1.07
=> SHA256 Checksum OK for gettext-1.07.tar.gz.
===========================================================================
=======================<phase: patch-depends  >============================
===== env: USE_PACKAGE_DEPENDS_ONLY=1 USER=root UID=0 GID=0
===========================================================================
=======================<phase: patch          >============================
===== env: NO_DEPENDS=yes USER=root UID=0 GID=0
===>  Patching for p5-Locale-gettext-1.07
===>  Applying FreeBSD patches for p5-Locale-gettext-1.07 from /usr/ports/devel/p5-Locale-gettext/files
===========================================================================
=======================<phase: build-depends  >============================
===== env: USE_PACKAGE_DEPENDS_ONLY=1 USER=root UID=0 GID=0
===>   p5-Locale-gettext-1.07 depends on package: gettext-runtime>=0.22_1 - not found
===>   Installing existing package /packages/All/gettext-runtime-0.22.3_1.pkg
[140-rel-default-job-01] Installing gettext-runtime-0.22.3_1...
[140-rel-default-job-01] `-- Installing indexinfo-0.3.1...
[140-rel-default-job-01] `-- Extracting indexinfo-0.3.1: .... done
[140-rel-default-job-01] Extracting gettext-runtime-0.22.3_1: .......... done
===>   p5-Locale-gettext-1.07 depends on package: gettext-runtime>=0.22_1 - found
===>   Returning to build of p5-Locale-gettext-1.07
===>   p5-Locale-gettext-1.07 depends on executable: msgfmt - not found
===>   Installing existing package /packages/All/gettext-tools-0.22.3_1.pkg
[140-rel-default-job-01] Installing gettext-tools-0.22.3_1...
[140-rel-default-job-01] `-- Installing libtextstyle-0.22.3...
[140-rel-default-job-01] `-- Extracting libtextstyle-0.22.3: .......... done
[140-rel-default-job-01] Extracting gettext-tools-0.22.3_1: .......... done
===>   p5-Locale-gettext-1.07 depends on executable: msgfmt - found
===>   Returning to build of p5-Locale-gettext-1.07
===>   p5-Locale-gettext-1.07 depends on package: perl5>=5.36<5.37 - not found
===>   Installing existing package /packages/All/perl5-5.36.3_1.pkg
[140-rel-default-job-01] Installing perl5-5.36.3_1...
[140-rel-default-job-01] Extracting perl5-5.36.3_1: .......... done
===>   p5-Locale-gettext-1.07 depends on package: perl5>=5.36<5.37 - found
===>   Returning to build of p5-Locale-gettext-1.07
===>   p5-Locale-gettext-1.07 depends on file: /usr/local/bin/ccache - not found
===>   Installing existing package /packages/All/ccache-3.7.12_6.pkg
[140-rel-default-job-01] Installing ccache-3.7.12_6...
[140-rel-default-job-01] Extracting ccache-3.7.12_6: .......... done
Create compiler links...
create symlink for cc
create symlink for cc (world)
create symlink for c++
create symlink for c++ (world)
create symlink for CC
create symlink for CC (world)
create symlink for clang
create symlink for clang (world)
create symlink for clang++
create symlink for clang++ (world)
=====
Message from ccache-3.7.12_6:

--
NOTE:
Please read /usr/local/share/doc/ccache/ccache-howto-freebsd.txt for
information on using ccache with FreeBSD ports and src.
===>   p5-Locale-gettext-1.07 depends on file: /usr/local/bin/ccache - found
===>   Returning to build of p5-Locale-gettext-1.07
===========================================================================
=======================<phase: lib-depends    >============================
===== env: USE_PACKAGE_DEPENDS_ONLY=1 USER=root UID=0 GID=0
===>   p5-Locale-gettext-1.07 depends on shared library: libintl.so - found (/usr/local/lib/libintl.so)
===========================================================================
=======================<phase: configure      >============================
===== env: NO_DEPENDS=yes USER=root UID=0 GID=0
===>  Configuring for p5-Locale-gettext-1.07
checking for gettext... no
checking for gettext in -L/usr/local/lib -lintl -I/usr/local/include... yes
checking for dgettext in -L/usr/local/lib -lintl -I/usr/local/include... yes
checking for ngettext in -L/usr/local/lib -lintl -I/usr/local/include... yes
checking for bind_textdomain_codeset in -L/usr/local/lib -lintl -I/usr/local/include... yes
Checking if your kit is complete...
Looks good
Generating a Unix-style Makefile
Writing Makefile for Locale::gettext
Writing MYMETA.yml and MYMETA.json
===========================================================================
=======================<phase: build          >============================
===== env: NO_DEPENDS=yes USER=root UID=0 GID=0
===>  Building for p5-Locale-gettext-1.07
--- blib/lib/Locale/.exists ---
--- blib/arch/.exists ---
--- blib/lib/auto/Locale/gettext/.exists ---
--- blib/arch/auto/Locale/gettext/.exists ---
--- blib/bin/.exists ---
--- blib/script/.exists ---
--- blib/man1/.exists ---
--- blib/man3/.exists ---
--- config ---
--- subdirs ---
--- dynamic ---
--- gettext.c ---
--- gettext.bs ---
--- pm_to_blib ---
Running Mkbootstrap for gettext ()
--- gettext.bs ---
chmod 644 "gettext.bs"
--- gettext.c ---
"/usr/local/bin/perl" "/usr/local/lib/perl5/5.36/ExtUtils/xsubpp"  -typemap '/usr/local/lib/perl5/5.36/ExtUtils/typemap'  gettext.xs > gettext.xsc
--- blib/arch/auto/Locale/gettext/gettext.bs ---
"/usr/local/bin/perl" -MExtUtils::Command::MM -e 'cp_nonempty' -- gettext.bs blib/arch/auto/Locale/gettext/gettext.bs 644
--- blibdirs ---
--- config ---
--- pm_to_blib ---
cp gettext.pm blib/lib/Locale/gettext.pm
--- gettext.c ---
Please specify prototyping behavior for gettext.xs (see perlxs manual)
mv gettext.xsc gettext.c
--- gettext.o ---
cc -c  -I/usr/local/include  -O2 -pipe  -fstack-protector-strong -fno-strict-aliasing -O2 -pipe -fstack-protector-strong -fno-strict-aliasing    -DVERSION=\"1.07\"  -DXS_VERSION=\"1.07\" -DPIC -fPIC "-I/usr/local/lib/perl5/5.36/mach/CORE"   gettext.c
--- blib/arch/auto/Locale/gettext/gettext.so ---
rm -f blib/arch/auto/Locale/gettext/gettext.so
LD_RUN_PATH="/usr/local/lib" cc  -shared  -L/usr/local/lib/perl5/5.36/mach/CORE -lperl -L/usr/local/lib -fstack-protector-strong  gettext.o  -o blib/arch/auto/Locale/gettext/gettext.so    -L/usr/local/lib -lintl    
chmod 755 blib/arch/auto/Locale/gettext/gettext.so
--- dynamic ---
--- linkext ---
--- pure_all ---
--- manifypods ---
Manifying 1 pod document
--- all ---
===========================================================================
=======================<phase: run-depends    >============================
===== env: USE_PACKAGE_DEPENDS_ONLY=1 USER=root UID=0 GID=0
===>   p5-Locale-gettext-1.07 depends on package: perl5>=5.36<5.37 - found
===========================================================================
=======================<phase: stage          >============================
===== env: NO_DEPENDS=yes USER=root UID=0 GID=0
===>  Staging for p5-Locale-gettext-1.07
===>   Generating temporary packing list
"/usr/local/bin/perl" -MExtUtils::Command::MM -e 'cp_nonempty' -- gettext.bs blib/arch/auto/Locale/gettext/gettext.bs 644
Manifying 1 pod document
Files found in blib/arch: installing files in blib/lib into architecture dependent library tree
Installing /wrkdirs/usr/ports/devel/p5-Locale-gettext/work/stage/usr/local/lib/perl5/site_perl/mach/5.36/auto/Locale/gettext/gettext.so
Installing /wrkdirs/usr/ports/devel/p5-Locale-gettext/work/stage/usr/local/lib/perl5/site_perl/mach/5.36/Locale/gettext.pm
Installing /wrkdirs/usr/ports/devel/p5-Locale-gettext/work/stage/usr/local/lib/perl5/site_perl/man/man3/Locale::gettext.3
/usr/bin/strip /wrkdirs/usr/ports/devel/p5-Locale-gettext/work/stage/usr/local/lib/perl5/site_perl/mach/5.36/auto/Locale/gettext/gettext.so
====> Compressing man pages (compress-man)
===========================================================================
=======================<phase: package        >============================
===== env: 'PKG_NOTES=build_timestamp ports_top_git_hash ports_top_checkout_unclean port_git_hash port_checkout_unclean built_by' 'PKG_NOTE_build_timestamp=2024-03-12T17:44:46+0000' 'PKG_NOTE_ports_top_git_hash=834779860' 'PKG_NOTE_ports_top_checkout_unclean=no' 'PKG_NOTE_port_git_hash=834779860' 'PKG_NOTE_port_checkout_unclean=no' 'PKG_NOTE_built_by=poudriere-git-3.4.1_1' NO_DEPENDS=yes USER=root UID=0 GID=0
===>  Building packages for p5-Locale-gettext-1.07
===>   Building p5-Locale-gettext-1.07
===========================================================================
=>> Cleaning up wrkdir
===>  Cleaning for p5-Locale-gettext-1.07
build of devel/p5-Locale-gettext | p5-Locale-gettext-1.07 ended at Tue Mar 12 13:44:48 EDT 2024
build time: 00:00:02
