=>> Building devel/autoconf
build started at Fri Apr 12 23:02:32 EDT 2024
port directory: /usr/ports/devel/autoconf
package name: autoconf-2.72
building for: FreeBSD 140-rel-default-job-02 14.0-RELEASE-p6 FreeBSD 14.0-RELEASE-p6 amd64
maintained by: tijl@FreeBSD.org
Makefile datestamp: -rw-r--r--  1 root wheel 2044 Apr 13 02:10 /usr/ports/devel/autoconf/Makefile
Ports top last git commit: 240e33cee
Ports top unclean checkout: yes
Port dir last git commit: 240e33cee
Port dir unclean checkout: no
Poudriere version: poudriere-git-3.4.1_1
Host OSVERSION: 1400097
Jail OSVERSION: 1400097
Job Id: 02

---Begin Environment---
SHELL=/bin/sh
OSVERSION=1400097
UNAME_v=FreeBSD 14.0-RELEASE-p6
UNAME_r=14.0-RELEASE-p6
BLOCKSIZE=K
MAIL=/var/mail/root
MM_CHARSET=UTF-8
LANG=C.UTF-8
STATUS=1
HOME=/root
PATH=/sbin:/bin:/usr/sbin:/usr/bin:/usr/local/sbin:/usr/local/bin:/root/bin
MAKE_OBJDIR_CHECK_WRITABLE=0
LOCALBASE=/usr/local
USER=root
POUDRIERE_NAME=poudriere-git
LIBEXECPREFIX=/usr/local/libexec/poudriere
POUDRIERE_VERSION=3.4.1_1
MASTERMNT=/usr/local/poudriere/data/.m/140-rel-default/ref
LC_COLLATE=C
POUDRIERE_BUILD_TYPE=bulk
PACKAGE_BUILDING=yes
SAVED_TERM=xterm-256color
OUTPUT_REDIRECTED_STDERR=4
OUTPUT_REDIRECTED=1
PWD=/usr/local/poudriere/data/.m/140-rel-default/02/.p
OUTPUT_REDIRECTED_STDOUT=3
P_PORTS_FEATURES=FLAVORS SUBPACKAGES SELECTED_OPTIONS
MASTERNAME=140-rel-default
SCRIPTPREFIX=/usr/local/share/poudriere
SCRIPTNAME=bulk.sh
OLDPWD=/usr/local/poudriere/data/.m/140-rel-default/ref/.p/pool
POUDRIERE_PKGNAME=poudriere-git-3.4.1_1
SCRIPTPATH=/usr/local/share/poudriere/bulk.sh
POUDRIEREPATH=/usr/local/bin/poudriere
---End Environment---

---Begin Poudriere Port Flags/Env---
PORT_FLAGS=
PKGENV=
FLAVOR=
MAKE_ARGS=
---End Poudriere Port Flags/Env---

---Begin OPTIONS List---
===> The following configuration options are available for autoconf-2.72:
     INFO=on: Build and/or install GNU info pages
===> Use 'make config' to modify these settings
---End OPTIONS List---

--MAINTAINER--
tijl@FreeBSD.org
--End MAINTAINER--

--CONFIGURE_ARGS--
--program-suffix=2.72  --without-lispdir --prefix=/usr/local ${_LATE_CONFIGURE_ARGS}
--End CONFIGURE_ARGS--

--CONFIGURE_ENV--
AWK=/usr/bin/awk  EMACS=no  M4=/usr/local/bin/gm4 ac_cv_path_PERL=/usr/local/bin/perl ac_cv_path_PERL_PATH=/usr/local/bin/perl  PERL_USE_UNSAFE_INC=1 XDG_DATA_HOME=/wrkdirs/usr/ports/devel/autoconf/work  XDG_CONFIG_HOME=/wrkdirs/usr/ports/devel/autoconf/work  XDG_CACHE_HOME=/wrkdirs/usr/ports/devel/autoconf/work/.cache  HOME=/wrkdirs/usr/ports/devel/autoconf/work TMPDIR="/tmp" PATH=/wrkdirs/usr/ports/devel/autoconf/work/.bin:/sbin:/bin:/usr/sbin:/usr/bin:/usr/local/sbin:/usr/local/bin:/root/bin PKG_CONFIG_LIBDIR=/wrkdirs/usr/ports/devel/autoconf/work/.pkgconfig:/usr/local/libdata/pkgconfig:/usr/local/share/pkgconfig:/usr/libdata/pkgconfig SHELL=/bin/sh CONFIG_SHELL=/bin/sh CONFIG_SITE=/usr/ports/Templates/config.site lt_cv_sys_max_cmd_len=524288
--End CONFIGURE_ENV--

--MAKE_ENV--
PERL_USE_UNSAFE_INC=1 XDG_DATA_HOME=/wrkdirs/usr/ports/devel/autoconf/work  XDG_CONFIG_HOME=/wrkdirs/usr/ports/devel/autoconf/work  XDG_CACHE_HOME=/wrkdirs/usr/ports/devel/autoconf/work/.cache  HOME=/wrkdirs/usr/ports/devel/autoconf/work TMPDIR="/tmp" PATH=/wrkdirs/usr/ports/devel/autoconf/work/.bin:/sbin:/bin:/usr/sbin:/usr/bin:/usr/local/sbin:/usr/local/bin:/root/bin PKG_CONFIG_LIBDIR=/wrkdirs/usr/ports/devel/autoconf/work/.pkgconfig:/usr/local/libdata/pkgconfig:/usr/local/share/pkgconfig:/usr/libdata/pkgconfig MK_DEBUG_FILES=no MK_KERNEL_SYMBOLS=no SHELL=/bin/sh NO_LINT=YES PREFIX=/usr/local  LOCALBASE=/usr/local  CC="cc" CFLAGS="-O2 -pipe  -fno-strict-aliasing "  CPP="cpp" CPPFLAGS=""  LDFLAGS=" " LIBS=""  CXX="c++" CXXFLAGS="-O2 -pipe -fno-strict-aliasing  " BSD_INSTALL_PROGRAM="install  -s -m 555"  BSD_INSTALL_LIB="install  -s -m 0644"  BSD_INSTALL_SCRIPT="install  -m 555"  BSD_INSTALL_DATA="install  -m 0644"  BSD_INSTALL_MAN="install  -m 444"
--End MAKE_ENV--

--PLIST_SUB--
VERSION=2.72 OSREL=14.0 PREFIX=%D LOCALBASE=/usr/local  RESETPREFIX=/usr/local LIB32DIR=lib PERL_VERSION=5.36.3  PERL_VER=5.36  PERL5_MAN1=lib/perl5/site_perl/man/man1  PERL5_MAN3=lib/perl5/site_perl/man/man3  SITE_PERL=lib/perl5/site_perl  SITE_ARCH=lib/perl5/site_perl/mach/5.36 DOCSDIR="share/doc/autoconf"  EXAMPLESDIR="share/examples/autoconf"  DATADIR="share/autoconf2.72"  WWWDIR="www/autoconf"  ETCDIR="etc/autoconf"
--End PLIST_SUB--

--SUB_LIST--
 PREFIX=/usr/local LOCALBASE=/usr/local  DATADIR=/usr/local/share/autoconf2.72 DOCSDIR=/usr/local/share/doc/autoconf EXAMPLESDIR=/usr/local/share/examples/autoconf  WWWDIR=/usr/local/www/autoconf ETCDIR=/usr/local/etc/autoconf
--End SUB_LIST--

---Begin make.conf---
USE_PACKAGE_DEPENDS=yes
BATCH=yes
WRKDIRPREFIX=/wrkdirs
PORTSDIR=/usr/ports
PACKAGES=/packages
DISTDIR=/distfiles
FORCE_PACKAGE=yes
PACKAGE_BUILDING=yes
PACKAGE_BUILDING_FLAVORS=yes
WITH_CCACHE_BUILD=yes
CCACHE_DIR=/root/.ccache
#### Misc Poudriere ####
.include "/etc/make.conf.ports_env"
GID=0
UID=0
---End make.conf---
--Resource limits--
cpu time               (seconds, -t)  unlimited
file size           (512-blocks, -f)  unlimited
data seg size           (kbytes, -d)  33554432
stack size              (kbytes, -s)  524288
core file size      (512-blocks, -c)  unlimited
max memory size         (kbytes, -m)  unlimited
locked memory           (kbytes, -l)  unlimited
max user processes              (-u)  34304
open files                      (-n)  8192
virtual mem size        (kbytes, -v)  unlimited
swap limit              (kbytes, -w)  unlimited
socket buffer size       (bytes, -b)  unlimited
pseudo-terminals                (-p)  unlimited
kqueues                         (-k)  unlimited
umtx shared locks               (-o)  unlimited
--End resource limits--
=======================<phase: check-sanity   >============================
===== env: NO_DEPENDS=yes USER=root UID=0 GID=0
===>  License EXCEPTION GFDL GPLv2+ GPLv3+ accepted by the user
===========================================================================
=======================<phase: pkg-depends    >============================
===== env: USE_PACKAGE_DEPENDS_ONLY=1 USER=root UID=0 GID=0
===>   autoconf-2.72 depends on file: /usr/local/sbin/pkg - not found
===>   Installing existing package /packages/All/pkg-1.21.1.pkg
[140-rel-default-job-02] Installing pkg-1.21.1...
[140-rel-default-job-02] Extracting pkg-1.21.1: .......... done
===>   autoconf-2.72 depends on file: /usr/local/sbin/pkg - found
===>   Returning to build of autoconf-2.72
===========================================================================
=======================<phase: fetch-depends  >============================
===== env: USE_PACKAGE_DEPENDS_ONLY=1 USER=root UID=0 GID=0
===========================================================================
=======================<phase: fetch          >============================
===== env: NO_DEPENDS=yes USER=root UID=0 GID=0
===>  License EXCEPTION GFDL GPLv2+ GPLv3+ accepted by the user
=> autoconf-2.72.tar.xz doesn't seem to exist in /portdistfiles/.
=> Attempting to fetch https://ftpmirror.gnu.org/autoconf/autoconf-2.72.tar.xz
autoconf-2.72.tar.xz                                  1357 kB 3287 kBps    01s
===> Fetching all distfiles required by autoconf-2.72 for building
===========================================================================
=======================<phase: checksum       >============================
===== env: NO_DEPENDS=yes USER=root UID=0 GID=0
===>  License EXCEPTION GFDL GPLv2+ GPLv3+ accepted by the user
===> Fetching all distfiles required by autoconf-2.72 for building
=> SHA256 Checksum OK for autoconf-2.72.tar.xz.
===========================================================================
=======================<phase: extract-depends>============================
===== env: USE_PACKAGE_DEPENDS_ONLY=1 USER=root UID=0 GID=0
===========================================================================
=======================<phase: extract        >============================
===== env: NO_DEPENDS=yes USER=root UID=0 GID=0
===>  License EXCEPTION GFDL GPLv2+ GPLv3+ accepted by the user
===> Fetching all distfiles required by autoconf-2.72 for building
===>  Extracting for autoconf-2.72
=> SHA256 Checksum OK for autoconf-2.72.tar.xz.
===========================================================================
=======================<phase: patch-depends  >============================
===== env: USE_PACKAGE_DEPENDS_ONLY=1 USER=root UID=0 GID=0
===========================================================================
=======================<phase: patch          >============================
===== env: NO_DEPENDS=yes USER=root UID=0 GID=0
===>  Patching for autoconf-2.72
===>  Applying FreeBSD patches for autoconf-2.72 from /usr/ports/devel/autoconf/files
===========================================================================
=======================<phase: build-depends  >============================
===== env: USE_PACKAGE_DEPENDS_ONLY=1 USER=root UID=0 GID=0
===>   autoconf-2.72 depends on executable: gm4 - not found
===>   Installing existing package /packages/All/m4-1.4.19_1,1.pkg
[140-rel-default-job-02] Installing m4-1.4.19_1,1...
[140-rel-default-job-02] `-- Installing gettext-runtime-0.22.5...
[140-rel-default-job-02] |   `-- Installing indexinfo-0.3.1...
[140-rel-default-job-02] |   `-- Extracting indexinfo-0.3.1: .... done
[140-rel-default-job-02] `-- Extracting gettext-runtime-0.22.5: .......... done
[140-rel-default-job-02] Extracting m4-1.4.19_1,1: .......... done
===>   autoconf-2.72 depends on executable: gm4 - found
===>   Returning to build of autoconf-2.72
===>   autoconf-2.72 depends on file: /usr/local/bin/makeinfo - not found
===>   Installing existing package /packages/All/texinfo-7.1_2,1.pkg
[140-rel-default-job-02] Installing texinfo-7.1_2,1...
[140-rel-default-job-02] `-- Installing libiconv-1.17_1...
[140-rel-default-job-02] `-- Extracting libiconv-1.17_1: .......... done
[140-rel-default-job-02] `-- Installing p5-Locale-libintl-1.33...
[140-rel-default-job-02] |   `-- Installing perl5-5.36.3_1...
[140-rel-default-job-02] |   `-- Extracting perl5-5.36.3_1: .......... done
[140-rel-default-job-02] `-- Extracting p5-Locale-libintl-1.33: .......... done
[140-rel-default-job-02] `-- Installing p5-Text-Unidecode-1.30...
[140-rel-default-job-02] `-- Extracting p5-Text-Unidecode-1.30: .......... done
[140-rel-default-job-02] `-- Installing p5-Unicode-EastAsianWidth-12.0...
[140-rel-default-job-02] `-- Extracting p5-Unicode-EastAsianWidth-12.0: ...... done
[140-rel-default-job-02] Extracting texinfo-7.1_2,1: .......... done
===>   autoconf-2.72 depends on file: /usr/local/bin/makeinfo - found
===>   Returning to build of autoconf-2.72
===>   autoconf-2.72 depends on package: perl5>=5.36<5.37 - found
===>   autoconf-2.72 depends on file: /usr/local/bin/ccache - not found
===>   Installing existing package /packages/All/ccache-3.7.12_6.pkg
[140-rel-default-job-02] Installing ccache-3.7.12_6...
[140-rel-default-job-02] Extracting ccache-3.7.12_6: .......... done
Create compiler links...
create symlink for cc
create symlink for cc (world)
create symlink for c++
create symlink for c++ (world)
create symlink for CC
create symlink for CC (world)
create symlink for clang
create symlink for clang (world)
create symlink for clang++
create symlink for clang++ (world)
=====
Message from ccache-3.7.12_6:

--
NOTE:
Please read /usr/local/share/doc/ccache/ccache-howto-freebsd.txt for
information on using ccache with FreeBSD ports and src.
===>   autoconf-2.72 depends on file: /usr/local/bin/ccache - found
===>   Returning to build of autoconf-2.72
===========================================================================
=======================<phase: lib-depends    >============================
===== env: USE_PACKAGE_DEPENDS_ONLY=1 USER=root UID=0 GID=0
===========================================================================
=======================<phase: configure      >============================
===== env: NO_DEPENDS=yes USER=root UID=0 GID=0
===>  Configuring for autoconf-2.72
configure: loading site script /usr/ports/Templates/config.site
checking for a BSD-compatible install... /usr/bin/install -c
checking whether build environment is sane... yes
checking for a race-free mkdir -p... (cached) /bin/mkdir -p
checking for gawk... (cached) /usr/bin/awk
checking whether make sets $(MAKE)... yes
checking whether make supports nested variables... yes
checking build system type... amd64-portbld-freebsd14.0
checking host system type... amd64-portbld-freebsd14.0
configure: autobuild project... GNU Autoconf
configure: autobuild revision... 2.72
configure: autobuild hostname... 140-rel-default-job-02
configure: autobuild timestamp... 20240413T030237Z
checking for a shell whose -n mode is known to work... none
checking for characters that cannot appear in file names... none
checking whether directories can have trailing spaces... yes
checking for expr... /bin/expr
checking for GNU M4 that supports accurate traces... /usr/local/bin/gm4
checking whether /usr/local/bin/gm4 accepts --gnu... yes
checking how m4 supports trace files... --debugfile
checking for perl... (cached) /usr/local/bin/perl
checking whether /usr/local/bin/perl Fcntl::flock is implemented... yes
checking for emacs... no
checking for emacs... no
checking where .elc files should go... no
checking for grep that handles long lines and -e... (cached) /usr/bin/grep
checking for egrep... (cached) /usr/bin/egrep
checking for a sed that does not truncate output... (cached) /usr/bin/sed
checking whether make is case sensitive... yes
checking that generated files are newer than configure... done
configure: creating ./config.status
config.status: creating tests/atlocal
config.status: creating Makefile
config.status: creating lib/version.m4
config.status: executing tests/atconfig commands

You are about to use an experimental version of Autoconf.  Be sure to
read the relevant mailing lists, most importantly <autoconf@gnu.org>.

Below you will find information on the status of this version of Autoconf.

* Status

                 /*------------------------------------.
                 | New features need further testing.  |
                 `------------------------------------*/

* Autotest parallel testsuite support is still a work in progress.
  There are known issues in job handling under dash and some ksh
  variants, where a parallel testsuite can hang or cause a 100%
  processor load.  In the current release, the overall autoconf
  testsuite only exercises parallel autotest under bash and zsh, or if
  you have defined TEST_PARALLEL_AUTOTEST in the environment.
  Meanwhile, Cygwin has known problems with named fifos that cause
  failures when attempting parallel tests in an autotest suite.  It is
  possible that other difficulties will be encountered, whether with
  shell or platform limitations; help is appreciated in improving
  parallel testsuite support.

===========================================================================
=======================<phase: build          >============================
===== env: NO_DEPENDS=yes USER=root UID=0 GID=0
===>  Building for autoconf-2.72
--- all ---
/usr/bin/make  all-am
--- ./doc/stamp-vti ---
--- lib/emacs/autoconf-mode.elc ---
--- lib/emacs/autotest-mode.elc ---
--- bin/autoconf ---
--- bin/autoheader ---
--- bin/autom4te ---
--- bin/autoreconf ---
--- bin/autoscan ---
--- bin/autoupdate ---
--- bin/ifnames ---
--- lib/autom4te.cfg ---
--- lib/emacs/autotest-mode.elc ---
if test 'no' != no; then  am__dir=. am__subdir_includes='';  case lib/emacs/autotest-mode.elc in */*)  am__dir=`echo 'lib/emacs/autotest-mode.elc' | sed 's,/[^/]*$,,'`;  am__subdir_includes="-L $am__dir -L ./$am__dir";  esac;  test -d "$am__dir" || /bin/mkdir -p "$am__dir" || exit 1;  no --batch     $am__subdir_includes -L . -L .  --eval '(if (boundp (quote byte-compile-dest-file-function))  (setq byte-compile-dest-file-function (lambda (_) "lib/emacs/autotest-mode.elc"))  (defun byte-compile-dest-file (_) "lib/emacs/autotest-mode.elc")  )'  -f batch-byte-compile 'lib/emacs/autotest-mode.el';  else :; fi
--- lib/emacs/autoconf-mode.elc ---
if test 'no' != no; then  am__dir=. am__subdir_includes='';  case lib/emacs/autoconf-mode.elc in */*)  am__dir=`echo 'lib/emacs/autoconf-mode.elc' | sed 's,/[^/]*$,,'`;  am__subdir_includes="-L $am__dir -L ./$am__dir";  esac;  test -d "$am__dir" || /bin/mkdir -p "$am__dir" || exit 1;  no --batch     $am__subdir_includes -L . -L .  --eval '(if (boundp (quote byte-compile-dest-file-function))  (setq byte-compile-dest-file-function (lambda (_) "lib/emacs/autoconf-mode.elc"))  (defun byte-compile-dest-file (_) "lib/emacs/autoconf-mode.elc")  )'  -f batch-byte-compile 'lib/emacs/autoconf-mode.el';  else :; fi
--- ./doc/stamp-vti ---
--- doc/.dirstamp ---
--- bin/autoconf ---
rm -f bin/autoconf bin/autoconf.tmp
/bin/mkdir -p bin
srcdir='';  test -f ./bin/autoconf.in || srcdir=./;  sed  -e 's|@SHELL[@]|/bin/sh|g'  -e 's|@PERL[@]|/usr/local/bin/perl|g'  -e 's|@PERL_FLOCK[@]|yes|g'  -e 's|@bindir[@]|/usr/local/bin|g'  -e 's|@pkgdatadir[@]|/usr/local/share/autoconf2.72|g'  -e 's|@prefix[@]|/usr/local|g'  -e 's|@autoconf-name[@]|'`echo autoconf | sed 's&$&2.72&'`'|g'  -e 's|@autoheader-name[@]|'`echo autoheader | sed 's&$&2.72&'`'|g'  -e 's|@autom4te-name[@]|'`echo autom4te | sed 's&$&2.72&'`'|g'  -e 's|@M4[@]|/usr/local/bin/gm4|g'  -e 's|@M4_DEBUGFILE[@]|--debugfile|g'  -e 's|@M4_GNU[@]|--gnu|g'  -e 's|@AWK[@]|/usr/bin/awk|g'  -e 's|@RELEASE_YEAR[@]|2023|g'  -e 's|@VERSION[@]|2.72|g'  -e 's|@PACKAGE_NAME[@]|GNU Autoconf|g'  -e 's|@configure_input[@]|Generated from bin/autoconf.in; do not edit by hand.|g' ${srcdir}bin/autoconf.in >bin/autoconf.tmp
--- bin/autoheader ---
rm -f bin/autoheader bin/autoheader.tmp
/bin/mkdir -p bin
srcdir='';  test -f ./bin/autoheader.in || srcdir=./;  sed  -e 's|@SHELL[@]|/bin/sh|g'  -e 's|@PERL[@]|/usr/local/bin/perl|g'  -e 's|@PERL_FLOCK[@]|yes|g'  -e 's|@bindir[@]|/usr/local/bin|g'  -e 's|@pkgdatadir[@]|/usr/local/share/autoconf2.72|g'  -e 's|@prefix[@]|/usr/local|g'  -e 's|@autoconf-name[@]|'`echo autoconf | sed 's&$&2.72&'`'|g'  -e 's|@autoheader-name[@]|'`echo autoheader | sed 's&$&2.72&'`'|g'  -e 's|@autom4te-name[@]|'`echo autom4te | sed 's&$&2.72&'`'|g'  -e 's|@M4[@]|/usr/local/bin/gm4|g'  -e 's|@M4_DEBUGFILE[@]|--debugfile|g'  -e 's|@M4_GNU[@]|--gnu|g'  -e 's|@AWK[@]|/usr/bin/awk|g'  -e 's|@RELEASE_YEAR[@]|2023|g'  -e 's|@VERSION[@]|2.72|g'  -e 's|@PACKAGE_NAME[@]|GNU Autoconf|g'  -e 's|@configure_input[@]|Generated from bin/autoheader.in; do not edit by hand.|g' ${srcdir}bin/autoheader.in >bin/autoheader.tmp
--- bin/autom4te ---
rm -f bin/autom4te bin/autom4te.tmp
/bin/mkdir -p bin
srcdir='';  test -f ./bin/autom4te.in || srcdir=./;  sed  -e 's|@SHELL[@]|/bin/sh|g'  -e 's|@PERL[@]|/usr/local/bin/perl|g'  -e 's|@PERL_FLOCK[@]|yes|g'  -e 's|@bindir[@]|/usr/local/bin|g'  -e 's|@pkgdatadir[@]|/usr/local/share/autoconf2.72|g'  -e 's|@prefix[@]|/usr/local|g'  -e 's|@autoconf-name[@]|'`echo autoconf | sed 's&$&2.72&'`'|g'  -e 's|@autoheader-name[@]|'`echo autoheader | sed 's&$&2.72&'`'|g'  -e 's|@autom4te-name[@]|'`echo autom4te | sed 's&$&2.72&'`'|g'  -e 's|@M4[@]|/usr/local/bin/gm4|g'  -e 's|@M4_DEBUGFILE[@]|--debugfile|g'  -e 's|@M4_GNU[@]|--gnu|g'  -e 's|@AWK[@]|/usr/bin/awk|g'  -e 's|@RELEASE_YEAR[@]|2023|g'  -e 's|@VERSION[@]|2.72|g'  -e 's|@PACKAGE_NAME[@]|GNU Autoconf|g'  -e 's|@configure_input[@]|Generated from bin/autom4te.in; do not edit by hand.|g' ${srcdir}bin/autom4te.in >bin/autom4te.tmp
--- bin/autoreconf ---
rm -f bin/autoreconf bin/autoreconf.tmp
/bin/mkdir -p bin
--- bin/autoscan ---
rm -f bin/autoscan bin/autoscan.tmp
--- bin/autoupdate ---
rm -f bin/autoupdate bin/autoupdate.tmp
--- bin/ifnames ---
rm -f bin/ifnames bin/ifnames.tmp
--- lib/autom4te.cfg ---
rm -f lib/autom4te.cfg lib/autom4te.cfg-t
--- bin/autoupdate ---
/bin/mkdir -p bin
--- bin/autoreconf ---
srcdir='';  test -f ./bin/autoreconf.in || srcdir=./;  sed  -e 's|@SHELL[@]|/bin/sh|g'  -e 's|@PERL[@]|/usr/local/bin/perl|g'  -e 's|@PERL_FLOCK[@]|yes|g'  -e 's|@bindir[@]|/usr/local/bin|g'  -e 's|@pkgdatadir[@]|/usr/local/share/autoconf2.72|g'  -e 's|@prefix[@]|/usr/local|g'  -e 's|@autoconf-name[@]|'`echo autoconf | sed 's&$&2.72&'`'|g'  -e 's|@autoheader-name[@]|'`echo autoheader | sed 's&$&2.72&'`'|g'  -e 's|@autom4te-name[@]|'`echo autom4te | sed 's&$&2.72&'`'|g'  -e 's|@M4[@]|/usr/local/bin/gm4|g'  -e 's|@M4_DEBUGFILE[@]|--debugfile|g'  -e 's|@M4_GNU[@]|--gnu|g'  -e 's|@AWK[@]|/usr/bin/awk|g'  -e 's|@RELEASE_YEAR[@]|2023|g'  -e 's|@VERSION[@]|2.72|g'  -e 's|@PACKAGE_NAME[@]|GNU Autoconf|g'  -e 's|@configure_input[@]|Generated from bin/autoreconf.in; do not edit by hand.|g' ${srcdir}bin/autoreconf.in >bin/autoreconf.tmp
--- bin/autoscan ---
/bin/mkdir -p bin
--- bin/ifnames ---
/bin/mkdir -p bin
--- bin/autoupdate ---
srcdir='';  test -f ./bin/autoupdate.in || srcdir=./;  sed  -e 's|@SHELL[@]|/bin/sh|g'  -e 's|@PERL[@]|/usr/local/bin/perl|g'  -e 's|@PERL_FLOCK[@]|yes|g'  -e 's|@bindir[@]|/usr/local/bin|g'  -e 's|@pkgdatadir[@]|/usr/local/share/autoconf2.72|g'  -e 's|@prefix[@]|/usr/local|g'  -e 's|@autoconf-name[@]|'`echo autoconf | sed 's&$&2.72&'`'|g'  -e 's|@autoheader-name[@]|'`echo autoheader | sed 's&$&2.72&'`'|g'  -e 's|@autom4te-name[@]|'`echo autom4te | sed 's&$&2.72&'`'|g'  -e 's|@M4[@]|/usr/local/bin/gm4|g'  -e 's|@M4_DEBUGFILE[@]|--debugfile|g'  -e 's|@M4_GNU[@]|--gnu|g'  -e 's|@AWK[@]|/usr/bin/awk|g'  -e 's|@RELEASE_YEAR[@]|2023|g'  -e 's|@VERSION[@]|2.72|g'  -e 's|@PACKAGE_NAME[@]|GNU Autoconf|g'  -e 's|@configure_input[@]|Generated from bin/autoupdate.in; do not edit by hand.|g' ${srcdir}bin/autoupdate.in >bin/autoupdate.tmp
--- lib/autom4te.cfg ---
/bin/mkdir -p lib
--- bin/ifnames ---
srcdir='';  test -f ./bin/ifnames.in || srcdir=./;  sed  -e 's|@SHELL[@]|/bin/sh|g'  -e 's|@PERL[@]|/usr/local/bin/perl|g'  -e 's|@PERL_FLOCK[@]|yes|g'  -e 's|@bindir[@]|/usr/local/bin|g'  -e 's|@pkgdatadir[@]|/usr/local/share/autoconf2.72|g'  -e 's|@prefix[@]|/usr/local|g'  -e 's|@autoconf-name[@]|'`echo autoconf | sed 's&$&2.72&'`'|g'  -e 's|@autoheader-name[@]|'`echo autoheader | sed 's&$&2.72&'`'|g'  -e 's|@autom4te-name[@]|'`echo autom4te | sed 's&$&2.72&'`'|g'  -e 's|@M4[@]|/usr/local/bin/gm4|g'  -e 's|@M4_DEBUGFILE[@]|--debugfile|g'  -e 's|@M4_GNU[@]|--gnu|g'  -e 's|@AWK[@]|/usr/bin/awk|g'  -e 's|@RELEASE_YEAR[@]|2023|g'  -e 's|@VERSION[@]|2.72|g'  -e 's|@PACKAGE_NAME[@]|GNU Autoconf|g'  -e 's|@configure_input[@]|Generated from bin/ifnames.in; do not edit by hand.|g' ${srcdir}bin/ifnames.in >bin/ifnames.tmp
--- bin/autoscan ---
srcdir='';  test -f ./bin/autoscan.in || srcdir=./;  sed  -e 's|@SHELL[@]|/bin/sh|g'  -e 's|@PERL[@]|/usr/local/bin/perl|g'  -e 's|@PERL_FLOCK[@]|yes|g'  -e 's|@bindir[@]|/usr/local/bin|g'  -e 's|@pkgdatadir[@]|/usr/local/share/autoconf2.72|g'  -e 's|@prefix[@]|/usr/local|g'  -e 's|@autoconf-name[@]|'`echo autoconf | sed 's&$&2.72&'`'|g'  -e 's|@autoheader-name[@]|'`echo autoheader | sed 's&$&2.72&'`'|g'  -e 's|@autom4te-name[@]|'`echo autom4te | sed 's&$&2.72&'`'|g'  -e 's|@M4[@]|/usr/local/bin/gm4|g'  -e 's|@M4_DEBUGFILE[@]|--debugfile|g'  -e 's|@M4_GNU[@]|--gnu|g'  -e 's|@AWK[@]|/usr/bin/awk|g'  -e 's|@RELEASE_YEAR[@]|2023|g'  -e 's|@VERSION[@]|2.72|g'  -e 's|@PACKAGE_NAME[@]|GNU Autoconf|g'  -e 's|@configure_input[@]|Generated from bin/autoscan.in; do not edit by hand.|g' ${srcdir}bin/autoscan.in >bin/autoscan.tmp
--- lib/autom4te.cfg ---
sed  -e 's|@SHELL[@]|/bin/sh|g'  -e 's|@PERL[@]|/usr/local/bin/perl|g'  -e 's|@PERL_FLOCK[@]|yes|g'  -e 's|@bindir[@]|/usr/local/bin|g'  -e 's|@pkgdatadir[@]|/usr/local/share/autoconf2.72|g'  -e 's|@prefix[@]|/usr/local|g'  -e 's|@autoconf-name[@]|'`echo autoconf | sed 's&$&2.72&'`'|g'  -e 's|@autoheader-name[@]|'`echo autoheader | sed 's&$&2.72&'`'|g'  -e 's|@autom4te-name[@]|'`echo autom4te | sed 's&$&2.72&'`'|g'  -e 's|@M4[@]|/usr/local/bin/gm4|g'  -e 's|@M4_DEBUGFILE[@]|--debugfile|g'  -e 's|@M4_GNU[@]|--gnu|g'  -e 's|@AWK[@]|/usr/bin/awk|g'  -e 's|@RELEASE_YEAR[@]|2023|g'  -e 's|@VERSION[@]|2.72|g'  -e 's|@PACKAGE_NAME[@]|GNU Autoconf|g'  -e 's|@configure_input[@]|Generated from lib/autom4te.cfg.in; do not edit by hand.|g' ./lib/autom4te.in >lib/autom4te.cfg-t
--- bin/autoheader ---
chmod +x bin/autoheader.tmp
chmod a-w bin/autoheader.tmp
mv bin/autoheader.tmp bin/autoheader
--- bin/autom4te ---
chmod +x bin/autom4te.tmp
chmod a-w bin/autom4te.tmp
--- bin/autoupdate ---
chmod +x bin/autoupdate.tmp
--- bin/autoreconf ---
chmod +x bin/autoreconf.tmp
--- bin/autom4te ---
mv bin/autom4te.tmp bin/autom4te
--- bin/ifnames ---
chmod +x bin/ifnames.tmp
--- bin/autoupdate ---
chmod a-w bin/autoupdate.tmp
--- bin/autoreconf ---
chmod a-w bin/autoreconf.tmp
--- bin/autoconf ---
chmod +x bin/autoconf.tmp
--- bin/ifnames ---
chmod a-w bin/ifnames.tmp
--- bin/autoupdate ---
mv bin/autoupdate.tmp bin/autoupdate
--- bin/autoreconf ---
mv bin/autoreconf.tmp bin/autoreconf
--- bin/autoconf ---
chmod a-w bin/autoconf.tmp
--- bin/ifnames ---
mv bin/ifnames.tmp bin/ifnames
--- lib/autom4te.cfg ---
chmod a-w lib/autom4te.cfg-t
--- ./doc/stamp-vti ---
Updating ./doc/version.texi
--- lib/autom4te.cfg ---
mv -f lib/autom4te.cfg-t lib/autom4te.cfg
--- bin/autoconf ---
mv bin/autoconf.tmp bin/autoconf
--- bin/autoscan ---
chmod +x bin/autoscan.tmp
--- lib/autoconf/autoconf.m4f ---
--- lib/autoscan/autoscan.list ---
--- lib/m4sugar/m4sugar.m4f ---
--- lib/m4sugar/m4sh.m4f ---
--- lib/autotest/autotest.m4f ---
--- tests/wrapper.in ---
--- bin/autoscan ---
chmod a-w bin/autoscan.tmp
mv bin/autoscan.tmp bin/autoscan
--- lib/autoconf/autoconf.m4f ---
/bin/mkdir -p lib/autoconf
lang=`echo 'autoconf' | sed 's,.*/,,'`  && if test $lang = autoconf; then  lang=autoconf-without-aclocal-m4;  else :; fi  && autom4te_perllibdir='.'/lib					 AUTOM4TE_CFG='lib/autom4te.cfg'         bin/autom4te	 -B ''lib -B '.'/lib  --language=$lang  --freeze  --output=lib/autoconf/autoconf.m4f
--- lib/autoscan/autoscan.list ---
/bin/mkdir -p lib/autoscan
echo '# Automatically Generated: do not edit this file' >lib/autoscan/autoscan.list
sed '/^[#]/!q' ./lib/autoscan/autoscan.pre >>lib/autoscan/autoscan.list
--- lib/m4sugar/m4sugar.m4f ---
/bin/mkdir -p lib/m4sugar
lang=`echo 'm4sugar' | sed 's,.*/,,'`  && if test $lang = autoconf; then  lang=autoconf-without-aclocal-m4;  else :; fi  && autom4te_perllibdir='.'/lib					 AUTOM4TE_CFG='lib/autom4te.cfg'         bin/autom4te	 -B ''lib -B '.'/lib  --language=$lang  --freeze  --output=lib/m4sugar/m4sugar.m4f
--- lib/m4sugar/m4sh.m4f ---
/bin/mkdir -p lib/m4sugar
--- ./doc/autoconf2.72.info ---
--- lib/autotest/autotest.m4f ---
/bin/mkdir -p lib/autotest
lang=`echo 'autotest' | sed 's,.*/,,'`  && if test $lang = autoconf; then  lang=autoconf-without-aclocal-m4;  else :; fi  && autom4te_perllibdir='.'/lib					 AUTOM4TE_CFG='lib/autom4te.cfg'         bin/autom4te	 -B ''lib -B '.'/lib  --language=$lang  --freeze  --output=lib/autotest/autotest.m4f
--- tests/wrapper.in ---
autom4te_perllibdir='.'/lib					 AUTOM4TE_CFG='lib/autom4te.cfg'         bin/autom4te	 -B ''lib -B '.'/lib --language=M4sh ./tests/wrapper.as -o tests/wrapper.in
--- lib/m4sugar/m4sh.m4f ---
lang=`echo 'm4sh' | sed 's,.*/,,'`  && if test $lang = autoconf; then  lang=autoconf-without-aclocal-m4;  else :; fi  && autom4te_perllibdir='.'/lib					 AUTOM4TE_CFG='lib/autom4te.cfg'         bin/autom4te	 -B ''lib -B '.'/lib  --language=$lang  --freeze  --output=lib/m4sugar/m4sh.m4f
--- lib/autoscan/autoscan.list ---
(  sed -n '/^[^#]/p' ./lib/autoscan/autoscan.pre;  autom4te_perllibdir='.'/lib					 AUTOM4TE_CFG='lib/autom4te.cfg'         bin/autom4te	 -B ''lib -B '.'/lib --cache '' -M -l autoconf-without-aclocal-m4  -t'AN_OUTPUT:$1: $2		$3'  ) | LC_ALL=C sort >>lib/autoscan/autoscan.list
--- ./doc/autoconf2.72.info ---
restore=: && backupdir=".am$$" &&  am__cwd=`pwd` && CDPATH="${ZSH_VERSION+.}:" && cd . &&  rm -rf $backupdir && mkdir $backupdir &&  if (/bin/sh '/wrkdirs/usr/ports/devel/autoconf/work/autoconf-2.72/build-aux/missing' makeinfo --version) >/dev/null 2>&1; then  for f in ./doc/autoconf2.72.info ./doc/autoconf2.72.info-[0-9] ./doc/autoconf2.72.info-[0-9][0-9] ./doc/autoconf2.72.i[0-9] ./doc/autoconf2.72.i[0-9][0-9]; do  if test -f $f; then mv $f $backupdir; restore=mv; else :; fi;  done;  else :; fi &&  cd "$am__cwd";  if /bin/sh '/wrkdirs/usr/ports/devel/autoconf/work/autoconf-2.72/build-aux/missing' makeinfo --no-split  -I doc -I ./doc  -o ./doc/autoconf2.72.info ./doc/autoconf2.72.texi;  then  rc=0;  CDPATH="${ZSH_VERSION+.}:" && cd .;  else  rc=$?;  CDPATH="${ZSH_VERSION+.}:" && cd . &&  $restore $backupdir/* `echo "././doc/autoconf2.72.info" | sed 's|[^/]*$||'`;  fi;  rm -rf $backupdir; exit $rc
--- tests/autoconf ---
--- tests/autoheader ---
--- tests/autom4te ---
--- tests/autoreconf ---
--- tests/autoscan ---
--- tests/autoupdate ---
--- tests/ifnames ---
--- tests/autoconf ---
rm -f tests/autoconf tests/autoconf.tmp
input=tests/wrapper.in  && sed  -e 's|@wrap_program[@]|autoconf|g'  -e 's|@abs_top_srcdir[@]|/wrkdirs/usr/ports/devel/autoconf/work/autoconf-2.72|g'  -e 's|@abs_top_builddir[@]|/wrkdirs/usr/ports/devel/autoconf/work/autoconf-2.72|g'  -e "s|@configure_input[@]|Generated from $input.|g" tests/wrapper.in >tests/autoconf.tmp
chmod +x tests/autoconf.tmp
--- tests/autoheader ---
rm -f tests/autoheader tests/autoheader.tmp
input=tests/wrapper.in  && sed  -e 's|@wrap_program[@]|autoheader|g'  -e 's|@abs_top_srcdir[@]|/wrkdirs/usr/ports/devel/autoconf/work/autoconf-2.72|g'  -e 's|@abs_top_builddir[@]|/wrkdirs/usr/ports/devel/autoconf/work/autoconf-2.72|g'  -e "s|@configure_input[@]|Generated from $input.|g" tests/wrapper.in >tests/autoheader.tmp
--- tests/autom4te ---
rm -f tests/autom4te tests/autom4te.tmp
input=tests/wrapper.in  && sed  -e 's|@wrap_program[@]|autom4te|g'  -e 's|@abs_top_srcdir[@]|/wrkdirs/usr/ports/devel/autoconf/work/autoconf-2.72|g'  -e 's|@abs_top_builddir[@]|/wrkdirs/usr/ports/devel/autoconf/work/autoconf-2.72|g'  -e "s|@configure_input[@]|Generated from $input.|g" tests/wrapper.in >tests/autom4te.tmp
--- tests/autoreconf ---
rm -f tests/autoreconf tests/autoreconf.tmp
input=tests/wrapper.in  && sed  -e 's|@wrap_program[@]|autoreconf|g'  -e 's|@abs_top_srcdir[@]|/wrkdirs/usr/ports/devel/autoconf/work/autoconf-2.72|g'  -e 's|@abs_top_builddir[@]|/wrkdirs/usr/ports/devel/autoconf/work/autoconf-2.72|g'  -e "s|@configure_input[@]|Generated from $input.|g" tests/wrapper.in >tests/autoreconf.tmp
--- tests/autoupdate ---
rm -f tests/autoupdate tests/autoupdate.tmp
--- tests/autoscan ---
rm -f tests/autoscan tests/autoscan.tmp
--- tests/ifnames ---
rm -f tests/ifnames tests/ifnames.tmp
--- tests/autoscan ---
input=tests/wrapper.in  && sed  -e 's|@wrap_program[@]|autoscan|g'  -e 's|@abs_top_srcdir[@]|/wrkdirs/usr/ports/devel/autoconf/work/autoconf-2.72|g'  -e 's|@abs_top_builddir[@]|/wrkdirs/usr/ports/devel/autoconf/work/autoconf-2.72|g'  -e "s|@configure_input[@]|Generated from $input.|g" tests/wrapper.in >tests/autoscan.tmp
--- tests/autoheader ---
chmod +x tests/autoheader.tmp
--- tests/autoconf ---
chmod a-w tests/autoconf.tmp
--- tests/autoupdate ---
input=tests/wrapper.in  && sed  -e 's|@wrap_program[@]|autoupdate|g'  -e 's|@abs_top_srcdir[@]|/wrkdirs/usr/ports/devel/autoconf/work/autoconf-2.72|g'  -e 's|@abs_top_builddir[@]|/wrkdirs/usr/ports/devel/autoconf/work/autoconf-2.72|g'  -e "s|@configure_input[@]|Generated from $input.|g" tests/wrapper.in >tests/autoupdate.tmp
--- tests/autom4te ---
chmod +x tests/autom4te.tmp
--- tests/ifnames ---
input=tests/wrapper.in  && sed  -e 's|@wrap_program[@]|ifnames|g'  -e 's|@abs_top_srcdir[@]|/wrkdirs/usr/ports/devel/autoconf/work/autoconf-2.72|g'  -e 's|@abs_top_builddir[@]|/wrkdirs/usr/ports/devel/autoconf/work/autoconf-2.72|g'  -e "s|@configure_input[@]|Generated from $input.|g" tests/wrapper.in >tests/ifnames.tmp
--- tests/autoreconf ---
chmod +x tests/autoreconf.tmp
--- tests/autoheader ---
chmod a-w tests/autoheader.tmp
--- tests/autoconf ---
mv -f tests/autoconf.tmp tests/autoconf
--- tests/autom4te ---
chmod a-w tests/autom4te.tmp
--- tests/autoreconf ---
chmod a-w tests/autoreconf.tmp
--- tests/autoscan ---
chmod +x tests/autoscan.tmp
--- tests/autoheader ---
mv -f tests/autoheader.tmp tests/autoheader
--- tests/autoupdate ---
chmod +x tests/autoupdate.tmp
--- tests/autom4te ---
mv -f tests/autom4te.tmp tests/autom4te
--- tests/ifnames ---
chmod +x tests/ifnames.tmp
--- tests/autoreconf ---
mv -f tests/autoreconf.tmp tests/autoreconf
--- tests/autoupdate ---
chmod a-w tests/autoupdate.tmp
--- tests/autoscan ---
chmod a-w tests/autoscan.tmp
--- tests/ifnames ---
chmod a-w tests/ifnames.tmp
--- tests/autoupdate ---
mv -f tests/autoupdate.tmp tests/autoupdate
--- tests/autoscan ---
mv -f tests/autoscan.tmp tests/autoscan
--- tests/ifnames ---
mv -f tests/ifnames.tmp tests/ifnames
===========================================================================
=======================<phase: run-depends    >============================
===== env: USE_PACKAGE_DEPENDS_ONLY=1 USER=root UID=0 GID=0
===>   autoconf-2.72 depends on package: autoconf-switch>=0 - not found
===>   Installing existing package /packages/All/autoconf-switch-20220527.pkg
[140-rel-default-job-02] Installing autoconf-switch-20220527...
[140-rel-default-job-02] Extracting autoconf-switch-20220527: .......... done
===>   autoconf-2.72 depends on package: autoconf-switch>=0 - found
===>   Returning to build of autoconf-2.72
===>   autoconf-2.72 depends on executable: gm4 - found
===>   autoconf-2.72 depends on package: perl5>=5.36<5.37 - found
===>   autoconf-2.72 depends on executable: indexinfo - found
===========================================================================
=======================<phase: stage          >============================
===== env: NO_DEPENDS=yes USER=root UID=0 GID=0
===>  Staging for autoconf-2.72
===>   Generating temporary packing list
/usr/bin/make  install-am
if test 'no' != no; then  am__dir=. am__subdir_includes='';  case lib/emacs/autoconf-mode.elc in */*)  am__dir=`echo 'lib/emacs/autoconf-mode.elc' | sed 's,/[^/]*$,,'`;  am__subdir_includes="-L $am__dir -L ./$am__dir";  esac;  test -d "$am__dir" || /bin/mkdir -p "$am__dir" || exit 1;  no --batch     $am__subdir_includes -L . -L .  --eval '(if (boundp (quote byte-compile-dest-file-function))  (setq byte-compile-dest-file-function (lambda (_) "lib/emacs/autoconf-mode.elc"))  (defun byte-compile-dest-file (_) "lib/emacs/autoconf-mode.elc")  )'  -f batch-byte-compile 'lib/emacs/autoconf-mode.el';  else :; fi
if test 'no' != no; then  am__dir=. am__subdir_includes='';  case lib/emacs/autotest-mode.elc in */*)  am__dir=`echo 'lib/emacs/autotest-mode.elc' | sed 's,/[^/]*$,,'`;  am__subdir_includes="-L $am__dir -L ./$am__dir";  esac;  test -d "$am__dir" || /bin/mkdir -p "$am__dir" || exit 1;  no --batch     $am__subdir_includes -L . -L .  --eval '(if (boundp (quote byte-compile-dest-file-function))  (setq byte-compile-dest-file-function (lambda (_) "lib/emacs/autotest-mode.elc"))  (defun byte-compile-dest-file (_) "lib/emacs/autotest-mode.elc")  )'  -f batch-byte-compile 'lib/emacs/autotest-mode.el';  else :; fi
 /bin/mkdir -p '/wrkdirs/usr/ports/devel/autoconf/work/stage/usr/local/bin'
 install  -m 555 bin/autoconf '/wrkdirs/usr/ports/devel/autoconf/work/stage/usr/local/bin/./autoconf2.72'
 install  -m 555 bin/autoheader '/wrkdirs/usr/ports/devel/autoconf/work/stage/usr/local/bin/./autoheader2.72'
 install  -m 555 bin/autom4te '/wrkdirs/usr/ports/devel/autoconf/work/stage/usr/local/bin/./autom4te2.72'
 install  -m 555 bin/autoreconf '/wrkdirs/usr/ports/devel/autoconf/work/stage/usr/local/bin/./autoreconf2.72'
 install  -m 555 bin/autoscan '/wrkdirs/usr/ports/devel/autoconf/work/stage/usr/local/bin/./autoscan2.72'
 install  -m 555 bin/autoupdate '/wrkdirs/usr/ports/devel/autoconf/work/stage/usr/local/bin/./autoupdate2.72'
 install  -m 555 bin/ifnames '/wrkdirs/usr/ports/devel/autoconf/work/stage/usr/local/bin/./ifnames2.72'
 /bin/mkdir -p '/wrkdirs/usr/ports/devel/autoconf/work/stage/usr/local/share/autoconf2.72/autoconf'
 install  -m 0644 lib/autoconf/autoconf.m4 lib/autoconf/general.m4 lib/autoconf/status.m4 lib/autoconf/oldnames.m4 lib/autoconf/specific.m4 lib/autoconf/autoheader.m4 lib/autoconf/autoupdate.m4 lib/autoconf/autotest.m4 lib/autoconf/autoscan.m4 lib/autoconf/lang.m4 lib/autoconf/c.m4 lib/autoconf/erlang.m4 lib/autoconf/fortran.m4 lib/autoconf/functions.m4 lib/autoconf/go.m4 lib/autoconf/headers.m4 lib/autoconf/types.m4 lib/autoconf/libs.m4 lib/autoconf/programs.m4 lib/autoconf/trailer.m4 '/wrkdirs/usr/ports/devel/autoconf/work/stage/usr/local/share/autoconf2.72/autoconf'
 /bin/mkdir -p '/wrkdirs/usr/ports/devel/autoconf/work/stage/usr/local/share/autoconf2.72/autotest'
 install  -m 0644 lib/autotest/autotest.m4 lib/autotest/general.m4 lib/autotest/specific.m4 '/wrkdirs/usr/ports/devel/autoconf/work/stage/usr/local/share/autoconf2.72/autotest'
 /bin/mkdir -p '/wrkdirs/usr/ports/devel/autoconf/work/stage/usr/local/share/autoconf2.72/build-aux'
 install  -m 0644 build-aux/config.guess build-aux/config.sub build-aux/install-sh '/wrkdirs/usr/ports/devel/autoconf/work/stage/usr/local/share/autoconf2.72/build-aux'
if test 'no' != no; then  am__dir=. am__subdir_includes='';  case lib/emacs/autoconf-mode.elc in */*)  am__dir=`echo 'lib/emacs/autoconf-mode.elc' | sed 's,/[^/]*$,,'`;  am__subdir_includes="-L $am__dir -L ./$am__dir";  esac;  test -d "$am__dir" || /bin/mkdir -p "$am__dir" || exit 1;  no --batch     $am__subdir_includes -L . -L .  --eval '(if (boundp (quote byte-compile-dest-file-function))  (setq byte-compile-dest-file-function (lambda (_) "lib/emacs/autoconf-mode.elc"))  (defun byte-compile-dest-file (_) "lib/emacs/autoconf-mode.elc")  )'  -f batch-byte-compile 'lib/emacs/autoconf-mode.el';  else :; fi
if test 'no' != no; then  am__dir=. am__subdir_includes='';  case lib/emacs/autotest-mode.elc in */*)  am__dir=`echo 'lib/emacs/autotest-mode.elc' | sed 's,/[^/]*$,,'`;  am__subdir_includes="-L $am__dir -L ./$am__dir";  esac;  test -d "$am__dir" || /bin/mkdir -p "$am__dir" || exit 1;  no --batch     $am__subdir_includes -L . -L .  --eval '(if (boundp (quote byte-compile-dest-file-function))  (setq byte-compile-dest-file-function (lambda (_) "lib/emacs/autotest-mode.elc"))  (defun byte-compile-dest-file (_) "lib/emacs/autotest-mode.elc")  )'  -f batch-byte-compile 'lib/emacs/autotest-mode.el';  else :; fi
 /bin/mkdir -p '/wrkdirs/usr/ports/devel/autoconf/work/stage/usr/local/share/autoconf2.72/m4sugar'
 install  -m 0644 lib/m4sugar/m4sugar.m4 lib/m4sugar/foreach.m4 lib/m4sugar/m4sh.m4 '/wrkdirs/usr/ports/devel/autoconf/work/stage/usr/local/share/autoconf2.72/m4sugar'
 /bin/mkdir -p '/wrkdirs/usr/ports/devel/autoconf/work/stage/usr/local/share/autoconf2.72/Autom4te'
 install  -m 0644 lib/Autom4te/C4che.pm lib/Autom4te/ChannelDefs.pm lib/Autom4te/Channels.pm lib/Autom4te/Config.pm lib/Autom4te/Configure_ac.pm lib/Autom4te/FileUtils.pm lib/Autom4te/General.pm lib/Autom4te/Getopt.pm lib/Autom4te/Request.pm lib/Autom4te/XFile.pm '/wrkdirs/usr/ports/devel/autoconf/work/stage/usr/local/share/autoconf2.72/Autom4te'
 /bin/mkdir -p '/wrkdirs/usr/ports/devel/autoconf/work/stage/usr/local/share/info'
 install  -m 0644 ./doc/autoconf2.72.info '/wrkdirs/usr/ports/devel/autoconf/work/stage/usr/local/share/info'
 install-info --info-dir='/wrkdirs/usr/ports/devel/autoconf/work/stage/usr/local/share/info' '/wrkdirs/usr/ports/devel/autoconf/work/stage/usr/local/share/info/autoconf2.72.info'
 /bin/mkdir -p '/wrkdirs/usr/ports/devel/autoconf/work/stage/usr/local/share/man/man1'
 install  -m 0644 'man/autoconf.1' '/wrkdirs/usr/ports/devel/autoconf/work/stage/usr/local/share/man/man1/autoconf2.72.1'
 install  -m 0644 'man/autoheader.1' '/wrkdirs/usr/ports/devel/autoconf/work/stage/usr/local/share/man/man1/autoheader2.72.1'
 install  -m 0644 'man/autom4te.1' '/wrkdirs/usr/ports/devel/autoconf/work/stage/usr/local/share/man/man1/autom4te2.72.1'
 install  -m 0644 'man/autoreconf.1' '/wrkdirs/usr/ports/devel/autoconf/work/stage/usr/local/share/man/man1/autoreconf2.72.1'
 install  -m 0644 'man/autoscan.1' '/wrkdirs/usr/ports/devel/autoconf/work/stage/usr/local/share/man/man1/autoscan2.72.1'
 install  -m 0644 'man/autoupdate.1' '/wrkdirs/usr/ports/devel/autoconf/work/stage/usr/local/share/man/man1/autoupdate2.72.1'
 install  -m 0644 'man/ifnames.1' '/wrkdirs/usr/ports/devel/autoconf/work/stage/usr/local/share/man/man1/ifnames2.72.1'
 /bin/mkdir -p '/wrkdirs/usr/ports/devel/autoconf/work/stage/usr/local/share/autoconf2.72/autoconf'
 install  -m 0644 lib/autoconf/autoconf.m4f '/wrkdirs/usr/ports/devel/autoconf/work/stage/usr/local/share/autoconf2.72/autoconf'
 /bin/mkdir -p '/wrkdirs/usr/ports/devel/autoconf/work/stage/usr/local/share/autoconf2.72/autoscan'
 install  -m 0644 lib/autoscan/autoscan.list '/wrkdirs/usr/ports/devel/autoconf/work/stage/usr/local/share/autoconf2.72/autoscan'
 /bin/mkdir -p '/wrkdirs/usr/ports/devel/autoconf/work/stage/usr/local/share/autoconf2.72/autotest'
 install  -m 0644 lib/autotest/autotest.m4f '/wrkdirs/usr/ports/devel/autoconf/work/stage/usr/local/share/autoconf2.72/autotest'
 /bin/mkdir -p '/wrkdirs/usr/ports/devel/autoconf/work/stage/usr/local/share/autoconf2.72/m4sugar'
 install  -m 0644 lib/m4sugar/m4sugar.m4f lib/m4sugar/m4sh.m4f '/wrkdirs/usr/ports/devel/autoconf/work/stage/usr/local/share/autoconf2.72/m4sugar'
 /bin/mkdir -p '/wrkdirs/usr/ports/devel/autoconf/work/stage/usr/local/share/autoconf2.72'
 install  -m 0644 lib/autom4te.cfg lib/version.m4 '/wrkdirs/usr/ports/devel/autoconf/work/stage/usr/local/share/autoconf2.72'
 /bin/mkdir -p '/wrkdirs/usr/ports/devel/autoconf/work/stage/usr/local/share/autoconf2.72'
 install  -m 0644 ./INSTALL '/wrkdirs/usr/ports/devel/autoconf/work/stage/usr/local/share/autoconf2.72'
/usr/bin/make  install-data-hook
for s in build-aux/config.guess  build-aux/config.sub  build-aux/install-sh; do  chmod +x "/wrkdirs/usr/ports/devel/autoconf/work/stage/usr/local/share/autoconf2.72/$s";  done
====> Compressing man pages (compress-man)
===========================================================================
=======================<phase: package        >============================
===== env: 'PKG_NOTES=build_timestamp ports_top_git_hash ports_top_checkout_unclean port_git_hash port_checkout_unclean built_by' 'PKG_NOTE_build_timestamp=2024-04-13T03:02:32+0000' 'PKG_NOTE_ports_top_git_hash=240e33cee' 'PKG_NOTE_ports_top_checkout_unclean=yes' 'PKG_NOTE_port_git_hash=240e33cee' 'PKG_NOTE_port_checkout_unclean=no' 'PKG_NOTE_built_by=poudriere-git-3.4.1_1' NO_DEPENDS=yes USER=root UID=0 GID=0
===>  Building packages for autoconf-2.72
===>   Building autoconf-2.72
===========================================================================
=>> Cleaning up wrkdir
===>  Cleaning for autoconf-2.72
build of devel/autoconf | autoconf-2.72 ended at Fri Apr 12 23:02:43 EDT 2024
build time: 00:00:11
