=>> Building print/libpaper
build started at Fri Apr 12 23:02:59 EDT 2024
port directory: /usr/ports/print/libpaper
package name: libpaper-1.1.28_1
building for: FreeBSD 140-rel-default-job-02 14.0-RELEASE-p6 FreeBSD 14.0-RELEASE-p6 amd64
maintained by: hrs@FreeBSD.org
Makefile datestamp: -rw-r--r--  1 root wheel 840 Apr 13 02:10 /usr/ports/print/libpaper/Makefile
Ports top last git commit: 240e33cee
Ports top unclean checkout: yes
Port dir last git commit: 240e33cee
Port dir unclean checkout: no
Poudriere version: poudriere-git-3.4.1_1
Host OSVERSION: 1400097
Jail OSVERSION: 1400097
Job Id: 02

---Begin Environment---
SHELL=/bin/sh
OSVERSION=1400097
UNAME_v=FreeBSD 14.0-RELEASE-p6
UNAME_r=14.0-RELEASE-p6
BLOCKSIZE=K
MAIL=/var/mail/root
MM_CHARSET=UTF-8
LANG=C.UTF-8
STATUS=1
HOME=/root
PATH=/sbin:/bin:/usr/sbin:/usr/bin:/usr/local/sbin:/usr/local/bin:/root/bin
MAKE_OBJDIR_CHECK_WRITABLE=0
LOCALBASE=/usr/local
USER=root
POUDRIERE_NAME=poudriere-git
LIBEXECPREFIX=/usr/local/libexec/poudriere
POUDRIERE_VERSION=3.4.1_1
MASTERMNT=/usr/local/poudriere/data/.m/140-rel-default/ref
LC_COLLATE=C
POUDRIERE_BUILD_TYPE=bulk
PACKAGE_BUILDING=yes
SAVED_TERM=xterm-256color
OUTPUT_REDIRECTED_STDERR=4
OUTPUT_REDIRECTED=1
PWD=/usr/local/poudriere/data/.m/140-rel-default/02/.p
OUTPUT_REDIRECTED_STDOUT=3
P_PORTS_FEATURES=FLAVORS SUBPACKAGES SELECTED_OPTIONS
MASTERNAME=140-rel-default
SCRIPTPREFIX=/usr/local/share/poudriere
SCRIPTNAME=bulk.sh
OLDPWD=/usr/local/poudriere/data/.m/140-rel-default/ref/.p/pool
POUDRIERE_PKGNAME=poudriere-git-3.4.1_1
SCRIPTPATH=/usr/local/share/poudriere/bulk.sh
POUDRIEREPATH=/usr/local/bin/poudriere
---End Environment---

---Begin Poudriere Port Flags/Env---
PORT_FLAGS=
PKGENV=
FLAVOR=
MAKE_ARGS=
---End Poudriere Port Flags/Env---

---Begin OPTIONS List---
---End OPTIONS List---

--MAINTAINER--
hrs@FreeBSD.org
--End MAINTAINER--

--CONFIGURE_ARGS--
--prefix=/usr/local ${_LATE_CONFIGURE_ARGS}
--End CONFIGURE_ARGS--

--CONFIGURE_ENV--
XDG_DATA_HOME=/wrkdirs/usr/ports/print/libpaper/work  XDG_CONFIG_HOME=/wrkdirs/usr/ports/print/libpaper/work  XDG_CACHE_HOME=/wrkdirs/usr/ports/print/libpaper/work/.cache  HOME=/wrkdirs/usr/ports/print/libpaper/work TMPDIR="/tmp" PATH=/wrkdirs/usr/ports/print/libpaper/work/.bin:/sbin:/bin:/usr/sbin:/usr/bin:/usr/local/sbin:/usr/local/bin:/root/bin PKG_CONFIG_LIBDIR=/wrkdirs/usr/ports/print/libpaper/work/.pkgconfig:/usr/local/libdata/pkgconfig:/usr/local/share/pkgconfig:/usr/libdata/pkgconfig SHELL=/bin/sh CONFIG_SHELL=/bin/sh DEFAULT_AUTOCONF=2.72 CONFIG_SITE=/usr/ports/Templates/config.site lt_cv_sys_max_cmd_len=524288
--End CONFIGURE_ENV--

--MAKE_ENV--
XDG_DATA_HOME=/wrkdirs/usr/ports/print/libpaper/work  XDG_CONFIG_HOME=/wrkdirs/usr/ports/print/libpaper/work  XDG_CACHE_HOME=/wrkdirs/usr/ports/print/libpaper/work/.cache  HOME=/wrkdirs/usr/ports/print/libpaper/work TMPDIR="/tmp" PATH=/wrkdirs/usr/ports/print/libpaper/work/.bin:/sbin:/bin:/usr/sbin:/usr/bin:/usr/local/sbin:/usr/local/bin:/root/bin PKG_CONFIG_LIBDIR=/wrkdirs/usr/ports/print/libpaper/work/.pkgconfig:/usr/local/libdata/pkgconfig:/usr/local/share/pkgconfig:/usr/libdata/pkgconfig MK_DEBUG_FILES=no MK_KERNEL_SYMBOLS=no SHELL=/bin/sh NO_LINT=YES DEFAULT_AUTOCONF=2.72 PREFIX=/usr/local  LOCALBASE=/usr/local  CC="cc" CFLAGS="-O2 -pipe  -fno-strict-aliasing "  CPP="cpp" CPPFLAGS=""  LDFLAGS=" " LIBS=""  CXX="c++" CXXFLAGS="-O2 -pipe -fno-strict-aliasing  " BSD_INSTALL_PROGRAM="install  -s -m 555"  BSD_INSTALL_LIB="install  -s -m 0644"  BSD_INSTALL_SCRIPT="install  -m 555"  BSD_INSTALL_DATA="install  -m 0644"  BSD_INSTALL_MAN="install  -m 444"
--End MAKE_ENV--

--PLIST_SUB--
OSREL=14.0 PREFIX=%D LOCALBASE=/usr/local  RESETPREFIX=/usr/local LIB32DIR=lib DOCSDIR="share/doc/libpaper"  EXAMPLESDIR="share/examples/libpaper"  DATADIR="share/libpaper"  WWWDIR="www/libpaper"  ETCDIR="etc/libpaper"
--End PLIST_SUB--

--SUB_LIST--
PREFIX=/usr/local LOCALBASE=/usr/local  DATADIR=/usr/local/share/libpaper DOCSDIR=/usr/local/share/doc/libpaper EXAMPLESDIR=/usr/local/share/examples/libpaper  WWWDIR=/usr/local/www/libpaper ETCDIR=/usr/local/etc/libpaper
--End SUB_LIST--

---Begin make.conf---
USE_PACKAGE_DEPENDS=yes
BATCH=yes
WRKDIRPREFIX=/wrkdirs
PORTSDIR=/usr/ports
PACKAGES=/packages
DISTDIR=/distfiles
FORCE_PACKAGE=yes
PACKAGE_BUILDING=yes
PACKAGE_BUILDING_FLAVORS=yes
WITH_CCACHE_BUILD=yes
CCACHE_DIR=/root/.ccache
#### Misc Poudriere ####
.include "/etc/make.conf.ports_env"
GID=0
UID=0
---End make.conf---
--Resource limits--
cpu time               (seconds, -t)  unlimited
file size           (512-blocks, -f)  unlimited
data seg size           (kbytes, -d)  33554432
stack size              (kbytes, -s)  524288
core file size      (512-blocks, -c)  unlimited
max memory size         (kbytes, -m)  unlimited
locked memory           (kbytes, -l)  unlimited
max user processes              (-u)  34304
open files                      (-n)  8192
virtual mem size        (kbytes, -v)  unlimited
swap limit              (kbytes, -w)  unlimited
socket buffer size       (bytes, -b)  unlimited
pseudo-terminals                (-p)  unlimited
kqueues                         (-k)  unlimited
umtx shared locks               (-o)  unlimited
--End resource limits--
=======================<phase: check-sanity   >============================
===== env: NO_DEPENDS=yes USER=root UID=0 GID=0
===>  License GPLv2 accepted by the user
===========================================================================
=======================<phase: pkg-depends    >============================
===== env: USE_PACKAGE_DEPENDS_ONLY=1 USER=root UID=0 GID=0
===>   libpaper-1.1.28_1 depends on file: /usr/local/sbin/pkg - not found
===>   Installing existing package /packages/All/pkg-1.21.1.pkg
[140-rel-default-job-02] Installing pkg-1.21.1...
[140-rel-default-job-02] Extracting pkg-1.21.1: .......... done
===>   libpaper-1.1.28_1 depends on file: /usr/local/sbin/pkg - found
===>   Returning to build of libpaper-1.1.28_1
===========================================================================
=======================<phase: fetch-depends  >============================
===== env: USE_PACKAGE_DEPENDS_ONLY=1 USER=root UID=0 GID=0
===========================================================================
=======================<phase: fetch          >============================
===== env: NO_DEPENDS=yes USER=root UID=0 GID=0
===>  License GPLv2 accepted by the user
=> libpaper_1.1.28.tar.gz doesn't seem to exist in /portdistfiles/.
=> Attempting to fetch http://deb.debian.org/debian/pool/main/libp/libpaper/libpaper_1.1.28.tar.gz
libpaper_1.1.28.tar.gz                                  41 kB 3408 kBps    00s
===> Fetching all distfiles required by libpaper-1.1.28_1 for building
===========================================================================
=======================<phase: checksum       >============================
===== env: NO_DEPENDS=yes USER=root UID=0 GID=0
===>  License GPLv2 accepted by the user
===> Fetching all distfiles required by libpaper-1.1.28_1 for building
=> SHA256 Checksum OK for libpaper_1.1.28.tar.gz.
===========================================================================
=======================<phase: extract-depends>============================
===== env: USE_PACKAGE_DEPENDS_ONLY=1 USER=root UID=0 GID=0
===========================================================================
=======================<phase: extract        >============================
===== env: NO_DEPENDS=yes USER=root UID=0 GID=0
===>  License GPLv2 accepted by the user
===> Fetching all distfiles required by libpaper-1.1.28_1 for building
===>  Extracting for libpaper-1.1.28_1
=> SHA256 Checksum OK for libpaper_1.1.28.tar.gz.
echo a4 > /wrkdirs/usr/ports/print/libpaper/work/papersize.a4
echo letter > /wrkdirs/usr/ports/print/libpaper/work/papersize.letter
===========================================================================
=======================<phase: patch-depends  >============================
===== env: USE_PACKAGE_DEPENDS_ONLY=1 USER=root UID=0 GID=0
===========================================================================
=======================<phase: patch          >============================
===== env: NO_DEPENDS=yes USER=root UID=0 GID=0
===>  Patching for libpaper-1.1.28_1
===>  Applying FreeBSD patches for libpaper-1.1.28_1 from /usr/ports/print/libpaper/files
===========================================================================
=======================<phase: build-depends  >============================
===== env: USE_PACKAGE_DEPENDS_ONLY=1 USER=root UID=0 GID=0
===>   libpaper-1.1.28_1 depends on package: autoconf>=2.72 - not found
===>   Installing existing package /packages/All/autoconf-2.72.pkg
[140-rel-default-job-02] Installing autoconf-2.72...
[140-rel-default-job-02] `-- Installing autoconf-switch-20220527...
[140-rel-default-job-02] `-- Extracting autoconf-switch-20220527: .......... done
[140-rel-default-job-02] `-- Installing indexinfo-0.3.1...
[140-rel-default-job-02] `-- Extracting indexinfo-0.3.1: .... done
[140-rel-default-job-02] `-- Installing m4-1.4.19_1,1...
[140-rel-default-job-02] |   `-- Installing gettext-runtime-0.22.5...
[140-rel-default-job-02] |   `-- Extracting gettext-runtime-0.22.5: .......... done
[140-rel-default-job-02] `-- Extracting m4-1.4.19_1,1: .......... done
[140-rel-default-job-02] `-- Installing perl5-5.36.3_1...
[140-rel-default-job-02] `-- Extracting perl5-5.36.3_1: .......... done
[140-rel-default-job-02] Extracting autoconf-2.72: .......... done
===>   libpaper-1.1.28_1 depends on package: autoconf>=2.72 - found
===>   Returning to build of libpaper-1.1.28_1
===>   libpaper-1.1.28_1 depends on package: automake>=1.16.5 - not found
===>   Installing existing package /packages/All/automake-1.16.5_1.pkg
[140-rel-default-job-02] Installing automake-1.16.5_1...
[140-rel-default-job-02] Extracting automake-1.16.5_1: .......... done
===>   libpaper-1.1.28_1 depends on package: automake>=1.16.5 - found
===>   Returning to build of libpaper-1.1.28_1
===>   libpaper-1.1.28_1 depends on executable: libtoolize - not found
===>   Installing existing package /packages/All/libtool-2.4.7_2.pkg
[140-rel-default-job-02] Installing libtool-2.4.7_2...
[140-rel-default-job-02] Extracting libtool-2.4.7_2: .......... done
===>   libpaper-1.1.28_1 depends on executable: libtoolize - found
===>   Returning to build of libpaper-1.1.28_1
===>   libpaper-1.1.28_1 depends on file: /usr/local/bin/ccache - not found
===>   Installing existing package /packages/All/ccache-3.7.12_6.pkg
[140-rel-default-job-02] Installing ccache-3.7.12_6...
[140-rel-default-job-02] Extracting ccache-3.7.12_6: .......... done
Create compiler links...
create symlink for cc
create symlink for cc (world)
create symlink for c++
create symlink for c++ (world)
create symlink for CC
create symlink for CC (world)
create symlink for clang
create symlink for clang (world)
create symlink for clang++
create symlink for clang++ (world)
=====
Message from ccache-3.7.12_6:

--
NOTE:
Please read /usr/local/share/doc/ccache/ccache-howto-freebsd.txt for
information on using ccache with FreeBSD ports and src.
===>   libpaper-1.1.28_1 depends on file: /usr/local/bin/ccache - found
===>   Returning to build of libpaper-1.1.28_1
===========================================================================
=======================<phase: lib-depends    >============================
===== env: USE_PACKAGE_DEPENDS_ONLY=1 USER=root UID=0 GID=0
===========================================================================
=======================<phase: configure      >============================
===== env: NO_DEPENDS=yes USER=root UID=0 GID=0
===>  Configuring for libpaper-1.1.28_1
libtoolize: putting auxiliary files in '.'.
libtoolize: copying file './ltmain.sh'
libtoolize: Consider adding 'AC_CONFIG_MACRO_DIRS([m4])' to configure.ac,
libtoolize: and rerunning libtoolize and aclocal.
libtoolize: Consider adding '-I m4' to ACLOCAL_AMFLAGS in Makefile.am.
configure.ac:6: warning: 'AM_CONFIG_HEADER': this macro is obsolete.
configure.ac:6: You should use the 'AC_CONFIG_HEADERS' macro instead.
./lib/autoconf/general.m4:2434: AC_DIAGNOSE is expanded from...
aclocal.m4:9842: AM_CONFIG_HEADER is expanded from...
configure.ac:6: the top level
configure.ac:12: warning: The macro 'AC_GNU_SOURCE' is obsolete.
configure.ac:12: You should run autoupdate.
./lib/autoconf/specific.m4:489: AC_GNU_SOURCE is expanded from...
configure.ac:12: the top level
configure.ac:14: warning: The macro 'AM_PROG_LIBTOOL' is obsolete.
configure.ac:14: You should run autoupdate.
aclocal.m4:123: AM_PROG_LIBTOOL is expanded from...
configure.ac:14: the top level
configure.ac:55: warning: AC_OUTPUT should be used without arguments.
configure.ac:55: You should run autoupdate.
configure.ac:11: installing './compile'
configure.ac:14: installing './config.guess'
configure.ac:14: installing './config.sub'
configure.ac:5: installing './install-sh'
configure.ac:5: installing './missing'
lib/Makefile.am: installing './depcomp'
configure: loading site script /usr/ports/Templates/config.site
checking for a BSD-compatible install... /usr/bin/install -c
checking whether build environment is sane... yes
checking for a race-free mkdir -p... (cached) /bin/mkdir -p
checking for gawk... (cached) /usr/bin/awk
checking whether make sets $(MAKE)... yes
checking whether make supports nested variables... yes
checking whether to enable maintainer-specific portions of Makefiles... no
checking for gcc... cc
checking whether the C compiler works... yes
checking for C compiler default output file name... a.out
checking for suffix of executables... 
checking whether we are cross compiling... no
checking for suffix of object files... o
checking whether the compiler supports GNU C... yes
checking whether cc accepts -g... yes
checking for cc option to enable C11 features... none needed
checking whether cc understands -c and -o together... yes
checking whether make supports the include directive... yes (GNU style)
checking dependency style of cc... gcc3
checking for stdio.h... (cached) yes
checking for stdlib.h... (cached) yes
checking for string.h... (cached) yes
checking for inttypes.h... (cached) yes
checking for stdint.h... (cached) yes
checking for strings.h... (cached) yes
checking for sys/stat.h... (cached) yes
checking for sys/types.h... (cached) yes
checking for unistd.h... (cached) yes
checking for wchar.h... (cached) yes
checking for minix/config.h... (cached) no
checking whether it is safe to define __EXTENSIONS__... yes
checking whether _XOPEN_SOURCE should be defined... no
checking build system type... amd64-portbld-freebsd14.0
checking host system type... amd64-portbld-freebsd14.0
checking how to print strings... printf
checking for a sed that does not truncate output... (cached) /usr/bin/sed
checking for grep that handles long lines and -e... (cached) /usr/bin/grep
checking for egrep... (cached) /usr/bin/egrep
checking for fgrep... (cached) /usr/bin/fgrep
checking for ld used by cc... /usr/bin/ld
checking if the linker (/usr/bin/ld) is GNU ld... yes
checking for BSD- or MS-compatible name lister (nm)... /usr/bin/nm
checking the name lister (/usr/bin/nm) interface... BSD nm
checking whether ln -s works... yes
checking the maximum length of command line arguments... (cached) 524288
checking how to convert amd64-portbld-freebsd14.0 file names to amd64-portbld-freebsd14.0 format... func_convert_file_noop
checking how to convert amd64-portbld-freebsd14.0 file names to toolchain format... func_convert_file_noop
checking for /usr/bin/ld option to reload object files... -r
checking for file... file
checking for objdump... objdump
checking how to recognize dependent libraries... pass_all
checking for dlltool... no
checking how to associate runtime and link libraries... printf %s\n
checking for ar... ar
checking for archiver @FILE support... no
checking for strip... strip
checking for ranlib... ranlib
checking command to parse /usr/bin/nm output from cc object... ok
checking for sysroot... no
checking for a working dd... /bin/dd
checking how to truncate binary pipes... /bin/dd bs=4096 count=1
checking for mt... mt
checking if mt is a manifest tool... no
checking for dlfcn.h... (cached) yes
checking for objdir... .libs
checking if cc supports -fno-rtti -fno-exceptions... yes
checking for cc option to produce PIC... -fPIC -DPIC
checking if cc PIC flag -fPIC -DPIC works... yes
checking if cc static flag -static works... yes
checking if cc supports -c -o file.o... yes
checking if cc supports -c -o file.o... (cached) yes
checking whether the cc linker (/usr/bin/ld) supports shared libraries... yes
checking whether -lc should be explicitly linked in... no
checking dynamic linker characteristics... freebsd14.0 ld.so
checking how to hardcode library paths into programs... immediate
checking whether stripping libraries is possible... yes
checking if libtool supports shared libraries... yes
checking whether to build shared libraries... yes
checking whether to build static libraries... yes
checking whether make sets $(MAKE)... (cached) yes
checking for an ANSI C-conforming const... yes
checking that generated files are newer than configure... done
configure: creating ./config.status
config.status: creating Makefile
config.status: creating lib/Makefile
config.status: creating src/Makefile
config.status: creating src/paperconfig
config.status: creating man/Makefile
config.status: creating man/paperconf.1
config.status: creating man/paperconfig.8
config.status: creating man/papersize.5
config.status: creating man/systempapername.3
config.status: creating config.h
config.status: executing depfiles commands
config.status: executing libtool commands
===========================================================================
=======================<phase: build          >============================
===== env: NO_DEPENDS=yes USER=root UID=0 GID=0
===>  Building for libpaper-1.1.28_1
--- all ---
/usr/bin/make  all-recursive
--- all-recursive ---
Making all in lib
--- paperspecs.h ---
echo '    /* This file has been automatically generated.' >paperspecs.h
echo '       Edit paperspecs to make changes to the papers specifications. */' >>paperspecs.h
echo >>paperspecs.h
env LANG=C LC_ALL=C awk '{ factor = 1.0;  if ($4 == "mm") factor = 72.0 / 25.4;  if ($4 == "in") factor = 72.0;  printf("    { \"%s\", %5f, %5f },\n",  $1, $2 * factor, $3 * factor); }' < paperspecs >> paperspecs.h
--- all ---
/usr/bin/make  all-am
--- libpaper_la-dimen.lo ---
--- libpaper_la-paper.lo ---
--- libpaper_la-dimen.lo ---
/bin/sh ../libtool  --tag=CC   --mode=compile cc -DHAVE_CONFIG_H -I. -I..  -D_REENTRANT   -O2 -pipe  -fno-strict-aliasing -MT libpaper_la-dimen.lo -MD -MP -MF .deps/libpaper_la-dimen.Tpo -c -o libpaper_la-dimen.lo `test -f 'dimen.c' || echo './'`dimen.c
--- libpaper_la-paper.lo ---
/bin/sh ../libtool  --tag=CC   --mode=compile cc -DHAVE_CONFIG_H -I. -I..  -D_REENTRANT   -O2 -pipe  -fno-strict-aliasing -MT libpaper_la-paper.lo -MD -MP -MF .deps/libpaper_la-paper.Tpo -c -o libpaper_la-paper.lo `test -f 'paper.c' || echo './'`paper.c
--- libpaper_la-dimen.lo ---
libtool: compile:  cc -DHAVE_CONFIG_H -I. -I.. -D_REENTRANT -O2 -pipe -fno-strict-aliasing -MT libpaper_la-dimen.lo -MD -MP -MF .deps/libpaper_la-dimen.Tpo -c dimen.c  -fPIC -DPIC -o .libs/libpaper_la-dimen.o
libtool: compile:  cc -DHAVE_CONFIG_H -I. -I.. -D_REENTRANT -O2 -pipe -fno-strict-aliasing -MT libpaper_la-dimen.lo -MD -MP -MF .deps/libpaper_la-dimen.Tpo -c dimen.c -o libpaper_la-dimen.o >/dev/null 2>&1
--- libpaper_la-paper.lo ---
libtool: compile:  cc -DHAVE_CONFIG_H -I. -I.. -D_REENTRANT -O2 -pipe -fno-strict-aliasing -MT libpaper_la-paper.lo -MD -MP -MF .deps/libpaper_la-paper.Tpo -c paper.c  -fPIC -DPIC -o .libs/libpaper_la-paper.o
--- libpaper_la-dimen.lo ---
mv -f .deps/libpaper_la-dimen.Tpo .deps/libpaper_la-dimen.Plo
--- libpaper_la-paper.lo ---
libtool: compile:  cc -DHAVE_CONFIG_H -I. -I.. -D_REENTRANT -O2 -pipe -fno-strict-aliasing -MT libpaper_la-paper.lo -MD -MP -MF .deps/libpaper_la-paper.Tpo -c paper.c -o libpaper_la-paper.o >/dev/null 2>&1
mv -f .deps/libpaper_la-paper.Tpo .deps/libpaper_la-paper.Plo
--- libpaper.la ---
/bin/sh ../libtool  --tag=CC    --mode=link cc  -O2 -pipe  -fno-strict-aliasing  -version-info 2:2:1  -o libpaper.la -rpath /usr/local/lib libpaper_la-dimen.lo libpaper_la-paper.lo  
libtool: link: cc -shared  -fPIC -DPIC  .libs/libpaper_la-dimen.o .libs/libpaper_la-paper.o    -O2   -Wl,-soname -Wl,libpaper.so.1 -o .libs/libpaper.so.1.1.2
libtool: link: (cd ".libs" && rm -f "libpaper.so.1" && ln -s "libpaper.so.1.1.2" "libpaper.so.1")
libtool: link: (cd ".libs" && rm -f "libpaper.so" && ln -s "libpaper.so.1.1.2" "libpaper.so")
libtool: link: ar cr .libs/libpaper.a  libpaper_la-dimen.o libpaper_la-paper.o
libtool: link: ranlib .libs/libpaper.a
libtool: link: ( cd ".libs" && rm -f "libpaper.la" && ln -s "../libpaper.la" "libpaper.la" )
Making all in src
--- paperconf-paperconf.o ---
cc -DHAVE_CONFIG_H -I. -I..  -I../lib   -O2 -pipe  -fno-strict-aliasing -MT paperconf-paperconf.o -MD -MP -MF .deps/paperconf-paperconf.Tpo -c -o paperconf-paperconf.o `test -f 'paperconf.c' || echo './'`paperconf.c
mv -f .deps/paperconf-paperconf.Tpo .deps/paperconf-paperconf.Po
--- paperconf ---
/bin/sh ../libtool  --tag=CC    --mode=link cc  -O2 -pipe  -fno-strict-aliasing    -o paperconf paperconf-paperconf.o ../lib/libpaper.la 
libtool: link: cc -O2 -pipe -fno-strict-aliasing -o .libs/paperconf paperconf-paperconf.o  ../lib/.libs/libpaper.so -Wl,-rpath -Wl,/usr/local/lib
Making all in man
===========================================================================
=======================<phase: run-depends    >============================
===== env: USE_PACKAGE_DEPENDS_ONLY=1 USER=root UID=0 GID=0
===========================================================================
=======================<phase: stage          >============================
===== env: NO_DEPENDS=yes USER=root UID=0 GID=0
===>  Staging for libpaper-1.1.28_1
===>   Generating temporary packing list
if test -z 'strip'; then  /usr/bin/make  INSTALL_PROGRAM="/bin/sh /wrkdirs/usr/ports/print/libpaper/work/libpaper-1.1.28/install-sh -c -s"  install_sh_PROGRAM="/bin/sh /wrkdirs/usr/ports/print/libpaper/work/libpaper-1.1.28/install-sh -c -s" INSTALL_STRIP_FLAG=-s  install;  else  /usr/bin/make  INSTALL_PROGRAM="/bin/sh /wrkdirs/usr/ports/print/libpaper/work/libpaper-1.1.28/install-sh -c -s"  install_sh_PROGRAM="/bin/sh /wrkdirs/usr/ports/print/libpaper/work/libpaper-1.1.28/install-sh -c -s" INSTALL_STRIP_FLAG=-s  "INSTALL_PROGRAM_ENV=STRIPPROG='strip'" install;  fi
Making install in lib
/usr/bin/make  install-am
 /bin/mkdir -p '/wrkdirs/usr/ports/print/libpaper/work/stage/usr/local/lib'
 /bin/sh ../libtool   --mode=install /usr/bin/install -c -s  libpaper.la '/wrkdirs/usr/ports/print/libpaper/work/stage/usr/local/lib'
libtool: install: /usr/bin/install -c .libs/libpaper.so.1.1.2 /wrkdirs/usr/ports/print/libpaper/work/stage/usr/local/lib/libpaper.so.1.1.2
libtool: install: strip --strip-unneeded /wrkdirs/usr/ports/print/libpaper/work/stage/usr/local/lib/libpaper.so.1.1.2
libtool: install: (cd /wrkdirs/usr/ports/print/libpaper/work/stage/usr/local/lib && { ln -s -f libpaper.so.1.1.2 libpaper.so.1 || { rm -f libpaper.so.1 && ln -s libpaper.so.1.1.2 libpaper.so.1; }; })
libtool: install: (cd /wrkdirs/usr/ports/print/libpaper/work/stage/usr/local/lib && { ln -s -f libpaper.so.1.1.2 libpaper.so || { rm -f libpaper.so && ln -s libpaper.so.1.1.2 libpaper.so; }; })
libtool: install: /usr/bin/install -c .libs/libpaper.lai /wrkdirs/usr/ports/print/libpaper/work/stage/usr/local/lib/libpaper.la
libtool: install: /usr/bin/install -c .libs/libpaper.a /wrkdirs/usr/ports/print/libpaper/work/stage/usr/local/lib/libpaper.a
libtool: install: strip --strip-debug /wrkdirs/usr/ports/print/libpaper/work/stage/usr/local/lib/libpaper.a
libtool: install: chmod 644 /wrkdirs/usr/ports/print/libpaper/work/stage/usr/local/lib/libpaper.a
libtool: install: ranlib /wrkdirs/usr/ports/print/libpaper/work/stage/usr/local/lib/libpaper.a
libtool: warning: remember to run 'libtool --finish /usr/local/lib'
 /bin/mkdir -p '/wrkdirs/usr/ports/print/libpaper/work/stage/usr/local/include'
 install  -m 0644 paper.h '/wrkdirs/usr/ports/print/libpaper/work/stage/usr/local/include'
Making install in src
 /bin/mkdir -p '/wrkdirs/usr/ports/print/libpaper/work/stage/usr/local/bin'
 STRIPPROG='strip' /bin/sh ../libtool   --mode=install /bin/sh /wrkdirs/usr/ports/print/libpaper/work/libpaper-1.1.28/install-sh -c -s paperconf '/wrkdirs/usr/ports/print/libpaper/work/stage/usr/local/bin'
libtool: warning: '../lib/libpaper.la' has not been installed in '/usr/local/lib'
libtool: install: /bin/sh /wrkdirs/usr/ports/print/libpaper/work/libpaper-1.1.28/install-sh -c -s .libs/paperconf /wrkdirs/usr/ports/print/libpaper/work/stage/usr/local/bin/paperconf
 /bin/mkdir -p '/wrkdirs/usr/ports/print/libpaper/work/stage/usr/local/sbin'
 install  -m 555 paperconfig '/wrkdirs/usr/ports/print/libpaper/work/stage/usr/local/sbin'
Making install in man
 /bin/mkdir -p '/wrkdirs/usr/ports/print/libpaper/work/stage/usr/local/share/man/man1'
 install  -m 0644 paperconf.1 '/wrkdirs/usr/ports/print/libpaper/work/stage/usr/local/share/man/man1'
 /bin/mkdir -p '/wrkdirs/usr/ports/print/libpaper/work/stage/usr/local/share/man/man3'
 install  -m 0644 defaultpapername.3 defaultpapersizefile.3 paperdone.3 paperfirst.3 paperinfo.3 paperinit.3 paperlast.3 papernext.3 paperprev.3 paperpsheight.3 paperpsname.3 paperpswidth.3 paperwithsize.3 systempapername.3 systempapersizefile.3 '/wrkdirs/usr/ports/print/libpaper/work/stage/usr/local/share/man/man3'
 /bin/mkdir -p '/wrkdirs/usr/ports/print/libpaper/work/stage/usr/local/share/man/man5'
 install  -m 0644 papersize.5 '/wrkdirs/usr/ports/print/libpaper/work/stage/usr/local/share/man/man5'
 /bin/mkdir -p '/wrkdirs/usr/ports/print/libpaper/work/stage/usr/local/share/man/man8'
 install  -m 0644 paperconfig.8 '/wrkdirs/usr/ports/print/libpaper/work/stage/usr/local/share/man/man8'
cd /wrkdirs/usr/ports/print/libpaper/work &&  install  -m 0644 papersize.a4 papersize.letter  /wrkdirs/usr/ports/print/libpaper/work/stage/usr/local/etc
====> Compressing man pages (compress-man)
===========================================================================
=======================<phase: package        >============================
===== env: 'PKG_NOTES=build_timestamp ports_top_git_hash ports_top_checkout_unclean port_git_hash port_checkout_unclean built_by' 'PKG_NOTE_build_timestamp=2024-04-13T03:02:59+0000' 'PKG_NOTE_ports_top_git_hash=240e33cee' 'PKG_NOTE_ports_top_checkout_unclean=yes' 'PKG_NOTE_port_git_hash=240e33cee' 'PKG_NOTE_port_checkout_unclean=no' 'PKG_NOTE_built_by=poudriere-git-3.4.1_1' NO_DEPENDS=yes USER=root UID=0 GID=0
===>  Building packages for libpaper-1.1.28_1
===>   Building libpaper-1.1.28_1
===========================================================================
=>> Cleaning up wrkdir
===>  Cleaning for libpaper-1.1.28_1
build of print/libpaper | libpaper-1.1.28_1 ended at Fri Apr 12 23:03:21 EDT 2024
build time: 00:00:22
