=>> Building math/mpdecimal
build started at Fri Apr 12 23:00:42 EDT 2024
port directory: /usr/ports/math/mpdecimal
package name: mpdecimal-4.0.0
building for: FreeBSD 140-rel-default-job-01 14.0-RELEASE-p6 FreeBSD 14.0-RELEASE-p6 amd64
maintained by: skrah@bytereef.org
Makefile datestamp: -rw-r--r--  1 root wheel 783 Apr 13 02:10 /usr/ports/math/mpdecimal/Makefile
Ports top last git commit: 240e33cee
Ports top unclean checkout: yes
Port dir last git commit: 240e33cee
Port dir unclean checkout: no
Poudriere version: poudriere-git-3.4.1_1
Host OSVERSION: 1400097
Jail OSVERSION: 1400097
Job Id: 01

---Begin Environment---
SHELL=/bin/sh
OSVERSION=1400097
UNAME_v=FreeBSD 14.0-RELEASE-p6
UNAME_r=14.0-RELEASE-p6
BLOCKSIZE=K
MAIL=/var/mail/root
MM_CHARSET=UTF-8
LANG=C.UTF-8
STATUS=1
HOME=/root
PATH=/sbin:/bin:/usr/sbin:/usr/bin:/usr/local/sbin:/usr/local/bin:/root/bin
MAKE_OBJDIR_CHECK_WRITABLE=0
LOCALBASE=/usr/local
USER=root
POUDRIERE_NAME=poudriere-git
LIBEXECPREFIX=/usr/local/libexec/poudriere
POUDRIERE_VERSION=3.4.1_1
MASTERMNT=/usr/local/poudriere/data/.m/140-rel-default/ref
LC_COLLATE=C
POUDRIERE_BUILD_TYPE=bulk
PACKAGE_BUILDING=yes
SAVED_TERM=xterm-256color
OUTPUT_REDIRECTED_STDERR=4
OUTPUT_REDIRECTED=1
PWD=/usr/local/poudriere/data/.m/140-rel-default/01/.p
OUTPUT_REDIRECTED_STDOUT=3
P_PORTS_FEATURES=FLAVORS SUBPACKAGES SELECTED_OPTIONS
MASTERNAME=140-rel-default
SCRIPTPREFIX=/usr/local/share/poudriere
SCRIPTNAME=bulk.sh
OLDPWD=/usr/local/poudriere/data/.m/140-rel-default/ref/.p/pool
POUDRIERE_PKGNAME=poudriere-git-3.4.1_1
SCRIPTPATH=/usr/local/share/poudriere/bulk.sh
POUDRIEREPATH=/usr/local/bin/poudriere
---End Environment---

---Begin Poudriere Port Flags/Env---
PORT_FLAGS=
PKGENV=
FLAVOR=
MAKE_ARGS=
---End Poudriere Port Flags/Env---

---Begin OPTIONS List---
---End OPTIONS List---

--MAINTAINER--
skrah@bytereef.org
--End MAINTAINER--

--CONFIGURE_ARGS--
--prefix=/usr/local ${_LATE_CONFIGURE_ARGS}
--End CONFIGURE_ARGS--

--CONFIGURE_ENV--
MAKE=gmake XDG_DATA_HOME=/wrkdirs/usr/ports/math/mpdecimal/work  XDG_CONFIG_HOME=/wrkdirs/usr/ports/math/mpdecimal/work  XDG_CACHE_HOME=/wrkdirs/usr/ports/math/mpdecimal/work/.cache  HOME=/wrkdirs/usr/ports/math/mpdecimal/work TMPDIR="/tmp" PATH=/wrkdirs/usr/ports/math/mpdecimal/work/.bin:/sbin:/bin:/usr/sbin:/usr/bin:/usr/local/sbin:/usr/local/bin:/root/bin PKG_CONFIG_LIBDIR=/wrkdirs/usr/ports/math/mpdecimal/work/.pkgconfig:/usr/local/libdata/pkgconfig:/usr/local/share/pkgconfig:/usr/libdata/pkgconfig SHELL=/bin/sh CONFIG_SHELL=/bin/sh CONFIG_SITE=/usr/ports/Templates/config.site lt_cv_sys_max_cmd_len=524288
--End CONFIGURE_ENV--

--MAKE_ENV--
XDG_DATA_HOME=/wrkdirs/usr/ports/math/mpdecimal/work  XDG_CONFIG_HOME=/wrkdirs/usr/ports/math/mpdecimal/work  XDG_CACHE_HOME=/wrkdirs/usr/ports/math/mpdecimal/work/.cache  HOME=/wrkdirs/usr/ports/math/mpdecimal/work TMPDIR="/tmp" PATH=/wrkdirs/usr/ports/math/mpdecimal/work/.bin:/sbin:/bin:/usr/sbin:/usr/bin:/usr/local/sbin:/usr/local/bin:/root/bin PKG_CONFIG_LIBDIR=/wrkdirs/usr/ports/math/mpdecimal/work/.pkgconfig:/usr/local/libdata/pkgconfig:/usr/local/share/pkgconfig:/usr/libdata/pkgconfig MK_DEBUG_FILES=no MK_KERNEL_SYMBOLS=no SHELL=/bin/sh NO_LINT=YES PREFIX=/usr/local  LOCALBASE=/usr/local  CC="cc" CFLAGS="-O2 -pipe  -fno-strict-aliasing "  CPP="cpp" CPPFLAGS=""  LDFLAGS=" " LIBS=""  CXX="c++" CXXFLAGS="-O2 -pipe -fno-strict-aliasing  " BSD_INSTALL_PROGRAM="install  -s -m 555"  BSD_INSTALL_LIB="install  -s -m 0644"  BSD_INSTALL_SCRIPT="install  -m 555"  BSD_INSTALL_DATA="install  -m 0644"  BSD_INSTALL_MAN="install  -m 444"
--End MAKE_ENV--

--PLIST_SUB--
OSREL=14.0 PREFIX=%D LOCALBASE=/usr/local  RESETPREFIX=/usr/local LIB32DIR=lib DOCSDIR="share/doc/mpdecimal"  EXAMPLESDIR="share/examples/mpdecimal"  DATADIR="share/mpdecimal"  WWWDIR="www/mpdecimal"  ETCDIR="etc/mpdecimal"
--End PLIST_SUB--

--SUB_LIST--
PREFIX=/usr/local LOCALBASE=/usr/local  DATADIR=/usr/local/share/mpdecimal DOCSDIR=/usr/local/share/doc/mpdecimal EXAMPLESDIR=/usr/local/share/examples/mpdecimal  WWWDIR=/usr/local/www/mpdecimal ETCDIR=/usr/local/etc/mpdecimal
--End SUB_LIST--

---Begin make.conf---
USE_PACKAGE_DEPENDS=yes
BATCH=yes
WRKDIRPREFIX=/wrkdirs
PORTSDIR=/usr/ports
PACKAGES=/packages
DISTDIR=/distfiles
FORCE_PACKAGE=yes
PACKAGE_BUILDING=yes
PACKAGE_BUILDING_FLAVORS=yes
WITH_CCACHE_BUILD=yes
CCACHE_DIR=/root/.ccache
#### Misc Poudriere ####
.include "/etc/make.conf.ports_env"
GID=0
UID=0
---End make.conf---
--Resource limits--
cpu time               (seconds, -t)  unlimited
file size           (512-blocks, -f)  unlimited
data seg size           (kbytes, -d)  33554432
stack size              (kbytes, -s)  524288
core file size      (512-blocks, -c)  unlimited
max memory size         (kbytes, -m)  unlimited
locked memory           (kbytes, -l)  unlimited
max user processes              (-u)  34304
open files                      (-n)  8192
virtual mem size        (kbytes, -v)  unlimited
swap limit              (kbytes, -w)  unlimited
socket buffer size       (bytes, -b)  unlimited
pseudo-terminals                (-p)  unlimited
kqueues                         (-k)  unlimited
umtx shared locks               (-o)  unlimited
--End resource limits--
=======================<phase: check-sanity   >============================
===== env: NO_DEPENDS=yes USER=root UID=0 GID=0
===>  License BSD2CLAUSE accepted by the user
===========================================================================
=======================<phase: pkg-depends    >============================
===== env: USE_PACKAGE_DEPENDS_ONLY=1 USER=root UID=0 GID=0
===>   mpdecimal-4.0.0 depends on file: /usr/local/sbin/pkg - not found
===>   Installing existing package /packages/All/pkg-1.21.1.pkg
[140-rel-default-job-01] Installing pkg-1.21.1...
[140-rel-default-job-01] Extracting pkg-1.21.1: .......... done
===>   mpdecimal-4.0.0 depends on file: /usr/local/sbin/pkg - found
===>   Returning to build of mpdecimal-4.0.0
===========================================================================
=======================<phase: fetch-depends  >============================
===== env: USE_PACKAGE_DEPENDS_ONLY=1 USER=root UID=0 GID=0
===========================================================================
=======================<phase: fetch          >============================
===== env: NO_DEPENDS=yes USER=root UID=0 GID=0
===>  License BSD2CLAUSE accepted by the user
=> mpdecimal-4.0.0.tar.gz doesn't seem to exist in /portdistfiles/.
=> Attempting to fetch https://www.bytereef.org/software/mpdecimal/releases/mpdecimal-4.0.0.tar.gz
mpdecimal-4.0.0.tar.gz                                 307 kB 4487 kBps    00s
===> Fetching all distfiles required by mpdecimal-4.0.0 for building
===========================================================================
=======================<phase: checksum       >============================
===== env: NO_DEPENDS=yes USER=root UID=0 GID=0
===>  License BSD2CLAUSE accepted by the user
===> Fetching all distfiles required by mpdecimal-4.0.0 for building
=> SHA256 Checksum OK for mpdecimal-4.0.0.tar.gz.
===========================================================================
=======================<phase: extract-depends>============================
===== env: USE_PACKAGE_DEPENDS_ONLY=1 USER=root UID=0 GID=0
===========================================================================
=======================<phase: extract        >============================
===== env: NO_DEPENDS=yes USER=root UID=0 GID=0
===>  License BSD2CLAUSE accepted by the user
===> Fetching all distfiles required by mpdecimal-4.0.0 for building
===>  Extracting for mpdecimal-4.0.0
=> SHA256 Checksum OK for mpdecimal-4.0.0.tar.gz.
===========================================================================
=======================<phase: patch-depends  >============================
===== env: USE_PACKAGE_DEPENDS_ONLY=1 USER=root UID=0 GID=0
===========================================================================
=======================<phase: patch          >============================
===== env: NO_DEPENDS=yes USER=root UID=0 GID=0
===>  Patching for mpdecimal-4.0.0
===========================================================================
=======================<phase: build-depends  >============================
===== env: USE_PACKAGE_DEPENDS_ONLY=1 USER=root UID=0 GID=0
===>   mpdecimal-4.0.0 depends on package: gmake>=4.4.1 - not found
===>   Installing existing package /packages/All/gmake-4.4.1.pkg
[140-rel-default-job-01] Installing gmake-4.4.1...
[140-rel-default-job-01] `-- Installing gettext-runtime-0.22.5...
[140-rel-default-job-01] |   `-- Installing indexinfo-0.3.1...
[140-rel-default-job-01] |   `-- Extracting indexinfo-0.3.1: .... done
[140-rel-default-job-01] `-- Extracting gettext-runtime-0.22.5: .......... done
[140-rel-default-job-01] Extracting gmake-4.4.1: .......... done
===>   mpdecimal-4.0.0 depends on package: gmake>=4.4.1 - found
===>   Returning to build of mpdecimal-4.0.0
===>   mpdecimal-4.0.0 depends on file: /usr/local/bin/ccache - not found
===>   Installing existing package /packages/All/ccache-3.7.12_6.pkg
[140-rel-default-job-01] Installing ccache-3.7.12_6...
[140-rel-default-job-01] Extracting ccache-3.7.12_6: .......... done
Create compiler links...
create symlink for cc
create symlink for cc (world)
create symlink for c++
create symlink for c++ (world)
create symlink for CC
create symlink for CC (world)
create symlink for clang
create symlink for clang (world)
create symlink for clang++
create symlink for clang++ (world)
=====
Message from ccache-3.7.12_6:

--
NOTE:
Please read /usr/local/share/doc/ccache/ccache-howto-freebsd.txt for
information on using ccache with FreeBSD ports and src.
===>   mpdecimal-4.0.0 depends on file: /usr/local/bin/ccache - found
===>   Returning to build of mpdecimal-4.0.0
===========================================================================
=======================<phase: lib-depends    >============================
===== env: USE_PACKAGE_DEPENDS_ONLY=1 USER=root UID=0 GID=0
===========================================================================
=======================<phase: configure      >============================
===== env: NO_DEPENDS=yes USER=root UID=0 GID=0
===>  Configuring for mpdecimal-4.0.0
configure: loading site script /usr/ports/Templates/config.site
checking build system type... amd64-portbld-freebsd14.0
checking host system type... amd64-portbld-freebsd14.0
checking for --enable-cxx... yes
checking for --enable-static... yes
checking for --enable-shared... yes
checking for --enable-doc... yes
checking for --enable-pc... yes
checking whether the C compiler works... yes
checking for C compiler default output file name... a.out
checking for suffix of executables... 
checking whether we are cross compiling... no
checking for suffix of object files... o
checking whether we are using the GNU C compiler... yes
checking whether clang accepts -g... yes
checking for clang option to accept ISO C89... none needed
checking whether we are using the GNU C++ compiler... yes
checking whether clang++ accepts -g... yes
checking for -O2... yes
checking for ar... ar
checking for ranlib... ranlib
checking how to run the C preprocessor... cpp
checking for grep that handles long lines and -e... (cached) /usr/bin/grep
checking for egrep... (cached) /usr/bin/egrep
checking for ANSI C header files... (cached) yes
checking for sys/types.h... (cached) yes
checking for sys/stat.h... (cached) yes
checking for stdlib.h... (cached) yes
checking for string.h... (cached) yes
checking for memory.h... (cached) yes
checking for strings.h... (cached) yes
checking for inttypes.h... (cached) yes
checking for stdint.h... (cached) yes
checking for unistd.h... (cached) yes
checking for pthread.h... (cached) yes
checking for size_t... (cached) yes
checking for int32_t... (cached) yes
checking for int64_t... (cached) yes
checking for uint32_t... (cached) yes
checking for uint64_t... (cached) yes
checking for __uint128_t... yes
checking size of size_t... 8
checking size of __uint128_t... 16
checking for x64 gcc inline assembler... yes
checking for x87 gcc inline assembler... yes
checking for a BSD-compatible install... /usr/bin/install -c
checking for glibc _FORTIFY_SOURCE/memmove bug... no
configure: creating ./config.status
config.status: creating Makefile
config.status: creating libmpdec/Makefile
config.status: creating libmpdec/mpdecimal.h
config.status: creating libmpdec/.pc/libmpdec.pc
config.status: creating libmpdec++/Makefile
config.status: creating libmpdec++/.pc/libmpdec++.pc
config.status: creating tests/Makefile
config.status: creating tests++/Makefile
config.status: creating config.h
===========================================================================
=======================<phase: build          >============================
===== env: NO_DEPENDS=yes USER=root UID=0 GID=0
===>  Building for mpdecimal-4.0.0
cd libmpdec && gmake 
gmake[1]: Entering directory '/wrkdirs/usr/ports/math/mpdecimal/work/mpdecimal-4.0.0/libmpdec'
clang -Wall -Wextra -Wno-unknown-pragmas -std=c99 -pedantic -DCONFIG_64 -DASM -DNDEBUG -O2 -pipe -fno-strict-aliasing -c basearith.c
clang -Wall -Wextra -Wno-unknown-pragmas -std=c99 -pedantic -DCONFIG_64 -DASM -DNDEBUG -O2 -pipe -fno-strict-aliasing -c context.c
clang -Wall -Wextra -Wno-unknown-pragmas -std=c99 -pedantic -DCONFIG_64 -DASM -DNDEBUG -O2 -pipe -fno-strict-aliasing -c constants.c
clang -Wall -Wextra -Wno-unknown-pragmas -std=c99 -pedantic -DCONFIG_64 -DASM -DNDEBUG -O2 -pipe -fno-strict-aliasing -c convolute.c
clang -Wall -Wextra -Wno-unknown-pragmas -std=c99 -pedantic -DCONFIG_64 -DASM -DNDEBUG -O2 -pipe -fno-strict-aliasing -c crt.c
clang -Wall -Wextra -Wno-unknown-pragmas -std=c99 -pedantic -DCONFIG_64 -DASM -DNDEBUG -O2 -pipe -fno-strict-aliasing -c mpdecimal.c
clang -Wall -Wextra -Wno-unknown-pragmas -std=c99 -pedantic -DCONFIG_64 -DASM -DNDEBUG -O2 -pipe -fno-strict-aliasing -c mpsignal.c
clang -Wall -Wextra -Wno-unknown-pragmas -std=c99 -pedantic -DCONFIG_64 -DASM -DNDEBUG -O2 -pipe -fno-strict-aliasing -c difradix2.c
clang -Wall -Wextra -Wno-unknown-pragmas -std=c99 -pedantic -DCONFIG_64 -DASM -DNDEBUG -O2 -pipe -fno-strict-aliasing -c fnt.c
clang -Wall -Wextra -Wno-unknown-pragmas -std=c99 -pedantic -DCONFIG_64 -DASM -DNDEBUG -O2 -pipe -fno-strict-aliasing -c fourstep.c
clang -Wall -Wextra -Wno-unknown-pragmas -std=c99 -pedantic -DCONFIG_64 -DASM -DNDEBUG -O2 -pipe -fno-strict-aliasing -c io.c
clang -Wall -Wextra -Wno-unknown-pragmas -std=c99 -pedantic -DCONFIG_64 -DASM -DNDEBUG -O2 -pipe -fno-strict-aliasing -c mpalloc.c
clang -Wall -Wextra -Wno-unknown-pragmas -std=c99 -pedantic -DCONFIG_64 -DASM -DNDEBUG -O2 -pipe -fno-strict-aliasing -c numbertheory.c
clang -Wall -Wextra -Wno-unknown-pragmas -std=c99 -pedantic -DCONFIG_64 -DASM -DNDEBUG -O2 -pipe -fno-strict-aliasing -c sixstep.c
clang -Wall -Wextra -Wno-unknown-pragmas -std=c99 -pedantic -DCONFIG_64 -DASM -DNDEBUG -O2 -pipe -fno-strict-aliasing -c transpose.c
clang -Wall -Wextra -Wno-unknown-pragmas -std=c99 -pedantic -DCONFIG_64 -DASM -DNDEBUG -O2 -pipe -fno-strict-aliasing -fPIC -c basearith.c -o .objs/basearith.o
clang -Wall -Wextra -Wno-unknown-pragmas -std=c99 -pedantic -DCONFIG_64 -DASM -DNDEBUG -O2 -pipe -fno-strict-aliasing -fPIC -c context.c -o .objs/context.o
clang -Wall -Wextra -Wno-unknown-pragmas -std=c99 -pedantic -DCONFIG_64 -DASM -DNDEBUG -O2 -pipe -fno-strict-aliasing -fPIC -c constants.c -o .objs/constants.o
clang -Wall -Wextra -Wno-unknown-pragmas -std=c99 -pedantic -DCONFIG_64 -DASM -DNDEBUG -O2 -pipe -fno-strict-aliasing -fPIC -c convolute.c -o .objs/convolute.o
clang -Wall -Wextra -Wno-unknown-pragmas -std=c99 -pedantic -DCONFIG_64 -DASM -DNDEBUG -O2 -pipe -fno-strict-aliasing -fPIC -c crt.c -o .objs/crt.o
clang -Wall -Wextra -Wno-unknown-pragmas -std=c99 -pedantic -DCONFIG_64 -DASM -DNDEBUG -O2 -pipe -fno-strict-aliasing -fPIC -c mpdecimal.c -o .objs/mpdecimal.o
clang -Wall -Wextra -Wno-unknown-pragmas -std=c99 -pedantic -DCONFIG_64 -DASM -DNDEBUG -O2 -pipe -fno-strict-aliasing -fPIC -c mpsignal.c -o .objs/mpsignal.o
clang -Wall -Wextra -Wno-unknown-pragmas -std=c99 -pedantic -DCONFIG_64 -DASM -DNDEBUG -O2 -pipe -fno-strict-aliasing -fPIC -c difradix2.c -o .objs/difradix2.o
clang -Wall -Wextra -Wno-unknown-pragmas -std=c99 -pedantic -DCONFIG_64 -DASM -DNDEBUG -O2 -pipe -fno-strict-aliasing -fPIC -c fnt.c -o .objs/fnt.o
clang -Wall -Wextra -Wno-unknown-pragmas -std=c99 -pedantic -DCONFIG_64 -DASM -DNDEBUG -O2 -pipe -fno-strict-aliasing -fPIC -c fourstep.c -o .objs/fourstep.o
clang -Wall -Wextra -Wno-unknown-pragmas -std=c99 -pedantic -DCONFIG_64 -DASM -DNDEBUG -O2 -pipe -fno-strict-aliasing -fPIC -c io.c -o .objs/io.o
clang -Wall -Wextra -Wno-unknown-pragmas -std=c99 -pedantic -DCONFIG_64 -DASM -DNDEBUG -O2 -pipe -fno-strict-aliasing -fPIC -c mpalloc.c -o .objs/mpalloc.o
clang -Wall -Wextra -Wno-unknown-pragmas -std=c99 -pedantic -DCONFIG_64 -DASM -DNDEBUG -O2 -pipe -fno-strict-aliasing -fPIC -c numbertheory.c -o .objs/numbertheory.o
clang -Wall -Wextra -Wno-unknown-pragmas -std=c99 -pedantic -DCONFIG_64 -DASM -DNDEBUG -O2 -pipe -fno-strict-aliasing -fPIC -c sixstep.c -o .objs/sixstep.o
clang -Wall -Wextra -Wno-unknown-pragmas -std=c99 -pedantic -DCONFIG_64 -DASM -DNDEBUG -O2 -pipe -fno-strict-aliasing -fPIC -c transpose.c -o .objs/transpose.o
ar rc libmpdec.a basearith.o context.o constants.o convolute.o crt.o mpdecimal.o mpsignal.o difradix2.o fnt.o fourstep.o io.o mpalloc.o numbertheory.o sixstep.o transpose.o
ranlib libmpdec.a
clang -shared -fPIC -Wl,-soname,libmpdec.so.4 -o libmpdec.so.4.0.0 .objs/basearith.o .objs/context.o .objs/constants.o .objs/convolute.o .objs/crt.o .objs/mpdecimal.o .objs/mpsignal.o .objs/difradix2.o .objs/fnt.o .objs/fourstep.o .objs/io.o .objs/mpalloc.o .objs/numbertheory.o .objs/sixstep.o .objs/transpose.o -lm
ln -sf libmpdec.so.4.0.0 libmpdec.so
ln -sf libmpdec.so.4.0.0 libmpdec.so.4
gmake[1]: Leaving directory '/wrkdirs/usr/ports/math/mpdecimal/work/mpdecimal-4.0.0/libmpdec'
cd libmpdec++ && gmake 
gmake[1]: Entering directory '/wrkdirs/usr/ports/math/mpdecimal/work/mpdecimal-4.0.0/libmpdec++'
clang++ -pthread -I. -I../libmpdec -Wall -Wextra -Wexit-time-destructors -std=c++11 -pedantic -DNDEBUG -O3 -O2 -pipe -fno-strict-aliasing -c decimal.cc
clang++ -pthread -I. -I../libmpdec -Wall -Wextra -Wexit-time-destructors -std=c++11 -pedantic -DNDEBUG -O3 -O2 -pipe -fno-strict-aliasing -fPIC -c decimal.cc -o .objs/decimal.o
clang++ -pthread -L../libmpdec -shared -fPIC -Wl,-soname,libmpdec++.so.4 -o libmpdec++.so.4.0.0 .objs/decimal.o -lmpdec -lm
ln -sf libmpdec++.so.4.0.0 libmpdec++.so
ln -sf libmpdec++.so.4.0.0 libmpdec++.so.4
ar rc libmpdec++.a decimal.o
ranlib libmpdec++.a
gmake[1]: Leaving directory '/wrkdirs/usr/ports/math/mpdecimal/work/mpdecimal-4.0.0/libmpdec++'
===========================================================================
=======================<phase: run-depends    >============================
===== env: USE_PACKAGE_DEPENDS_ONLY=1 USER=root UID=0 GID=0
===========================================================================
=======================<phase: stage          >============================
===== env: NO_DEPENDS=yes USER=root UID=0 GID=0
===>  Staging for mpdecimal-4.0.0
===>   Generating temporary packing list
cd libmpdec && gmake 
gmake[1]: Entering directory '/wrkdirs/usr/ports/math/mpdecimal/work/mpdecimal-4.0.0/libmpdec'
gmake[1]: Nothing to be done for 'default'.
gmake[1]: Leaving directory '/wrkdirs/usr/ports/math/mpdecimal/work/mpdecimal-4.0.0/libmpdec'
cd libmpdec++ && gmake 
gmake[1]: Entering directory '/wrkdirs/usr/ports/math/mpdecimal/work/mpdecimal-4.0.0/libmpdec++'
gmake[1]: Nothing to be done for 'default'.
gmake[1]: Leaving directory '/wrkdirs/usr/ports/math/mpdecimal/work/mpdecimal-4.0.0/libmpdec++'
/usr/bin/install -c -d -m 755 /wrkdirs/usr/ports/math/mpdecimal/work/stage/usr/local/include
/usr/bin/install -c -d -m 755 /wrkdirs/usr/ports/math/mpdecimal/work/stage/usr/local/lib
/usr/bin/install -c -d -m 755 /wrkdirs/usr/ports/math/mpdecimal/work/stage/usr/local/share/doc/mpdecimal
/usr/bin/install -c -d -m 755 /wrkdirs/usr/ports/math/mpdecimal/work/stage/usr/local/lib/pkgconfig
/usr/bin/install -c -d -m 755 /wrkdirs/usr/ports/math/mpdecimal/work/stage/usr/local/share/man/man3
/usr/bin/install -c -m 644 libmpdec/mpdecimal.h /wrkdirs/usr/ports/math/mpdecimal/work/stage/usr/local/include
/usr/bin/install -c -m 644 libmpdec/libmpdec.a /wrkdirs/usr/ports/math/mpdecimal/work/stage/usr/local/lib
/usr/bin/install -c -m 755 libmpdec/libmpdec.so.4.0.0 /wrkdirs/usr/ports/math/mpdecimal/work/stage/usr/local/lib
cd /wrkdirs/usr/ports/math/mpdecimal/work/stage/usr/local/lib && ln -sf libmpdec.so.4.0.0 libmpdec.so.4 && ln -sf libmpdec.so.4.0.0 libmpdec.so
/usr/bin/install -c -m 644 libmpdec++/decimal.hh /wrkdirs/usr/ports/math/mpdecimal/work/stage/usr/local/include
/usr/bin/install -c -m 644 libmpdec++/libmpdec++.a /wrkdirs/usr/ports/math/mpdecimal/work/stage/usr/local/lib
/usr/bin/install -c -m 755 libmpdec++/libmpdec++.so.4.0.0 /wrkdirs/usr/ports/math/mpdecimal/work/stage/usr/local/lib
cd /wrkdirs/usr/ports/math/mpdecimal/work/stage/usr/local/lib && ln -sf libmpdec++.so.4.0.0 libmpdec++.so.4 && ln -sf libmpdec++.so.4.0.0 libmpdec++.so
/usr/bin/install -c -m 644 libmpdec/.pc/libmpdec.pc /wrkdirs/usr/ports/math/mpdecimal/work/stage/usr/local/lib/pkgconfig
/usr/bin/install -c -m 644 libmpdec++/.pc/libmpdec++.pc /wrkdirs/usr/ports/math/mpdecimal/work/stage/usr/local/lib/pkgconfig
/usr/bin/install -c -m 644 doc/COPYRIGHT.txt /wrkdirs/usr/ports/math/mpdecimal/work/stage/usr/local/share/doc/mpdecimal
/usr/bin/install -c -m 644 doc/mpdecimal.3 /wrkdirs/usr/ports/math/mpdecimal/work/stage/usr/local/share/man/man3
/usr/bin/install -c -m 644 doc/libmpdec.3 /wrkdirs/usr/ports/math/mpdecimal/work/stage/usr/local/share/man/man3
/usr/bin/install -c -m 644 doc/libmpdec++.3 /wrkdirs/usr/ports/math/mpdecimal/work/stage/usr/local/share/man/man3
/usr/bin/strip /wrkdirs/usr/ports/math/mpdecimal/work/stage/usr/local/lib/libmpdec.so.4.0.0
/usr/bin/strip /wrkdirs/usr/ports/math/mpdecimal/work/stage/usr/local/lib/libmpdec++.so.4.0.0
====> Compressing man pages (compress-man)
===========================================================================
=======================<phase: package        >============================
===== env: 'PKG_NOTES=build_timestamp ports_top_git_hash ports_top_checkout_unclean port_git_hash port_checkout_unclean built_by' 'PKG_NOTE_build_timestamp=2024-04-13T03:00:42+0000' 'PKG_NOTE_ports_top_git_hash=240e33cee' 'PKG_NOTE_ports_top_checkout_unclean=yes' 'PKG_NOTE_port_git_hash=240e33cee' 'PKG_NOTE_port_checkout_unclean=no' 'PKG_NOTE_built_by=poudriere-git-3.4.1_1' NO_DEPENDS=yes USER=root UID=0 GID=0
===>  Building packages for mpdecimal-4.0.0
===>   Building mpdecimal-4.0.0
===========================================================================
=>> Cleaning up wrkdir
===>  Cleaning for mpdecimal-4.0.0
build of math/mpdecimal | mpdecimal-4.0.0 ended at Fri Apr 12 23:00:51 EDT 2024
build time: 00:00:08
