=>> Building devel/pkgconf
build started at Fri Apr 12 22:59:39 EDT 2024
port directory: /usr/ports/devel/pkgconf
package name: pkgconf-2.2.0,1
building for: FreeBSD 140-rel-default-job-02 14.0-RELEASE-p6 FreeBSD 14.0-RELEASE-p6 amd64
maintained by: bapt@FreeBSD.org
Makefile datestamp: -rw-r--r--  1 root wheel 1031 Apr 13 02:10 /usr/ports/devel/pkgconf/Makefile
Ports top last git commit: 240e33cee
Ports top unclean checkout: yes
Port dir last git commit: 240e33cee
Port dir unclean checkout: no
Poudriere version: poudriere-git-3.4.1_1
Host OSVERSION: 1400097
Jail OSVERSION: 1400097
Job Id: 02

---Begin Environment---
SHELL=/bin/sh
OSVERSION=1400097
UNAME_v=FreeBSD 14.0-RELEASE-p6
UNAME_r=14.0-RELEASE-p6
BLOCKSIZE=K
MAIL=/var/mail/root
MM_CHARSET=UTF-8
LANG=C.UTF-8
STATUS=1
HOME=/root
PATH=/sbin:/bin:/usr/sbin:/usr/bin:/usr/local/sbin:/usr/local/bin:/root/bin
MAKE_OBJDIR_CHECK_WRITABLE=0
LOCALBASE=/usr/local
USER=root
POUDRIERE_NAME=poudriere-git
LIBEXECPREFIX=/usr/local/libexec/poudriere
POUDRIERE_VERSION=3.4.1_1
MASTERMNT=/usr/local/poudriere/data/.m/140-rel-default/ref
LC_COLLATE=C
POUDRIERE_BUILD_TYPE=bulk
PACKAGE_BUILDING=yes
SAVED_TERM=xterm-256color
OUTPUT_REDIRECTED_STDERR=4
OUTPUT_REDIRECTED=1
PWD=/usr/local/poudriere/data/.m/140-rel-default/02/.p
OUTPUT_REDIRECTED_STDOUT=3
P_PORTS_FEATURES=FLAVORS SUBPACKAGES SELECTED_OPTIONS
MASTERNAME=140-rel-default
SCRIPTPREFIX=/usr/local/share/poudriere
SCRIPTNAME=bulk.sh
OLDPWD=/usr/local/poudriere/data/.m/140-rel-default/ref/.p/pool
POUDRIERE_PKGNAME=poudriere-git-3.4.1_1
SCRIPTPATH=/usr/local/share/poudriere/bulk.sh
POUDRIEREPATH=/usr/local/bin/poudriere
---End Environment---

---Begin Poudriere Port Flags/Env---
PORT_FLAGS=
PKGENV=
FLAVOR=
MAKE_ARGS=
---End Poudriere Port Flags/Env---

---Begin OPTIONS List---
===> The following configuration options are available for pkgconf-2.2.0,1:
     DOCS=on: Build and/or install documentation
===> Use 'make config' to modify these settings
---End OPTIONS List---

--MAINTAINER--
bapt@FreeBSD.org
--End MAINTAINER--

--CONFIGURE_ARGS--
--with-pkg-config-dir=/usr/local/libdata/pkgconfig:/usr/libdata/pkgconfig:/usr/local/share/pkgconfig  --with-system-libdir=/usr/lib  --with-system-includedir=/usr/include --prefix=/usr/local ${_LATE_CONFIGURE_ARGS}
--End CONFIGURE_ARGS--

--CONFIGURE_ENV--
XDG_DATA_HOME=/wrkdirs/usr/ports/devel/pkgconf/work  XDG_CONFIG_HOME=/wrkdirs/usr/ports/devel/pkgconf/work  XDG_CACHE_HOME=/wrkdirs/usr/ports/devel/pkgconf/work/.cache  HOME=/wrkdirs/usr/ports/devel/pkgconf/work TMPDIR="/tmp" PATH=/wrkdirs/usr/ports/devel/pkgconf/work/.bin:/sbin:/bin:/usr/sbin:/usr/bin:/usr/local/sbin:/usr/local/bin:/root/bin PKG_CONFIG_LIBDIR=/wrkdirs/usr/ports/devel/pkgconf/work/.pkgconfig:/usr/local/libdata/pkgconfig:/usr/local/share/pkgconfig:/usr/libdata/pkgconfig SHELL=/bin/sh CONFIG_SHELL=/bin/sh CONFIG_SITE=/usr/ports/Templates/config.site lt_cv_sys_max_cmd_len=524288
--End CONFIGURE_ENV--

--MAKE_ENV--
XDG_DATA_HOME=/wrkdirs/usr/ports/devel/pkgconf/work  XDG_CONFIG_HOME=/wrkdirs/usr/ports/devel/pkgconf/work  XDG_CACHE_HOME=/wrkdirs/usr/ports/devel/pkgconf/work/.cache  HOME=/wrkdirs/usr/ports/devel/pkgconf/work TMPDIR="/tmp" PATH=/wrkdirs/usr/ports/devel/pkgconf/work/.bin:/sbin:/bin:/usr/sbin:/usr/bin:/usr/local/sbin:/usr/local/bin:/root/bin PKG_CONFIG_LIBDIR=/wrkdirs/usr/ports/devel/pkgconf/work/.pkgconfig:/usr/local/libdata/pkgconfig:/usr/local/share/pkgconfig:/usr/libdata/pkgconfig MK_DEBUG_FILES=no MK_KERNEL_SYMBOLS=no SHELL=/bin/sh NO_LINT=YES PREFIX=/usr/local  LOCALBASE=/usr/local  CC="cc" CFLAGS="-O2 -pipe  -fno-strict-aliasing "  CPP="cpp" CPPFLAGS=""  LDFLAGS=" " LIBS=""  CXX="c++" CXXFLAGS="-O2 -pipe -fno-strict-aliasing  " BSD_INSTALL_PROGRAM="install  -s -m 555"  BSD_INSTALL_LIB="install  -s -m 0644"  BSD_INSTALL_SCRIPT="install  -m 555"  BSD_INSTALL_DATA="install  -m 0644"  BSD_INSTALL_MAN="install  -m 444"
--End MAKE_ENV--

--PLIST_SUB--
PORTDOCS="" OSREL=14.0 PREFIX=%D LOCALBASE=/usr/local  RESETPREFIX=/usr/local LIB32DIR=lib DOCSDIR="share/doc/pkgconf"  EXAMPLESDIR="share/examples/pkgconf"  DATADIR="share/pkgconf"  WWWDIR="www/pkgconf"  ETCDIR="etc/pkgconf"
--End PLIST_SUB--

--SUB_LIST--
 PREFIX=/usr/local LOCALBASE=/usr/local  DATADIR=/usr/local/share/pkgconf DOCSDIR=/usr/local/share/doc/pkgconf EXAMPLESDIR=/usr/local/share/examples/pkgconf  WWWDIR=/usr/local/www/pkgconf ETCDIR=/usr/local/etc/pkgconf
--End SUB_LIST--

---Begin make.conf---
USE_PACKAGE_DEPENDS=yes
BATCH=yes
WRKDIRPREFIX=/wrkdirs
PORTSDIR=/usr/ports
PACKAGES=/packages
DISTDIR=/distfiles
FORCE_PACKAGE=yes
PACKAGE_BUILDING=yes
PACKAGE_BUILDING_FLAVORS=yes
WITH_CCACHE_BUILD=yes
CCACHE_DIR=/root/.ccache
#### Misc Poudriere ####
.include "/etc/make.conf.ports_env"
GID=0
UID=0
---End make.conf---
--Resource limits--
cpu time               (seconds, -t)  unlimited
file size           (512-blocks, -f)  unlimited
data seg size           (kbytes, -d)  33554432
stack size              (kbytes, -s)  524288
core file size      (512-blocks, -c)  unlimited
max memory size         (kbytes, -m)  unlimited
locked memory           (kbytes, -l)  unlimited
max user processes              (-u)  34304
open files                      (-n)  8192
virtual mem size        (kbytes, -v)  unlimited
swap limit              (kbytes, -w)  unlimited
socket buffer size       (bytes, -b)  unlimited
pseudo-terminals                (-p)  unlimited
kqueues                         (-k)  unlimited
umtx shared locks               (-o)  unlimited
--End resource limits--
=======================<phase: check-sanity   >============================
===== env: NO_DEPENDS=yes USER=root UID=0 GID=0
===>  License ISCL accepted by the user
===========================================================================
=======================<phase: pkg-depends    >============================
===== env: USE_PACKAGE_DEPENDS_ONLY=1 USER=root UID=0 GID=0
===>   pkgconf-2.2.0,1 depends on file: /usr/local/sbin/pkg - not found
===>   Installing existing package /packages/All/pkg-1.21.1.pkg
[140-rel-default-job-02] Installing pkg-1.21.1...
[140-rel-default-job-02] Extracting pkg-1.21.1: .......... done
===>   pkgconf-2.2.0,1 depends on file: /usr/local/sbin/pkg - found
===>   Returning to build of pkgconf-2.2.0,1
===========================================================================
=======================<phase: fetch-depends  >============================
===== env: USE_PACKAGE_DEPENDS_ONLY=1 USER=root UID=0 GID=0
===========================================================================
=======================<phase: fetch          >============================
===== env: NO_DEPENDS=yes USER=root UID=0 GID=0
===>  License ISCL accepted by the user
=> pkgconf-2.2.0.tar.xz doesn't seem to exist in /portdistfiles/.
=> Attempting to fetch https://distfiles.ariadne.space/pkgconf/pkgconf-2.2.0.tar.xz
pkgconf-2.2.0.tar.xz                                   304 kB 1025 kBps    01s
===> Fetching all distfiles required by pkgconf-2.2.0,1 for building
===========================================================================
=======================<phase: checksum       >============================
===== env: NO_DEPENDS=yes USER=root UID=0 GID=0
===>  License ISCL accepted by the user
===> Fetching all distfiles required by pkgconf-2.2.0,1 for building
=> SHA256 Checksum OK for pkgconf-2.2.0.tar.xz.
===========================================================================
=======================<phase: extract-depends>============================
===== env: USE_PACKAGE_DEPENDS_ONLY=1 USER=root UID=0 GID=0
===========================================================================
=======================<phase: extract        >============================
===== env: NO_DEPENDS=yes USER=root UID=0 GID=0
===>  License ISCL accepted by the user
===> Fetching all distfiles required by pkgconf-2.2.0,1 for building
===>  Extracting for pkgconf-2.2.0,1
=> SHA256 Checksum OK for pkgconf-2.2.0.tar.xz.
===========================================================================
=======================<phase: patch-depends  >============================
===== env: USE_PACKAGE_DEPENDS_ONLY=1 USER=root UID=0 GID=0
===========================================================================
=======================<phase: patch          >============================
===== env: NO_DEPENDS=yes USER=root UID=0 GID=0
===>  Patching for pkgconf-2.2.0,1
===========================================================================
=======================<phase: build-depends  >============================
===== env: USE_PACKAGE_DEPENDS_ONLY=1 USER=root UID=0 GID=0
===>   pkgconf-2.2.0,1 depends on file: /usr/local/bin/ccache - not found
===>   Installing existing package /packages/All/ccache-3.7.12_6.pkg
[140-rel-default-job-02] Installing ccache-3.7.12_6...
[140-rel-default-job-02] Extracting ccache-3.7.12_6: .......... done
Create compiler links...
create symlink for cc
create symlink for cc (world)
create symlink for c++
create symlink for c++ (world)
create symlink for CC
create symlink for CC (world)
create symlink for clang
create symlink for clang (world)
create symlink for clang++
create symlink for clang++ (world)
=====
Message from ccache-3.7.12_6:

--
NOTE:
Please read /usr/local/share/doc/ccache/ccache-howto-freebsd.txt for
information on using ccache with FreeBSD ports and src.
===>   pkgconf-2.2.0,1 depends on file: /usr/local/bin/ccache - found
===>   Returning to build of pkgconf-2.2.0,1
===========================================================================
=======================<phase: lib-depends    >============================
===== env: USE_PACKAGE_DEPENDS_ONLY=1 USER=root UID=0 GID=0
===========================================================================
=======================<phase: configure      >============================
===== env: NO_DEPENDS=yes USER=root UID=0 GID=0
===>  Configuring for pkgconf-2.2.0,1
configure: loading site script /usr/ports/Templates/config.site
checking for gcc... cc
checking whether the C compiler works... yes
checking for C compiler default output file name... a.out
checking for suffix of executables... 
checking whether we are cross compiling... no
checking for suffix of object files... o
checking whether the compiler supports GNU C... yes
checking whether cc accepts -g... yes
checking for cc option to enable C11 features... none needed
checking whether cc understands -c and -o together... yes
checking whether C compiler accepts -Wall... yes
checking whether C compiler accepts -Wextra... yes
checking whether C compiler accepts -Wformat=2... yes
checking whether C compiler accepts -std=gnu99... yes
checking for cc options needed to detect all undeclared functions... -fno-builtin
checking whether strlcpy is declared... yes
checking whether strlcat is declared... yes
checking whether strndup is declared... (cached) yes
checking for stdio.h... (cached) yes
checking for stdlib.h... (cached) yes
checking for string.h... (cached) yes
checking for inttypes.h... (cached) yes
checking for stdint.h... (cached) yes
checking for strings.h... (cached) yes
checking for sys/stat.h... (cached) yes
checking for sys/types.h... (cached) yes
checking for unistd.h... (cached) yes
checking whether reallocarray is declared... yes
checking for sys/stat.h... (cached) yes
checking for a BSD-compatible install... /usr/bin/install -c
checking whether build environment is sane... yes
checking for a race-free mkdir -p... (cached) /bin/mkdir -p
checking for gawk... (cached) /usr/bin/awk
checking whether make sets $(MAKE)... yes
checking whether make supports the include directive... yes (GNU style)
checking whether make supports nested variables... yes
checking dependency style of cc... gcc3
checking whether make supports nested variables... (cached) yes
checking build system type... amd64-portbld-freebsd14.0
checking host system type... amd64-portbld-freebsd14.0
checking how to print strings... printf
checking for a sed that does not truncate output... (cached) /usr/bin/sed
checking for grep that handles long lines and -e... (cached) /usr/bin/grep
checking for egrep... (cached) /usr/bin/egrep
checking for fgrep... (cached) /usr/bin/fgrep
checking for ld used by cc... /usr/bin/ld
checking if the linker (/usr/bin/ld) is GNU ld... yes
checking for BSD- or MS-compatible name lister (nm)... /usr/bin/nm
checking the name lister (/usr/bin/nm) interface... BSD nm
checking whether ln -s works... yes
checking the maximum length of command line arguments... (cached) 524288
checking how to convert amd64-portbld-freebsd14.0 file names to amd64-portbld-freebsd14.0 format... func_convert_file_noop
checking how to convert amd64-portbld-freebsd14.0 file names to toolchain format... func_convert_file_noop
checking for /usr/bin/ld option to reload object files... -r
checking for file... file
checking for objdump... objdump
checking how to recognize dependent libraries... pass_all
checking for dlltool... no
checking how to associate runtime and link libraries... printf %s\n
checking for ar... ar
checking for archiver @FILE support... no
checking for strip... strip
checking for ranlib... ranlib
checking command to parse /usr/bin/nm output from cc object... ok
checking for sysroot... no
checking for a working dd... /bin/dd
checking how to truncate binary pipes... /bin/dd bs=4096 count=1
checking for mt... mt
checking if mt is a manifest tool... no
checking for dlfcn.h... (cached) yes
checking for objdir... .libs
checking if cc supports -fno-rtti -fno-exceptions... yes
checking for cc option to produce PIC... -fPIC -DPIC
checking if cc PIC flag -fPIC -DPIC works... yes
checking if cc static flag -static works... yes
checking if cc supports -c -o file.o... yes
checking if cc supports -c -o file.o... (cached) yes
checking whether the cc linker (/usr/bin/ld) supports shared libraries... yes
checking whether -lc should be explicitly linked in... no
checking dynamic linker characteristics... freebsd14.0 ld.so
checking how to hardcode library paths into programs... immediate
checking whether stripping libraries is possible... yes
checking if libtool supports shared libraries... yes
checking whether to build shared libraries... yes
checking whether to build static libraries... yes
checking for special C compiler options needed for large files... no
checking for _FILE_OFFSET_BITS value needed for large files... no
checking how to run the C preprocessor... cpp
checking for gcc... (cached) cc
checking whether the compiler supports GNU C... (cached) yes
checking whether cc accepts -g... (cached) yes
checking for cc option to enable C11 features... (cached) none needed
checking whether cc understands -c and -o together... (cached) yes
checking whether ln -s works... yes
checking that generated files are newer than configure... done
configure: creating ./config.status
config.status: creating Makefile
config.status: creating Kyuafile
config.status: creating libpkgconf.pc
config.status: creating tests/Kyuafile
config.status: creating tests/test_env.sh
config.status: creating libpkgconf/config.h
config.status: executing depfiles commands
config.status: executing libtool commands
===========================================================================
=======================<phase: build          >============================
===== env: NO_DEPENDS=yes USER=root UID=0 GID=0
===>  Building for pkgconf-2.2.0,1
--- cli/.dirstamp ---
--- cli/.deps/.dirstamp ---
--- cli/bomtool/.dirstamp ---
--- cli/bomtool/.deps/.dirstamp ---
--- libpkgconf/.dirstamp ---
--- libpkgconf/.deps/.dirstamp ---
--- cli/bomtool-getopt_long.o ---
--- cli/pkgconf-main.o ---
--- cli/pkgconf-getopt_long.o ---
--- cli/pkgconf-renderer-msvc.o ---
--- cli/bomtool-getopt_long.o ---
cc -DHAVE_CONFIG_H -I. -I./libpkgconf  -I./libpkgconf -I./cli -I./cli/bomtool  -DPERSONALITY_PATH=\"/usr/local/share/pkgconfig/personality.d:/usr/local/etc/pkgconfig/personality.d\" -DPKG_DEFAULT_PATH=\"/usr/local/libdata/pkgconfig:/usr/libdata/pkgconfig:/usr/local/share/pkgconfig\" -DSYSTEM_INCLUDEDIR=\"/usr/include\" -DSYSTEM_LIBDIR=\"/usr/lib\" -O2 -pipe  -fno-strict-aliasing  -Wall -Wextra -Wformat=2 -std=gnu99 -MT cli/bomtool-getopt_long.o -MD -MP -MF cli/.deps/bomtool-getopt_long.Tpo -c -o cli/bomtool-getopt_long.o `test -f 'cli/getopt_long.c' || echo './'`cli/getopt_long.c
--- cli/pkgconf-main.o ---
cc -DHAVE_CONFIG_H -I. -I./libpkgconf  -I./libpkgconf -I./cli  -DPERSONALITY_PATH=\"/usr/local/share/pkgconfig/personality.d:/usr/local/etc/pkgconfig/personality.d\" -DPKG_DEFAULT_PATH=\"/usr/local/libdata/pkgconfig:/usr/libdata/pkgconfig:/usr/local/share/pkgconfig\" -DSYSTEM_INCLUDEDIR=\"/usr/include\" -DSYSTEM_LIBDIR=\"/usr/lib\" -O2 -pipe  -fno-strict-aliasing  -Wall -Wextra -Wformat=2 -std=gnu99 -MT cli/pkgconf-main.o -MD -MP -MF cli/.deps/pkgconf-main.Tpo -c -o cli/pkgconf-main.o `test -f 'cli/main.c' || echo './'`cli/main.c
--- libpkgconf/audit.lo ---
--- libpkgconf/cache.lo ---
--- libpkgconf/client.lo ---
--- libpkgconf/pkg.lo ---
--- libpkgconf/bsdstubs.lo ---
--- libpkgconf/fragment.lo ---
--- libpkgconf/argvsplit.lo ---
--- libpkgconf/fileio.lo ---
--- libpkgconf/tuple.lo ---
--- libpkgconf/dependency.lo ---
--- libpkgconf/queue.lo ---
--- libpkgconf/path.lo ---
--- libpkgconf/personality.lo ---
--- libpkgconf/parser.lo ---
--- cli/bomtool/bomtool-main.o ---
--- cli/pkgconf-getopt_long.o ---
cc -DHAVE_CONFIG_H -I. -I./libpkgconf  -I./libpkgconf -I./cli  -DPERSONALITY_PATH=\"/usr/local/share/pkgconfig/personality.d:/usr/local/etc/pkgconfig/personality.d\" -DPKG_DEFAULT_PATH=\"/usr/local/libdata/pkgconfig:/usr/libdata/pkgconfig:/usr/local/share/pkgconfig\" -DSYSTEM_INCLUDEDIR=\"/usr/include\" -DSYSTEM_LIBDIR=\"/usr/lib\" -O2 -pipe  -fno-strict-aliasing  -Wall -Wextra -Wformat=2 -std=gnu99 -MT cli/pkgconf-getopt_long.o -MD -MP -MF cli/.deps/pkgconf-getopt_long.Tpo -c -o cli/pkgconf-getopt_long.o `test -f 'cli/getopt_long.c' || echo './'`cli/getopt_long.c
--- cli/pkgconf-renderer-msvc.o ---
cc -DHAVE_CONFIG_H -I. -I./libpkgconf  -I./libpkgconf -I./cli  -DPERSONALITY_PATH=\"/usr/local/share/pkgconfig/personality.d:/usr/local/etc/pkgconfig/personality.d\" -DPKG_DEFAULT_PATH=\"/usr/local/libdata/pkgconfig:/usr/libdata/pkgconfig:/usr/local/share/pkgconfig\" -DSYSTEM_INCLUDEDIR=\"/usr/include\" -DSYSTEM_LIBDIR=\"/usr/lib\" -O2 -pipe  -fno-strict-aliasing  -Wall -Wextra -Wformat=2 -std=gnu99 -MT cli/pkgconf-renderer-msvc.o -MD -MP -MF cli/.deps/pkgconf-renderer-msvc.Tpo -c -o cli/pkgconf-renderer-msvc.o `test -f 'cli/renderer-msvc.c' || echo './'`cli/renderer-msvc.c
--- libpkgconf/audit.lo ---
depbase=`echo libpkgconf/audit.lo | sed 's|[^/]*$|.deps/&|;s|\.lo$||'`; /bin/sh ./libtool  --tag=CC    --mode=compile cc -DHAVE_CONFIG_H  -I. -I./libpkgconf     -DPERSONALITY_PATH=\"/usr/local/share/pkgconfig/personality.d:/usr/local/etc/pkgconfig/personality.d\" -DPKG_DEFAULT_PATH=\"/usr/local/libdata/pkgconfig:/usr/libdata/pkgconfig:/usr/local/share/pkgconfig\" -DSYSTEM_INCLUDEDIR=\"/usr/include\" -DSYSTEM_LIBDIR=\"/usr/lib\" -O2 -pipe  -fno-strict-aliasing  -Wall -Wextra -Wformat=2 -std=gnu99 -MT libpkgconf/audit.lo -MD -MP -MF $depbase.Tpo -c -o libpkgconf/audit.lo libpkgconf/audit.c && mv -f $depbase.Tpo $depbase.Plo
--- libpkgconf/cache.lo ---
depbase=`echo libpkgconf/cache.lo | sed 's|[^/]*$|.deps/&|;s|\.lo$||'`; /bin/sh ./libtool  --tag=CC    --mode=compile cc -DHAVE_CONFIG_H  -I. -I./libpkgconf     -DPERSONALITY_PATH=\"/usr/local/share/pkgconfig/personality.d:/usr/local/etc/pkgconfig/personality.d\" -DPKG_DEFAULT_PATH=\"/usr/local/libdata/pkgconfig:/usr/libdata/pkgconfig:/usr/local/share/pkgconfig\" -DSYSTEM_INCLUDEDIR=\"/usr/include\" -DSYSTEM_LIBDIR=\"/usr/lib\" -O2 -pipe  -fno-strict-aliasing  -Wall -Wextra -Wformat=2 -std=gnu99 -MT libpkgconf/cache.lo -MD -MP -MF $depbase.Tpo -c -o libpkgconf/cache.lo libpkgconf/cache.c && mv -f $depbase.Tpo $depbase.Plo
--- libpkgconf/client.lo ---
depbase=`echo libpkgconf/client.lo | sed 's|[^/]*$|.deps/&|;s|\.lo$||'`; /bin/sh ./libtool  --tag=CC    --mode=compile cc -DHAVE_CONFIG_H  -I. -I./libpkgconf     -DPERSONALITY_PATH=\"/usr/local/share/pkgconfig/personality.d:/usr/local/etc/pkgconfig/personality.d\" -DPKG_DEFAULT_PATH=\"/usr/local/libdata/pkgconfig:/usr/libdata/pkgconfig:/usr/local/share/pkgconfig\" -DSYSTEM_INCLUDEDIR=\"/usr/include\" -DSYSTEM_LIBDIR=\"/usr/lib\" -O2 -pipe  -fno-strict-aliasing  -Wall -Wextra -Wformat=2 -std=gnu99 -MT libpkgconf/client.lo -MD -MP -MF $depbase.Tpo -c -o libpkgconf/client.lo libpkgconf/client.c && mv -f $depbase.Tpo $depbase.Plo
--- libpkgconf/pkg.lo ---
depbase=`echo libpkgconf/pkg.lo | sed 's|[^/]*$|.deps/&|;s|\.lo$||'`; /bin/sh ./libtool  --tag=CC    --mode=compile cc -DHAVE_CONFIG_H  -I. -I./libpkgconf     -DPERSONALITY_PATH=\"/usr/local/share/pkgconfig/personality.d:/usr/local/etc/pkgconfig/personality.d\" -DPKG_DEFAULT_PATH=\"/usr/local/libdata/pkgconfig:/usr/libdata/pkgconfig:/usr/local/share/pkgconfig\" -DSYSTEM_INCLUDEDIR=\"/usr/include\" -DSYSTEM_LIBDIR=\"/usr/lib\" -O2 -pipe  -fno-strict-aliasing  -Wall -Wextra -Wformat=2 -std=gnu99 -MT libpkgconf/pkg.lo -MD -MP -MF $depbase.Tpo -c -o libpkgconf/pkg.lo libpkgconf/pkg.c && mv -f $depbase.Tpo $depbase.Plo
--- libpkgconf/bsdstubs.lo ---
depbase=`echo libpkgconf/bsdstubs.lo | sed 's|[^/]*$|.deps/&|;s|\.lo$||'`; /bin/sh ./libtool  --tag=CC    --mode=compile cc -DHAVE_CONFIG_H  -I. -I./libpkgconf     -DPERSONALITY_PATH=\"/usr/local/share/pkgconfig/personality.d:/usr/local/etc/pkgconfig/personality.d\" -DPKG_DEFAULT_PATH=\"/usr/local/libdata/pkgconfig:/usr/libdata/pkgconfig:/usr/local/share/pkgconfig\" -DSYSTEM_INCLUDEDIR=\"/usr/include\" -DSYSTEM_LIBDIR=\"/usr/lib\" -O2 -pipe  -fno-strict-aliasing  -Wall -Wextra -Wformat=2 -std=gnu99 -MT libpkgconf/bsdstubs.lo -MD -MP -MF $depbase.Tpo -c -o libpkgconf/bsdstubs.lo libpkgconf/bsdstubs.c && mv -f $depbase.Tpo $depbase.Plo
--- libpkgconf/fragment.lo ---
depbase=`echo libpkgconf/fragment.lo | sed 's|[^/]*$|.deps/&|;s|\.lo$||'`; /bin/sh ./libtool  --tag=CC    --mode=compile cc -DHAVE_CONFIG_H  -I. -I./libpkgconf     -DPERSONALITY_PATH=\"/usr/local/share/pkgconfig/personality.d:/usr/local/etc/pkgconfig/personality.d\" -DPKG_DEFAULT_PATH=\"/usr/local/libdata/pkgconfig:/usr/libdata/pkgconfig:/usr/local/share/pkgconfig\" -DSYSTEM_INCLUDEDIR=\"/usr/include\" -DSYSTEM_LIBDIR=\"/usr/lib\" -O2 -pipe  -fno-strict-aliasing  -Wall -Wextra -Wformat=2 -std=gnu99 -MT libpkgconf/fragment.lo -MD -MP -MF $depbase.Tpo -c -o libpkgconf/fragment.lo libpkgconf/fragment.c && mv -f $depbase.Tpo $depbase.Plo
--- libpkgconf/argvsplit.lo ---
depbase=`echo libpkgconf/argvsplit.lo | sed 's|[^/]*$|.deps/&|;s|\.lo$||'`; /bin/sh ./libtool  --tag=CC    --mode=compile cc -DHAVE_CONFIG_H  -I. -I./libpkgconf     -DPERSONALITY_PATH=\"/usr/local/share/pkgconfig/personality.d:/usr/local/etc/pkgconfig/personality.d\" -DPKG_DEFAULT_PATH=\"/usr/local/libdata/pkgconfig:/usr/libdata/pkgconfig:/usr/local/share/pkgconfig\" -DSYSTEM_INCLUDEDIR=\"/usr/include\" -DSYSTEM_LIBDIR=\"/usr/lib\" -O2 -pipe  -fno-strict-aliasing  -Wall -Wextra -Wformat=2 -std=gnu99 -MT libpkgconf/argvsplit.lo -MD -MP -MF $depbase.Tpo -c -o libpkgconf/argvsplit.lo libpkgconf/argvsplit.c && mv -f $depbase.Tpo $depbase.Plo
--- libpkgconf/fileio.lo ---
depbase=`echo libpkgconf/fileio.lo | sed 's|[^/]*$|.deps/&|;s|\.lo$||'`; /bin/sh ./libtool  --tag=CC    --mode=compile cc -DHAVE_CONFIG_H  -I. -I./libpkgconf     -DPERSONALITY_PATH=\"/usr/local/share/pkgconfig/personality.d:/usr/local/etc/pkgconfig/personality.d\" -DPKG_DEFAULT_PATH=\"/usr/local/libdata/pkgconfig:/usr/libdata/pkgconfig:/usr/local/share/pkgconfig\" -DSYSTEM_INCLUDEDIR=\"/usr/include\" -DSYSTEM_LIBDIR=\"/usr/lib\" -O2 -pipe  -fno-strict-aliasing  -Wall -Wextra -Wformat=2 -std=gnu99 -MT libpkgconf/fileio.lo -MD -MP -MF $depbase.Tpo -c -o libpkgconf/fileio.lo libpkgconf/fileio.c && mv -f $depbase.Tpo $depbase.Plo
--- libpkgconf/tuple.lo ---
depbase=`echo libpkgconf/tuple.lo | sed 's|[^/]*$|.deps/&|;s|\.lo$||'`; /bin/sh ./libtool  --tag=CC    --mode=compile cc -DHAVE_CONFIG_H  -I. -I./libpkgconf     -DPERSONALITY_PATH=\"/usr/local/share/pkgconfig/personality.d:/usr/local/etc/pkgconfig/personality.d\" -DPKG_DEFAULT_PATH=\"/usr/local/libdata/pkgconfig:/usr/libdata/pkgconfig:/usr/local/share/pkgconfig\" -DSYSTEM_INCLUDEDIR=\"/usr/include\" -DSYSTEM_LIBDIR=\"/usr/lib\" -O2 -pipe  -fno-strict-aliasing  -Wall -Wextra -Wformat=2 -std=gnu99 -MT libpkgconf/tuple.lo -MD -MP -MF $depbase.Tpo -c -o libpkgconf/tuple.lo libpkgconf/tuple.c && mv -f $depbase.Tpo $depbase.Plo
--- libpkgconf/dependency.lo ---
depbase=`echo libpkgconf/dependency.lo | sed 's|[^/]*$|.deps/&|;s|\.lo$||'`; /bin/sh ./libtool  --tag=CC    --mode=compile cc -DHAVE_CONFIG_H  -I. -I./libpkgconf     -DPERSONALITY_PATH=\"/usr/local/share/pkgconfig/personality.d:/usr/local/etc/pkgconfig/personality.d\" -DPKG_DEFAULT_PATH=\"/usr/local/libdata/pkgconfig:/usr/libdata/pkgconfig:/usr/local/share/pkgconfig\" -DSYSTEM_INCLUDEDIR=\"/usr/include\" -DSYSTEM_LIBDIR=\"/usr/lib\" -O2 -pipe  -fno-strict-aliasing  -Wall -Wextra -Wformat=2 -std=gnu99 -MT libpkgconf/dependency.lo -MD -MP -MF $depbase.Tpo -c -o libpkgconf/dependency.lo libpkgconf/dependency.c && mv -f $depbase.Tpo $depbase.Plo
--- libpkgconf/queue.lo ---
depbase=`echo libpkgconf/queue.lo | sed 's|[^/]*$|.deps/&|;s|\.lo$||'`; /bin/sh ./libtool  --tag=CC    --mode=compile cc -DHAVE_CONFIG_H  -I. -I./libpkgconf     -DPERSONALITY_PATH=\"/usr/local/share/pkgconfig/personality.d:/usr/local/etc/pkgconfig/personality.d\" -DPKG_DEFAULT_PATH=\"/usr/local/libdata/pkgconfig:/usr/libdata/pkgconfig:/usr/local/share/pkgconfig\" -DSYSTEM_INCLUDEDIR=\"/usr/include\" -DSYSTEM_LIBDIR=\"/usr/lib\" -O2 -pipe  -fno-strict-aliasing  -Wall -Wextra -Wformat=2 -std=gnu99 -MT libpkgconf/queue.lo -MD -MP -MF $depbase.Tpo -c -o libpkgconf/queue.lo libpkgconf/queue.c && mv -f $depbase.Tpo $depbase.Plo
--- libpkgconf/path.lo ---
depbase=`echo libpkgconf/path.lo | sed 's|[^/]*$|.deps/&|;s|\.lo$||'`; /bin/sh ./libtool  --tag=CC    --mode=compile cc -DHAVE_CONFIG_H  -I. -I./libpkgconf     -DPERSONALITY_PATH=\"/usr/local/share/pkgconfig/personality.d:/usr/local/etc/pkgconfig/personality.d\" -DPKG_DEFAULT_PATH=\"/usr/local/libdata/pkgconfig:/usr/libdata/pkgconfig:/usr/local/share/pkgconfig\" -DSYSTEM_INCLUDEDIR=\"/usr/include\" -DSYSTEM_LIBDIR=\"/usr/lib\" -O2 -pipe  -fno-strict-aliasing  -Wall -Wextra -Wformat=2 -std=gnu99 -MT libpkgconf/path.lo -MD -MP -MF $depbase.Tpo -c -o libpkgconf/path.lo libpkgconf/path.c && mv -f $depbase.Tpo $depbase.Plo
--- libpkgconf/personality.lo ---
depbase=`echo libpkgconf/personality.lo | sed 's|[^/]*$|.deps/&|;s|\.lo$||'`; /bin/sh ./libtool  --tag=CC    --mode=compile cc -DHAVE_CONFIG_H  -I. -I./libpkgconf     -DPERSONALITY_PATH=\"/usr/local/share/pkgconfig/personality.d:/usr/local/etc/pkgconfig/personality.d\" -DPKG_DEFAULT_PATH=\"/usr/local/libdata/pkgconfig:/usr/libdata/pkgconfig:/usr/local/share/pkgconfig\" -DSYSTEM_INCLUDEDIR=\"/usr/include\" -DSYSTEM_LIBDIR=\"/usr/lib\" -O2 -pipe  -fno-strict-aliasing  -Wall -Wextra -Wformat=2 -std=gnu99 -MT libpkgconf/personality.lo -MD -MP -MF $depbase.Tpo -c -o libpkgconf/personality.lo libpkgconf/personality.c && mv -f $depbase.Tpo $depbase.Plo
--- libpkgconf/parser.lo ---
depbase=`echo libpkgconf/parser.lo | sed 's|[^/]*$|.deps/&|;s|\.lo$||'`; /bin/sh ./libtool  --tag=CC    --mode=compile cc -DHAVE_CONFIG_H  -I. -I./libpkgconf     -DPERSONALITY_PATH=\"/usr/local/share/pkgconfig/personality.d:/usr/local/etc/pkgconfig/personality.d\" -DPKG_DEFAULT_PATH=\"/usr/local/libdata/pkgconfig:/usr/libdata/pkgconfig:/usr/local/share/pkgconfig\" -DSYSTEM_INCLUDEDIR=\"/usr/include\" -DSYSTEM_LIBDIR=\"/usr/lib\" -O2 -pipe  -fno-strict-aliasing  -Wall -Wextra -Wformat=2 -std=gnu99 -MT libpkgconf/parser.lo -MD -MP -MF $depbase.Tpo -c -o libpkgconf/parser.lo libpkgconf/parser.c && mv -f $depbase.Tpo $depbase.Plo
--- cli/bomtool/bomtool-main.o ---
cc -DHAVE_CONFIG_H -I. -I./libpkgconf  -I./libpkgconf -I./cli -I./cli/bomtool  -DPERSONALITY_PATH=\"/usr/local/share/pkgconfig/personality.d:/usr/local/etc/pkgconfig/personality.d\" -DPKG_DEFAULT_PATH=\"/usr/local/libdata/pkgconfig:/usr/libdata/pkgconfig:/usr/local/share/pkgconfig\" -DSYSTEM_INCLUDEDIR=\"/usr/include\" -DSYSTEM_LIBDIR=\"/usr/lib\" -O2 -pipe  -fno-strict-aliasing  -Wall -Wextra -Wformat=2 -std=gnu99 -MT cli/bomtool/bomtool-main.o -MD -MP -MF cli/bomtool/.deps/bomtool-main.Tpo -c -o cli/bomtool/bomtool-main.o `test -f 'cli/bomtool/main.c' || echo './'`cli/bomtool/main.c
--- cli/pkgconf-getopt_long.o ---
mv -f cli/.deps/pkgconf-getopt_long.Tpo cli/.deps/pkgconf-getopt_long.Po
--- libpkgconf/argvsplit.lo ---
libtool: compile:  cc -DHAVE_CONFIG_H -I. -I./libpkgconf -DPERSONALITY_PATH=\"/usr/local/share/pkgconfig/personality.d:/usr/local/etc/pkgconfig/personality.d\" -DPKG_DEFAULT_PATH=\"/usr/local/libdata/pkgconfig:/usr/libdata/pkgconfig:/usr/local/share/pkgconfig\" -DSYSTEM_INCLUDEDIR=\"/usr/include\" -DSYSTEM_LIBDIR=\"/usr/lib\" -O2 -pipe -fno-strict-aliasing -Wall -Wextra -Wformat=2 -std=gnu99 -MT libpkgconf/argvsplit.lo -MD -MP -MF libpkgconf/.deps/argvsplit.Tpo -c libpkgconf/argvsplit.c  -fPIC -DPIC -o libpkgconf/.libs/argvsplit.o
--- libpkgconf/audit.lo ---
libtool: compile:  cc -DHAVE_CONFIG_H -I. -I./libpkgconf -DPERSONALITY_PATH=\"/usr/local/share/pkgconfig/personality.d:/usr/local/etc/pkgconfig/personality.d\" -DPKG_DEFAULT_PATH=\"/usr/local/libdata/pkgconfig:/usr/libdata/pkgconfig:/usr/local/share/pkgconfig\" -DSYSTEM_INCLUDEDIR=\"/usr/include\" -DSYSTEM_LIBDIR=\"/usr/lib\" -O2 -pipe -fno-strict-aliasing -Wall -Wextra -Wformat=2 -std=gnu99 -MT libpkgconf/audit.lo -MD -MP -MF libpkgconf/.deps/audit.Tpo -c libpkgconf/audit.c  -fPIC -DPIC -o libpkgconf/.libs/audit.o
--- libpkgconf/cache.lo ---
libtool: compile:  cc -DHAVE_CONFIG_H -I. -I./libpkgconf -DPERSONALITY_PATH=\"/usr/local/share/pkgconfig/personality.d:/usr/local/etc/pkgconfig/personality.d\" -DPKG_DEFAULT_PATH=\"/usr/local/libdata/pkgconfig:/usr/libdata/pkgconfig:/usr/local/share/pkgconfig\" -DSYSTEM_INCLUDEDIR=\"/usr/include\" -DSYSTEM_LIBDIR=\"/usr/lib\" -O2 -pipe -fno-strict-aliasing -Wall -Wextra -Wformat=2 -std=gnu99 -MT libpkgconf/cache.lo -MD -MP -MF libpkgconf/.deps/cache.Tpo -c libpkgconf/cache.c  -fPIC -DPIC -o libpkgconf/.libs/cache.o
--- libpkgconf/dependency.lo ---
libtool: compile:  cc -DHAVE_CONFIG_H -I. -I./libpkgconf -DPERSONALITY_PATH=\"/usr/local/share/pkgconfig/personality.d:/usr/local/etc/pkgconfig/personality.d\" -DPKG_DEFAULT_PATH=\"/usr/local/libdata/pkgconfig:/usr/libdata/pkgconfig:/usr/local/share/pkgconfig\" -DSYSTEM_INCLUDEDIR=\"/usr/include\" -DSYSTEM_LIBDIR=\"/usr/lib\" -O2 -pipe -fno-strict-aliasing -Wall -Wextra -Wformat=2 -std=gnu99 -MT libpkgconf/dependency.lo -MD -MP -MF libpkgconf/.deps/dependency.Tpo -c libpkgconf/dependency.c  -fPIC -DPIC -o libpkgconf/.libs/dependency.o
--- libpkgconf/fileio.lo ---
libtool: compile:  cc -DHAVE_CONFIG_H -I. -I./libpkgconf -DPERSONALITY_PATH=\"/usr/local/share/pkgconfig/personality.d:/usr/local/etc/pkgconfig/personality.d\" -DPKG_DEFAULT_PATH=\"/usr/local/libdata/pkgconfig:/usr/libdata/pkgconfig:/usr/local/share/pkgconfig\" -DSYSTEM_INCLUDEDIR=\"/usr/include\" -DSYSTEM_LIBDIR=\"/usr/lib\" -O2 -pipe -fno-strict-aliasing -Wall -Wextra -Wformat=2 -std=gnu99 -MT libpkgconf/fileio.lo -MD -MP -MF libpkgconf/.deps/fileio.Tpo -c libpkgconf/fileio.c  -fPIC -DPIC -o libpkgconf/.libs/fileio.o
--- cli/pkgconf-renderer-msvc.o ---
mv -f cli/.deps/pkgconf-renderer-msvc.Tpo cli/.deps/pkgconf-renderer-msvc.Po
--- libpkgconf/parser.lo ---
libtool: compile:  cc -DHAVE_CONFIG_H -I. -I./libpkgconf -DPERSONALITY_PATH=\"/usr/local/share/pkgconfig/personality.d:/usr/local/etc/pkgconfig/personality.d\" -DPKG_DEFAULT_PATH=\"/usr/local/libdata/pkgconfig:/usr/libdata/pkgconfig:/usr/local/share/pkgconfig\" -DSYSTEM_INCLUDEDIR=\"/usr/include\" -DSYSTEM_LIBDIR=\"/usr/lib\" -O2 -pipe -fno-strict-aliasing -Wall -Wextra -Wformat=2 -std=gnu99 -MT libpkgconf/parser.lo -MD -MP -MF libpkgconf/.deps/parser.Tpo -c libpkgconf/parser.c  -fPIC -DPIC -o libpkgconf/.libs/parser.o
--- libpkgconf/client.lo ---
libtool: compile:  cc -DHAVE_CONFIG_H -I. -I./libpkgconf -DPERSONALITY_PATH=\"/usr/local/share/pkgconfig/personality.d:/usr/local/etc/pkgconfig/personality.d\" -DPKG_DEFAULT_PATH=\"/usr/local/libdata/pkgconfig:/usr/libdata/pkgconfig:/usr/local/share/pkgconfig\" -DSYSTEM_INCLUDEDIR=\"/usr/include\" -DSYSTEM_LIBDIR=\"/usr/lib\" -O2 -pipe -fno-strict-aliasing -Wall -Wextra -Wformat=2 -std=gnu99 -MT libpkgconf/client.lo -MD -MP -MF libpkgconf/.deps/client.Tpo -c libpkgconf/client.c  -fPIC -DPIC -o libpkgconf/.libs/client.o
--- libpkgconf/fragment.lo ---
libtool: compile:  cc -DHAVE_CONFIG_H -I. -I./libpkgconf -DPERSONALITY_PATH=\"/usr/local/share/pkgconfig/personality.d:/usr/local/etc/pkgconfig/personality.d\" -DPKG_DEFAULT_PATH=\"/usr/local/libdata/pkgconfig:/usr/libdata/pkgconfig:/usr/local/share/pkgconfig\" -DSYSTEM_INCLUDEDIR=\"/usr/include\" -DSYSTEM_LIBDIR=\"/usr/lib\" -O2 -pipe -fno-strict-aliasing -Wall -Wextra -Wformat=2 -std=gnu99 -MT libpkgconf/fragment.lo -MD -MP -MF libpkgconf/.deps/fragment.Tpo -c libpkgconf/fragment.c  -fPIC -DPIC -o libpkgconf/.libs/fragment.o
--- libpkgconf/queue.lo ---
libtool: compile:  cc -DHAVE_CONFIG_H -I. -I./libpkgconf -DPERSONALITY_PATH=\"/usr/local/share/pkgconfig/personality.d:/usr/local/etc/pkgconfig/personality.d\" -DPKG_DEFAULT_PATH=\"/usr/local/libdata/pkgconfig:/usr/libdata/pkgconfig:/usr/local/share/pkgconfig\" -DSYSTEM_INCLUDEDIR=\"/usr/include\" -DSYSTEM_LIBDIR=\"/usr/lib\" -O2 -pipe -fno-strict-aliasing -Wall -Wextra -Wformat=2 -std=gnu99 -MT libpkgconf/queue.lo -MD -MP -MF libpkgconf/.deps/queue.Tpo -c libpkgconf/queue.c  -fPIC -DPIC -o libpkgconf/.libs/queue.o
--- libpkgconf/pkg.lo ---
libtool: compile:  cc -DHAVE_CONFIG_H -I. -I./libpkgconf -DPERSONALITY_PATH=\"/usr/local/share/pkgconfig/personality.d:/usr/local/etc/pkgconfig/personality.d\" -DPKG_DEFAULT_PATH=\"/usr/local/libdata/pkgconfig:/usr/libdata/pkgconfig:/usr/local/share/pkgconfig\" -DSYSTEM_INCLUDEDIR=\"/usr/include\" -DSYSTEM_LIBDIR=\"/usr/lib\" -O2 -pipe -fno-strict-aliasing -Wall -Wextra -Wformat=2 -std=gnu99 -MT libpkgconf/pkg.lo -MD -MP -MF libpkgconf/.deps/pkg.Tpo -c libpkgconf/pkg.c  -fPIC -DPIC -o libpkgconf/.libs/pkg.o
--- libpkgconf/path.lo ---
libtool: compile:  cc -DHAVE_CONFIG_H -I. -I./libpkgconf -DPERSONALITY_PATH=\"/usr/local/share/pkgconfig/personality.d:/usr/local/etc/pkgconfig/personality.d\" -DPKG_DEFAULT_PATH=\"/usr/local/libdata/pkgconfig:/usr/libdata/pkgconfig:/usr/local/share/pkgconfig\" -DSYSTEM_INCLUDEDIR=\"/usr/include\" -DSYSTEM_LIBDIR=\"/usr/lib\" -O2 -pipe -fno-strict-aliasing -Wall -Wextra -Wformat=2 -std=gnu99 -MT libpkgconf/path.lo -MD -MP -MF libpkgconf/.deps/path.Tpo -c libpkgconf/path.c  -fPIC -DPIC -o libpkgconf/.libs/path.o
--- libpkgconf/personality.lo ---
libtool: compile:  cc -DHAVE_CONFIG_H -I. -I./libpkgconf -DPERSONALITY_PATH=\"/usr/local/share/pkgconfig/personality.d:/usr/local/etc/pkgconfig/personality.d\" -DPKG_DEFAULT_PATH=\"/usr/local/libdata/pkgconfig:/usr/libdata/pkgconfig:/usr/local/share/pkgconfig\" -DSYSTEM_INCLUDEDIR=\"/usr/include\" -DSYSTEM_LIBDIR=\"/usr/lib\" -O2 -pipe -fno-strict-aliasing -Wall -Wextra -Wformat=2 -std=gnu99 -MT libpkgconf/personality.lo -MD -MP -MF libpkgconf/.deps/personality.Tpo -c libpkgconf/personality.c  -fPIC -DPIC -o libpkgconf/.libs/personality.o
--- libpkgconf/tuple.lo ---
libtool: compile:  cc -DHAVE_CONFIG_H -I. -I./libpkgconf -DPERSONALITY_PATH=\"/usr/local/share/pkgconfig/personality.d:/usr/local/etc/pkgconfig/personality.d\" -DPKG_DEFAULT_PATH=\"/usr/local/libdata/pkgconfig:/usr/libdata/pkgconfig:/usr/local/share/pkgconfig\" -DSYSTEM_INCLUDEDIR=\"/usr/include\" -DSYSTEM_LIBDIR=\"/usr/lib\" -O2 -pipe -fno-strict-aliasing -Wall -Wextra -Wformat=2 -std=gnu99 -MT libpkgconf/tuple.lo -MD -MP -MF libpkgconf/.deps/tuple.Tpo -c libpkgconf/tuple.c  -fPIC -DPIC -o libpkgconf/.libs/tuple.o
--- libpkgconf/bsdstubs.lo ---
libtool: compile:  cc -DHAVE_CONFIG_H -I. -I./libpkgconf -DPERSONALITY_PATH=\"/usr/local/share/pkgconfig/personality.d:/usr/local/etc/pkgconfig/personality.d\" -DPKG_DEFAULT_PATH=\"/usr/local/libdata/pkgconfig:/usr/libdata/pkgconfig:/usr/local/share/pkgconfig\" -DSYSTEM_INCLUDEDIR=\"/usr/include\" -DSYSTEM_LIBDIR=\"/usr/lib\" -O2 -pipe -fno-strict-aliasing -Wall -Wextra -Wformat=2 -std=gnu99 -MT libpkgconf/bsdstubs.lo -MD -MP -MF libpkgconf/.deps/bsdstubs.Tpo -c libpkgconf/bsdstubs.c  -fPIC -DPIC -o libpkgconf/.libs/bsdstubs.o
--- cli/bomtool/bomtool-main.o ---
mv -f cli/bomtool/.deps/bomtool-main.Tpo cli/bomtool/.deps/bomtool-main.Po
--- cli/bomtool-getopt_long.o ---
mv -f cli/.deps/bomtool-getopt_long.Tpo cli/.deps/bomtool-getopt_long.Po
--- libpkgconf/dependency.lo ---
libtool: compile:  cc -DHAVE_CONFIG_H -I. -I./libpkgconf -DPERSONALITY_PATH=\"/usr/local/share/pkgconfig/personality.d:/usr/local/etc/pkgconfig/personality.d\" -DPKG_DEFAULT_PATH=\"/usr/local/libdata/pkgconfig:/usr/libdata/pkgconfig:/usr/local/share/pkgconfig\" -DSYSTEM_INCLUDEDIR=\"/usr/include\" -DSYSTEM_LIBDIR=\"/usr/lib\" -O2 -pipe -fno-strict-aliasing -Wall -Wextra -Wformat=2 -std=gnu99 -MT libpkgconf/dependency.lo -MD -MP -MF libpkgconf/.deps/dependency.Tpo -c libpkgconf/dependency.c -o libpkgconf/dependency.o >/dev/null 2>&1
--- libpkgconf/audit.lo ---
libtool: compile:  cc -DHAVE_CONFIG_H -I. -I./libpkgconf -DPERSONALITY_PATH=\"/usr/local/share/pkgconfig/personality.d:/usr/local/etc/pkgconfig/personality.d\" -DPKG_DEFAULT_PATH=\"/usr/local/libdata/pkgconfig:/usr/libdata/pkgconfig:/usr/local/share/pkgconfig\" -DSYSTEM_INCLUDEDIR=\"/usr/include\" -DSYSTEM_LIBDIR=\"/usr/lib\" -O2 -pipe -fno-strict-aliasing -Wall -Wextra -Wformat=2 -std=gnu99 -MT libpkgconf/audit.lo -MD -MP -MF libpkgconf/.deps/audit.Tpo -c libpkgconf/audit.c -o libpkgconf/audit.o >/dev/null 2>&1
--- libpkgconf/argvsplit.lo ---
libtool: compile:  cc -DHAVE_CONFIG_H -I. -I./libpkgconf -DPERSONALITY_PATH=\"/usr/local/share/pkgconfig/personality.d:/usr/local/etc/pkgconfig/personality.d\" -DPKG_DEFAULT_PATH=\"/usr/local/libdata/pkgconfig:/usr/libdata/pkgconfig:/usr/local/share/pkgconfig\" -DSYSTEM_INCLUDEDIR=\"/usr/include\" -DSYSTEM_LIBDIR=\"/usr/lib\" -O2 -pipe -fno-strict-aliasing -Wall -Wextra -Wformat=2 -std=gnu99 -MT libpkgconf/argvsplit.lo -MD -MP -MF libpkgconf/.deps/argvsplit.Tpo -c libpkgconf/argvsplit.c -o libpkgconf/argvsplit.o >/dev/null 2>&1
--- libpkgconf/bsdstubs.lo ---
libtool: compile:  cc -DHAVE_CONFIG_H -I. -I./libpkgconf -DPERSONALITY_PATH=\"/usr/local/share/pkgconfig/personality.d:/usr/local/etc/pkgconfig/personality.d\" -DPKG_DEFAULT_PATH=\"/usr/local/libdata/pkgconfig:/usr/libdata/pkgconfig:/usr/local/share/pkgconfig\" -DSYSTEM_INCLUDEDIR=\"/usr/include\" -DSYSTEM_LIBDIR=\"/usr/lib\" -O2 -pipe -fno-strict-aliasing -Wall -Wextra -Wformat=2 -std=gnu99 -MT libpkgconf/bsdstubs.lo -MD -MP -MF libpkgconf/.deps/bsdstubs.Tpo -c libpkgconf/bsdstubs.c -o libpkgconf/bsdstubs.o >/dev/null 2>&1
--- libpkgconf/parser.lo ---
libtool: compile:  cc -DHAVE_CONFIG_H -I. -I./libpkgconf -DPERSONALITY_PATH=\"/usr/local/share/pkgconfig/personality.d:/usr/local/etc/pkgconfig/personality.d\" -DPKG_DEFAULT_PATH=\"/usr/local/libdata/pkgconfig:/usr/libdata/pkgconfig:/usr/local/share/pkgconfig\" -DSYSTEM_INCLUDEDIR=\"/usr/include\" -DSYSTEM_LIBDIR=\"/usr/lib\" -O2 -pipe -fno-strict-aliasing -Wall -Wextra -Wformat=2 -std=gnu99 -MT libpkgconf/parser.lo -MD -MP -MF libpkgconf/.deps/parser.Tpo -c libpkgconf/parser.c -o libpkgconf/parser.o >/dev/null 2>&1
--- libpkgconf/fileio.lo ---
libtool: compile:  cc -DHAVE_CONFIG_H -I. -I./libpkgconf -DPERSONALITY_PATH=\"/usr/local/share/pkgconfig/personality.d:/usr/local/etc/pkgconfig/personality.d\" -DPKG_DEFAULT_PATH=\"/usr/local/libdata/pkgconfig:/usr/libdata/pkgconfig:/usr/local/share/pkgconfig\" -DSYSTEM_INCLUDEDIR=\"/usr/include\" -DSYSTEM_LIBDIR=\"/usr/lib\" -O2 -pipe -fno-strict-aliasing -Wall -Wextra -Wformat=2 -std=gnu99 -MT libpkgconf/fileio.lo -MD -MP -MF libpkgconf/.deps/fileio.Tpo -c libpkgconf/fileio.c -o libpkgconf/fileio.o >/dev/null 2>&1
--- libpkgconf/client.lo ---
libtool: compile:  cc -DHAVE_CONFIG_H -I. -I./libpkgconf -DPERSONALITY_PATH=\"/usr/local/share/pkgconfig/personality.d:/usr/local/etc/pkgconfig/personality.d\" -DPKG_DEFAULT_PATH=\"/usr/local/libdata/pkgconfig:/usr/libdata/pkgconfig:/usr/local/share/pkgconfig\" -DSYSTEM_INCLUDEDIR=\"/usr/include\" -DSYSTEM_LIBDIR=\"/usr/lib\" -O2 -pipe -fno-strict-aliasing -Wall -Wextra -Wformat=2 -std=gnu99 -MT libpkgconf/client.lo -MD -MP -MF libpkgconf/.deps/client.Tpo -c libpkgconf/client.c -o libpkgconf/client.o >/dev/null 2>&1
--- cli/pkgconf-main.o ---
mv -f cli/.deps/pkgconf-main.Tpo cli/.deps/pkgconf-main.Po
--- libpkgconf/cache.lo ---
libtool: compile:  cc -DHAVE_CONFIG_H -I. -I./libpkgconf -DPERSONALITY_PATH=\"/usr/local/share/pkgconfig/personality.d:/usr/local/etc/pkgconfig/personality.d\" -DPKG_DEFAULT_PATH=\"/usr/local/libdata/pkgconfig:/usr/libdata/pkgconfig:/usr/local/share/pkgconfig\" -DSYSTEM_INCLUDEDIR=\"/usr/include\" -DSYSTEM_LIBDIR=\"/usr/lib\" -O2 -pipe -fno-strict-aliasing -Wall -Wextra -Wformat=2 -std=gnu99 -MT libpkgconf/cache.lo -MD -MP -MF libpkgconf/.deps/cache.Tpo -c libpkgconf/cache.c -o libpkgconf/cache.o >/dev/null 2>&1
--- libpkgconf/queue.lo ---
libtool: compile:  cc -DHAVE_CONFIG_H -I. -I./libpkgconf -DPERSONALITY_PATH=\"/usr/local/share/pkgconfig/personality.d:/usr/local/etc/pkgconfig/personality.d\" -DPKG_DEFAULT_PATH=\"/usr/local/libdata/pkgconfig:/usr/libdata/pkgconfig:/usr/local/share/pkgconfig\" -DSYSTEM_INCLUDEDIR=\"/usr/include\" -DSYSTEM_LIBDIR=\"/usr/lib\" -O2 -pipe -fno-strict-aliasing -Wall -Wextra -Wformat=2 -std=gnu99 -MT libpkgconf/queue.lo -MD -MP -MF libpkgconf/.deps/queue.Tpo -c libpkgconf/queue.c -o libpkgconf/queue.o >/dev/null 2>&1
--- libpkgconf/fragment.lo ---
libtool: compile:  cc -DHAVE_CONFIG_H -I. -I./libpkgconf -DPERSONALITY_PATH=\"/usr/local/share/pkgconfig/personality.d:/usr/local/etc/pkgconfig/personality.d\" -DPKG_DEFAULT_PATH=\"/usr/local/libdata/pkgconfig:/usr/libdata/pkgconfig:/usr/local/share/pkgconfig\" -DSYSTEM_INCLUDEDIR=\"/usr/include\" -DSYSTEM_LIBDIR=\"/usr/lib\" -O2 -pipe -fno-strict-aliasing -Wall -Wextra -Wformat=2 -std=gnu99 -MT libpkgconf/fragment.lo -MD -MP -MF libpkgconf/.deps/fragment.Tpo -c libpkgconf/fragment.c -o libpkgconf/fragment.o >/dev/null 2>&1
--- libpkgconf/tuple.lo ---
libtool: compile:  cc -DHAVE_CONFIG_H -I. -I./libpkgconf -DPERSONALITY_PATH=\"/usr/local/share/pkgconfig/personality.d:/usr/local/etc/pkgconfig/personality.d\" -DPKG_DEFAULT_PATH=\"/usr/local/libdata/pkgconfig:/usr/libdata/pkgconfig:/usr/local/share/pkgconfig\" -DSYSTEM_INCLUDEDIR=\"/usr/include\" -DSYSTEM_LIBDIR=\"/usr/lib\" -O2 -pipe -fno-strict-aliasing -Wall -Wextra -Wformat=2 -std=gnu99 -MT libpkgconf/tuple.lo -MD -MP -MF libpkgconf/.deps/tuple.Tpo -c libpkgconf/tuple.c -o libpkgconf/tuple.o >/dev/null 2>&1
--- libpkgconf/path.lo ---
libtool: compile:  cc -DHAVE_CONFIG_H -I. -I./libpkgconf -DPERSONALITY_PATH=\"/usr/local/share/pkgconfig/personality.d:/usr/local/etc/pkgconfig/personality.d\" -DPKG_DEFAULT_PATH=\"/usr/local/libdata/pkgconfig:/usr/libdata/pkgconfig:/usr/local/share/pkgconfig\" -DSYSTEM_INCLUDEDIR=\"/usr/include\" -DSYSTEM_LIBDIR=\"/usr/lib\" -O2 -pipe -fno-strict-aliasing -Wall -Wextra -Wformat=2 -std=gnu99 -MT libpkgconf/path.lo -MD -MP -MF libpkgconf/.deps/path.Tpo -c libpkgconf/path.c -o libpkgconf/path.o >/dev/null 2>&1
--- libpkgconf/personality.lo ---
libtool: compile:  cc -DHAVE_CONFIG_H -I. -I./libpkgconf -DPERSONALITY_PATH=\"/usr/local/share/pkgconfig/personality.d:/usr/local/etc/pkgconfig/personality.d\" -DPKG_DEFAULT_PATH=\"/usr/local/libdata/pkgconfig:/usr/libdata/pkgconfig:/usr/local/share/pkgconfig\" -DSYSTEM_INCLUDEDIR=\"/usr/include\" -DSYSTEM_LIBDIR=\"/usr/lib\" -O2 -pipe -fno-strict-aliasing -Wall -Wextra -Wformat=2 -std=gnu99 -MT libpkgconf/personality.lo -MD -MP -MF libpkgconf/.deps/personality.Tpo -c libpkgconf/personality.c -o libpkgconf/personality.o >/dev/null 2>&1
--- libpkgconf/pkg.lo ---
libtool: compile:  cc -DHAVE_CONFIG_H -I. -I./libpkgconf -DPERSONALITY_PATH=\"/usr/local/share/pkgconfig/personality.d:/usr/local/etc/pkgconfig/personality.d\" -DPKG_DEFAULT_PATH=\"/usr/local/libdata/pkgconfig:/usr/libdata/pkgconfig:/usr/local/share/pkgconfig\" -DSYSTEM_INCLUDEDIR=\"/usr/include\" -DSYSTEM_LIBDIR=\"/usr/lib\" -O2 -pipe -fno-strict-aliasing -Wall -Wextra -Wformat=2 -std=gnu99 -MT libpkgconf/pkg.lo -MD -MP -MF libpkgconf/.deps/pkg.Tpo -c libpkgconf/pkg.c -o libpkgconf/pkg.o >/dev/null 2>&1
--- libpkgconf.la ---
/bin/sh ./libtool  --tag=CC    --mode=link cc -DPERSONALITY_PATH=\"/usr/local/share/pkgconfig/personality.d:/usr/local/etc/pkgconfig/personality.d\" -DPKG_DEFAULT_PATH=\"/usr/local/libdata/pkgconfig:/usr/libdata/pkgconfig:/usr/local/share/pkgconfig\" -DSYSTEM_INCLUDEDIR=\"/usr/include\" -DSYSTEM_LIBDIR=\"/usr/lib\" -O2 -pipe  -fno-strict-aliasing  -Wall -Wextra -Wformat=2 -std=gnu99  -no-undefined -version-info 5:0:0 -export-symbols-regex '^pkgconf_'  -o libpkgconf.la -rpath /usr/local/lib libpkgconf/audit.lo libpkgconf/cache.lo  libpkgconf/client.lo libpkgconf/pkg.lo libpkgconf/bsdstubs.lo  libpkgconf/fragment.lo libpkgconf/argvsplit.lo  libpkgconf/fileio.lo libpkgconf/tuple.lo  libpkgconf/dependency.lo libpkgconf/queue.lo  libpkgconf/path.lo libpkgconf/personality.lo  libpkgconf/parser.lo  
libtool: link: /usr/bin/nm  libpkgconf/.libs/audit.o libpkgconf/.libs/cache.o libpkgconf/.libs/client.o libpkgconf/.libs/pkg.o libpkgconf/.libs/bsdstubs.o libpkgconf/.libs/fragment.o libpkgconf/.libs/argvsplit.o libpkgconf/.libs/fileio.o libpkgconf/.libs/tuple.o libpkgconf/.libs/dependency.o libpkgconf/.libs/queue.o libpkgconf/.libs/path.o libpkgconf/.libs/personality.o libpkgconf/.libs/parser.o   | /usr/bin/sed -n -e 's/^.*[	 ]\([BCDEGRST][BCDEGRST]*\)[	 ][	 ]*\([_A-Za-z][_A-Za-z0-9]*\)$/\1 \2 \2/p' | /usr/bin/sed '/ __gnu_lto/d' | /usr/bin/sed 's/.* //' | sort | uniq > .libs/libpkgconf.exp
libtool: link: /usr/bin/egrep -e "^pkgconf_" ".libs/libpkgconf.exp" > ".libs/libpkgconf.expT"
libtool: link: mv -f ".libs/libpkgconf.expT" ".libs/libpkgconf.exp"
libtool: link: echo "{ global:" > .libs/libpkgconf.so.5.0.0-ver
libtool: link: 		 sed -e "s|$|;|" < .libs/libpkgconf.exp >> .libs/libpkgconf.so.5.0.0-ver
libtool: link: 	 echo "local: *; };" >> .libs/libpkgconf.so.5.0.0-ver
libtool: link: cc -shared  -fPIC -DPIC  libpkgconf/.libs/audit.o libpkgconf/.libs/cache.o libpkgconf/.libs/client.o libpkgconf/.libs/pkg.o libpkgconf/.libs/bsdstubs.o libpkgconf/.libs/fragment.o libpkgconf/.libs/argvsplit.o libpkgconf/.libs/fileio.o libpkgconf/.libs/tuple.o libpkgconf/.libs/dependency.o libpkgconf/.libs/queue.o libpkgconf/.libs/path.o libpkgconf/.libs/personality.o libpkgconf/.libs/parser.o    -O2   -Wl,-soname -Wl,libpkgconf.so.5 -Wl,-version-script -Wl,.libs/libpkgconf.so.5.0.0-ver -o .libs/libpkgconf.so.5.0.0
libtool: link: (cd ".libs" && rm -f "libpkgconf.so.5" && ln -s "libpkgconf.so.5.0.0" "libpkgconf.so.5")
libtool: link: (cd ".libs" && rm -f "libpkgconf.so" && ln -s "libpkgconf.so.5.0.0" "libpkgconf.so")
libtool: link: ar cr .libs/libpkgconf.a  libpkgconf/audit.o libpkgconf/cache.o libpkgconf/client.o libpkgconf/pkg.o libpkgconf/bsdstubs.o libpkgconf/fragment.o libpkgconf/argvsplit.o libpkgconf/fileio.o libpkgconf/tuple.o libpkgconf/dependency.o libpkgconf/queue.o libpkgconf/path.o libpkgconf/personality.o libpkgconf/parser.o
libtool: link: ranlib .libs/libpkgconf.a
libtool: link: ( cd ".libs" && rm -f "libpkgconf.la" && ln -s "../libpkgconf.la" "libpkgconf.la" )
--- bomtool ---
--- pkgconf ---
--- bomtool ---
/bin/sh ./libtool  --tag=CC    --mode=link cc -DPERSONALITY_PATH=\"/usr/local/share/pkgconfig/personality.d:/usr/local/etc/pkgconfig/personality.d\" -DPKG_DEFAULT_PATH=\"/usr/local/libdata/pkgconfig:/usr/libdata/pkgconfig:/usr/local/share/pkgconfig\" -DSYSTEM_INCLUDEDIR=\"/usr/include\" -DSYSTEM_LIBDIR=\"/usr/lib\" -O2 -pipe  -fno-strict-aliasing  -Wall -Wextra -Wformat=2 -std=gnu99    -o bomtool cli/bomtool/bomtool-main.o  cli/bomtool-getopt_long.o libpkgconf.la 
--- pkgconf ---
/bin/sh ./libtool  --tag=CC    --mode=link cc -DPERSONALITY_PATH=\"/usr/local/share/pkgconfig/personality.d:/usr/local/etc/pkgconfig/personality.d\" -DPKG_DEFAULT_PATH=\"/usr/local/libdata/pkgconfig:/usr/libdata/pkgconfig:/usr/local/share/pkgconfig\" -DSYSTEM_INCLUDEDIR=\"/usr/include\" -DSYSTEM_LIBDIR=\"/usr/lib\" -O2 -pipe  -fno-strict-aliasing  -Wall -Wextra -Wformat=2 -std=gnu99    -o pkgconf cli/pkgconf-main.o  cli/pkgconf-getopt_long.o  cli/pkgconf-renderer-msvc.o libpkgconf.la 
libtool: link: cc -DPERSONALITY_PATH=\"/usr/local/share/pkgconfig/personality.d:/usr/local/etc/pkgconfig/personality.d\" -DPKG_DEFAULT_PATH=\"/usr/local/libdata/pkgconfig:/usr/libdata/pkgconfig:/usr/local/share/pkgconfig\" -DSYSTEM_INCLUDEDIR=\"/usr/include\" -DSYSTEM_LIBDIR=\"/usr/lib\" -O2 -pipe -fno-strict-aliasing -Wall -Wextra -Wformat=2 -std=gnu99 -o .libs/pkgconf cli/pkgconf-main.o cli/pkgconf-getopt_long.o cli/pkgconf-renderer-msvc.o  ./.libs/libpkgconf.so -Wl,-rpath -Wl,/usr/local/lib
--- bomtool ---
libtool: link: cc -DPERSONALITY_PATH=\"/usr/local/share/pkgconfig/personality.d:/usr/local/etc/pkgconfig/personality.d\" -DPKG_DEFAULT_PATH=\"/usr/local/libdata/pkgconfig:/usr/libdata/pkgconfig:/usr/local/share/pkgconfig\" -DSYSTEM_INCLUDEDIR=\"/usr/include\" -DSYSTEM_LIBDIR=\"/usr/lib\" -O2 -pipe -fno-strict-aliasing -Wall -Wextra -Wformat=2 -std=gnu99 -o .libs/bomtool cli/bomtool/bomtool-main.o cli/bomtool-getopt_long.o  ./.libs/libpkgconf.so -Wl,-rpath -Wl,/usr/local/lib
===========================================================================
=======================<phase: run-depends    >============================
===== env: USE_PACKAGE_DEPENDS_ONLY=1 USER=root UID=0 GID=0
===========================================================================
=======================<phase: stage          >============================
===== env: NO_DEPENDS=yes USER=root UID=0 GID=0
===>  Staging for pkgconf-2.2.0,1
===>   Generating temporary packing list
if test -z 'strip'; then  /usr/bin/make  INSTALL_PROGRAM="/bin/sh /wrkdirs/usr/ports/devel/pkgconf/work/pkgconf-2.2.0/install-sh -c -s"  install_sh_PROGRAM="/bin/sh /wrkdirs/usr/ports/devel/pkgconf/work/pkgconf-2.2.0/install-sh -c -s" INSTALL_STRIP_FLAG=-s  install;  else  /usr/bin/make  INSTALL_PROGRAM="/bin/sh /wrkdirs/usr/ports/devel/pkgconf/work/pkgconf-2.2.0/install-sh -c -s"  install_sh_PROGRAM="/bin/sh /wrkdirs/usr/ports/devel/pkgconf/work/pkgconf-2.2.0/install-sh -c -s" INSTALL_STRIP_FLAG=-s  "INSTALL_PROGRAM_ENV=STRIPPROG='strip'" install;  fi
 /bin/mkdir -p '/wrkdirs/usr/ports/devel/pkgconf/work/stage/usr/local/lib'
 /bin/sh ./libtool   --mode=install /usr/bin/install -c -s  libpkgconf.la '/wrkdirs/usr/ports/devel/pkgconf/work/stage/usr/local/lib'
libtool: install: /usr/bin/install -c .libs/libpkgconf.so.5.0.0 /wrkdirs/usr/ports/devel/pkgconf/work/stage/usr/local/lib/libpkgconf.so.5.0.0
libtool: install: strip --strip-unneeded /wrkdirs/usr/ports/devel/pkgconf/work/stage/usr/local/lib/libpkgconf.so.5.0.0
libtool: install: (cd /wrkdirs/usr/ports/devel/pkgconf/work/stage/usr/local/lib && { ln -s -f libpkgconf.so.5.0.0 libpkgconf.so.5 || { rm -f libpkgconf.so.5 && ln -s libpkgconf.so.5.0.0 libpkgconf.so.5; }; })
libtool: install: (cd /wrkdirs/usr/ports/devel/pkgconf/work/stage/usr/local/lib && { ln -s -f libpkgconf.so.5.0.0 libpkgconf.so || { rm -f libpkgconf.so && ln -s libpkgconf.so.5.0.0 libpkgconf.so; }; })
libtool: install: /usr/bin/install -c .libs/libpkgconf.lai /wrkdirs/usr/ports/devel/pkgconf/work/stage/usr/local/lib/libpkgconf.la
libtool: install: /usr/bin/install -c .libs/libpkgconf.a /wrkdirs/usr/ports/devel/pkgconf/work/stage/usr/local/lib/libpkgconf.a
libtool: install: strip --strip-debug /wrkdirs/usr/ports/devel/pkgconf/work/stage/usr/local/lib/libpkgconf.a
libtool: install: chmod 644 /wrkdirs/usr/ports/devel/pkgconf/work/stage/usr/local/lib/libpkgconf.a
libtool: install: ranlib /wrkdirs/usr/ports/devel/pkgconf/work/stage/usr/local/lib/libpkgconf.a
libtool: warning: remember to run 'libtool --finish /usr/local/lib'
 /bin/mkdir -p '/wrkdirs/usr/ports/devel/pkgconf/work/stage/usr/local/bin'
 STRIPPROG='strip' /bin/sh ./libtool   --mode=install /bin/sh /wrkdirs/usr/ports/devel/pkgconf/work/pkgconf-2.2.0/install-sh -c -s pkgconf bomtool '/wrkdirs/usr/ports/devel/pkgconf/work/stage/usr/local/bin'
libtool: warning: 'libpkgconf.la' has not been installed in '/usr/local/lib'
libtool: install: /bin/sh /wrkdirs/usr/ports/devel/pkgconf/work/pkgconf-2.2.0/install-sh -c -s .libs/pkgconf /wrkdirs/usr/ports/devel/pkgconf/work/stage/usr/local/bin/pkgconf
libtool: warning: 'libpkgconf.la' has not been installed in '/usr/local/lib'
libtool: install: /bin/sh /wrkdirs/usr/ports/devel/pkgconf/work/pkgconf-2.2.0/install-sh -c -s .libs/bomtool /wrkdirs/usr/ports/devel/pkgconf/work/stage/usr/local/bin/bomtool
 /bin/mkdir -p '/wrkdirs/usr/ports/devel/pkgconf/work/stage/usr/local/share/doc/pkgconf'
 install  -m 0644 README.md AUTHORS '/wrkdirs/usr/ports/devel/pkgconf/work/stage/usr/local/share/doc/pkgconf'
 /bin/mkdir -p '/wrkdirs/usr/ports/devel/pkgconf/work/stage/usr/local/share/aclocal'
 install  -m 0644 pkg.m4 '/wrkdirs/usr/ports/devel/pkgconf/work/stage/usr/local/share/aclocal'
 /bin/mkdir -p '/wrkdirs/usr/ports/devel/pkgconf/work/stage/usr/local/share/man/man1'
 install  -m 0644 man/pkgconf.1 '/wrkdirs/usr/ports/devel/pkgconf/work/stage/usr/local/share/man/man1'
 /bin/mkdir -p '/wrkdirs/usr/ports/devel/pkgconf/work/stage/usr/local/share/man/man5'
 install  -m 0644 man/pc.5 man/pkgconf-personality.5 '/wrkdirs/usr/ports/devel/pkgconf/work/stage/usr/local/share/man/man5'
 /bin/mkdir -p '/wrkdirs/usr/ports/devel/pkgconf/work/stage/usr/local/share/man/man7'
 install  -m 0644 man/pkg.m4.7 '/wrkdirs/usr/ports/devel/pkgconf/work/stage/usr/local/share/man/man7'
 /bin/mkdir -p '/wrkdirs/usr/ports/devel/pkgconf/work/stage/usr/local/include/pkgconf'
 /bin/mkdir -p '/wrkdirs/usr/ports/devel/pkgconf/work/stage/usr/local/include/pkgconf/libpkgconf'
 install  -m 0644  libpkgconf/bsdstubs.h libpkgconf/iter.h libpkgconf/libpkgconf.h libpkgconf/stdinc.h libpkgconf/libpkgconf-api.h '/wrkdirs/usr/ports/devel/pkgconf/work/stage/usr/local/include/pkgconf/libpkgconf'
 /bin/mkdir -p '/wrkdirs/usr/ports/devel/pkgconf/work/stage/usr/local/libdata/pkgconfig'
 install  -m 0644 libpkgconf.pc '/wrkdirs/usr/ports/devel/pkgconf/work/stage/usr/local/libdata/pkgconfig'
/bin/ln -sf pkgconf /wrkdirs/usr/ports/devel/pkgconf/work/stage/usr/local/bin/pkg-config
====> Compressing man pages (compress-man)
===========================================================================
=======================<phase: package        >============================
===== env: 'PKG_NOTES=build_timestamp ports_top_git_hash ports_top_checkout_unclean port_git_hash port_checkout_unclean built_by' 'PKG_NOTE_build_timestamp=2024-04-13T02:59:39+0000' 'PKG_NOTE_ports_top_git_hash=240e33cee' 'PKG_NOTE_ports_top_checkout_unclean=yes' 'PKG_NOTE_port_git_hash=240e33cee' 'PKG_NOTE_port_checkout_unclean=no' 'PKG_NOTE_built_by=poudriere-git-3.4.1_1' NO_DEPENDS=yes USER=root UID=0 GID=0
===>  Building packages for pkgconf-2.2.0,1
===>   Building pkgconf-2.2.0,1
===========================================================================
=>> Cleaning up wrkdir
===>  Cleaning for pkgconf-2.2.0,1
build of devel/pkgconf | pkgconf-2.2.0,1 ended at Fri Apr 12 22:59:52 EDT 2024
build time: 00:00:14
