=>> Building textproc/p5-Unicode-EastAsianWidth
build started at Tue Mar 12 13:49:53 EDT 2024
port directory: /usr/ports/textproc/p5-Unicode-EastAsianWidth
package name: p5-Unicode-EastAsianWidth-12.0
building for: FreeBSD 140-rel-default-job-04 14.0-RELEASE-p5 FreeBSD 14.0-RELEASE-p5 amd64
maintained by: sunpoet@FreeBSD.org
Makefile datestamp: -rw-r--r--  1 root wheel 335 Mar 11 03:45 /usr/ports/textproc/p5-Unicode-EastAsianWidth/Makefile
Ports top last git commit: 834779860
Ports top unclean checkout: no
Port dir last git commit: 834779860
Port dir unclean checkout: no
Poudriere version: poudriere-git-3.4.1_1
Host OSVERSION: 1400097
Jail OSVERSION: 1400097
Job Id: 04

---Begin Environment---
SHELL=/bin/sh
OSVERSION=1400097
UNAME_v=FreeBSD 14.0-RELEASE-p5
UNAME_r=14.0-RELEASE-p5
BLOCKSIZE=K
MAIL=/var/mail/root
MM_CHARSET=UTF-8
LANG=C.UTF-8
STATUS=1
HOME=/root
PATH=/sbin:/bin:/usr/sbin:/usr/bin:/usr/local/sbin:/usr/local/bin:/root/bin
MAKE_OBJDIR_CHECK_WRITABLE=0
LOCALBASE=/usr/local
USER=root
POUDRIERE_NAME=poudriere-git
LIBEXECPREFIX=/usr/local/libexec/poudriere
POUDRIERE_VERSION=3.4.1_1
MASTERMNT=/usr/local/poudriere/data/.m/140-rel-default/ref
LC_COLLATE=C
POUDRIERE_BUILD_TYPE=bulk
PACKAGE_BUILDING=yes
SAVED_TERM=xterm-256color
OUTPUT_REDIRECTED_STDERR=4
OUTPUT_REDIRECTED=1
PWD=/usr/local/poudriere/data/.m/140-rel-default/04/.p
OUTPUT_REDIRECTED_STDOUT=3
P_PORTS_FEATURES=FLAVORS SUBPACKAGES SELECTED_OPTIONS
MASTERNAME=140-rel-default
SCRIPTPREFIX=/usr/local/share/poudriere
SCRIPTNAME=bulk.sh
OLDPWD=/usr/local/poudriere/data/.m/140-rel-default/ref/.p/pool
POUDRIERE_PKGNAME=poudriere-git-3.4.1_1
SCRIPTPATH=/usr/local/share/poudriere/bulk.sh
POUDRIEREPATH=/usr/local/bin/poudriere
---End Environment---

---Begin Poudriere Port Flags/Env---
PORT_FLAGS=
PKGENV=
FLAVOR=
MAKE_ARGS=
---End Poudriere Port Flags/Env---

---Begin OPTIONS List---
---End OPTIONS List---

--MAINTAINER--
sunpoet@FreeBSD.org
--End MAINTAINER--

--CONFIGURE_ARGS--
INSTALLDIRS="site" CC="cc" CCFLAGS="-O2 -pipe  -fstack-protector-strong -fno-strict-aliasing " LD="cc" PREFIX="/usr/local"  INSTALLPRIVLIB="/usr/local/lib" INSTALLARCHLIB="/usr/local/lib"
--End CONFIGURE_ARGS--

--CONFIGURE_ENV--
ac_cv_path_PERL=/usr/local/bin/perl ac_cv_path_PERL_PATH=/usr/local/bin/perl  PERL_USE_UNSAFE_INC=1 XDG_DATA_HOME=/wrkdirs/usr/ports/textproc/p5-Unicode-EastAsianWidth/work  XDG_CONFIG_HOME=/wrkdirs/usr/ports/textproc/p5-Unicode-EastAsianWidth/work  XDG_CACHE_HOME=/wrkdirs/usr/ports/textproc/p5-Unicode-EastAsianWidth/work/.cache  HOME=/wrkdirs/usr/ports/textproc/p5-Unicode-EastAsianWidth/work TMPDIR="/tmp" PATH=/wrkdirs/usr/ports/textproc/p5-Unicode-EastAsianWidth/work/.bin:/sbin:/bin:/usr/sbin:/usr/bin:/usr/local/sbin:/usr/local/bin:/root/bin PKG_CONFIG_LIBDIR=/wrkdirs/usr/ports/textproc/p5-Unicode-EastAsianWidth/work/.pkgconfig:/usr/local/libdata/pkgconfig:/usr/local/share/pkgconfig:/usr/libdata/pkgconfig SHELL=/bin/sh CONFIG_SHELL=/bin/sh PERL_EXTUTILS_AUTOINSTALL="--skipdeps" PERL_MM_USE_DEFAULT="YES"
--End CONFIGURE_ENV--

--MAKE_ENV--
PERL_USE_UNSAFE_INC=1 XDG_DATA_HOME=/wrkdirs/usr/ports/textproc/p5-Unicode-EastAsianWidth/work  XDG_CONFIG_HOME=/wrkdirs/usr/ports/textproc/p5-Unicode-EastAsianWidth/work  XDG_CACHE_HOME=/wrkdirs/usr/ports/textproc/p5-Unicode-EastAsianWidth/work/.cache  HOME=/wrkdirs/usr/ports/textproc/p5-Unicode-EastAsianWidth/work TMPDIR="/tmp" PATH=/wrkdirs/usr/ports/textproc/p5-Unicode-EastAsianWidth/work/.bin:/sbin:/bin:/usr/sbin:/usr/bin:/usr/local/sbin:/usr/local/bin:/root/bin PKG_CONFIG_LIBDIR=/wrkdirs/usr/ports/textproc/p5-Unicode-EastAsianWidth/work/.pkgconfig:/usr/local/libdata/pkgconfig:/usr/local/share/pkgconfig:/usr/libdata/pkgconfig MK_DEBUG_FILES=no MK_KERNEL_SYMBOLS=no SHELL=/bin/sh NO_LINT=YES PREFIX=/usr/local  LOCALBASE=/usr/local  CC="cc" CFLAGS="-O2 -pipe  -fstack-protector-strong -fno-strict-aliasing "  CPP="cpp" CPPFLAGS=""  LDFLAGS=" -fstack-protector-strong " LIBS=""  CXX="c++" CXXFLAGS="-O2 -pipe -fstack-protector-strong -fno-strict-aliasing  " BSD_INSTALL_PROGRAM="install  -s -m 555"  BSD_INSTALL_LIB="install  -s -m 0644"  BSD_INSTALL_SCRIPT="install  -m 555"  BSD_INSTALL_DATA="install  -m 0644"  BSD_INSTALL_MAN="install  -m 444"
--End MAKE_ENV--

--PLIST_SUB--
OSREL=14.0 PREFIX=%D LOCALBASE=/usr/local  RESETPREFIX=/usr/local LIB32DIR=lib PERL_VERSION=5.36.3  PERL_VER=5.36  PERL5_MAN1=lib/perl5/site_perl/man/man1  PERL5_MAN3=lib/perl5/site_perl/man/man3  SITE_PERL=lib/perl5/site_perl  SITE_ARCH=lib/perl5/site_perl/mach/5.36 DOCSDIR="share/doc/Unicode-EastAsianWidth"  EXAMPLESDIR="share/examples/Unicode-EastAsianWidth"  DATADIR="share/Unicode-EastAsianWidth"  WWWDIR="www/Unicode-EastAsianWidth"  ETCDIR="etc/Unicode-EastAsianWidth"
--End PLIST_SUB--

--SUB_LIST--
PREFIX=/usr/local LOCALBASE=/usr/local  DATADIR=/usr/local/share/Unicode-EastAsianWidth DOCSDIR=/usr/local/share/doc/Unicode-EastAsianWidth EXAMPLESDIR=/usr/local/share/examples/Unicode-EastAsianWidth  WWWDIR=/usr/local/www/Unicode-EastAsianWidth ETCDIR=/usr/local/etc/Unicode-EastAsianWidth
--End SUB_LIST--

---Begin make.conf---
USE_PACKAGE_DEPENDS=yes
BATCH=yes
WRKDIRPREFIX=/wrkdirs
PORTSDIR=/usr/ports
PACKAGES=/packages
DISTDIR=/distfiles
FORCE_PACKAGE=yes
PACKAGE_BUILDING=yes
PACKAGE_BUILDING_FLAVORS=yes
WITH_CCACHE_BUILD=yes
CCACHE_DIR=/root/.ccache
#### Misc Poudriere ####
.include "/etc/make.conf.ports_env"
GID=0
UID=0
---End make.conf---
--Resource limits--
cpu time               (seconds, -t)  unlimited
file size           (512-blocks, -f)  unlimited
data seg size           (kbytes, -d)  33554432
stack size              (kbytes, -s)  524288
core file size      (512-blocks, -c)  unlimited
max memory size         (kbytes, -m)  unlimited
locked memory           (kbytes, -l)  unlimited
max user processes              (-u)  34304
open files                      (-n)  8192
virtual mem size        (kbytes, -v)  unlimited
swap limit              (kbytes, -w)  unlimited
socket buffer size       (bytes, -b)  unlimited
pseudo-terminals                (-p)  unlimited
kqueues                         (-k)  unlimited
umtx shared locks               (-o)  unlimited
--End resource limits--
=======================<phase: check-sanity   >============================
===== env: NO_DEPENDS=yes USER=root UID=0 GID=0
===>  License CC0-1.0 accepted by the user
===========================================================================
=======================<phase: pkg-depends    >============================
===== env: USE_PACKAGE_DEPENDS_ONLY=1 USER=root UID=0 GID=0
===>   p5-Unicode-EastAsianWidth-12.0 depends on file: /usr/local/sbin/pkg - not found
===>   Installing existing package /packages/All/pkg-1.20.9_1.pkg
[140-rel-default-job-04] Installing pkg-1.20.9_1...
[140-rel-default-job-04] Extracting pkg-1.20.9_1: .......... done
===>   p5-Unicode-EastAsianWidth-12.0 depends on file: /usr/local/sbin/pkg - found
===>   Returning to build of p5-Unicode-EastAsianWidth-12.0
===========================================================================
=======================<phase: fetch-depends  >============================
===== env: USE_PACKAGE_DEPENDS_ONLY=1 USER=root UID=0 GID=0
===========================================================================
=======================<phase: fetch          >============================
===== env: NO_DEPENDS=yes USER=root UID=0 GID=0
===>  License CC0-1.0 accepted by the user
===> Fetching all distfiles required by p5-Unicode-EastAsianWidth-12.0 for building
===========================================================================
=======================<phase: checksum       >============================
===== env: NO_DEPENDS=yes USER=root UID=0 GID=0
===>  License CC0-1.0 accepted by the user
===> Fetching all distfiles required by p5-Unicode-EastAsianWidth-12.0 for building
=> SHA256 Checksum OK for Unicode-EastAsianWidth-12.0.tar.gz.
===========================================================================
=======================<phase: extract-depends>============================
===== env: USE_PACKAGE_DEPENDS_ONLY=1 USER=root UID=0 GID=0
===========================================================================
=======================<phase: extract        >============================
===== env: NO_DEPENDS=yes USER=root UID=0 GID=0
===>  License CC0-1.0 accepted by the user
===> Fetching all distfiles required by p5-Unicode-EastAsianWidth-12.0 for building
===>  Extracting for p5-Unicode-EastAsianWidth-12.0
=> SHA256 Checksum OK for Unicode-EastAsianWidth-12.0.tar.gz.
===========================================================================
=======================<phase: patch-depends  >============================
===== env: USE_PACKAGE_DEPENDS_ONLY=1 USER=root UID=0 GID=0
===========================================================================
=======================<phase: patch          >============================
===== env: NO_DEPENDS=yes USER=root UID=0 GID=0
===>  Patching for p5-Unicode-EastAsianWidth-12.0
===========================================================================
=======================<phase: build-depends  >============================
===== env: USE_PACKAGE_DEPENDS_ONLY=1 USER=root UID=0 GID=0
===>   p5-Unicode-EastAsianWidth-12.0 depends on package: perl5>=5.36<5.37 - not found
===>   Installing existing package /packages/All/perl5-5.36.3_1.pkg
[140-rel-default-job-04] Installing perl5-5.36.3_1...
[140-rel-default-job-04] Extracting perl5-5.36.3_1: .......... done
===>   p5-Unicode-EastAsianWidth-12.0 depends on package: perl5>=5.36<5.37 - found
===>   Returning to build of p5-Unicode-EastAsianWidth-12.0
===>   p5-Unicode-EastAsianWidth-12.0 depends on file: /usr/local/bin/ccache - not found
===>   Installing existing package /packages/All/ccache-3.7.12_6.pkg
[140-rel-default-job-04] Installing ccache-3.7.12_6...
[140-rel-default-job-04] Extracting ccache-3.7.12_6: .......... done
Create compiler links...
create symlink for cc
create symlink for cc (world)
create symlink for c++
create symlink for c++ (world)
create symlink for CC
create symlink for CC (world)
create symlink for clang
create symlink for clang (world)
create symlink for clang++
create symlink for clang++ (world)
=====
Message from ccache-3.7.12_6:

--
NOTE:
Please read /usr/local/share/doc/ccache/ccache-howto-freebsd.txt for
information on using ccache with FreeBSD ports and src.
===>   p5-Unicode-EastAsianWidth-12.0 depends on file: /usr/local/bin/ccache - found
===>   Returning to build of p5-Unicode-EastAsianWidth-12.0
===========================================================================
=======================<phase: lib-depends    >============================
===== env: USE_PACKAGE_DEPENDS_ONLY=1 USER=root UID=0 GID=0
===========================================================================
=======================<phase: configure      >============================
===== env: NO_DEPENDS=yes USER=root UID=0 GID=0
===>  Configuring for p5-Unicode-EastAsianWidth-12.0
*** Cannot find unicore/EastAsianWidth.txt
*** Using bundled EastAsianWidth table (v12.0.0).
Checking if your kit is complete...
Looks good
Invalid LICENSE value 'cc0' ignored
Generating a Unix-style Makefile
Writing Makefile for Unicode::EastAsianWidth
Writing MYMETA.yml and MYMETA.json
===========================================================================
=======================<phase: build          >============================
===== env: NO_DEPENDS=yes USER=root UID=0 GID=0
===>  Building for p5-Unicode-EastAsianWidth-12.0
--- blib/lib/Unicode/.exists ---
--- blib/arch/.exists ---
--- blib/lib/auto/Unicode/EastAsianWidth/.exists ---
--- blib/arch/auto/Unicode/EastAsianWidth/.exists ---
--- blib/bin/.exists ---
--- blib/script/.exists ---
--- blib/man1/.exists ---
--- blib/man3/.exists ---
--- config ---
--- subdirs ---
--- dynamic ---
--- pm_to_blib ---
--- blibdirs ---
--- config ---
--- dynamic ---
--- linkext ---
--- pm_to_blib ---
cp lib/Unicode/EastAsianWidth.pm blib/lib/Unicode/EastAsianWidth.pm
--- pure_all ---
--- manifypods ---
Manifying 1 pod document
--- all ---
===========================================================================
=======================<phase: run-depends    >============================
===== env: USE_PACKAGE_DEPENDS_ONLY=1 USER=root UID=0 GID=0
===>   p5-Unicode-EastAsianWidth-12.0 depends on package: perl5>=5.36<5.37 - found
===========================================================================
=======================<phase: stage          >============================
===== env: NO_DEPENDS=yes USER=root UID=0 GID=0
===>  Staging for p5-Unicode-EastAsianWidth-12.0
===>   Generating temporary packing list
Manifying 1 pod document
Installing /wrkdirs/usr/ports/textproc/p5-Unicode-EastAsianWidth/work/stage/usr/local/lib/perl5/site_perl/Unicode/EastAsianWidth.pm
Installing /wrkdirs/usr/ports/textproc/p5-Unicode-EastAsianWidth/work/stage/usr/local/lib/perl5/site_perl/man/man3/Unicode::EastAsianWidth.3
====> Compressing man pages (compress-man)
===========================================================================
=======================<phase: package        >============================
===== env: 'PKG_NOTES=build_timestamp ports_top_git_hash ports_top_checkout_unclean port_git_hash port_checkout_unclean built_by' 'PKG_NOTE_build_timestamp=2024-03-12T17:49:53+0000' 'PKG_NOTE_ports_top_git_hash=834779860' 'PKG_NOTE_ports_top_checkout_unclean=no' 'PKG_NOTE_port_git_hash=834779860' 'PKG_NOTE_port_checkout_unclean=no' 'PKG_NOTE_built_by=poudriere-git-3.4.1_1' NO_DEPENDS=yes USER=root UID=0 GID=0
===>  Building packages for p5-Unicode-EastAsianWidth-12.0
===>   Building p5-Unicode-EastAsianWidth-12.0
===========================================================================
=>> Cleaning up wrkdir
===>  Cleaning for p5-Unicode-EastAsianWidth-12.0
build of textproc/p5-Unicode-EastAsianWidth | p5-Unicode-EastAsianWidth-12.0 ended at Tue Mar 12 13:49:55 EDT 2024
build time: 00:00:02
